Log file opened on Sun Jan 10 15:45:52 2016
Host: AppledeMacintosh.local  pid: 2590  rank ID: 0  number of ranks:  1
GROMACS:    gmx mdrun, VERSION 5.0.6

GROMACS is written by:
Emile Apol         Rossen Apostolov   Herman J.C. Berendsen Par Bjelkmar       
Aldert van Buuren  Rudi van Drunen    Anton Feenstra     Sebastian Fritsch  
Gerrit Groenhof    Christoph Junghans Peter Kasson       Carsten Kutzner    
Per Larsson        Justin A. Lemkul   Magnus Lundborg    Pieter Meulenhoff  
Erik Marklund      Teemu Murtola      Szilard Pall       Sander Pronk       
Roland Schulz      Alexey Shvetsov    Michael Shirts     Alfons Sijbers     
Peter Tieleman     Christian Wennberg Maarten Wolf       
and the project leaders:
Mark Abraham, Berk Hess, Erik Lindahl, and David van der Spoel

Copyright (c) 1991-2000, University of Groningen, The Netherlands.
Copyright (c) 2001-2014, The GROMACS development team at
Uppsala University, Stockholm University and
the Royal Institute of Technology, Sweden.
check out http://www.gromacs.org for more information.

GROMACS is free software; you can redistribute it and/or modify it
under the terms of the GNU Lesser General Public License
as published by the Free Software Foundation; either version 2.1
of the License, or (at your option) any later version.

GROMACS:      gmx mdrun, VERSION 5.0.6
Executable:   /usr/local/bin/../Cellar/gromacs/5.0.6/bin/gmx
Library dir:  /usr/local/bin/../Cellar/gromacs/5.0.6/share/gromacs/top
Command line:
  gmx mdrun -v -deffnm md_0_12

Gromacs version:    VERSION 5.0.6
Precision:          single
Memory model:       64 bit
MPI library:        thread_mpi
OpenMP support:     disabled
GPU support:        disabled
invsqrt routine:    gmx_software_invsqrt(x)
SIMD instructions:  AVX_256
FFT library:        fftw-3.3.4-sse2
RDTSCP usage:       enabled
C++11 compilation:  enabled
TNG support:        enabled
Tracing support:    disabled
Built on:           Fri Aug  7 06:21:30 PDT 2015
Built by:           brew@yosemitevm.local [CMAKE]
Build OS/arch:      Darwin 14.4.0 x86_64
Build CPU vendor:   GenuineIntel
Build CPU brand:    Intel(R) Core(TM) i7-3720QM CPU @ 2.60GHz
Build CPU family:   6   Model: 58   Stepping: 9
Build CPU features: aes apic avx clfsh cmov cx8 cx16 f16c lahf_lm mmx msr nonstop_tsc pcid pclmuldq popcnt pse rdrnd rdtscp sse2 sse3 sse4.1 sse4.2 ssse3 tdt x2apic
C compiler:         /usr/local/Library/ENV/4.3/clang Clang 6.1.0.6020053
C compiler flags:    -mavx    -Wall -Wno-unused -Wunused-value -Wunused-parameter -Wno-unknown-pragmas    
C++ compiler:       /usr/local/Library/ENV/4.3/clang++ Clang 6.1.0.6020053
C++ compiler flags:  -mavx   -std=c++0x  -Wextra -Wno-missing-field-initializers -Wpointer-arith -Wall -Wno-unused-function -Wno-unknown-pragmas    
Boost version:      1.55.0 (internal)



++++ PLEASE READ AND CITE THE FOLLOWING REFERENCE ++++
S. Páll, M. J. Abraham, C. Kutzner, B. Hess, E. Lindahl
Tackling Exascale Software Challenges in Molecular Dynamics Simulations with
GROMACS
In S. Markidis & E. Laure (Eds.), Solving Software Challenges for Exascale 8759 (2015) pp. 3–27
-------- -------- --- Thank You --- -------- --------


++++ PLEASE READ AND CITE THE FOLLOWING REFERENCE ++++
S. Pronk, S. Páll, R. Schulz, P. Larsson, P. Bjelkmar, R. Apostolov, M. R.
Shirts, J. C. Smith, P. M. Kasson, D. van der Spoel, B. Hess, and E. Lindahl
GROMACS 4.5: a high-throughput and highly parallel open source molecular
simulation toolkit
Bioinformatics 29 (2013) pp. 845-54
-------- -------- --- Thank You --- -------- --------


++++ PLEASE READ AND CITE THE FOLLOWING REFERENCE ++++
B. Hess and C. Kutzner and D. van der Spoel and E. Lindahl
GROMACS 4: Algorithms for highly efficient, load-balanced, and scalable
molecular simulation
J. Chem. Theory Comput. 4 (2008) pp. 435-447
-------- -------- --- Thank You --- -------- --------


++++ PLEASE READ AND CITE THE FOLLOWING REFERENCE ++++
D. van der Spoel, E. Lindahl, B. Hess, G. Groenhof, A. E. Mark and H. J. C.
Berendsen
GROMACS: Fast, Flexible and Free
J. Comp. Chem. 26 (2005) pp. 1701-1719
-------- -------- --- Thank You --- -------- --------


++++ PLEASE READ AND CITE THE FOLLOWING REFERENCE ++++
E. Lindahl and B. Hess and D. van der Spoel
GROMACS 3.0: A package for molecular simulation and trajectory analysis
J. Mol. Mod. 7 (2001) pp. 306-317
-------- -------- --- Thank You --- -------- --------


++++ PLEASE READ AND CITE THE FOLLOWING REFERENCE ++++
H. J. C. Berendsen, D. van der Spoel and R. van Drunen
GROMACS: A message-passing parallel molecular dynamics implementation
Comp. Phys. Comm. 91 (1995) pp. 43-56
-------- -------- --- Thank You --- -------- --------

Changing nstlist from 10 to 25, rlist from 1.4 to 1.429

Input Parameters:
   integrator                     = md
   tinit                          = 0
   dt                             = 0.002
   nsteps                         = 3000000
   init-step                      = 0
   simulation-part                = 1
   comm-mode                      = Linear
   nstcomm                        = 100
   bd-fric                        = 0
   ld-seed                        = 1751879769
   emtol                          = 10
   emstep                         = 0.01
   niter                          = 20
   fcstep                         = 0
   nstcgsteep                     = 1000
   nbfgscorr                      = 10
   rtpi                           = 0.05
   nstxout                        = 0
   nstvout                        = 0
   nstfout                        = 0
   nstlog                         = 5000
   nstcalcenergy                  = 100
   nstenergy                      = 5000
   nstxout-compressed             = 5000
   compressed-x-precision         = 1000
   cutoff-scheme                  = Verlet
   nstlist                        = 25
   ns-type                        = Grid
   pbc                            = xyz
   periodic-molecules             = FALSE
   verlet-buffer-tolerance        = 0.005
   rlist                          = 1.429
   rlistlong                      = 1.429
   nstcalclr                      = 10
   coulombtype                    = PME
   coulomb-modifier               = Potential-shift
   rcoulomb-switch                = 0
   rcoulomb                       = 1.4
   epsilon-r                      = 1
   epsilon-rf                     = inf
   vdw-type                       = Cut-off
   vdw-modifier                   = Potential-shift
   rvdw-switch                    = 0
   rvdw                           = 1.4
   DispCorr                       = EnerPres
   table-extension                = 1
   fourierspacing                 = 0.16
   fourier-nx                     = 52
   fourier-ny                     = 52
   fourier-nz                     = 52
   pme-order                      = 4
   ewald-rtol                     = 1e-05
   ewald-rtol-lj                  = 0.001
   lj-pme-comb-rule               = Geometric
   ewald-geometry                 = 0
   epsilon-surface                = 0
   implicit-solvent               = No
   gb-algorithm                   = Still
   nstgbradii                     = 1
   rgbradii                       = 1
   gb-epsilon-solvent             = 80
   gb-saltconc                    = 0
   gb-obc-alpha                   = 1
   gb-obc-beta                    = 0.8
   gb-obc-gamma                   = 4.85
   gb-dielectric-offset           = 0.009
   sa-algorithm                   = Ace-approximation
   sa-surface-tension             = 2.05016
   tcoupl                         = V-rescale
   nsttcouple                     = 10
   nh-chain-length                = 0
   print-nose-hoover-chain-variables = FALSE
   pcoupl                         = Parrinello-Rahman
   pcoupltype                     = Isotropic
   nstpcouple                     = 10
   tau-p                          = 2
   compressibility (3x3):
      compressibility[    0]={ 4.50000e-05,  0.00000e+00,  0.00000e+00}
      compressibility[    1]={ 0.00000e+00,  4.50000e-05,  0.00000e+00}
      compressibility[    2]={ 0.00000e+00,  0.00000e+00,  4.50000e-05}
   ref-p (3x3):
      ref-p[    0]={ 1.00000e+00,  0.00000e+00,  0.00000e+00}
      ref-p[    1]={ 0.00000e+00,  1.00000e+00,  0.00000e+00}
      ref-p[    2]={ 0.00000e+00,  0.00000e+00,  1.00000e+00}
   refcoord-scaling               = No
   posres-com (3):
      posres-com[0]= 0.00000e+00
      posres-com[1]= 0.00000e+00
      posres-com[2]= 0.00000e+00
   posres-comB (3):
      posres-comB[0]= 0.00000e+00
      posres-comB[1]= 0.00000e+00
      posres-comB[2]= 0.00000e+00
   QMMM                           = FALSE
   QMconstraints                  = 0
   QMMMscheme                     = 0
   MMChargeScaleFactor            = 1
qm-opts:
   ngQM                           = 0
   constraint-algorithm           = Lincs
   continuation                   = TRUE
   Shake-SOR                      = FALSE
   shake-tol                      = 0.0001
   lincs-order                    = 4
   lincs-iter                     = 1
   lincs-warnangle                = 30
   nwall                          = 0
   wall-type                      = 9-3
   wall-r-linpot                  = -1
   wall-atomtype[0]               = -1
   wall-atomtype[1]               = -1
   wall-density[0]                = 0
   wall-density[1]                = 0
   wall-ewald-zfac                = 3
   pull                           = no
   rotation                       = FALSE
   interactiveMD                  = FALSE
   disre                          = No
   disre-weighting                = Conservative
   disre-mixed                    = FALSE
   dr-fc                          = 1000
   dr-tau                         = 0
   nstdisreout                    = 100
   orire-fc                       = 0
   orire-tau                      = 0
   nstorireout                    = 100
   free-energy                    = no
   cos-acceleration               = 0
   deform (3x3):
      deform[    0]={ 0.00000e+00,  0.00000e+00,  0.00000e+00}
      deform[    1]={ 0.00000e+00,  0.00000e+00,  0.00000e+00}
      deform[    2]={ 0.00000e+00,  0.00000e+00,  0.00000e+00}
   simulated-tempering            = FALSE
   E-x:
      n = 0
   E-xt:
      n = 0
   E-y:
      n = 0
   E-yt:
      n = 0
   E-z:
      n = 0
   E-zt:
      n = 0
   swapcoords                     = no
   adress                         = FALSE
   userint1                       = 0
   userint2                       = 0
   userint3                       = 0
   userint4                       = 0
   userreal1                      = 0
   userreal2                      = 0
   userreal3                      = 0
   userreal4                      = 0
grpopts:
   nrdf:     7632.68     64071.3
   ref-t:         300         300
   tau-t:         0.1         0.1
annealing:          No          No
annealing-npoints:           0           0
   acc:	           0           0           0
   nfreeze:           N           N           N
   energygrp-flags[  0]: 0 0 0
   energygrp-flags[  1]: 0 0 0
   energygrp-flags[  2]: 0 0 0

Initializing Domain Decomposition on 4 ranks
Dynamic load balancing: auto
Will sort the charge groups at every domain (re)decomposition
Initial maximum inter charge-group distances:
    two-body bonded interactions: 0.430 nm, LJ-14, atoms 3832 3840
  multi-body bonded interactions: 0.430 nm, Proper Dih., atoms 3550 3553
Minimum cell size due to bonded interactions: 0.473 nm
Maximum distance for 5 constraints, at 120 deg. angles, all-trans: 0.820 nm
Estimated maximum distance required for P-LINCS: 0.820 nm
This distance will limit the DD cell size, you can override this with -rcon
Using 0 separate PME ranks, as there are too few total
 ranks for efficient splitting
Scaling the initial minimum size with 1/0.8 (option -dds) = 1.25
Optimizing the DD grid for 4 cells with a minimum initial size of 1.025 nm
The maximum allowed number of cells is: X 6 Y 6 Z 5
Domain decomposition grid 4 x 1 x 1, separate PME ranks 0
PME domain decomposition: 4 x 1 x 1
Domain decomposition rank 0, coordinates 0 0 0

Using 4 MPI threads

Detecting CPU SIMD instructions.
Present hardware specification:
Vendor: GenuineIntel
Brand:  Intel(R) Core(TM) i7-3520M CPU @ 2.90GHz
Family:  6  Model: 58  Stepping:  9
Features: aes apic avx clfsh cmov cx8 cx16 f16c htt lahf_lm mmx msr nonstop_tsc pcid pclmuldq pdcm popcnt pse rdrnd rdtscp sse2 sse3 sse4.1 sse4.2 ssse3 tdt x2apic
SIMD instructions most likely to fit this hardware: AVX_256
SIMD instructions selected at GROMACS compile time: AVX_256

Will do PME sum in reciprocal space for electrostatic interactions.

++++ PLEASE READ AND CITE THE FOLLOWING REFERENCE ++++
U. Essmann, L. Perera, M. L. Berkowitz, T. Darden, H. Lee and L. G. Pedersen 
A smooth particle mesh Ewald method
J. Chem. Phys. 103 (1995) pp. 8577-8592
-------- -------- --- Thank You --- -------- --------

Will do ordinary reciprocal space Ewald sum.
Using a Gaussian width (1/beta) of 0.448228 nm for Ewald
Cut-off's:   NS: 1.429   Coulomb: 1.4   LJ: 1.4
Long Range LJ corr.: <C6> 4.1223e-04
System total charge: 0.000
Generated table with 1214 data points for Ewald.
Tabscale = 500 points/nm
Generated table with 1214 data points for LJ6.
Tabscale = 500 points/nm
Generated table with 1214 data points for LJ12.
Tabscale = 500 points/nm
Generated table with 1214 data points for 1-4 COUL.
Tabscale = 500 points/nm
Generated table with 1214 data points for 1-4 LJ6.
Tabscale = 500 points/nm
Generated table with 1214 data points for 1-4 LJ12.
Tabscale = 500 points/nm

Using AVX_256 4x4 non-bonded kernels

Using full Lennard-Jones parameter combination matrix

Potential shift: LJ r^-12: -1.764e-02 r^-6: -1.328e-01, Ewald -1.000e-05
Initialized non-bonded Ewald correction tables, spacing: 1.10e-03 size: 2202


Initializing Parallel LINear Constraint Solver

++++ PLEASE READ AND CITE THE FOLLOWING REFERENCE ++++
B. Hess
P-LINCS: A Parallel Linear Constraint Solver for molecular simulation
J. Chem. Theory Comput. 4 (2008) pp. 116-122
-------- -------- --- Thank You --- -------- --------

The number of constraints is 3935
There are inter charge-group constraints,
will communicate selected coordinates each lincs iteration

++++ PLEASE READ AND CITE THE FOLLOWING REFERENCE ++++
S. Miyamoto and P. A. Kollman
SETTLE: An Analytical Version of the SHAKE and RATTLE Algorithms for Rigid
Water Models
J. Comp. Chem. 13 (1992) pp. 952-962
-------- -------- --- Thank You --- -------- --------


Linking all bonded interactions to atoms
There are 48917 inter charge-group exclusions,
will use an extra communication step for exclusion forces for PME

The initial number of communication pulses is: X 1
The initial domain decomposition cell size is: X 1.65 nm

The maximum allowed distance for charge groups involved in interactions is:
                 non-bonded interactions           1.429 nm
(the following are initial values, they could change due to box deformation)
            two-body bonded interactions  (-rdd)   1.429 nm
          multi-body bonded interactions  (-rdd)   1.429 nm
  atoms separated by up to 5 constraints  (-rcon)  1.651 nm

When dynamic load balancing gets turned on, these settings will change to:
The maximum number of communication pulses is: X 2
The minimum size for domain decomposition cells is 1.041 nm
The requested allowed shrink of DD cells (option -dds) is: 0.80
The allowed shrink of domain decomposition cells is: X 0.63
The maximum allowed distance for charge groups involved in interactions is:
                 non-bonded interactions           1.429 nm
            two-body bonded interactions  (-rdd)   1.429 nm
          multi-body bonded interactions  (-rdd)   1.041 nm
  atoms separated by up to 5 constraints  (-rcon)  1.041 nm


Making 1D domain decomposition grid 4 x 1 x 1, home cell index 0 0 0

Center of mass motion removal mode is Linear
We have the following groups for center of mass motion removal:
  0:  rest

++++ PLEASE READ AND CITE THE FOLLOWING REFERENCE ++++
G. Bussi, D. Donadio and M. Parrinello
Canonical sampling through velocity rescaling
J. Chem. Phys. 126 (2007) pp. 014101
-------- -------- --- Thank You --- -------- --------

There are: 35888 Atoms
Charge group distribution at step 0: 9167 8727 8797 9197
Initial temperature: 300.223 K

Started mdrun on rank 0 Sun Jan 10 15:45:52 2016
           Step           Time         Lambda
              0        0.00000        0.00000

   Energies (kJ/mol)
       G96Angle    Proper Dih.  Improper Dih.          LJ-14     Coulomb-14
    6.28339e+03    2.48749e+03    1.87854e+03    1.48424e+03    4.07520e+04
        LJ (SR)  Disper. corr.   Coulomb (SR)   Coul. recip.      Potential
    6.07550e+04   -2.16370e+03   -6.11013e+05    1.41217e+03   -4.98124e+05
    Kinetic En.   Total Energy    Temperature Pres. DC (bar) Pressure (bar)
    8.94232e+04   -4.08700e+05    2.99985e+02   -9.60058e+01    2.89316e+02
   Constr. rmsd
    2.06659e-05

DD  step 24 load imb.: force  3.3%

At step 25 the performance loss due to force load imbalance is 2.4 %

NOTE: Turning on dynamic load balancing

DD  step 4999  vol min/aver 0.987  load imb.: force  1.4%

           Step           Time         Lambda
           5000       10.00000        0.00000

   Energies (kJ/mol)
       G96Angle    Proper Dih.  Improper Dih.          LJ-14     Coulomb-14
    6.22064e+03    2.79013e+03    1.93536e+03    1.12863e+03    4.06058e+04
        LJ (SR)  Disper. corr.   Coulomb (SR)   Coul. recip.      Potential
    5.90530e+04   -2.14284e+03   -6.09334e+05    1.34677e+03   -4.98396e+05
    Kinetic En.   Total Energy    Temperature Pres. DC (bar) Pressure (bar)
    8.95631e+04   -4.08833e+05    3.00455e+02   -9.41650e+01   -1.59978e+02
   Constr. rmsd
    2.00094e-05

DD  step 9999  vol min/aver 0.964  load imb.: force  4.2%

           Step           Time         Lambda
          10000       20.00000        0.00000

   Energies (kJ/mol)
       G96Angle    Proper Dih.  Improper Dih.          LJ-14     Coulomb-14
    6.23950e+03    2.78790e+03    1.95485e+03    1.22449e+03    4.05735e+04
        LJ (SR)  Disper. corr.   Coulomb (SR)   Coul. recip.      Potential
    5.94823e+04   -2.15155e+03   -6.08916e+05    1.30821e+03   -4.97497e+05
    Kinetic En.   Total Energy    Temperature Pres. DC (bar) Pressure (bar)
    8.89309e+04   -4.08566e+05    2.98334e+02   -9.49311e+01    2.61196e+01
   Constr. rmsd
    1.97633e-05

Writing checkpoint, step 11550 at Sun Jan 10 16:00:54 2016


DD  step 14999  vol min/aver 0.976  load imb.: force  2.1%

           Step           Time         Lambda
          15000       30.00000        0.00000

   Energies (kJ/mol)
       G96Angle    Proper Dih.  Improper Dih.          LJ-14     Coulomb-14
    6.11391e+03    2.72658e+03    1.98526e+03    1.17268e+03    4.06913e+04
        LJ (SR)  Disper. corr.   Coulomb (SR)   Coul. recip.      Potential
    5.91135e+04   -2.14276e+03   -6.08160e+05    1.32059e+03   -4.97179e+05
    Kinetic En.   Total Energy    Temperature Pres. DC (bar) Pressure (bar)
    8.91082e+04   -4.08071e+05    2.98929e+02   -9.41572e+01   -1.49228e+02
   Constr. rmsd
    2.03605e-05



Received the INT signal, stopping at the next NS step

           Step           Time         Lambda
          17900       35.80000        0.00000

Writing checkpoint, step 17900 at Sun Jan 10 16:13:54 2016


   Energies (kJ/mol)
       G96Angle    Proper Dih.  Improper Dih.          LJ-14     Coulomb-14
    6.11265e+03    2.77661e+03    1.86548e+03    1.23008e+03    4.06379e+04
        LJ (SR)  Disper. corr.   Coulomb (SR)   Coul. recip.      Potential
    6.03974e+04   -2.14700e+03   -6.10580e+05    1.36832e+03   -4.98338e+05
    Kinetic En.   Total Energy    Temperature Pres. DC (bar) Pressure (bar)
    8.91613e+04   -4.09177e+05    2.99107e+02   -9.45300e+01   -9.57777e+01
   Constr. rmsd
    0.00000e+00

	<======  ###############  ==>
	<====  A V E R A G E S  ====>
	<==  ###############  ======>

	Statistics over 17901 steps using 180 frames

   Energies (kJ/mol)
       G96Angle    Proper Dih.  Improper Dih.          LJ-14     Coulomb-14
    6.27819e+03    2.74278e+03    1.98922e+03    1.21939e+03    4.06587e+04
        LJ (SR)  Disper. corr.   Coulomb (SR)   Coul. recip.      Potential
    6.00987e+04   -2.14742e+03   -6.09844e+05    1.36414e+03   -4.97641e+05
    Kinetic En.   Total Energy    Temperature Pres. DC (bar) Pressure (bar)
    8.93966e+04   -4.08244e+05    2.99896e+02   -9.45680e+01    1.26176e+01
   Constr. rmsd
    0.00000e+00

          Box-X          Box-Y          Box-Z
    8.11049e+00    8.11049e+00    5.73498e+00

   Total Virial (kJ/mol)
    2.95543e+04    1.35664e+02    9.58131e+00
    1.37422e+02    2.97541e+04   -2.20195e+01
    9.58525e+00   -2.29798e+01    2.96635e+04

   Pressure (bar)
    1.79383e+01   -6.00274e+00    2.98440e+00
   -6.15763e+00    7.44861e+00    3.04317e+00
    2.98332e+00    3.12777e+00    1.24658e+01

  Epot (kJ/mol)        Coul-SR          LJ-SR        Coul-14          LJ-14   
Protein-Protein   -6.99322e+04   -1.34628e+04    4.05344e+04    1.19219e+03
    Protein-DRG   -4.83870e+01   -7.98326e+01    0.00000e+00    0.00000e+00
   Protein-rest   -2.93292e+04   -2.06565e+03    0.00000e+00    0.00000e+00
        DRG-DRG   -4.04461e+02   -1.76615e+01    1.24312e+02    2.72044e+01
       DRG-rest   -5.79971e+02   -8.88529e+00    0.00000e+00    0.00000e+00
      rest-rest   -5.09550e+05    7.57335e+04    0.00000e+00    0.00000e+00

  T-Protein_DRGT-Water_and_ions
    3.00013e+02    2.99882e+02


	M E G A - F L O P S   A C C O U N T I N G

 NB=Group-cutoff nonbonded kernels    NxN=N-by-N cluster Verlet kernels
 RF=Reaction-Field  VdW=Van der Waals  QSTab=quadratic-spline table
 W3=SPC/TIP3p  W4=TIP4p (single or pairs)
 V&F=Potential and force  V=Potential only  F=Force only

 Computing:                               M-Number         M-Flops  % Flops
-----------------------------------------------------------------------------
 Pair Search distance check           14834.903558      133514.132     0.3
 NxN Ewald Elec. + LJ [F]            339981.974216    22438810.298    53.4
 NxN Ewald Elec. + LJ [V&F]            3452.993496      369470.304     0.9
 NxN LJ [F]                            2403.922496       79329.442     0.2
 NxN LJ [V&F]                            24.528672        1054.733     0.0
 NxN Ewald Elec. [F]                 287229.048760    17520971.974    41.7
 NxN Ewald Elec. [V&F]                 2917.329896      245055.711     0.6
 1,4 nonbonded interactions             109.876338        9888.870     0.0
 Calc Weights                          1927.293264       69382.558     0.2
 Spread Q Bspline                     41115.589632       82231.179     0.2
 Gather F Bspline                     41115.589632      246693.538     0.6
 3D-FFT                               86088.844764      688710.758     1.6
 Solve PME                               48.404304        3097.875     0.0
 Reset In Box                            25.695808          77.087     0.0
 CG-CoM                                  25.731696          77.195     0.0
 Angles                                 102.894948       17286.351     0.0
 Propers                                 36.374832        8329.837     0.0
 Impropers                               35.802000        7446.816     0.0
 Virial                                  64.597788        1162.760     0.0
 Stop-CM                                  6.459840          64.598     0.0
 Calc-Ekin                              257.029856        6939.806     0.0
 Lincs                                   94.495801        5669.748     0.0
 Lincs-Mat                             1637.994804        6551.979     0.0
 Constraint-V                           793.851584        6350.813     0.0
 Constraint-Vir                          69.970732        1679.298     0.0
 Settle                                 201.619994       65123.258     0.2
-----------------------------------------------------------------------------
 Total                                                42014970.920   100.0
-----------------------------------------------------------------------------


    D O M A I N   D E C O M P O S I T I O N   S T A T I S T I C S

 av. #atoms communicated per step for force:  2 x 30987.0
 av. #atoms communicated per step for LINCS:  2 x 3140.7

 Average load imbalance: 2.3 %
 Part of the total run time spent waiting due to load imbalance: 1.6 %
 Steps where the load balancing was limited by -rdd, -rcon and/or -dds: X 0 %


     R E A L   C Y C L E   A N D   T I M E   A C C O U N T I N G

On 4 MPI ranks

 Computing:          Num   Num      Call    Wall time         Giga-Cycles
                     Ranks Threads  Count      (s)         total sum    %
-----------------------------------------------------------------------------
 Domain decomp.         4    1        716       8.896        102.959   0.5
 DD comm. load          4    1        716       0.519          6.006   0.0
 DD comm. bounds        4    1        716       0.280          3.244   0.0
 Neighbor search        4    1        717      36.391        421.188   2.2
 Comm. coord.           4    1      17184      48.470        560.992   2.9
 Force                  4    1      17901    1234.320      14285.923  73.4
 Wait + Comm. F         4    1      17901      11.676        135.138   0.7
 PME mesh               4    1      17901     274.268       3174.361  16.3
 NB X/F buffer ops.     4    1      52269       3.848         44.540   0.2
 Write traj.            4    1          6       0.065          0.749   0.0
 Update                 4    1      17901      12.121        140.284   0.7
 Constraints            4    1      17901      45.146        522.516   2.7
 Comm. energies         4    1       3581       3.673         42.516   0.2
 Rest                                           2.908         33.658   0.2
-----------------------------------------------------------------------------
 Total                                       1682.583      19474.076 100.0
-----------------------------------------------------------------------------
 Breakdown of PME mesh computation
-----------------------------------------------------------------------------
 PME redist. X/F        4    1      35802     143.719       1663.391   8.5
 PME spread/gather      4    1      35802      78.487        908.401   4.7
 PME 3D-FFT             4    1      35802      16.510        191.082   1.0
 PME 3D-FFT Comm.       4    1      35802      30.957        358.290   1.8
 PME solve Elec         4    1      17901       4.542         52.566   0.3
-----------------------------------------------------------------------------

               Core t (s)   Wall t (s)        (%)
       Time:     6730.331     1682.583      400.0
                 (ns/day)    (hour/ns)
Performance:        1.838       13.055
Finished mdrun on rank 0 Sun Jan 10 16:13:55 2016
