Log file opened on Sun Jan 10 13:34:58 2016
Host: AppledeMacintosh.local  pid: 2456  rank ID: 0  number of ranks:  1
GROMACS:    gmx mdrun, VERSION 5.0.6

GROMACS is written by:
Emile Apol         Rossen Apostolov   Herman J.C. Berendsen Par Bjelkmar       
Aldert van Buuren  Rudi van Drunen    Anton Feenstra     Sebastian Fritsch  
Gerrit Groenhof    Christoph Junghans Peter Kasson       Carsten Kutzner    
Per Larsson        Justin A. Lemkul   Magnus Lundborg    Pieter Meulenhoff  
Erik Marklund      Teemu Murtola      Szilard Pall       Sander Pronk       
Roland Schulz      Alexey Shvetsov    Michael Shirts     Alfons Sijbers     
Peter Tieleman     Christian Wennberg Maarten Wolf       
and the project leaders:
Mark Abraham, Berk Hess, Erik Lindahl, and David van der Spoel

Copyright (c) 1991-2000, University of Groningen, The Netherlands.
Copyright (c) 2001-2014, The GROMACS development team at
Uppsala University, Stockholm University and
the Royal Institute of Technology, Sweden.
check out http://www.gromacs.org for more information.

GROMACS is free software; you can redistribute it and/or modify it
under the terms of the GNU Lesser General Public License
as published by the Free Software Foundation; either version 2.1
of the License, or (at your option) any later version.

GROMACS:      gmx mdrun, VERSION 5.0.6
Executable:   /usr/local/bin/../Cellar/gromacs/5.0.6/bin/gmx
Library dir:  /usr/local/bin/../Cellar/gromacs/5.0.6/share/gromacs/top
Command line:
  gmx mdrun -v -deffnm npt

Gromacs version:    VERSION 5.0.6
Precision:          single
Memory model:       64 bit
MPI library:        thread_mpi
OpenMP support:     disabled
GPU support:        disabled
invsqrt routine:    gmx_software_invsqrt(x)
SIMD instructions:  AVX_256
FFT library:        fftw-3.3.4-sse2
RDTSCP usage:       enabled
C++11 compilation:  enabled
TNG support:        enabled
Tracing support:    disabled
Built on:           Fri Aug  7 06:21:30 PDT 2015
Built by:           brew@yosemitevm.local [CMAKE]
Build OS/arch:      Darwin 14.4.0 x86_64
Build CPU vendor:   GenuineIntel
Build CPU brand:    Intel(R) Core(TM) i7-3720QM CPU @ 2.60GHz
Build CPU family:   6   Model: 58   Stepping: 9
Build CPU features: aes apic avx clfsh cmov cx8 cx16 f16c lahf_lm mmx msr nonstop_tsc pcid pclmuldq popcnt pse rdrnd rdtscp sse2 sse3 sse4.1 sse4.2 ssse3 tdt x2apic
C compiler:         /usr/local/Library/ENV/4.3/clang Clang 6.1.0.6020053
C compiler flags:    -mavx    -Wall -Wno-unused -Wunused-value -Wunused-parameter -Wno-unknown-pragmas    
C++ compiler:       /usr/local/Library/ENV/4.3/clang++ Clang 6.1.0.6020053
C++ compiler flags:  -mavx   -std=c++0x  -Wextra -Wno-missing-field-initializers -Wpointer-arith -Wall -Wno-unused-function -Wno-unknown-pragmas    
Boost version:      1.55.0 (internal)



++++ PLEASE READ AND CITE THE FOLLOWING REFERENCE ++++
S. Páll, M. J. Abraham, C. Kutzner, B. Hess, E. Lindahl
Tackling Exascale Software Challenges in Molecular Dynamics Simulations with
GROMACS
In S. Markidis & E. Laure (Eds.), Solving Software Challenges for Exascale 8759 (2015) pp. 3–27
-------- -------- --- Thank You --- -------- --------


++++ PLEASE READ AND CITE THE FOLLOWING REFERENCE ++++
S. Pronk, S. Páll, R. Schulz, P. Larsson, P. Bjelkmar, R. Apostolov, M. R.
Shirts, J. C. Smith, P. M. Kasson, D. van der Spoel, B. Hess, and E. Lindahl
GROMACS 4.5: a high-throughput and highly parallel open source molecular
simulation toolkit
Bioinformatics 29 (2013) pp. 845-54
-------- -------- --- Thank You --- -------- --------


++++ PLEASE READ AND CITE THE FOLLOWING REFERENCE ++++
B. Hess and C. Kutzner and D. van der Spoel and E. Lindahl
GROMACS 4: Algorithms for highly efficient, load-balanced, and scalable
molecular simulation
J. Chem. Theory Comput. 4 (2008) pp. 435-447
-------- -------- --- Thank You --- -------- --------


++++ PLEASE READ AND CITE THE FOLLOWING REFERENCE ++++
D. van der Spoel, E. Lindahl, B. Hess, G. Groenhof, A. E. Mark and H. J. C.
Berendsen
GROMACS: Fast, Flexible and Free
J. Comp. Chem. 26 (2005) pp. 1701-1719
-------- -------- --- Thank You --- -------- --------


++++ PLEASE READ AND CITE THE FOLLOWING REFERENCE ++++
E. Lindahl and B. Hess and D. van der Spoel
GROMACS 3.0: A package for molecular simulation and trajectory analysis
J. Mol. Mod. 7 (2001) pp. 306-317
-------- -------- --- Thank You --- -------- --------


++++ PLEASE READ AND CITE THE FOLLOWING REFERENCE ++++
H. J. C. Berendsen, D. van der Spoel and R. van Drunen
GROMACS: A message-passing parallel molecular dynamics implementation
Comp. Phys. Comm. 91 (1995) pp. 43-56
-------- -------- --- Thank You --- -------- --------

Changing nstlist from 10 to 25, rlist from 1.4 to 1.429

Input Parameters:
   integrator                     = md
   tinit                          = 0
   dt                             = 0.002
   nsteps                         = 50000
   init-step                      = 0
   simulation-part                = 1
   comm-mode                      = Linear
   nstcomm                        = 100
   bd-fric                        = 0
   ld-seed                        = 3264776077
   emtol                          = 10
   emstep                         = 0.01
   niter                          = 20
   fcstep                         = 0
   nstcgsteep                     = 1000
   nbfgscorr                      = 10
   rtpi                           = 0.05
   nstxout                        = 500
   nstvout                        = 500
   nstfout                        = 0
   nstlog                         = 500
   nstcalcenergy                  = 100
   nstenergy                      = 500
   nstxout-compressed             = 0
   compressed-x-precision         = 1000
   cutoff-scheme                  = Verlet
   nstlist                        = 25
   ns-type                        = Grid
   pbc                            = xyz
   periodic-molecules             = FALSE
   verlet-buffer-tolerance        = 0.005
   rlist                          = 1.429
   rlistlong                      = 1.429
   nstcalclr                      = 10
   coulombtype                    = PME
   coulomb-modifier               = Potential-shift
   rcoulomb-switch                = 0
   rcoulomb                       = 1.4
   epsilon-r                      = 1
   epsilon-rf                     = inf
   vdw-type                       = Cut-off
   vdw-modifier                   = Potential-shift
   rvdw-switch                    = 0
   rvdw                           = 1.4
   DispCorr                       = EnerPres
   table-extension                = 1
   fourierspacing                 = 0.16
   fourier-nx                     = 52
   fourier-ny                     = 52
   fourier-nz                     = 52
   pme-order                      = 4
   ewald-rtol                     = 1e-05
   ewald-rtol-lj                  = 0.001
   lj-pme-comb-rule               = Geometric
   ewald-geometry                 = 0
   epsilon-surface                = 0
   implicit-solvent               = No
   gb-algorithm                   = Still
   nstgbradii                     = 1
   rgbradii                       = 1
   gb-epsilon-solvent             = 80
   gb-saltconc                    = 0
   gb-obc-alpha                   = 1
   gb-obc-beta                    = 0.8
   gb-obc-gamma                   = 4.85
   gb-dielectric-offset           = 0.009
   sa-algorithm                   = Ace-approximation
   sa-surface-tension             = 2.05016
   tcoupl                         = V-rescale
   nsttcouple                     = 10
   nh-chain-length                = 0
   print-nose-hoover-chain-variables = FALSE
   pcoupl                         = Parrinello-Rahman
   pcoupltype                     = Isotropic
   nstpcouple                     = 10
   tau-p                          = 2
   compressibility (3x3):
      compressibility[    0]={ 4.50000e-05,  0.00000e+00,  0.00000e+00}
      compressibility[    1]={ 0.00000e+00,  4.50000e-05,  0.00000e+00}
      compressibility[    2]={ 0.00000e+00,  0.00000e+00,  4.50000e-05}
   ref-p (3x3):
      ref-p[    0]={ 1.00000e+00,  0.00000e+00,  0.00000e+00}
      ref-p[    1]={ 0.00000e+00,  1.00000e+00,  0.00000e+00}
      ref-p[    2]={ 0.00000e+00,  0.00000e+00,  1.00000e+00}
   refcoord-scaling               = COM
   posres-com (3):
      posres-com[0]= 5.02040e-01
      posres-com[1]= 5.00355e-01
      posres-com[2]= 4.97072e-01
   posres-comB (3):
      posres-comB[0]= 5.02040e-01
      posres-comB[1]= 5.00355e-01
      posres-comB[2]= 4.97072e-01
   QMMM                           = FALSE
   QMconstraints                  = 0
   QMMMscheme                     = 0
   MMChargeScaleFactor            = 1
qm-opts:
   ngQM                           = 0
   constraint-algorithm           = Lincs
   continuation                   = TRUE
   Shake-SOR                      = FALSE
   shake-tol                      = 0.0001
   lincs-order                    = 4
   lincs-iter                     = 1
   lincs-warnangle                = 30
   nwall                          = 0
   wall-type                      = 9-3
   wall-r-linpot                  = -1
   wall-atomtype[0]               = -1
   wall-atomtype[1]               = -1
   wall-density[0]                = 0
   wall-density[1]                = 0
   wall-ewald-zfac                = 3
   pull                           = no
   rotation                       = FALSE
   interactiveMD                  = FALSE
   disre                          = No
   disre-weighting                = Conservative
   disre-mixed                    = FALSE
   dr-fc                          = 1000
   dr-tau                         = 0
   nstdisreout                    = 100
   orire-fc                       = 0
   orire-tau                      = 0
   nstorireout                    = 100
   free-energy                    = no
   cos-acceleration               = 0
   deform (3x3):
      deform[    0]={ 0.00000e+00,  0.00000e+00,  0.00000e+00}
      deform[    1]={ 0.00000e+00,  0.00000e+00,  0.00000e+00}
      deform[    2]={ 0.00000e+00,  0.00000e+00,  0.00000e+00}
   simulated-tempering            = FALSE
   E-x:
      n = 0
   E-xt:
      n = 0
   E-y:
      n = 0
   E-yt:
      n = 0
   E-z:
      n = 0
   E-zt:
      n = 0
   swapcoords                     = no
   adress                         = FALSE
   userint1                       = 0
   userint2                       = 0
   userint3                       = 0
   userint4                       = 0
   userreal1                      = 0
   userreal2                      = 0
   userreal3                      = 0
   userreal4                      = 0
grpopts:
   nrdf:     7632.68     64071.3
   ref-t:         300         300
   tau-t:         0.1         0.1
annealing:          No          No
annealing-npoints:           0           0
   acc:	           0           0           0
   nfreeze:           N           N           N
   energygrp-flags[  0]: 0 0 0
   energygrp-flags[  1]: 0 0 0
   energygrp-flags[  2]: 0 0 0

Initializing Domain Decomposition on 4 ranks
Dynamic load balancing: auto
Will sort the charge groups at every domain (re)decomposition
Initial maximum inter charge-group distances:
    two-body bonded interactions: 0.432 nm, LJ-14, atoms 3829 3832
  multi-body bonded interactions: 0.429 nm, Proper Dih., atoms 946 949
Minimum cell size due to bonded interactions: 0.472 nm
Maximum distance for 5 constraints, at 120 deg. angles, all-trans: 0.820 nm
Estimated maximum distance required for P-LINCS: 0.820 nm
This distance will limit the DD cell size, you can override this with -rcon
Using 0 separate PME ranks, as there are too few total
 ranks for efficient splitting
Scaling the initial minimum size with 1/0.8 (option -dds) = 1.25
Optimizing the DD grid for 4 cells with a minimum initial size of 1.025 nm
The maximum allowed number of cells is: X 6 Y 6 Z 5
Domain decomposition grid 4 x 1 x 1, separate PME ranks 0
PME domain decomposition: 4 x 1 x 1
Domain decomposition rank 0, coordinates 0 0 0

Using 4 MPI threads

Detecting CPU SIMD instructions.
Present hardware specification:
Vendor: GenuineIntel
Brand:  Intel(R) Core(TM) i7-3520M CPU @ 2.90GHz
Family:  6  Model: 58  Stepping:  9
Features: aes apic avx clfsh cmov cx8 cx16 f16c htt lahf_lm mmx msr nonstop_tsc pcid pclmuldq pdcm popcnt pse rdrnd rdtscp sse2 sse3 sse4.1 sse4.2 ssse3 tdt x2apic
SIMD instructions most likely to fit this hardware: AVX_256
SIMD instructions selected at GROMACS compile time: AVX_256

Will do PME sum in reciprocal space for electrostatic interactions.

++++ PLEASE READ AND CITE THE FOLLOWING REFERENCE ++++
U. Essmann, L. Perera, M. L. Berkowitz, T. Darden, H. Lee and L. G. Pedersen 
A smooth particle mesh Ewald method
J. Chem. Phys. 103 (1995) pp. 8577-8592
-------- -------- --- Thank You --- -------- --------

Will do ordinary reciprocal space Ewald sum.
Using a Gaussian width (1/beta) of 0.448228 nm for Ewald
Cut-off's:   NS: 1.429   Coulomb: 1.4   LJ: 1.4
Long Range LJ corr.: <C6> 4.1223e-04
System total charge: 0.000
Generated table with 1214 data points for Ewald.
Tabscale = 500 points/nm
Generated table with 1214 data points for LJ6.
Tabscale = 500 points/nm
Generated table with 1214 data points for LJ12.
Tabscale = 500 points/nm
Generated table with 1214 data points for 1-4 COUL.
Tabscale = 500 points/nm
Generated table with 1214 data points for 1-4 LJ6.
Tabscale = 500 points/nm
Generated table with 1214 data points for 1-4 LJ12.
Tabscale = 500 points/nm

Using AVX_256 4x4 non-bonded kernels

Using full Lennard-Jones parameter combination matrix

Potential shift: LJ r^-12: -1.764e-02 r^-6: -1.328e-01, Ewald -1.000e-05
Initialized non-bonded Ewald correction tables, spacing: 1.10e-03 size: 2202


Initializing Parallel LINear Constraint Solver

++++ PLEASE READ AND CITE THE FOLLOWING REFERENCE ++++
B. Hess
P-LINCS: A Parallel Linear Constraint Solver for molecular simulation
J. Chem. Theory Comput. 4 (2008) pp. 116-122
-------- -------- --- Thank You --- -------- --------

The number of constraints is 3935
There are inter charge-group constraints,
will communicate selected coordinates each lincs iteration

++++ PLEASE READ AND CITE THE FOLLOWING REFERENCE ++++
S. Miyamoto and P. A. Kollman
SETTLE: An Analytical Version of the SHAKE and RATTLE Algorithms for Rigid
Water Models
J. Comp. Chem. 13 (1992) pp. 952-962
-------- -------- --- Thank You --- -------- --------


Linking all bonded interactions to atoms
There are 48917 inter charge-group exclusions,
will use an extra communication step for exclusion forces for PME

The initial number of communication pulses is: X 1
The initial domain decomposition cell size is: X 1.65 nm

The maximum allowed distance for charge groups involved in interactions is:
                 non-bonded interactions           1.429 nm
(the following are initial values, they could change due to box deformation)
            two-body bonded interactions  (-rdd)   1.429 nm
          multi-body bonded interactions  (-rdd)   1.429 nm
  atoms separated by up to 5 constraints  (-rcon)  1.653 nm

When dynamic load balancing gets turned on, these settings will change to:
The maximum number of communication pulses is: X 2
The minimum size for domain decomposition cells is 1.041 nm
The requested allowed shrink of DD cells (option -dds) is: 0.80
The allowed shrink of domain decomposition cells is: X 0.63
The maximum allowed distance for charge groups involved in interactions is:
                 non-bonded interactions           1.429 nm
            two-body bonded interactions  (-rdd)   1.429 nm
          multi-body bonded interactions  (-rdd)   1.041 nm
  atoms separated by up to 5 constraints  (-rcon)  1.041 nm


Making 1D domain decomposition grid 4 x 1 x 1, home cell index 0 0 0

Center of mass motion removal mode is Linear
We have the following groups for center of mass motion removal:
  0:  rest

++++ PLEASE READ AND CITE THE FOLLOWING REFERENCE ++++
G. Bussi, D. Donadio and M. Parrinello
Canonical sampling through velocity rescaling
J. Chem. Phys. 126 (2007) pp. 014101
-------- -------- --- Thank You --- -------- --------

There are: 35888 Atoms
Charge group distribution at step 0: 9238 8778 8820 9052
Initial temperature: 299.44 K

Started mdrun on rank 0 Sun Jan 10 13:34:58 2016
           Step           Time         Lambda
              0        0.00000        0.00000

   Energies (kJ/mol)
       G96Angle    Proper Dih.  Improper Dih.          LJ-14     Coulomb-14
    6.24625e+03    2.64136e+03    1.98651e+03    1.39624e+03    4.06606e+04
        LJ (SR)  Disper. corr.   Coulomb (SR)   Coul. recip. Position Rest.
    6.09497e+04   -2.15870e+03   -6.10002e+05    1.40495e+03    3.25824e-09
      Potential    Kinetic En.   Total Energy    Temperature Pres. DC (bar)
   -4.96875e+05    8.97967e+04   -4.07078e+05    3.01238e+02   -9.55630e+01
 Pressure (bar)   Constr. rmsd
    3.96679e+02    2.31723e-05

DD  step 24 load imb.: force  0.2%

DD  step 499 load imb.: force  1.4%

           Step           Time         Lambda
            500        1.00000        0.00000

   Energies (kJ/mol)
       G96Angle    Proper Dih.  Improper Dih.          LJ-14     Coulomb-14
    6.36865e+03    2.57055e+03    1.96313e+03    1.40654e+03    4.06344e+04
        LJ (SR)  Disper. corr.   Coulomb (SR)   Coul. recip. Position Rest.
    6.04183e+04   -2.14963e+03   -6.10316e+05    1.43589e+03    1.49528e+03
      Potential    Kinetic En.   Total Energy    Temperature Pres. DC (bar)
   -4.96173e+05    8.98729e+04   -4.06300e+05    3.01494e+02   -9.47622e+01
 Pressure (bar)   Constr. rmsd
   -1.71047e+01    2.04675e-05

DD  step 999 load imb.: force  1.5%

           Step           Time         Lambda
           1000        2.00000        0.00000

   Energies (kJ/mol)
       G96Angle    Proper Dih.  Improper Dih.          LJ-14     Coulomb-14
    6.28130e+03    2.47981e+03    1.95065e+03    1.28048e+03    4.07498e+04
        LJ (SR)  Disper. corr.   Coulomb (SR)   Coul. recip. Position Rest.
    6.05688e+04   -2.15072e+03   -6.11479e+05    1.43811e+03    1.57801e+03
      Potential    Kinetic En.   Total Energy    Temperature Pres. DC (bar)
   -4.97303e+05    8.81851e+04   -4.09118e+05    2.95832e+02   -9.48578e+01
 Pressure (bar)   Constr. rmsd
   -4.88835e+01    2.01432e-05

DD  step 1499 load imb.: force  4.0%

           Step           Time         Lambda
           1500        3.00000        0.00000

   Energies (kJ/mol)
       G96Angle    Proper Dih.  Improper Dih.          LJ-14     Coulomb-14
    6.12392e+03    2.50406e+03    1.92757e+03    1.34522e+03    4.06813e+04
        LJ (SR)  Disper. corr.   Coulomb (SR)   Coul. recip. Position Rest.
    6.02604e+04   -2.16620e+03   -6.11818e+05    1.46383e+03    1.56441e+03
      Potential    Kinetic En.   Total Energy    Temperature Pres. DC (bar)
   -4.98113e+05    8.87944e+04   -4.09319e+05    2.97876e+02   -9.62275e+01
 Pressure (bar)   Constr. rmsd
   -7.41294e+01    2.06132e-05

DD  step 1999 load imb.: force  3.8%

           Step           Time         Lambda
           2000        4.00000        0.00000

   Energies (kJ/mol)
       G96Angle    Proper Dih.  Improper Dih.          LJ-14     Coulomb-14
    6.25852e+03    2.58735e+03    1.99371e+03    1.45544e+03    4.07290e+04
        LJ (SR)  Disper. corr.   Coulomb (SR)   Coul. recip. Position Rest.
    6.09862e+04   -2.15945e+03   -6.12440e+05    1.40668e+03    1.59234e+03
      Potential    Kinetic En.   Total Energy    Temperature Pres. DC (bar)
   -4.97590e+05    8.91836e+04   -4.08407e+05    2.99182e+02   -9.56298e+01
 Pressure (bar)   Constr. rmsd
    2.57708e+02    1.88698e-05

DD  step 2499 load imb.: force  4.7%

At step 2500 the performance loss due to force load imbalance is 2.1 %

NOTE: Turning on dynamic load balancing

           Step           Time         Lambda
           2500        5.00000        0.00000

   Energies (kJ/mol)
       G96Angle    Proper Dih.  Improper Dih.          LJ-14     Coulomb-14
    6.25361e+03    2.59260e+03    1.83833e+03    1.30564e+03    4.07412e+04
        LJ (SR)  Disper. corr.   Coulomb (SR)   Coul. recip. Position Rest.
    5.96780e+04   -2.14613e+03   -6.09510e+05    1.45662e+03    1.64831e+03
      Potential    Kinetic En.   Total Energy    Temperature Pres. DC (bar)
   -4.96141e+05    8.98357e+04   -4.06306e+05    3.01369e+02   -9.44540e+01
 Pressure (bar)   Constr. rmsd
   -6.62404e+00    2.01134e-05

DD  step 2999  vol min/aver 0.985  load imb.: force  3.8%

           Step           Time         Lambda
           3000        6.00000        0.00000

   Energies (kJ/mol)
       G96Angle    Proper Dih.  Improper Dih.          LJ-14     Coulomb-14
    6.04329e+03    2.61503e+03    1.86851e+03    1.36481e+03    4.08602e+04
        LJ (SR)  Disper. corr.   Coulomb (SR)   Coul. recip. Position Rest.
    5.94498e+04   -2.15247e+03   -6.08621e+05    1.45126e+03    1.63432e+03
      Potential    Kinetic En.   Total Energy    Temperature Pres. DC (bar)
   -4.95487e+05    8.92149e+04   -4.06272e+05    2.99287e+02   -9.50122e+01
 Pressure (bar)   Constr. rmsd
    4.44274e+01    2.02219e-05

DD  step 3499  vol min/aver 0.975  load imb.: force  2.5%

           Step           Time         Lambda
           3500        7.00000        0.00000

   Energies (kJ/mol)
       G96Angle    Proper Dih.  Improper Dih.          LJ-14     Coulomb-14
    6.18878e+03    2.47059e+03    2.00601e+03    1.44387e+03    4.08510e+04
        LJ (SR)  Disper. corr.   Coulomb (SR)   Coul. recip. Position Rest.
    5.91514e+04   -2.15204e+03   -6.09134e+05    1.43874e+03    1.59988e+03
      Potential    Kinetic En.   Total Energy    Temperature Pres. DC (bar)
   -4.96136e+05    9.12095e+04   -4.04927e+05    3.05978e+02   -9.49742e+01
 Pressure (bar)   Constr. rmsd
   -1.79127e+01    1.93577e-05

DD  step 3999  vol min/aver 0.971  load imb.: force  1.1%

           Step           Time         Lambda
           4000        8.00000        0.00000

   Energies (kJ/mol)
       G96Angle    Proper Dih.  Improper Dih.          LJ-14     Coulomb-14
    6.37070e+03    2.56923e+03    1.99515e+03    1.34578e+03    4.06745e+04
        LJ (SR)  Disper. corr.   Coulomb (SR)   Coul. recip. Position Rest.
    5.99328e+04   -2.14595e+03   -6.08673e+05    1.43395e+03    1.69070e+03
      Potential    Kinetic En.   Total Energy    Temperature Pres. DC (bar)
   -4.94806e+05    8.93336e+04   -4.05473e+05    2.99685e+02   -9.44377e+01
 Pressure (bar)   Constr. rmsd
    1.45322e+01    2.08177e-05

DD  step 4499  vol min/aver 0.986  load imb.: force  3.7%

           Step           Time         Lambda
           4500        9.00000        0.00000

   Energies (kJ/mol)
       G96Angle    Proper Dih.  Improper Dih.          LJ-14     Coulomb-14
    5.98626e+03    2.62925e+03    2.01638e+03    1.31109e+03    4.07938e+04
        LJ (SR)  Disper. corr.   Coulomb (SR)   Coul. recip. Position Rest.
    5.95975e+04   -2.15655e+03   -6.08720e+05    1.38281e+03    1.60986e+03
      Potential    Kinetic En.   Total Energy    Temperature Pres. DC (bar)
   -4.95549e+05    8.98424e+04   -4.05707e+05    3.01392e+02   -9.53726e+01
 Pressure (bar)   Constr. rmsd
    6.82368e+01    2.08035e-05

DD  step 4999  vol min/aver 0.980  load imb.: force  1.8%

           Step           Time         Lambda
           5000       10.00000        0.00000

   Energies (kJ/mol)
       G96Angle    Proper Dih.  Improper Dih.          LJ-14     Coulomb-14
    6.37843e+03    2.56220e+03    1.93945e+03    1.41307e+03    4.07172e+04
        LJ (SR)  Disper. corr.   Coulomb (SR)   Coul. recip. Position Rest.
    6.02652e+04   -2.15285e+03   -6.09600e+05    1.49554e+03    1.71862e+03
      Potential    Kinetic En.   Total Energy    Temperature Pres. DC (bar)
   -4.95263e+05    8.96422e+04   -4.05621e+05    3.00720e+02   -9.50464e+01
 Pressure (bar)   Constr. rmsd
    1.08123e+01    2.00059e-05

DD  step 5499  vol min/aver 0.966  load imb.: force  1.3%

           Step           Time         Lambda
           5500       11.00000        0.00000

   Energies (kJ/mol)
       G96Angle    Proper Dih.  Improper Dih.          LJ-14     Coulomb-14
    6.24520e+03    2.56176e+03    1.88048e+03    1.52121e+03    4.07169e+04
        LJ (SR)  Disper. corr.   Coulomb (SR)   Coul. recip. Position Rest.
    5.97154e+04   -2.15164e+03   -6.09814e+05    1.40872e+03    1.69921e+03
      Potential    Kinetic En.   Total Energy    Temperature Pres. DC (bar)
   -4.96217e+05    8.92522e+04   -4.06964e+05    2.99412e+02   -9.49389e+01
 Pressure (bar)   Constr. rmsd
    8.31362e+01    1.99178e-05

DD  step 5999  vol min/aver 0.970  load imb.: force  2.4%

           Step           Time         Lambda
           6000       12.00000        0.00000

   Energies (kJ/mol)
       G96Angle    Proper Dih.  Improper Dih.          LJ-14     Coulomb-14
    6.19128e+03    2.71651e+03    1.93034e+03    1.35267e+03    4.06702e+04
        LJ (SR)  Disper. corr.   Coulomb (SR)   Coul. recip. Position Rest.
    5.87551e+04   -2.15354e+03   -6.08544e+05    1.41912e+03    1.69417e+03
      Potential    Kinetic En.   Total Energy    Temperature Pres. DC (bar)
   -4.95968e+05    8.91493e+04   -4.06819e+05    2.99066e+02   -9.51069e+01
 Pressure (bar)   Constr. rmsd
   -1.89374e+02    2.02666e-05

DD  step 6499  vol min/aver 0.986  load imb.: force  1.5%

           Step           Time         Lambda
           6500       13.00000        0.00000

   Energies (kJ/mol)
       G96Angle    Proper Dih.  Improper Dih.          LJ-14     Coulomb-14
    5.99303e+03    2.56358e+03    2.01303e+03    1.37207e+03    4.06758e+04
        LJ (SR)  Disper. corr.   Coulomb (SR)   Coul. recip. Position Rest.
    5.92674e+04   -2.14913e+03   -6.08591e+05    1.47269e+03    1.66104e+03
      Potential    Kinetic En.   Total Energy    Temperature Pres. DC (bar)
   -4.95721e+05    8.92809e+04   -4.06440e+05    2.99508e+02   -9.47178e+01
 Pressure (bar)   Constr. rmsd
   -9.95001e+01    1.92559e-05

DD  step 6999  vol min/aver 0.977  load imb.: force  2.2%

           Step           Time         Lambda
           7000       14.00000        0.00000

   Energies (kJ/mol)
       G96Angle    Proper Dih.  Improper Dih.          LJ-14     Coulomb-14
    6.04139e+03    2.55628e+03    1.99421e+03    1.38451e+03    4.06796e+04
        LJ (SR)  Disper. corr.   Coulomb (SR)   Coul. recip. Position Rest.
    6.14735e+04   -2.16312e+03   -6.11229e+05    1.45978e+03    1.56174e+03
      Potential    Kinetic En.   Total Energy    Temperature Pres. DC (bar)
   -4.96241e+05    8.88928e+04   -4.07349e+05    2.98206e+02   -9.59550e+01
 Pressure (bar)   Constr. rmsd
    2.62337e+02    1.94203e-05

DD  step 7499  vol min/aver 0.975  load imb.: force  1.8%

           Step           Time         Lambda
           7500       15.00000        0.00000

   Energies (kJ/mol)
       G96Angle    Proper Dih.  Improper Dih.          LJ-14     Coulomb-14
    6.06079e+03    2.47438e+03    2.03586e+03    1.37172e+03    4.07952e+04
        LJ (SR)  Disper. corr.   Coulomb (SR)   Coul. recip. Position Rest.
    6.14273e+04   -2.15938e+03   -6.11322e+05    1.38784e+03    1.61210e+03
      Potential    Kinetic En.   Total Energy    Temperature Pres. DC (bar)
   -4.96316e+05    8.92013e+04   -4.07115e+05    2.99241e+02   -9.56229e+01
 Pressure (bar)   Constr. rmsd
    4.93487e+02    1.94375e-05

Writing checkpoint, step 7725 at Sun Jan 10 13:50:00 2016


DD  step 7999  vol min/aver 0.981  load imb.: force  4.4%

           Step           Time         Lambda
           8000       16.00000        0.00000

   Energies (kJ/mol)
       G96Angle    Proper Dih.  Improper Dih.          LJ-14     Coulomb-14
    6.35630e+03    2.59822e+03    2.02686e+03    1.28389e+03    4.06349e+04
        LJ (SR)  Disper. corr.   Coulomb (SR)   Coul. recip. Position Rest.
    5.87325e+04   -2.15840e+03   -6.08887e+05    1.43257e+03    1.65092e+03
      Potential    Kinetic En.   Total Energy    Temperature Pres. DC (bar)
   -4.96329e+05    8.97870e+04   -4.06542e+05    3.01206e+02   -9.55364e+01
 Pressure (bar)   Constr. rmsd
   -6.68361e+01    2.05664e-05

DD  step 8499  vol min/aver 0.989  load imb.: force  0.8%

           Step           Time         Lambda
           8500       17.00000        0.00000

   Energies (kJ/mol)
       G96Angle    Proper Dih.  Improper Dih.          LJ-14     Coulomb-14
    6.12638e+03    2.52291e+03    1.91545e+03    1.39187e+03    4.06441e+04
        LJ (SR)  Disper. corr.   Coulomb (SR)   Coul. recip. Position Rest.
    5.96494e+04   -2.15445e+03   -6.08032e+05    1.43159e+03    1.68021e+03
      Potential    Kinetic En.   Total Energy    Temperature Pres. DC (bar)
   -4.94824e+05    8.91725e+04   -4.05652e+05    2.99144e+02   -9.51873e+01
 Pressure (bar)   Constr. rmsd
   -1.02699e+02    2.08070e-05

DD  step 8999  vol min/aver 0.984  load imb.: force  1.6%

           Step           Time         Lambda
           9000       18.00000        0.00000

   Energies (kJ/mol)
       G96Angle    Proper Dih.  Improper Dih.          LJ-14     Coulomb-14
    6.21700e+03    2.58200e+03    2.10481e+03    1.34832e+03    4.08285e+04
        LJ (SR)  Disper. corr.   Coulomb (SR)   Coul. recip. Position Rest.
    5.84329e+04   -2.15590e+03   -6.07907e+05    1.47441e+03    1.64624e+03
      Potential    Kinetic En.   Total Energy    Temperature Pres. DC (bar)
   -4.95428e+05    8.98838e+04   -4.05545e+05    3.01531e+02   -9.53155e+01
 Pressure (bar)   Constr. rmsd
   -1.24305e+02    2.04011e-05

DD  step 9499  vol min/aver 0.988  load imb.: force  1.6%

           Step           Time         Lambda
           9500       19.00000        0.00000

   Energies (kJ/mol)
       G96Angle    Proper Dih.  Improper Dih.          LJ-14     Coulomb-14
    6.29661e+03    2.63343e+03    1.91843e+03    1.30409e+03    4.07454e+04
        LJ (SR)  Disper. corr.   Coulomb (SR)   Coul. recip. Position Rest.
    6.02666e+04   -2.15289e+03   -6.09277e+05    1.49398e+03    1.70560e+03
      Potential    Kinetic En.   Total Energy    Temperature Pres. DC (bar)
   -4.95066e+05    9.03591e+04   -4.04707e+05    3.03125e+02   -9.50496e+01
 Pressure (bar)   Constr. rmsd
   -1.39926e+02    2.15048e-05

DD  step 9999  vol min/aver 0.987  load imb.: force  1.9%

           Step           Time         Lambda
          10000       20.00000        0.00000

   Energies (kJ/mol)
       G96Angle    Proper Dih.  Improper Dih.          LJ-14     Coulomb-14
    6.32038e+03    2.59823e+03    2.04638e+03    1.35997e+03    4.06007e+04
        LJ (SR)  Disper. corr.   Coulomb (SR)   Coul. recip. Position Rest.
    5.95953e+04   -2.14798e+03   -6.08574e+05    1.44150e+03    1.61412e+03
      Potential    Kinetic En.   Total Energy    Temperature Pres. DC (bar)
   -4.95145e+05    8.95335e+04   -4.05612e+05    3.00355e+02   -9.46164e+01
 Pressure (bar)   Constr. rmsd
   -1.15148e+02    2.00849e-05

DD  step 10499  vol min/aver 0.985  load imb.: force  1.6%

           Step           Time         Lambda
          10500       21.00000        0.00000

   Energies (kJ/mol)
       G96Angle    Proper Dih.  Improper Dih.          LJ-14     Coulomb-14
    6.28051e+03    2.63276e+03    1.93418e+03    1.38664e+03    4.07762e+04
        LJ (SR)  Disper. corr.   Coulomb (SR)   Coul. recip. Position Rest.
    6.03206e+04   -2.16192e+03   -6.10003e+05    1.38819e+03    1.64155e+03
      Potential    Kinetic En.   Total Energy    Temperature Pres. DC (bar)
   -4.95804e+05    8.94452e+04   -4.06359e+05    3.00059e+02   -9.58480e+01
 Pressure (bar)   Constr. rmsd
    1.31030e+02    2.04842e-05

DD  step 10999  vol min/aver 0.987  load imb.: force  3.4%

           Step           Time         Lambda
          11000       22.00000        0.00000

   Energies (kJ/mol)
       G96Angle    Proper Dih.  Improper Dih.          LJ-14     Coulomb-14
    6.29876e+03    2.60580e+03    1.97811e+03    1.40108e+03    4.06870e+04
        LJ (SR)  Disper. corr.   Coulomb (SR)   Coul. recip. Position Rest.
    5.98183e+04   -2.15395e+03   -6.09404e+05    1.36016e+03    1.65020e+03
      Potential    Kinetic En.   Total Energy    Temperature Pres. DC (bar)
   -4.95759e+05    9.01572e+04   -4.05601e+05    3.02448e+02   -9.51432e+01
 Pressure (bar)   Constr. rmsd
    1.80059e+01    1.99015e-05

DD  step 11499  vol min/aver 0.989  load imb.: force  2.5%

           Step           Time         Lambda
          11500       23.00000        0.00000

   Energies (kJ/mol)
       G96Angle    Proper Dih.  Improper Dih.          LJ-14     Coulomb-14
    6.31744e+03    2.57306e+03    1.94932e+03    1.45681e+03    4.07027e+04
        LJ (SR)  Disper. corr.   Coulomb (SR)   Coul. recip. Position Rest.
    5.94308e+04   -2.14964e+03   -6.07691e+05    1.38427e+03    1.65315e+03
      Potential    Kinetic En.   Total Energy    Temperature Pres. DC (bar)
   -4.94373e+05    8.97233e+04   -4.04650e+05    3.00992e+02   -9.47630e+01
 Pressure (bar)   Constr. rmsd
   -3.12300e+01    2.01047e-05

DD  step 11999  vol min/aver 0.979  load imb.: force  1.6%

           Step           Time         Lambda
          12000       24.00000        0.00000

   Energies (kJ/mol)
       G96Angle    Proper Dih.  Improper Dih.          LJ-14     Coulomb-14
    6.14352e+03    2.54904e+03    1.91961e+03    1.31949e+03    4.08784e+04
        LJ (SR)  Disper. corr.   Coulomb (SR)   Coul. recip. Position Rest.
    5.99041e+04   -2.16042e+03   -6.09037e+05    1.46502e+03    1.58879e+03
      Potential    Kinetic En.   Total Energy    Temperature Pres. DC (bar)
   -4.95429e+05    8.88122e+04   -4.06617e+05    2.97936e+02   -9.57148e+01
 Pressure (bar)   Constr. rmsd
    7.13689e+01    1.92841e-05

DD  step 12499  vol min/aver 0.969  load imb.: force  5.7%

           Step           Time         Lambda
          12500       25.00000        0.00000

   Energies (kJ/mol)
       G96Angle    Proper Dih.  Improper Dih.          LJ-14     Coulomb-14
    6.16733e+03    2.53285e+03    1.98129e+03    1.37332e+03    4.06447e+04
        LJ (SR)  Disper. corr.   Coulomb (SR)   Coul. recip. Position Rest.
    5.92520e+04   -2.14927e+03   -6.08438e+05    1.39714e+03    1.63025e+03
      Potential    Kinetic En.   Total Energy    Temperature Pres. DC (bar)
   -4.95609e+05    8.97267e+04   -4.05882e+05    3.01003e+02   -9.47305e+01
 Pressure (bar)   Constr. rmsd
   -1.59446e+02    1.99079e-05

DD  step 12999  vol min/aver 0.991  load imb.: force  3.7%

           Step           Time         Lambda
          13000       26.00000        0.00000

   Energies (kJ/mol)
       G96Angle    Proper Dih.  Improper Dih.          LJ-14     Coulomb-14
    6.14305e+03    2.53758e+03    2.04805e+03    1.51695e+03    4.07559e+04
        LJ (SR)  Disper. corr.   Coulomb (SR)   Coul. recip. Position Rest.
    5.97460e+04   -2.15498e+03   -6.09098e+05    1.51294e+03    1.61185e+03
      Potential    Kinetic En.   Total Energy    Temperature Pres. DC (bar)
   -4.95381e+05    8.97245e+04   -4.05656e+05    3.00996e+02   -9.52341e+01
 Pressure (bar)   Constr. rmsd
    1.38022e+02    1.96878e-05

DD  step 13499  vol min/aver 0.990  load imb.: force  2.3%

           Step           Time         Lambda
          13500       27.00000        0.00000

   Energies (kJ/mol)
       G96Angle    Proper Dih.  Improper Dih.          LJ-14     Coulomb-14
    6.05611e+03    2.58597e+03    1.87061e+03    1.35921e+03    4.07412e+04
        LJ (SR)  Disper. corr.   Coulomb (SR)   Coul. recip. Position Rest.
    5.86801e+04   -2.15480e+03   -6.07578e+05    1.44608e+03    1.64954e+03
      Potential    Kinetic En.   Total Energy    Temperature Pres. DC (bar)
   -4.95344e+05    8.89468e+04   -4.06397e+05    2.98387e+02   -9.52180e+01
 Pressure (bar)   Constr. rmsd
   -2.24097e+02    2.08440e-05

DD  step 13999  vol min/aver 0.991  load imb.: force  2.3%

           Step           Time         Lambda
          14000       28.00000        0.00000

   Energies (kJ/mol)
       G96Angle    Proper Dih.  Improper Dih.          LJ-14     Coulomb-14
    6.05495e+03    2.61811e+03    1.94790e+03    1.47142e+03    4.06662e+04
        LJ (SR)  Disper. corr.   Coulomb (SR)   Coul. recip. Position Rest.
    5.94128e+04   -2.15091e+03   -6.08836e+05    1.38643e+03    1.65594e+03
      Potential    Kinetic En.   Total Energy    Temperature Pres. DC (bar)
   -4.95774e+05    8.99959e+04   -4.05778e+05    3.01907e+02   -9.48746e+01
 Pressure (bar)   Constr. rmsd
   -1.52599e+02    2.05104e-05

DD  step 14499  vol min/aver 0.984  load imb.: force  0.2%

           Step           Time         Lambda
          14500       29.00000        0.00000

   Energies (kJ/mol)
       G96Angle    Proper Dih.  Improper Dih.          LJ-14     Coulomb-14
    6.22861e+03    2.67150e+03    1.97391e+03    1.23497e+03    4.06312e+04
        LJ (SR)  Disper. corr.   Coulomb (SR)   Coul. recip. Position Rest.
    5.96422e+04   -2.15058e+03   -6.08607e+05    1.39823e+03    1.65022e+03
      Potential    Kinetic En.   Total Energy    Temperature Pres. DC (bar)
   -4.95326e+05    8.99859e+04   -4.05341e+05    3.01873e+02   -9.48457e+01
 Pressure (bar)   Constr. rmsd
   -1.40090e+01    2.09559e-05

DD  step 14999  vol min/aver 0.975  load imb.: force  1.6%

           Step           Time         Lambda
          15000       30.00000        0.00000

   Energies (kJ/mol)
       G96Angle    Proper Dih.  Improper Dih.          LJ-14     Coulomb-14
    6.25776e+03    2.58331e+03    2.03093e+03    1.40411e+03    4.06740e+04
        LJ (SR)  Disper. corr.   Coulomb (SR)   Coul. recip. Position Rest.
    5.89007e+04   -2.14967e+03   -6.08143e+05    1.43556e+03    1.68379e+03
      Potential    Kinetic En.   Total Energy    Temperature Pres. DC (bar)
   -4.95322e+05    8.95494e+04   -4.05773e+05    3.00409e+02   -9.47659e+01
 Pressure (bar)   Constr. rmsd
   -8.15505e+01    2.05933e-05

Writing checkpoint, step 15125 at Sun Jan 10 14:04:59 2016


DD  step 15499  vol min/aver 0.984  load imb.: force  2.7%

           Step           Time         Lambda
          15500       31.00000        0.00000

   Energies (kJ/mol)
       G96Angle    Proper Dih.  Improper Dih.          LJ-14     Coulomb-14
    6.39726e+03    2.53852e+03    1.98711e+03    1.45705e+03    4.07254e+04
        LJ (SR)  Disper. corr.   Coulomb (SR)   Coul. recip. Position Rest.
    5.93432e+04   -2.15260e+03   -6.08216e+05    1.44046e+03    1.63761e+03
      Potential    Kinetic En.   Total Energy    Temperature Pres. DC (bar)
   -4.94843e+05    8.93256e+04   -4.05517e+05    2.99658e+02   -9.50241e+01
 Pressure (bar)   Constr. rmsd
   -8.04092e+01    1.96131e-05

DD  step 15999  vol min/aver 0.973  load imb.: force  1.6%

           Step           Time         Lambda
          16000       32.00000        0.00000

   Energies (kJ/mol)
       G96Angle    Proper Dih.  Improper Dih.          LJ-14     Coulomb-14
    6.40585e+03    2.54873e+03    1.79429e+03    1.49977e+03    4.07880e+04
        LJ (SR)  Disper. corr.   Coulomb (SR)   Coul. recip. Position Rest.
    5.94432e+04   -2.15822e+03   -6.09683e+05    1.50722e+03    1.72630e+03
      Potential    Kinetic En.   Total Energy    Temperature Pres. DC (bar)
   -4.96128e+05    8.96348e+04   -4.06493e+05    3.00695e+02   -9.55202e+01
 Pressure (bar)   Constr. rmsd
    6.12629e+01    1.90035e-05

DD  step 16499  vol min/aver 0.970  load imb.: force  5.1%

           Step           Time         Lambda
          16500       33.00000        0.00000

   Energies (kJ/mol)
       G96Angle    Proper Dih.  Improper Dih.          LJ-14     Coulomb-14
    6.08782e+03    2.68651e+03    1.86030e+03    1.42802e+03    4.07250e+04
        LJ (SR)  Disper. corr.   Coulomb (SR)   Coul. recip. Position Rest.
    5.86314e+04   -2.14910e+03   -6.07701e+05    1.40966e+03    1.62105e+03
      Potential    Kinetic En.   Total Energy    Temperature Pres. DC (bar)
   -4.95400e+05    8.97219e+04   -4.05678e+05    3.00987e+02   -9.47154e+01
 Pressure (bar)   Constr. rmsd
    6.98895e+01    1.95625e-05

DD  step 16999  vol min/aver 0.977  load imb.: force  4.5%

           Step           Time         Lambda
          17000       34.00000        0.00000

   Energies (kJ/mol)
       G96Angle    Proper Dih.  Improper Dih.          LJ-14     Coulomb-14
    6.24431e+03    2.55724e+03    1.93677e+03    1.41816e+03    4.07955e+04
        LJ (SR)  Disper. corr.   Coulomb (SR)   Coul. recip. Position Rest.
    5.96755e+04   -2.15413e+03   -6.09501e+05    1.41105e+03    1.63849e+03
      Potential    Kinetic En.   Total Energy    Temperature Pres. DC (bar)
   -4.95978e+05    8.90285e+04   -4.06950e+05    2.98661e+02   -9.51591e+01
 Pressure (bar)   Constr. rmsd
   -1.59247e+02    1.99128e-05

DD  step 17499  vol min/aver 0.991  load imb.: force  2.5%

           Step           Time         Lambda
          17500       35.00000        0.00000

   Energies (kJ/mol)
       G96Angle    Proper Dih.  Improper Dih.          LJ-14     Coulomb-14
    6.20523e+03    2.51689e+03    1.82524e+03    1.46266e+03    4.07726e+04
        LJ (SR)  Disper. corr.   Coulomb (SR)   Coul. recip. Position Rest.
    6.10393e+04   -2.16085e+03   -6.12074e+05    1.42379e+03    1.61486e+03
      Potential    Kinetic En.   Total Energy    Temperature Pres. DC (bar)
   -4.97374e+05    8.85222e+04   -4.08852e+05    2.96963e+02   -9.57531e+01
 Pressure (bar)   Constr. rmsd
    1.23455e+02    1.95013e-05

DD  step 17999  vol min/aver 0.977  load imb.: force  1.2%

           Step           Time         Lambda
          18000       36.00000        0.00000

   Energies (kJ/mol)
       G96Angle    Proper Dih.  Improper Dih.          LJ-14     Coulomb-14
    6.30358e+03    2.38308e+03    1.90621e+03    1.37937e+03    4.07056e+04
        LJ (SR)  Disper. corr.   Coulomb (SR)   Coul. recip. Position Rest.
    5.94092e+04   -2.15138e+03   -6.09721e+05    1.40507e+03    1.66067e+03
      Potential    Kinetic En.   Total Energy    Temperature Pres. DC (bar)
   -4.96719e+05    9.00934e+04   -4.06626e+05    3.02234e+02   -9.49163e+01
 Pressure (bar)   Constr. rmsd
   -1.71883e+02    2.13058e-05

DD  step 18499  vol min/aver 0.979  load imb.: force  1.7%

           Step           Time         Lambda
          18500       37.00000        0.00000

   Energies (kJ/mol)
       G96Angle    Proper Dih.  Improper Dih.          LJ-14     Coulomb-14
    6.28081e+03    2.44356e+03    2.00898e+03    1.38277e+03    4.07307e+04
        LJ (SR)  Disper. corr.   Coulomb (SR)   Coul. recip. Position Rest.
    5.99251e+04   -2.14835e+03   -6.10078e+05    1.39682e+03    1.67407e+03
      Potential    Kinetic En.   Total Energy    Temperature Pres. DC (bar)
   -4.96383e+05    8.86205e+04   -4.07762e+05    2.97293e+02   -9.46491e+01
 Pressure (bar)   Constr. rmsd
   -1.80307e+02    2.03638e-05

DD  step 18999  vol min/aver 0.984  load imb.: force  1.6%

           Step           Time         Lambda
          19000       38.00000        0.00000

   Energies (kJ/mol)
       G96Angle    Proper Dih.  Improper Dih.          LJ-14     Coulomb-14
    6.03413e+03    2.54210e+03    1.96053e+03    1.41257e+03    4.07977e+04
        LJ (SR)  Disper. corr.   Coulomb (SR)   Coul. recip. Position Rest.
    5.95901e+04   -2.15864e+03   -6.10960e+05    1.36713e+03    1.72509e+03
      Potential    Kinetic En.   Total Energy    Temperature Pres. DC (bar)
   -4.97690e+05    8.99946e+04   -4.07695e+05    3.01902e+02   -9.55580e+01
 Pressure (bar)   Constr. rmsd
   -2.26599e+02    2.13263e-05

DD  step 19499  vol min/aver 0.988  load imb.: force  1.7%

           Step           Time         Lambda
          19500       39.00000        0.00000

   Energies (kJ/mol)
       G96Angle    Proper Dih.  Improper Dih.          LJ-14     Coulomb-14
    6.15145e+03    2.60718e+03    1.97045e+03    1.44426e+03    4.06997e+04
        LJ (SR)  Disper. corr.   Coulomb (SR)   Coul. recip. Position Rest.
    5.94356e+04   -2.15093e+03   -6.09370e+05    1.42972e+03    1.59638e+03
      Potential    Kinetic En.   Total Energy    Temperature Pres. DC (bar)
   -4.96186e+05    8.92920e+04   -4.06894e+05    2.99545e+02   -9.48763e+01
 Pressure (bar)   Constr. rmsd
   -8.10574e+01    2.04026e-05

DD  step 19999  vol min/aver 0.973  load imb.: force  5.4%

           Step           Time         Lambda
          20000       40.00000        0.00000

   Energies (kJ/mol)
       G96Angle    Proper Dih.  Improper Dih.          LJ-14     Coulomb-14
    6.36849e+03    2.60440e+03    1.96365e+03    1.28224e+03    4.06713e+04
        LJ (SR)  Disper. corr.   Coulomb (SR)   Coul. recip. Position Rest.
    6.01477e+04   -2.14913e+03   -6.09661e+05    1.43464e+03    1.75647e+03
      Potential    Kinetic En.   Total Energy    Temperature Pres. DC (bar)
   -4.95581e+05    9.00442e+04   -4.05537e+05    3.02069e+02   -9.47178e+01
 Pressure (bar)   Constr. rmsd
   -6.13693e+01    2.06448e-05

DD  step 20499  vol min/aver 0.976  load imb.: force  1.7%

           Step           Time         Lambda
          20500       41.00000        0.00000

   Energies (kJ/mol)
       G96Angle    Proper Dih.  Improper Dih.          LJ-14     Coulomb-14
    5.96544e+03    2.59312e+03    1.98814e+03    1.36328e+03    4.07670e+04
        LJ (SR)  Disper. corr.   Coulomb (SR)   Coul. recip. Position Rest.
    6.04652e+04   -2.15416e+03   -6.11244e+05    1.45987e+03    1.59359e+03
      Potential    Kinetic En.   Total Energy    Temperature Pres. DC (bar)
   -4.97202e+05    8.84477e+04   -4.08754e+05    2.96713e+02   -9.51617e+01
 Pressure (bar)   Constr. rmsd
    7.41955e+01    1.97468e-05

DD  step 20999  vol min/aver 0.983  load imb.: force  2.2%

           Step           Time         Lambda
          21000       42.00000        0.00000

   Energies (kJ/mol)
       G96Angle    Proper Dih.  Improper Dih.          LJ-14     Coulomb-14
    6.34992e+03    2.61802e+03    1.91653e+03    1.38592e+03    4.07632e+04
        LJ (SR)  Disper. corr.   Coulomb (SR)   Coul. recip. Position Rest.
    6.11999e+04   -2.15446e+03   -6.11413e+05    1.46261e+03    1.65269e+03
      Potential    Kinetic En.   Total Energy    Temperature Pres. DC (bar)
   -4.96219e+05    9.00575e+04   -4.06161e+05    3.02113e+02   -9.51877e+01
 Pressure (bar)   Constr. rmsd
    1.69606e+02    2.03440e-05

DD  step 21499  vol min/aver 0.984  load imb.: force  1.3%

           Step           Time         Lambda
          21500       43.00000        0.00000

   Energies (kJ/mol)
       G96Angle    Proper Dih.  Improper Dih.          LJ-14     Coulomb-14
    6.11391e+03    2.59668e+03    1.93555e+03    1.38226e+03    4.07602e+04
        LJ (SR)  Disper. corr.   Coulomb (SR)   Coul. recip. Position Rest.
    5.99527e+04   -2.15854e+03   -6.10034e+05    1.44648e+03    1.77007e+03
      Potential    Kinetic En.   Total Energy    Temperature Pres. DC (bar)
   -4.96235e+05    8.93350e+04   -4.06900e+05    2.99690e+02   -9.55488e+01
 Pressure (bar)   Constr. rmsd
    9.14282e+01    1.92268e-05

DD  step 21999  vol min/aver 0.984  load imb.: force  1.2%

           Step           Time         Lambda
          22000       44.00000        0.00000

   Energies (kJ/mol)
       G96Angle    Proper Dih.  Improper Dih.          LJ-14     Coulomb-14
    6.19294e+03    2.58815e+03    1.95518e+03    1.35196e+03    4.08445e+04
        LJ (SR)  Disper. corr.   Coulomb (SR)   Coul. recip. Position Rest.
    5.98798e+04   -2.15711e+03   -6.10495e+05    1.37457e+03    1.65129e+03
      Potential    Kinetic En.   Total Energy    Temperature Pres. DC (bar)
   -4.96813e+05    8.92256e+04   -4.07588e+05    2.99323e+02   -9.54225e+01
 Pressure (bar)   Constr. rmsd
    1.59587e+02    1.93621e-05

DD  step 22499  vol min/aver 0.973  load imb.: force  2.0%

           Step           Time         Lambda
          22500       45.00000        0.00000

   Energies (kJ/mol)
       G96Angle    Proper Dih.  Improper Dih.          LJ-14     Coulomb-14
    6.25463e+03    2.60916e+03    2.02531e+03    1.48733e+03    4.06550e+04
        LJ (SR)  Disper. corr.   Coulomb (SR)   Coul. recip. Position Rest.
    5.89497e+04   -2.15445e+03   -6.09048e+05    1.40258e+03    1.77162e+03
      Potential    Kinetic En.   Total Energy    Temperature Pres. DC (bar)
   -4.96047e+05    9.02162e+04   -4.05830e+05    3.02646e+02   -9.51876e+01
 Pressure (bar)   Constr. rmsd
    1.49901e+01    1.92161e-05

Writing checkpoint, step 22525 at Sun Jan 10 14:20:00 2016


DD  step 22999  vol min/aver 0.982  load imb.: force  2.8%

           Step           Time         Lambda
          23000       46.00000        0.00000

   Energies (kJ/mol)
       G96Angle    Proper Dih.  Improper Dih.          LJ-14     Coulomb-14
    6.20778e+03    2.47173e+03    1.89023e+03    1.40148e+03    4.07358e+04
        LJ (SR)  Disper. corr.   Coulomb (SR)   Coul. recip. Position Rest.
    6.01632e+04   -2.15773e+03   -6.09960e+05    1.35354e+03    1.70891e+03
      Potential    Kinetic En.   Total Energy    Temperature Pres. DC (bar)
   -4.96185e+05    8.89786e+04   -4.07207e+05    2.98494e+02   -9.54769e+01
 Pressure (bar)   Constr. rmsd
    2.57771e+02    2.03386e-05

DD  step 23499  vol min/aver 0.987  load imb.: force  1.0%

           Step           Time         Lambda
          23500       47.00000        0.00000

   Energies (kJ/mol)
       G96Angle    Proper Dih.  Improper Dih.          LJ-14     Coulomb-14
    6.25178e+03    2.53683e+03    1.88123e+03    1.34766e+03    4.07131e+04
        LJ (SR)  Disper. corr.   Coulomb (SR)   Coul. recip. Position Rest.
    6.07528e+04   -2.15328e+03   -6.11262e+05    1.39775e+03    1.70295e+03
      Potential    Kinetic En.   Total Energy    Temperature Pres. DC (bar)
   -4.96831e+05    8.92517e+04   -4.07579e+05    2.99410e+02   -9.50843e+01
 Pressure (bar)   Constr. rmsd
   -1.03810e+01    2.10193e-05

DD  step 23999  vol min/aver 0.981  load imb.: force  4.5%

           Step           Time         Lambda
          24000       48.00000        0.00000

   Energies (kJ/mol)
       G96Angle    Proper Dih.  Improper Dih.          LJ-14     Coulomb-14
    6.17100e+03    2.56638e+03    1.94412e+03    1.37733e+03    4.06140e+04
        LJ (SR)  Disper. corr.   Coulomb (SR)   Coul. recip. Position Rest.
    6.04513e+04   -2.16375e+03   -6.10844e+05    1.39375e+03    1.64574e+03
      Potential    Kinetic En.   Total Energy    Temperature Pres. DC (bar)
   -4.96844e+05    8.91803e+04   -4.07664e+05    2.99171e+02   -9.60106e+01
 Pressure (bar)   Constr. rmsd
    1.90475e+02    2.04263e-05

DD  step 24499  vol min/aver 0.992  load imb.: force  4.2%

           Step           Time         Lambda
          24500       49.00000        0.00000

   Energies (kJ/mol)
       G96Angle    Proper Dih.  Improper Dih.          LJ-14     Coulomb-14
    6.27996e+03    2.52901e+03    1.95381e+03    1.39023e+03    4.06321e+04
        LJ (SR)  Disper. corr.   Coulomb (SR)   Coul. recip. Position Rest.
    6.05064e+04   -2.15520e+03   -6.10368e+05    1.37034e+03    1.69501e+03
      Potential    Kinetic En.   Total Energy    Temperature Pres. DC (bar)
   -4.96167e+05    9.04847e+04   -4.05682e+05    3.03546e+02   -9.52536e+01
 Pressure (bar)   Constr. rmsd
    1.26021e+01    2.04769e-05

DD  step 24999  vol min/aver 0.955  load imb.: force  2.4%

           Step           Time         Lambda
          25000       50.00000        0.00000

   Energies (kJ/mol)
       G96Angle    Proper Dih.  Improper Dih.          LJ-14     Coulomb-14
    6.18867e+03    2.59682e+03    1.93505e+03    1.39429e+03    4.07552e+04
        LJ (SR)  Disper. corr.   Coulomb (SR)   Coul. recip. Position Rest.
    5.89997e+04   -2.14812e+03   -6.07985e+05    1.43927e+03    1.71600e+03
      Potential    Kinetic En.   Total Energy    Temperature Pres. DC (bar)
   -4.95108e+05    8.90180e+04   -4.06090e+05    2.98626e+02   -9.46290e+01
 Pressure (bar)   Constr. rmsd
   -8.81511e+01    1.98302e-05

DD  step 25499  vol min/aver 0.980  load imb.: force  1.6%

           Step           Time         Lambda
          25500       51.00000        0.00000

   Energies (kJ/mol)
       G96Angle    Proper Dih.  Improper Dih.          LJ-14     Coulomb-14
    6.33078e+03    2.66969e+03    1.94162e+03    1.37744e+03    4.06358e+04
        LJ (SR)  Disper. corr.   Coulomb (SR)   Coul. recip. Position Rest.
    6.04417e+04   -2.16306e+03   -6.09507e+05    1.43016e+03    1.71146e+03
      Potential    Kinetic En.   Total Energy    Temperature Pres. DC (bar)
   -4.95131e+05    8.94970e+04   -4.05634e+05    3.00233e+02   -9.59495e+01
 Pressure (bar)   Constr. rmsd
    1.57179e+02    2.14461e-05

DD  step 25999  vol min/aver 0.983  load imb.: force  2.7%

           Step           Time         Lambda
          26000       52.00000        0.00000

   Energies (kJ/mol)
       G96Angle    Proper Dih.  Improper Dih.          LJ-14     Coulomb-14
    6.25407e+03    2.64113e+03    1.91901e+03    1.31866e+03    4.06132e+04
        LJ (SR)  Disper. corr.   Coulomb (SR)   Coul. recip. Position Rest.
    5.89525e+04   -2.15633e+03   -6.08735e+05    1.45864e+03    1.69843e+03
      Potential    Kinetic En.   Total Energy    Temperature Pres. DC (bar)
   -4.96036e+05    8.99568e+04   -4.06079e+05    3.01775e+02   -9.53531e+01
 Pressure (bar)   Constr. rmsd
   -1.60125e+02    2.08988e-05

DD  step 26499  vol min/aver 0.984  load imb.: force  1.9%

           Step           Time         Lambda
          26500       53.00000        0.00000

   Energies (kJ/mol)
       G96Angle    Proper Dih.  Improper Dih.          LJ-14     Coulomb-14
    6.29383e+03    2.59825e+03    2.02951e+03    1.37449e+03    4.06620e+04
        LJ (SR)  Disper. corr.   Coulomb (SR)   Coul. recip. Position Rest.
    5.90396e+04   -2.16086e+03   -6.09472e+05    1.42054e+03    1.68844e+03
      Potential    Kinetic En.   Total Energy    Temperature Pres. DC (bar)
   -4.96526e+05    8.90549e+04   -4.07471e+05    2.98750e+02   -9.57544e+01
 Pressure (bar)   Constr. rmsd
    1.02211e+02    1.96503e-05

DD  step 26999  vol min/aver 0.984  load imb.: force  3.6%

           Step           Time         Lambda
          27000       54.00000        0.00000

   Energies (kJ/mol)
       G96Angle    Proper Dih.  Improper Dih.          LJ-14     Coulomb-14
    5.90990e+03    2.58435e+03    1.91985e+03    1.40630e+03    4.06906e+04
        LJ (SR)  Disper. corr.   Coulomb (SR)   Coul. recip. Position Rest.
    5.97779e+04   -2.15918e+03   -6.10100e+05    1.45173e+03    1.61720e+03
      Potential    Kinetic En.   Total Energy    Temperature Pres. DC (bar)
   -4.96902e+05    8.93583e+04   -4.07543e+05    2.99768e+02   -9.56059e+01
 Pressure (bar)   Constr. rmsd
    5.32706e+01    2.01998e-05

DD  step 27499  vol min/aver 0.984  load imb.: force  2.1%

           Step           Time         Lambda
          27500       55.00000        0.00000

   Energies (kJ/mol)
       G96Angle    Proper Dih.  Improper Dih.          LJ-14     Coulomb-14
    5.98364e+03    2.55349e+03    1.91162e+03    1.51301e+03    4.05846e+04
        LJ (SR)  Disper. corr.   Coulomb (SR)   Coul. recip. Position Rest.
    5.85256e+04   -2.16171e+03   -6.07760e+05    1.47568e+03    1.67808e+03
      Potential    Kinetic En.   Total Energy    Temperature Pres. DC (bar)
   -4.95696e+05    8.80580e+04   -4.07638e+05    2.95406e+02   -9.58300e+01
 Pressure (bar)   Constr. rmsd
    3.49922e+01    2.02440e-05

DD  step 27999  vol min/aver 0.994  load imb.: force  3.4%

           Step           Time         Lambda
          28000       56.00000        0.00000

   Energies (kJ/mol)
       G96Angle    Proper Dih.  Improper Dih.          LJ-14     Coulomb-14
    6.31290e+03    2.59079e+03    1.89205e+03    1.45244e+03    4.06890e+04
        LJ (SR)  Disper. corr.   Coulomb (SR)   Coul. recip. Position Rest.
    5.91928e+04   -2.15868e+03   -6.08790e+05    1.33728e+03    1.62283e+03
      Potential    Kinetic En.   Total Energy    Temperature Pres. DC (bar)
   -4.95858e+05    8.89018e+04   -4.06957e+05    2.98236e+02   -9.55616e+01
 Pressure (bar)   Constr. rmsd
    2.98661e+01    1.93134e-05

DD  step 28499  vol min/aver 0.988  load imb.: force  2.1%

           Step           Time         Lambda
          28500       57.00000        0.00000

   Energies (kJ/mol)
       G96Angle    Proper Dih.  Improper Dih.          LJ-14     Coulomb-14
    6.01025e+03    2.67565e+03    1.79277e+03    1.49933e+03    4.07501e+04
        LJ (SR)  Disper. corr.   Coulomb (SR)   Coul. recip. Position Rest.
    6.07362e+04   -2.15495e+03   -6.10527e+05    1.41608e+03    1.68061e+03
      Potential    Kinetic En.   Total Energy    Temperature Pres. DC (bar)
   -4.96121e+05    8.93038e+04   -4.06817e+05    2.99585e+02   -9.52310e+01
 Pressure (bar)   Constr. rmsd
    2.89987e+02    1.92464e-05

DD  step 28999  vol min/aver 0.983  load imb.: force  1.6%

           Step           Time         Lambda
          29000       58.00000        0.00000

   Energies (kJ/mol)
       G96Angle    Proper Dih.  Improper Dih.          LJ-14     Coulomb-14
    6.20690e+03    2.62159e+03    1.95600e+03    1.43470e+03    4.06582e+04
        LJ (SR)  Disper. corr.   Coulomb (SR)   Coul. recip. Position Rest.
    5.94360e+04   -2.15770e+03   -6.08764e+05    1.44367e+03    1.65424e+03
      Potential    Kinetic En.   Total Energy    Temperature Pres. DC (bar)
   -4.95511e+05    8.92111e+04   -4.06300e+05    2.99274e+02   -9.54743e+01
 Pressure (bar)   Constr. rmsd
    1.57897e+02    2.03403e-05

DD  step 29499  vol min/aver 0.982  load imb.: force  1.9%

           Step           Time         Lambda
          29500       59.00000        0.00000

   Energies (kJ/mol)
       G96Angle    Proper Dih.  Improper Dih.          LJ-14     Coulomb-14
    6.27783e+03    2.56566e+03    1.90634e+03    1.42992e+03    4.06924e+04
        LJ (SR)  Disper. corr.   Coulomb (SR)   Coul. recip. Position Rest.
    6.05243e+04   -2.15654e+03   -6.09905e+05    1.50378e+03    1.71595e+03
      Potential    Kinetic En.   Total Energy    Temperature Pres. DC (bar)
   -4.95445e+05    8.94236e+04   -4.06022e+05    2.99987e+02   -9.53716e+01
 Pressure (bar)   Constr. rmsd
    2.08002e+02    1.87848e-05

Writing checkpoint, step 29900 at Sun Jan 10 14:34:59 2016


DD  step 29999  vol min/aver 0.973  load imb.: force  4.4%

           Step           Time         Lambda
          30000       60.00000        0.00000

   Energies (kJ/mol)
       G96Angle    Proper Dih.  Improper Dih.          LJ-14     Coulomb-14
    6.27063e+03    2.67656e+03    1.93316e+03    1.28919e+03    4.05808e+04
        LJ (SR)  Disper. corr.   Coulomb (SR)   Coul. recip. Position Rest.
    5.81164e+04   -2.15054e+03   -6.08106e+05    1.41257e+03    1.64206e+03
      Potential    Kinetic En.   Total Energy    Temperature Pres. DC (bar)
   -4.96335e+05    8.93887e+04   -4.06947e+05    2.99870e+02   -9.48423e+01
 Pressure (bar)   Constr. rmsd
   -5.44450e+02    2.13340e-05

DD  step 30499  vol min/aver 0.968  load imb.: force  2.4%

           Step           Time         Lambda
          30500       61.00000        0.00000

   Energies (kJ/mol)
       G96Angle    Proper Dih.  Improper Dih.          LJ-14     Coulomb-14
    6.10622e+03    2.59088e+03    1.89912e+03    1.43541e+03    4.08016e+04
        LJ (SR)  Disper. corr.   Coulomb (SR)   Coul. recip. Position Rest.
    5.93578e+04   -2.14661e+03   -6.08607e+05    1.47012e+03    1.67025e+03
      Potential    Kinetic En.   Total Energy    Temperature Pres. DC (bar)
   -4.95423e+05    8.93666e+04   -4.06056e+05    2.99796e+02   -9.44962e+01
 Pressure (bar)   Constr. rmsd
   -3.02458e+01    1.83195e-05

DD  step 30999  vol min/aver 0.977  load imb.: force  2.5%

           Step           Time         Lambda
          31000       62.00000        0.00000

   Energies (kJ/mol)
       G96Angle    Proper Dih.  Improper Dih.          LJ-14     Coulomb-14
    6.11754e+03    2.42320e+03    1.90423e+03    1.40175e+03    4.06413e+04
        LJ (SR)  Disper. corr.   Coulomb (SR)   Coul. recip. Position Rest.
    5.98771e+04   -2.14740e+03   -6.09874e+05    1.47339e+03    1.70784e+03
      Potential    Kinetic En.   Total Energy    Temperature Pres. DC (bar)
   -4.96475e+05    8.95711e+04   -4.06904e+05    3.00482e+02   -9.45656e+01
 Pressure (bar)   Constr. rmsd
   -2.97483e+02    2.07083e-05

DD  step 31499  vol min/aver 0.975  load imb.: force  1.8%

           Step           Time         Lambda
          31500       63.00000        0.00000

   Energies (kJ/mol)
       G96Angle    Proper Dih.  Improper Dih.          LJ-14     Coulomb-14
    6.20585e+03    2.54689e+03    2.02911e+03    1.32359e+03    4.07168e+04
        LJ (SR)  Disper. corr.   Coulomb (SR)   Coul. recip. Position Rest.
    6.06599e+04   -2.16029e+03   -6.11282e+05    1.42681e+03    1.61484e+03
      Potential    Kinetic En.   Total Energy    Temperature Pres. DC (bar)
   -4.96918e+05    8.95017e+04   -4.07417e+05    3.00249e+02   -9.57040e+01
 Pressure (bar)   Constr. rmsd
    2.48518e+02    1.90587e-05

DD  step 31999  vol min/aver 0.985  load imb.: force  2.1%

           Step           Time         Lambda
          32000       64.00000        0.00000

   Energies (kJ/mol)
       G96Angle    Proper Dih.  Improper Dih.          LJ-14     Coulomb-14
    6.28647e+03    2.46404e+03    1.90206e+03    1.43145e+03    4.06282e+04
        LJ (SR)  Disper. corr.   Coulomb (SR)   Coul. recip. Position Rest.
    6.06134e+04   -2.15794e+03   -6.09938e+05    1.42821e+03    1.58216e+03
      Potential    Kinetic En.   Total Energy    Temperature Pres. DC (bar)
   -4.95760e+05    9.01192e+04   -4.05640e+05    3.02320e+02   -9.54958e+01
 Pressure (bar)   Constr. rmsd
   -6.82345e+01    2.06786e-05

DD  step 32499  vol min/aver 0.982  load imb.: force  1.4%

           Step           Time         Lambda
          32500       65.00000        0.00000

   Energies (kJ/mol)
       G96Angle    Proper Dih.  Improper Dih.          LJ-14     Coulomb-14
    6.03767e+03    2.53788e+03    1.90465e+03    1.41484e+03    4.06897e+04
        LJ (SR)  Disper. corr.   Coulomb (SR)   Coul. recip. Position Rest.
    5.97411e+04   -2.15015e+03   -6.09738e+05    1.45405e+03    1.62221e+03
      Potential    Kinetic En.   Total Energy    Temperature Pres. DC (bar)
   -4.96486e+05    8.90340e+04   -4.07452e+05    2.98680e+02   -9.48083e+01
 Pressure (bar)   Constr. rmsd
   -1.52464e+02    2.02489e-05

DD  step 32999  vol min/aver 0.981  load imb.: force  1.6%

           Step           Time         Lambda
          33000       66.00000        0.00000

   Energies (kJ/mol)
       G96Angle    Proper Dih.  Improper Dih.          LJ-14     Coulomb-14
    6.12073e+03    2.61768e+03    2.02033e+03    1.42268e+03    4.06416e+04
        LJ (SR)  Disper. corr.   Coulomb (SR)   Coul. recip. Position Rest.
    5.91581e+04   -2.14990e+03   -6.08361e+05    1.42856e+03    1.66437e+03
      Potential    Kinetic En.   Total Energy    Temperature Pres. DC (bar)
   -4.95437e+05    8.90602e+04   -4.06377e+05    2.98767e+02   -9.47854e+01
 Pressure (bar)   Constr. rmsd
   -1.18116e+02    1.96004e-05

DD  step 33499  vol min/aver 0.974  load imb.: force  4.4%

           Step           Time         Lambda
          33500       67.00000        0.00000

   Energies (kJ/mol)
       G96Angle    Proper Dih.  Improper Dih.          LJ-14     Coulomb-14
    6.03312e+03    2.64427e+03    1.96462e+03    1.36302e+03    4.07623e+04
        LJ (SR)  Disper. corr.   Coulomb (SR)   Coul. recip. Position Rest.
    5.83020e+04   -2.15200e+03   -6.08534e+05    1.44312e+03    1.59564e+03
      Potential    Kinetic En.   Total Energy    Temperature Pres. DC (bar)
   -4.96578e+05    8.98794e+04   -4.06699e+05    3.01516e+02   -9.49706e+01
 Pressure (bar)   Constr. rmsd
   -3.24435e+02    1.98274e-05

DD  step 33999  vol min/aver 0.974  load imb.: force  2.6%

           Step           Time         Lambda
          34000       68.00000        0.00000

   Energies (kJ/mol)
       G96Angle    Proper Dih.  Improper Dih.          LJ-14     Coulomb-14
    6.20150e+03    2.55523e+03    1.86896e+03    1.29922e+03    4.06768e+04
        LJ (SR)  Disper. corr.   Coulomb (SR)   Coul. recip. Position Rest.
    5.91573e+04   -2.14535e+03   -6.08863e+05    1.43991e+03    1.53665e+03
      Potential    Kinetic En.   Total Energy    Temperature Pres. DC (bar)
   -4.96273e+05    8.93939e+04   -4.06879e+05    2.99887e+02   -9.43849e+01
 Pressure (bar)   Constr. rmsd
   -1.21174e+02    2.00691e-05

DD  step 34499  vol min/aver 0.983  load imb.: force  3.4%

           Step           Time         Lambda
          34500       69.00000        0.00000

   Energies (kJ/mol)
       G96Angle    Proper Dih.  Improper Dih.          LJ-14     Coulomb-14
    6.31466e+03    2.54765e+03    1.96133e+03    1.41843e+03    4.06686e+04
        LJ (SR)  Disper. corr.   Coulomb (SR)   Coul. recip. Position Rest.
    5.91592e+04   -2.15759e+03   -6.10015e+05    1.44075e+03    1.76380e+03
      Potential    Kinetic En.   Total Energy    Temperature Pres. DC (bar)
   -4.96898e+05    8.97186e+04   -4.07179e+05    3.00976e+02   -9.54651e+01
 Pressure (bar)   Constr. rmsd
   -1.76513e+02    1.90587e-05

DD  step 34999  vol min/aver 0.988  load imb.: force  2.2%

           Step           Time         Lambda
          35000       70.00000        0.00000

   Energies (kJ/mol)
       G96Angle    Proper Dih.  Improper Dih.          LJ-14     Coulomb-14
    6.24446e+03    2.53993e+03    1.96761e+03    1.35898e+03    4.07382e+04
        LJ (SR)  Disper. corr.   Coulomb (SR)   Coul. recip. Position Rest.
    6.18359e+04   -2.15991e+03   -6.11815e+05    1.49850e+03    1.70375e+03
      Potential    Kinetic En.   Total Energy    Temperature Pres. DC (bar)
   -4.96088e+05    8.95018e+04   -4.06586e+05    3.00249e+02   -9.56699e+01
 Pressure (bar)   Constr. rmsd
    3.29008e+02    2.02079e-05

DD  step 35499  vol min/aver 0.978  load imb.: force  2.6%

           Step           Time         Lambda
          35500       71.00000        0.00000

   Energies (kJ/mol)
       G96Angle    Proper Dih.  Improper Dih.          LJ-14     Coulomb-14
    6.34056e+03    2.57023e+03    1.93429e+03    1.35016e+03    4.07042e+04
        LJ (SR)  Disper. corr.   Coulomb (SR)   Coul. recip. Position Rest.
    6.15881e+04   -2.14840e+03   -6.12049e+05    1.48654e+03    1.69599e+03
      Potential    Kinetic En.   Total Energy    Temperature Pres. DC (bar)
   -4.96527e+05    8.96120e+04   -4.06915e+05    3.00619e+02   -9.46540e+01
 Pressure (bar)   Constr. rmsd
    1.98161e+02    2.04225e-05

DD  step 35999  vol min/aver 0.981  load imb.: force  5.5%

           Step           Time         Lambda
          36000       72.00000        0.00000

   Energies (kJ/mol)
       G96Angle    Proper Dih.  Improper Dih.          LJ-14     Coulomb-14
    6.21196e+03    2.55938e+03    1.91075e+03    1.40546e+03    4.07631e+04
        LJ (SR)  Disper. corr.   Coulomb (SR)   Coul. recip. Position Rest.
    6.09035e+04   -2.15237e+03   -6.11377e+05    1.42904e+03    1.59540e+03
      Potential    Kinetic En.   Total Energy    Temperature Pres. DC (bar)
   -4.96751e+05    8.91752e+04   -4.07576e+05    2.99154e+02   -9.50033e+01
 Pressure (bar)   Constr. rmsd
    1.27063e+02    1.97299e-05

DD  step 36499  vol min/aver 0.990  load imb.: force  3.4%

           Step           Time         Lambda
          36500       73.00000        0.00000

   Energies (kJ/mol)
       G96Angle    Proper Dih.  Improper Dih.          LJ-14     Coulomb-14
    5.97188e+03    2.51511e+03    1.82893e+03    1.43600e+03    4.07921e+04
        LJ (SR)  Disper. corr.   Coulomb (SR)   Coul. recip. Position Rest.
    5.96074e+04   -2.15031e+03   -6.09044e+05    1.46326e+03    1.68247e+03
      Potential    Kinetic En.   Total Energy    Temperature Pres. DC (bar)
   -4.95898e+05    8.85202e+04   -4.07377e+05    2.96956e+02   -9.48220e+01
 Pressure (bar)   Constr. rmsd
    7.58679e+01    1.95628e-05

DD  step 36999  vol min/aver 0.980  load imb.: force  1.5%

           Step           Time         Lambda
          37000       74.00000        0.00000

   Energies (kJ/mol)
       G96Angle    Proper Dih.  Improper Dih.          LJ-14     Coulomb-14
    6.23700e+03    2.63634e+03    1.95055e+03    1.41800e+03    4.06446e+04
        LJ (SR)  Disper. corr.   Coulomb (SR)   Coul. recip. Position Rest.
    5.92239e+04   -2.15307e+03   -6.08557e+05    1.38977e+03    1.64418e+03
      Potential    Kinetic En.   Total Energy    Temperature Pres. DC (bar)
   -4.95566e+05    8.94371e+04   -4.06129e+05    3.00032e+02   -9.50656e+01
 Pressure (bar)   Constr. rmsd
   -1.01186e+02    2.02872e-05

Writing checkpoint, step 37325 at Sun Jan 10 14:50:00 2016


DD  step 37499  vol min/aver 0.982  load imb.: force  1.4%

           Step           Time         Lambda
          37500       75.00000        0.00000

   Energies (kJ/mol)
       G96Angle    Proper Dih.  Improper Dih.          LJ-14     Coulomb-14
    6.20066e+03    2.52949e+03    1.97904e+03    1.40032e+03    4.07049e+04
        LJ (SR)  Disper. corr.   Coulomb (SR)   Coul. recip. Position Rest.
    5.98816e+04   -2.16301e+03   -6.11103e+05    1.44696e+03    1.68400e+03
      Potential    Kinetic En.   Total Energy    Temperature Pres. DC (bar)
   -4.97440e+05    8.96327e+04   -4.07807e+05    3.00688e+02   -9.59450e+01
 Pressure (bar)   Constr. rmsd
   -9.05081e+01    2.14020e-05

DD  step 37999  vol min/aver 0.995  load imb.: force  2.2%

           Step           Time         Lambda
          38000       76.00000        0.00000

   Energies (kJ/mol)
       G96Angle    Proper Dih.  Improper Dih.          LJ-14     Coulomb-14
    6.19870e+03    2.61012e+03    2.01873e+03    1.36597e+03    4.07491e+04
        LJ (SR)  Disper. corr.   Coulomb (SR)   Coul. recip. Position Rest.
    5.86819e+04   -2.14591e+03   -6.07570e+05    1.40318e+03    1.69396e+03
      Potential    Kinetic En.   Total Energy    Temperature Pres. DC (bar)
   -4.94994e+05    8.97695e+04   -4.05224e+05    3.01147e+02   -9.44345e+01
 Pressure (bar)   Constr. rmsd
   -1.27778e+02    2.09671e-05

DD  step 38499  vol min/aver 0.985  load imb.: force  1.3%

           Step           Time         Lambda
          38500       77.00000        0.00000

   Energies (kJ/mol)
       G96Angle    Proper Dih.  Improper Dih.          LJ-14     Coulomb-14
    6.20707e+03    2.50069e+03    1.97107e+03    1.48382e+03    4.07596e+04
        LJ (SR)  Disper. corr.   Coulomb (SR)   Coul. recip. Position Rest.
    5.99192e+04   -2.15439e+03   -6.09426e+05    1.44184e+03    1.69142e+03
      Potential    Kinetic En.   Total Energy    Temperature Pres. DC (bar)
   -4.95605e+05    8.95552e+04   -4.06050e+05    3.00428e+02   -9.51815e+01
 Pressure (bar)   Constr. rmsd
    1.52285e+02    1.89493e-05

DD  step 38999  vol min/aver 0.984  load imb.: force  3.2%

           Step           Time         Lambda
          39000       78.00000        0.00000

   Energies (kJ/mol)
       G96Angle    Proper Dih.  Improper Dih.          LJ-14     Coulomb-14
    6.03826e+03    2.47139e+03    1.86783e+03    1.43401e+03    4.07122e+04
        LJ (SR)  Disper. corr.   Coulomb (SR)   Coul. recip. Position Rest.
    5.94145e+04   -2.14888e+03   -6.09193e+05    1.44137e+03    1.67722e+03
      Potential    Kinetic En.   Total Energy    Temperature Pres. DC (bar)
   -4.96285e+05    8.87357e+04   -4.07550e+05    2.97679e+02   -9.46961e+01
 Pressure (bar)   Constr. rmsd
   -2.03935e+01    1.98180e-05

DD  step 39499  vol min/aver 0.988  load imb.: force  1.0%

           Step           Time         Lambda
          39500       79.00000        0.00000

   Energies (kJ/mol)
       G96Angle    Proper Dih.  Improper Dih.          LJ-14     Coulomb-14
    6.28820e+03    2.59303e+03    1.90493e+03    1.31731e+03    4.06218e+04
        LJ (SR)  Disper. corr.   Coulomb (SR)   Coul. recip. Position Rest.
    6.03842e+04   -2.14815e+03   -6.09865e+05    1.42954e+03    1.63356e+03
      Potential    Kinetic En.   Total Energy    Temperature Pres. DC (bar)
   -4.95841e+05    8.96742e+04   -4.06166e+05    3.00827e+02   -9.46318e+01
 Pressure (bar)   Constr. rmsd
   -6.15494e+01    2.08631e-05

DD  step 39999  vol min/aver 0.986  load imb.: force  2.6%

           Step           Time         Lambda
          40000       80.00000        0.00000

   Energies (kJ/mol)
       G96Angle    Proper Dih.  Improper Dih.          LJ-14     Coulomb-14
    6.02456e+03    2.45883e+03    1.94303e+03    1.32431e+03    4.07599e+04
        LJ (SR)  Disper. corr.   Coulomb (SR)   Coul. recip. Position Rest.
    5.98670e+04   -2.15839e+03   -6.09812e+05    1.42698e+03    1.69584e+03
      Potential    Kinetic En.   Total Energy    Temperature Pres. DC (bar)
   -4.96470e+05    8.95698e+04   -4.06900e+05    3.00477e+02   -9.55355e+01
 Pressure (bar)   Constr. rmsd
   -1.93350e+02    2.09916e-05

DD  step 40499  vol min/aver 0.969  load imb.: force  2.3%

           Step           Time         Lambda
          40500       81.00000        0.00000

   Energies (kJ/mol)
       G96Angle    Proper Dih.  Improper Dih.          LJ-14     Coulomb-14
    6.26901e+03    2.54127e+03    1.91711e+03    1.34564e+03    4.07052e+04
        LJ (SR)  Disper. corr.   Coulomb (SR)   Coul. recip. Position Rest.
    6.06193e+04   -2.15544e+03   -6.11376e+05    1.41043e+03    1.67149e+03
      Potential    Kinetic En.   Total Energy    Temperature Pres. DC (bar)
   -4.97052e+05    8.99732e+04   -4.07078e+05    3.01830e+02   -9.52747e+01
 Pressure (bar)   Constr. rmsd
   -3.11665e+01    2.04856e-05

DD  step 40999  vol min/aver 0.983  load imb.: force  2.2%

           Step           Time         Lambda
          41000       82.00000        0.00000

   Energies (kJ/mol)
       G96Angle    Proper Dih.  Improper Dih.          LJ-14     Coulomb-14
    6.15661e+03    2.61715e+03    1.94623e+03    1.34502e+03    4.06871e+04
        LJ (SR)  Disper. corr.   Coulomb (SR)   Coul. recip. Position Rest.
    5.94025e+04   -2.15405e+03   -6.08408e+05    1.50199e+03    1.69128e+03
      Potential    Kinetic En.   Total Energy    Temperature Pres. DC (bar)
   -4.95214e+05    9.04466e+04   -4.04768e+05    3.03419e+02   -9.51516e+01
 Pressure (bar)   Constr. rmsd
   -2.36380e+02    2.21269e-05

DD  step 41499  vol min/aver 0.976  load imb.: force  2.4%

           Step           Time         Lambda
          41500       83.00000        0.00000

   Energies (kJ/mol)
       G96Angle    Proper Dih.  Improper Dih.          LJ-14     Coulomb-14
    6.06488e+03    2.58088e+03    1.86100e+03    1.29932e+03    4.07778e+04
        LJ (SR)  Disper. corr.   Coulomb (SR)   Coul. recip. Position Rest.
    6.07417e+04   -2.14999e+03   -6.11423e+05    1.47292e+03    1.63257e+03
      Potential    Kinetic En.   Total Energy    Temperature Pres. DC (bar)
   -4.97142e+05    8.94010e+04   -4.07741e+05    2.99911e+02   -9.47940e+01
 Pressure (bar)   Constr. rmsd
    1.86350e+02    1.97444e-05

DD  step 41999  vol min/aver 0.981  load imb.: force  1.6%

           Step           Time         Lambda
          42000       84.00000        0.00000

   Energies (kJ/mol)
       G96Angle    Proper Dih.  Improper Dih.          LJ-14     Coulomb-14
    6.35661e+03    2.63381e+03    1.99142e+03    1.36570e+03    4.07417e+04
        LJ (SR)  Disper. corr.   Coulomb (SR)   Coul. recip. Position Rest.
    5.85347e+04   -2.13734e+03   -6.07718e+05    1.45945e+03    1.65664e+03
      Potential    Kinetic En.   Total Energy    Temperature Pres. DC (bar)
   -4.95115e+05    8.92061e+04   -4.05909e+05    2.99257e+02   -9.36819e+01
 Pressure (bar)   Constr. rmsd
   -3.08391e+02    2.07723e-05

DD  step 42499  vol min/aver 0.982  load imb.: force  2.2%

           Step           Time         Lambda
          42500       85.00000        0.00000

   Energies (kJ/mol)
       G96Angle    Proper Dih.  Improper Dih.          LJ-14     Coulomb-14
    6.25679e+03    2.58244e+03    1.94314e+03    1.37871e+03    4.06024e+04
        LJ (SR)  Disper. corr.   Coulomb (SR)   Coul. recip. Position Rest.
    5.89460e+04   -2.14977e+03   -6.09051e+05    1.38631e+03    1.75405e+03
      Potential    Kinetic En.   Total Energy    Temperature Pres. DC (bar)
   -4.96351e+05    8.94626e+04   -4.06888e+05    3.00118e+02   -9.47747e+01
 Pressure (bar)   Constr. rmsd
   -1.87647e+01    2.03262e-05

DD  step 42999  vol min/aver 0.955  load imb.: force  2.6%

           Step           Time         Lambda
          43000       86.00000        0.00000

   Energies (kJ/mol)
       G96Angle    Proper Dih.  Improper Dih.          LJ-14     Coulomb-14
    6.22562e+03    2.62619e+03    2.05041e+03    1.42109e+03    4.06633e+04
        LJ (SR)  Disper. corr.   Coulomb (SR)   Coul. recip. Position Rest.
    5.92968e+04   -2.16141e+03   -6.08842e+05    1.43235e+03    1.61941e+03
      Potential    Kinetic En.   Total Energy    Temperature Pres. DC (bar)
   -4.95668e+05    8.92869e+04   -4.06382e+05    2.99528e+02   -9.58029e+01
 Pressure (bar)   Constr. rmsd
    5.10055e+01    2.05297e-05

DD  step 43499  vol min/aver 0.963  load imb.: force  3.2%

           Step           Time         Lambda
          43500       87.00000        0.00000

   Energies (kJ/mol)
       G96Angle    Proper Dih.  Improper Dih.          LJ-14     Coulomb-14
    6.13682e+03    2.51958e+03    1.86470e+03    1.35557e+03    4.06904e+04
        LJ (SR)  Disper. corr.   Coulomb (SR)   Coul. recip. Position Rest.
    5.95537e+04   -2.14768e+03   -6.08813e+05    1.38824e+03    1.64602e+03
      Potential    Kinetic En.   Total Energy    Temperature Pres. DC (bar)
   -4.95806e+05    8.90048e+04   -4.06801e+05    2.98582e+02   -9.45905e+01
 Pressure (bar)   Constr. rmsd
   -1.34992e+02    2.08882e-05

DD  step 43999  vol min/aver 0.981  load imb.: force  2.3%

           Step           Time         Lambda
          44000       88.00000        0.00000

   Energies (kJ/mol)
       G96Angle    Proper Dih.  Improper Dih.          LJ-14     Coulomb-14
    6.05979e+03    2.51427e+03    1.95080e+03    1.42737e+03    4.07646e+04
        LJ (SR)  Disper. corr.   Coulomb (SR)   Coul. recip. Position Rest.
    6.12186e+04   -2.15423e+03   -6.12214e+05    1.42139e+03    1.64057e+03
      Potential    Kinetic En.   Total Energy    Temperature Pres. DC (bar)
   -4.97370e+05    8.81876e+04   -4.09183e+05    2.95840e+02   -9.51681e+01
 Pressure (bar)   Constr. rmsd
    8.43530e+01    2.02389e-05

DD  step 44499  vol min/aver 0.971  load imb.: force  2.6%

           Step           Time         Lambda
          44500       89.00000        0.00000

   Energies (kJ/mol)
       G96Angle    Proper Dih.  Improper Dih.          LJ-14     Coulomb-14
    6.70526e+03    2.58574e+03    2.02682e+03    1.30772e+03    4.06501e+04
        LJ (SR)  Disper. corr.   Coulomb (SR)   Coul. recip. Position Rest.
    6.03093e+04   -2.15701e+03   -6.09558e+05    1.43161e+03    1.64590e+03
      Potential    Kinetic En.   Total Energy    Temperature Pres. DC (bar)
   -4.95052e+05    8.94100e+04   -4.05642e+05    2.99941e+02   -9.54132e+01
 Pressure (bar)   Constr. rmsd
    1.87328e+02    2.01952e-05

Writing checkpoint, step 44825 at Sun Jan 10 15:05:00 2016


DD  step 44999  vol min/aver 0.987  load imb.: force  2.2%

           Step           Time         Lambda
          45000       90.00000        0.00000

   Energies (kJ/mol)
       G96Angle    Proper Dih.  Improper Dih.          LJ-14     Coulomb-14
    6.11795e+03    2.67363e+03    1.88225e+03    1.27452e+03    4.07281e+04
        LJ (SR)  Disper. corr.   Coulomb (SR)   Coul. recip. Position Rest.
    5.94270e+04   -2.13840e+03   -6.09803e+05    1.42560e+03    1.70024e+03
      Potential    Kinetic En.   Total Energy    Temperature Pres. DC (bar)
   -4.96712e+05    8.87777e+04   -4.07934e+05    2.97820e+02   -9.37748e+01
 Pressure (bar)   Constr. rmsd
   -3.88753e+02    2.14039e-05

DD  step 45499  vol min/aver 0.988  load imb.: force  1.8%

           Step           Time         Lambda
          45500       91.00000        0.00000

   Energies (kJ/mol)
       G96Angle    Proper Dih.  Improper Dih.          LJ-14     Coulomb-14
    6.01690e+03    2.63758e+03    1.92498e+03    1.37579e+03    4.07713e+04
        LJ (SR)  Disper. corr.   Coulomb (SR)   Coul. recip. Position Rest.
    6.12101e+04   -2.15297e+03   -6.11255e+05    1.47669e+03    1.58784e+03
      Potential    Kinetic En.   Total Energy    Temperature Pres. DC (bar)
   -4.96406e+05    8.89989e+04   -4.07408e+05    2.98562e+02   -9.50570e+01
 Pressure (bar)   Constr. rmsd
    3.39794e+02    2.03067e-05

DD  step 45999  vol min/aver 0.972  load imb.: force  0.5%

           Step           Time         Lambda
          46000       92.00000        0.00000

   Energies (kJ/mol)
       G96Angle    Proper Dih.  Improper Dih.          LJ-14     Coulomb-14
    6.14366e+03    2.45146e+03    1.98616e+03    1.35165e+03    4.06854e+04
        LJ (SR)  Disper. corr.   Coulomb (SR)   Coul. recip. Position Rest.
    6.03124e+04   -2.15245e+03   -6.09612e+05    1.42368e+03    1.79979e+03
      Potential    Kinetic En.   Total Energy    Temperature Pres. DC (bar)
   -4.95610e+05    8.98220e+04   -4.05788e+05    3.01323e+02   -9.50105e+01
 Pressure (bar)   Constr. rmsd
   -4.02801e+01    1.92629e-05

DD  step 46499  vol min/aver 0.981  load imb.: force  0.4%

           Step           Time         Lambda
          46500       93.00000        0.00000

   Energies (kJ/mol)
       G96Angle    Proper Dih.  Improper Dih.          LJ-14     Coulomb-14
    6.36009e+03    2.53680e+03    1.84902e+03    1.44096e+03    4.05869e+04
        LJ (SR)  Disper. corr.   Coulomb (SR)   Coul. recip. Position Rest.
    5.89831e+04   -2.15598e+03   -6.07847e+05    1.44612e+03    1.76004e+03
      Potential    Kinetic En.   Total Energy    Temperature Pres. DC (bar)
   -4.95040e+05    8.94538e+04   -4.05586e+05    3.00088e+02   -9.53226e+01
 Pressure (bar)   Constr. rmsd
   -3.28899e+02    1.99846e-05

DD  step 46999  vol min/aver 0.975  load imb.: force  2.8%

           Step           Time         Lambda
          47000       94.00000        0.00000

   Energies (kJ/mol)
       G96Angle    Proper Dih.  Improper Dih.          LJ-14     Coulomb-14
    6.07340e+03    2.69649e+03    1.91303e+03    1.39355e+03    4.06191e+04
        LJ (SR)  Disper. corr.   Coulomb (SR)   Coul. recip. Position Rest.
    5.99503e+04   -2.15753e+03   -6.09732e+05    1.42157e+03    1.74682e+03
      Potential    Kinetic En.   Total Energy    Temperature Pres. DC (bar)
   -4.96076e+05    8.88461e+04   -4.07230e+05    2.98049e+02   -9.54598e+01
 Pressure (bar)   Constr. rmsd
    1.50868e+02    2.06429e-05

DD  step 47499  vol min/aver 0.984  load imb.: force  4.1%

           Step           Time         Lambda
          47500       95.00000        0.00000

   Energies (kJ/mol)
       G96Angle    Proper Dih.  Improper Dih.          LJ-14     Coulomb-14
    6.26492e+03    2.53116e+03    1.91869e+03    1.42852e+03    4.06253e+04
        LJ (SR)  Disper. corr.   Coulomb (SR)   Coul. recip. Position Rest.
    6.07225e+04   -2.15068e+03   -6.11211e+05    1.43733e+03    1.70850e+03
      Potential    Kinetic En.   Total Energy    Temperature Pres. DC (bar)
   -4.96725e+05    8.89902e+04   -4.07735e+05    2.98533e+02   -9.48546e+01
 Pressure (bar)   Constr. rmsd
    2.12670e+02    1.97251e-05

DD  step 47999  vol min/aver 0.980  load imb.: force  1.2%

           Step           Time         Lambda
          48000       96.00000        0.00000

   Energies (kJ/mol)
       G96Angle    Proper Dih.  Improper Dih.          LJ-14     Coulomb-14
    6.32955e+03    2.55876e+03    1.93363e+03    1.38308e+03    4.06713e+04
        LJ (SR)  Disper. corr.   Coulomb (SR)   Coul. recip. Position Rest.
    5.96555e+04   -2.14566e+03   -6.08415e+05    1.47822e+03    1.66642e+03
      Potential    Kinetic En.   Total Energy    Temperature Pres. DC (bar)
   -4.94884e+05    9.06439e+04   -4.04240e+05    3.04080e+02   -9.44123e+01
 Pressure (bar)   Constr. rmsd
   -1.27064e+02    2.06400e-05

DD  step 48499  vol min/aver 0.978  load imb.: force  1.1%

           Step           Time         Lambda
          48500       97.00000        0.00000

   Energies (kJ/mol)
       G96Angle    Proper Dih.  Improper Dih.          LJ-14     Coulomb-14
    6.18292e+03    2.57897e+03    1.85932e+03    1.42825e+03    4.08033e+04
        LJ (SR)  Disper. corr.   Coulomb (SR)   Coul. recip. Position Rest.
    5.95301e+04   -2.14775e+03   -6.08274e+05    1.46976e+03    1.66176e+03
      Potential    Kinetic En.   Total Energy    Temperature Pres. DC (bar)
   -4.94908e+05    9.00593e+04   -4.04848e+05    3.02119e+02   -9.45961e+01
 Pressure (bar)   Constr. rmsd
    1.42475e+02    2.00166e-05

DD  step 48999  vol min/aver 0.980  load imb.: force  2.2%

           Step           Time         Lambda
          49000       98.00000        0.00000

   Energies (kJ/mol)
       G96Angle    Proper Dih.  Improper Dih.          LJ-14     Coulomb-14
    6.40416e+03    2.50661e+03    2.04362e+03    1.43598e+03    4.07646e+04
        LJ (SR)  Disper. corr.   Coulomb (SR)   Coul. recip. Position Rest.
    6.06283e+04   -2.13985e+03   -6.08684e+05    1.46711e+03    1.62408e+03
      Potential    Kinetic En.   Total Energy    Temperature Pres. DC (bar)
   -4.93950e+05    9.01479e+04   -4.03802e+05    3.02416e+02   -9.39025e+01
 Pressure (bar)   Constr. rmsd
    1.41001e+02    2.03186e-05

DD  step 49499  vol min/aver 0.970  load imb.: force  4.0%

           Step           Time         Lambda
          49500       99.00000        0.00000

   Energies (kJ/mol)
       G96Angle    Proper Dih.  Improper Dih.          LJ-14     Coulomb-14
    6.08352e+03    2.48012e+03    1.93943e+03    1.36301e+03    4.08213e+04
        LJ (SR)  Disper. corr.   Coulomb (SR)   Coul. recip. Position Rest.
    6.05059e+04   -2.14974e+03   -6.10628e+05    1.40426e+03    1.66453e+03
      Potential    Kinetic En.   Total Energy    Temperature Pres. DC (bar)
   -4.96516e+05    8.94170e+04   -4.07099e+05    2.99965e+02   -9.47721e+01
 Pressure (bar)   Constr. rmsd
   -1.30614e+02    2.07792e-05

DD  step 49999  vol min/aver 0.981  load imb.: force  3.4%

           Step           Time         Lambda
          50000      100.00000        0.00000

Writing checkpoint, step 50000 at Sun Jan 10 15:15:28 2016


   Energies (kJ/mol)
       G96Angle    Proper Dih.  Improper Dih.          LJ-14     Coulomb-14
    6.28339e+03    2.48749e+03    1.87854e+03    1.48424e+03    4.07520e+04
        LJ (SR)  Disper. corr.   Coulomb (SR)   Coul. recip. Position Rest.
    6.07548e+04   -2.16370e+03   -6.11007e+05    1.41217e+03    1.63362e+03
      Potential    Kinetic En.   Total Energy    Temperature Pres. DC (bar)
   -4.96485e+05    8.94236e+04   -4.07061e+05    2.99987e+02   -9.60058e+01
 Pressure (bar)   Constr. rmsd
    7.84173e+01    2.05947e-05

	<======  ###############  ==>
	<====  A V E R A G E S  ====>
	<==  ###############  ======>

	Statistics over 50001 steps using 501 frames

   Energies (kJ/mol)
       G96Angle    Proper Dih.  Improper Dih.          LJ-14     Coulomb-14
    6.18043e+03    2.56135e+03    1.94390e+03    1.38766e+03    4.07163e+04
        LJ (SR)  Disper. corr.   Coulomb (SR)   Coul. recip. Position Rest.
    5.98442e+04   -2.15341e+03   -6.09586e+05    1.43498e+03    1.66007e+03
      Potential    Kinetic En.   Total Energy    Temperature Pres. DC (bar)
   -4.96011e+05    8.94429e+04   -4.06568e+05    3.00052e+02   -9.50961e+01
 Pressure (bar)   Constr. rmsd
   -3.03721e+00    0.00000e+00

          Box-X          Box-Y          Box-Z
    8.10296e+00    8.10296e+00    5.72966e+00

   Total Virial (kJ/mol)
    2.96758e+04   -3.35549e+02    1.30402e+02
   -3.35829e+02    2.99938e+04    2.76023e+02
    1.30283e+02    2.76997e+02    2.98816e+04

   Pressure (bar)
    8.86500e+00    3.39646e+01   -1.02777e+01
    3.39894e+01   -1.51528e+01   -2.44706e+01
   -1.02668e+01   -2.45566e+01   -2.82381e+00

  Epot (kJ/mol)        Coul-SR          LJ-SR        Coul-14          LJ-14   
Protein-Protein   -7.06430e+04   -1.37420e+04    4.05877e+04    1.35939e+03
    Protein-DRG   -7.92855e+01   -8.77910e+01    0.00000e+00    0.00000e+00
   Protein-rest   -2.83244e+04   -2.00450e+03    0.00000e+00    0.00000e+00
        DRG-DRG   -4.05719e+02   -1.67131e+01    1.28575e+02    2.82667e+01
       DRG-rest   -5.30972e+02   -1.21210e+01    0.00000e+00    0.00000e+00
      rest-rest   -5.09603e+05    7.57073e+04    0.00000e+00    0.00000e+00

  T-Protein_DRGT-Water_and_ions
    3.00192e+02    3.00035e+02


	M E G A - F L O P S   A C C O U N T I N G

 NB=Group-cutoff nonbonded kernels    NxN=N-by-N cluster Verlet kernels
 RF=Reaction-Field  VdW=Van der Waals  QSTab=quadratic-spline table
 W3=SPC/TIP3p  W4=TIP4p (single or pairs)
 V&F=Potential and force  V=Potential only  F=Force only

 Computing:                               M-Number         M-Flops  % Flops
-----------------------------------------------------------------------------
 Pair Search distance check           41430.207500      372871.867     0.3
 NxN Ewald Elec. + LJ [F]            950951.319680    62762787.099    53.4
 NxN Ewald Elec. + LJ [V&F]            9624.658312     1029838.439     0.9
 NxN LJ [F]                            6683.636640      220560.009     0.2
 NxN LJ [V&F]                            68.398512        2941.136     0.0
 NxN Ewald Elec. [F]                 803072.712704    48987435.475    41.7
 NxN Ewald Elec. [V&F]                 8127.726008      682728.985     0.6
 1,4 nonbonded interactions             306.906138       27621.552     0.0
 Calc Weights                          5383.307664      193799.076     0.2
 Spread Q Bspline                    114843.896832      229687.794     0.2
 Gather F Bspline                    114843.896832      689063.381     0.6
 3D-FFT                              240463.009164     1923704.073     1.6
 Solve PME                              135.202704        8652.973     0.0
 Reset In Box                            71.776000         215.328     0.0
 CG-CoM                                  71.811888         215.436     0.0
 Angles                                 287.405748       48284.166     0.0
 Propers                                101.602032       23266.865     0.0
 Impropers                              100.002000       20800.416     0.0
 Pos. Restr.                            149.752995        7487.650     0.0
 Virial                                 180.376068        3246.769     0.0
 Stop-CM                                 17.979888         179.799     0.0
 Calc-Ekin                              717.831776       19381.458     0.0
 Lincs                                  262.717315       15763.039     0.0
 Lincs-Mat                             4555.762752       18223.051     0.0
 Constraint-V                          2214.287372       17714.299     0.0
 Constraint-Vir                         195.190848        4684.580     0.0
 Settle                                 562.950914      181833.145     0.2
-----------------------------------------------------------------------------
 Total                                               117492987.861   100.0
-----------------------------------------------------------------------------


    D O M A I N   D E C O M P O S I T I O N   S T A T I S T I C S

 av. #atoms communicated per step for force:  2 x 31021.5
 av. #atoms communicated per step for LINCS:  2 x 3104.8

 Average load imbalance: 2.5 %
 Part of the total run time spent waiting due to load imbalance: 1.6 %
 Steps where the load balancing was limited by -rdd, -rcon and/or -dds: X 0 %


     R E A L   C Y C L E   A N D   T I M E   A C C O U N T I N G

On 4 MPI ranks

 Computing:          Num   Num      Call    Wall time         Giga-Cycles
                     Ranks Threads  Count      (s)         total sum    %
-----------------------------------------------------------------------------
 Domain decomp.         4    1       2000      36.772        425.601   0.6
 DD comm. load          4    1       1926       2.631         30.446   0.0
 DD comm. bounds        4    1       1901       1.230         14.241   0.0
 Neighbor search        4    1       2001     120.801       1398.141   2.0
 Comm. coord.           4    1      48000     243.238       2815.228   4.0
 Force                  4    1      50001    4204.182      48658.979  69.7
 Wait + Comm. F         4    1      50001      53.185        615.560   0.9
 PME mesh               4    1      50001    1113.157      12883.619  18.5
 NB X/F buffer ops.     4    1     146001      12.350        142.940   0.2
 Write traj.            4    1        107       1.377         15.941   0.0
 Update                 4    1      50001      34.275        396.696   0.6
 Constraints            4    1      50001     182.284       2109.745   3.0
 Comm. energies         4    1      10001      16.692        193.194   0.3
 Rest                                           8.226         95.203   0.1
-----------------------------------------------------------------------------
 Total                                       6030.401      69795.535 100.0
-----------------------------------------------------------------------------
 Breakdown of PME mesh computation
-----------------------------------------------------------------------------
 PME redist. X/F        4    1     100002     602.314       6971.153  10.0
 PME spread/gather      4    1     100002     297.290       3440.813   4.9
 PME 3D-FFT             4    1     100002      46.449        537.598   0.8
 PME 3D-FFT Comm.       4    1     100002     154.043       1782.890   2.6
 PME solve Elec         4    1      50001      12.908        149.401   0.2
-----------------------------------------------------------------------------

               Core t (s)   Wall t (s)        (%)
       Time:    24121.604     6030.401      400.0
                         1h40:30
                 (ns/day)    (hour/ns)
Performance:        1.433       16.751
Finished mdrun on rank 0 Sun Jan 10 15:15:28 2016
