Log file opened on Sun Jan 10 10:28:21 2016
Host: AppledeMacintosh.local  pid: 2173  rank ID: 0  number of ranks:  1
GROMACS:    gmx mdrun, VERSION 5.0.6

GROMACS is written by:
Emile Apol         Rossen Apostolov   Herman J.C. Berendsen Par Bjelkmar       
Aldert van Buuren  Rudi van Drunen    Anton Feenstra     Sebastian Fritsch  
Gerrit Groenhof    Christoph Junghans Peter Kasson       Carsten Kutzner    
Per Larsson        Justin A. Lemkul   Magnus Lundborg    Pieter Meulenhoff  
Erik Marklund      Teemu Murtola      Szilard Pall       Sander Pronk       
Roland Schulz      Alexey Shvetsov    Michael Shirts     Alfons Sijbers     
Peter Tieleman     Christian Wennberg Maarten Wolf       
and the project leaders:
Mark Abraham, Berk Hess, Erik Lindahl, and David van der Spoel

Copyright (c) 1991-2000, University of Groningen, The Netherlands.
Copyright (c) 2001-2014, The GROMACS development team at
Uppsala University, Stockholm University and
the Royal Institute of Technology, Sweden.
check out http://www.gromacs.org for more information.

GROMACS is free software; you can redistribute it and/or modify it
under the terms of the GNU Lesser General Public License
as published by the Free Software Foundation; either version 2.1
of the License, or (at your option) any later version.

GROMACS:      gmx mdrun, VERSION 5.0.6
Executable:   /usr/local/bin/../Cellar/gromacs/5.0.6/bin/gmx
Library dir:  /usr/local/bin/../Cellar/gromacs/5.0.6/share/gromacs/top
Command line:
  gmx mdrun -v -deffnm nvt

Gromacs version:    VERSION 5.0.6
Precision:          single
Memory model:       64 bit
MPI library:        thread_mpi
OpenMP support:     disabled
GPU support:        disabled
invsqrt routine:    gmx_software_invsqrt(x)
SIMD instructions:  AVX_256
FFT library:        fftw-3.3.4-sse2
RDTSCP usage:       enabled
C++11 compilation:  enabled
TNG support:        enabled
Tracing support:    disabled
Built on:           Fri Aug  7 06:21:30 PDT 2015
Built by:           brew@yosemitevm.local [CMAKE]
Build OS/arch:      Darwin 14.4.0 x86_64
Build CPU vendor:   GenuineIntel
Build CPU brand:    Intel(R) Core(TM) i7-3720QM CPU @ 2.60GHz
Build CPU family:   6   Model: 58   Stepping: 9
Build CPU features: aes apic avx clfsh cmov cx8 cx16 f16c lahf_lm mmx msr nonstop_tsc pcid pclmuldq popcnt pse rdrnd rdtscp sse2 sse3 sse4.1 sse4.2 ssse3 tdt x2apic
C compiler:         /usr/local/Library/ENV/4.3/clang Clang 6.1.0.6020053
C compiler flags:    -mavx    -Wall -Wno-unused -Wunused-value -Wunused-parameter -Wno-unknown-pragmas    
C++ compiler:       /usr/local/Library/ENV/4.3/clang++ Clang 6.1.0.6020053
C++ compiler flags:  -mavx   -std=c++0x  -Wextra -Wno-missing-field-initializers -Wpointer-arith -Wall -Wno-unused-function -Wno-unknown-pragmas    
Boost version:      1.55.0 (internal)



++++ PLEASE READ AND CITE THE FOLLOWING REFERENCE ++++
S. Páll, M. J. Abraham, C. Kutzner, B. Hess, E. Lindahl
Tackling Exascale Software Challenges in Molecular Dynamics Simulations with
GROMACS
In S. Markidis & E. Laure (Eds.), Solving Software Challenges for Exascale 8759 (2015) pp. 3–27
-------- -------- --- Thank You --- -------- --------


++++ PLEASE READ AND CITE THE FOLLOWING REFERENCE ++++
S. Pronk, S. Páll, R. Schulz, P. Larsson, P. Bjelkmar, R. Apostolov, M. R.
Shirts, J. C. Smith, P. M. Kasson, D. van der Spoel, B. Hess, and E. Lindahl
GROMACS 4.5: a high-throughput and highly parallel open source molecular
simulation toolkit
Bioinformatics 29 (2013) pp. 845-54
-------- -------- --- Thank You --- -------- --------


++++ PLEASE READ AND CITE THE FOLLOWING REFERENCE ++++
B. Hess and C. Kutzner and D. van der Spoel and E. Lindahl
GROMACS 4: Algorithms for highly efficient, load-balanced, and scalable
molecular simulation
J. Chem. Theory Comput. 4 (2008) pp. 435-447
-------- -------- --- Thank You --- -------- --------


++++ PLEASE READ AND CITE THE FOLLOWING REFERENCE ++++
D. van der Spoel, E. Lindahl, B. Hess, G. Groenhof, A. E. Mark and H. J. C.
Berendsen
GROMACS: Fast, Flexible and Free
J. Comp. Chem. 26 (2005) pp. 1701-1719
-------- -------- --- Thank You --- -------- --------


++++ PLEASE READ AND CITE THE FOLLOWING REFERENCE ++++
E. Lindahl and B. Hess and D. van der Spoel
GROMACS 3.0: A package for molecular simulation and trajectory analysis
J. Mol. Mod. 7 (2001) pp. 306-317
-------- -------- --- Thank You --- -------- --------


++++ PLEASE READ AND CITE THE FOLLOWING REFERENCE ++++
H. J. C. Berendsen, D. van der Spoel and R. van Drunen
GROMACS: A message-passing parallel molecular dynamics implementation
Comp. Phys. Comm. 91 (1995) pp. 43-56
-------- -------- --- Thank You --- -------- --------

Changing nstlist from 10 to 25, rlist from 1.4 to 1.429

Input Parameters:
   integrator                     = md
   tinit                          = 0
   dt                             = 0.002
   nsteps                         = 50000
   init-step                      = 0
   simulation-part                = 1
   comm-mode                      = Linear
   nstcomm                        = 100
   bd-fric                        = 0
   ld-seed                        = 1114286973
   emtol                          = 10
   emstep                         = 0.01
   niter                          = 20
   fcstep                         = 0
   nstcgsteep                     = 1000
   nbfgscorr                      = 10
   rtpi                           = 0.05
   nstxout                        = 500
   nstvout                        = 500
   nstfout                        = 0
   nstlog                         = 500
   nstcalcenergy                  = 100
   nstenergy                      = 500
   nstxout-compressed             = 0
   compressed-x-precision         = 1000
   cutoff-scheme                  = Verlet
   nstlist                        = 25
   ns-type                        = Grid
   pbc                            = xyz
   periodic-molecules             = FALSE
   verlet-buffer-tolerance        = 0.005
   rlist                          = 1.429
   rlistlong                      = 1.429
   nstcalclr                      = 10
   coulombtype                    = PME
   coulomb-modifier               = Potential-shift
   rcoulomb-switch                = 0
   rcoulomb                       = 1.4
   epsilon-r                      = 1
   epsilon-rf                     = inf
   vdw-type                       = Cut-off
   vdw-modifier                   = Potential-shift
   rvdw-switch                    = 0
   rvdw                           = 1.4
   DispCorr                       = EnerPres
   table-extension                = 1
   fourierspacing                 = 0.16
   fourier-nx                     = 52
   fourier-ny                     = 52
   fourier-nz                     = 52
   pme-order                      = 4
   ewald-rtol                     = 1e-05
   ewald-rtol-lj                  = 0.001
   lj-pme-comb-rule               = Geometric
   ewald-geometry                 = 0
   epsilon-surface                = 0
   implicit-solvent               = No
   gb-algorithm                   = Still
   nstgbradii                     = 1
   rgbradii                       = 1
   gb-epsilon-solvent             = 80
   gb-saltconc                    = 0
   gb-obc-alpha                   = 1
   gb-obc-beta                    = 0.8
   gb-obc-gamma                   = 4.85
   gb-dielectric-offset           = 0.009
   sa-algorithm                   = Ace-approximation
   sa-surface-tension             = 2.05016
   tcoupl                         = V-rescale
   nsttcouple                     = 10
   nh-chain-length                = 0
   print-nose-hoover-chain-variables = FALSE
   pcoupl                         = No
   pcoupltype                     = Isotropic
   nstpcouple                     = -1
   tau-p                          = 1
   compressibility (3x3):
      compressibility[    0]={ 0.00000e+00,  0.00000e+00,  0.00000e+00}
      compressibility[    1]={ 0.00000e+00,  0.00000e+00,  0.00000e+00}
      compressibility[    2]={ 0.00000e+00,  0.00000e+00,  0.00000e+00}
   ref-p (3x3):
      ref-p[    0]={ 0.00000e+00,  0.00000e+00,  0.00000e+00}
      ref-p[    1]={ 0.00000e+00,  0.00000e+00,  0.00000e+00}
      ref-p[    2]={ 0.00000e+00,  0.00000e+00,  0.00000e+00}
   refcoord-scaling               = No
   posres-com (3):
      posres-com[0]= 0.00000e+00
      posres-com[1]= 0.00000e+00
      posres-com[2]= 0.00000e+00
   posres-comB (3):
      posres-comB[0]= 0.00000e+00
      posres-comB[1]= 0.00000e+00
      posres-comB[2]= 0.00000e+00
   QMMM                           = FALSE
   QMconstraints                  = 0
   QMMMscheme                     = 0
   MMChargeScaleFactor            = 1
qm-opts:
   ngQM                           = 0
   constraint-algorithm           = Lincs
   continuation                   = FALSE
   Shake-SOR                      = FALSE
   shake-tol                      = 0.0001
   lincs-order                    = 4
   lincs-iter                     = 1
   lincs-warnangle                = 30
   nwall                          = 0
   wall-type                      = 9-3
   wall-r-linpot                  = -1
   wall-atomtype[0]               = -1
   wall-atomtype[1]               = -1
   wall-density[0]                = 0
   wall-density[1]                = 0
   wall-ewald-zfac                = 3
   pull                           = no
   rotation                       = FALSE
   interactiveMD                  = FALSE
   disre                          = No
   disre-weighting                = Conservative
   disre-mixed                    = FALSE
   dr-fc                          = 1000
   dr-tau                         = 0
   nstdisreout                    = 100
   orire-fc                       = 0
   orire-tau                      = 0
   nstorireout                    = 100
   free-energy                    = no
   cos-acceleration               = 0
   deform (3x3):
      deform[    0]={ 0.00000e+00,  0.00000e+00,  0.00000e+00}
      deform[    1]={ 0.00000e+00,  0.00000e+00,  0.00000e+00}
      deform[    2]={ 0.00000e+00,  0.00000e+00,  0.00000e+00}
   simulated-tempering            = FALSE
   E-x:
      n = 0
   E-xt:
      n = 0
   E-y:
      n = 0
   E-yt:
      n = 0
   E-z:
      n = 0
   E-zt:
      n = 0
   swapcoords                     = no
   adress                         = FALSE
   userint1                       = 0
   userint2                       = 0
   userint3                       = 0
   userint4                       = 0
   userreal1                      = 0
   userreal2                      = 0
   userreal3                      = 0
   userreal4                      = 0
grpopts:
   nrdf:     7632.68     64071.3
   ref-t:         300         300
   tau-t:         0.1         0.1
annealing:          No          No
annealing-npoints:           0           0
   acc:	           0           0           0
   nfreeze:           N           N           N
   energygrp-flags[  0]: 0 0 0
   energygrp-flags[  1]: 0 0 0
   energygrp-flags[  2]: 0 0 0

Initializing Domain Decomposition on 4 ranks
Dynamic load balancing: auto
Will sort the charge groups at every domain (re)decomposition
Initial maximum inter charge-group distances:
    two-body bonded interactions: 0.438 nm, LJ-14, atoms 3832 3840
  multi-body bonded interactions: 0.424 nm, Proper Dih., atoms 341 344
Minimum cell size due to bonded interactions: 0.466 nm
Maximum distance for 5 constraints, at 120 deg. angles, all-trans: 0.820 nm
Estimated maximum distance required for P-LINCS: 0.820 nm
This distance will limit the DD cell size, you can override this with -rcon
Using 0 separate PME ranks, as there are too few total
 ranks for efficient splitting
Scaling the initial minimum size with 1/0.8 (option -dds) = 1.25
Optimizing the DD grid for 4 cells with a minimum initial size of 1.025 nm
The maximum allowed number of cells is: X 6 Y 6 Z 5
Domain decomposition grid 4 x 1 x 1, separate PME ranks 0
PME domain decomposition: 4 x 1 x 1
Domain decomposition rank 0, coordinates 0 0 0

Using 4 MPI threads

Detecting CPU SIMD instructions.
Present hardware specification:
Vendor: GenuineIntel
Brand:  Intel(R) Core(TM) i7-3520M CPU @ 2.90GHz
Family:  6  Model: 58  Stepping:  9
Features: aes apic avx clfsh cmov cx8 cx16 f16c htt lahf_lm mmx msr nonstop_tsc pcid pclmuldq pdcm popcnt pse rdrnd rdtscp sse2 sse3 sse4.1 sse4.2 ssse3 tdt x2apic
SIMD instructions most likely to fit this hardware: AVX_256
SIMD instructions selected at GROMACS compile time: AVX_256

Will do PME sum in reciprocal space for electrostatic interactions.

++++ PLEASE READ AND CITE THE FOLLOWING REFERENCE ++++
U. Essmann, L. Perera, M. L. Berkowitz, T. Darden, H. Lee and L. G. Pedersen 
A smooth particle mesh Ewald method
J. Chem. Phys. 103 (1995) pp. 8577-8592
-------- -------- --- Thank You --- -------- --------

Will do ordinary reciprocal space Ewald sum.
Using a Gaussian width (1/beta) of 0.448228 nm for Ewald
Cut-off's:   NS: 1.429   Coulomb: 1.4   LJ: 1.4
Long Range LJ corr.: <C6> 4.1223e-04
System total charge: 0.000
Generated table with 1214 data points for Ewald.
Tabscale = 500 points/nm
Generated table with 1214 data points for LJ6.
Tabscale = 500 points/nm
Generated table with 1214 data points for LJ12.
Tabscale = 500 points/nm
Generated table with 1214 data points for 1-4 COUL.
Tabscale = 500 points/nm
Generated table with 1214 data points for 1-4 LJ6.
Tabscale = 500 points/nm
Generated table with 1214 data points for 1-4 LJ12.
Tabscale = 500 points/nm

Using AVX_256 4x4 non-bonded kernels

Using full Lennard-Jones parameter combination matrix

Potential shift: LJ r^-12: -1.764e-02 r^-6: -1.328e-01, Ewald -1.000e-05
Initialized non-bonded Ewald correction tables, spacing: 1.10e-03 size: 2202

Removing pbc first time

Initializing Parallel LINear Constraint Solver

++++ PLEASE READ AND CITE THE FOLLOWING REFERENCE ++++
B. Hess
P-LINCS: A Parallel Linear Constraint Solver for molecular simulation
J. Chem. Theory Comput. 4 (2008) pp. 116-122
-------- -------- --- Thank You --- -------- --------

The number of constraints is 3935
There are inter charge-group constraints,
will communicate selected coordinates each lincs iteration

++++ PLEASE READ AND CITE THE FOLLOWING REFERENCE ++++
S. Miyamoto and P. A. Kollman
SETTLE: An Analytical Version of the SHAKE and RATTLE Algorithms for Rigid
Water Models
J. Comp. Chem. 13 (1992) pp. 952-962
-------- -------- --- Thank You --- -------- --------


Linking all bonded interactions to atoms
There are 48917 inter charge-group exclusions,
will use an extra communication step for exclusion forces for PME

The initial number of communication pulses is: X 1
The initial domain decomposition cell size is: X 1.65 nm

The maximum allowed distance for charge groups involved in interactions is:
                 non-bonded interactions           1.429 nm
            two-body bonded interactions  (-rdd)   1.429 nm
          multi-body bonded interactions  (-rdd)   1.429 nm
  atoms separated by up to 5 constraints  (-rcon)  1.653 nm

When dynamic load balancing gets turned on, these settings will change to:
The maximum number of communication pulses is: X 2
The minimum size for domain decomposition cells is 1.038 nm
The requested allowed shrink of DD cells (option -dds) is: 0.80
The allowed shrink of domain decomposition cells is: X 0.63
The maximum allowed distance for charge groups involved in interactions is:
                 non-bonded interactions           1.429 nm
            two-body bonded interactions  (-rdd)   1.429 nm
          multi-body bonded interactions  (-rdd)   1.038 nm
  atoms separated by up to 5 constraints  (-rcon)  1.038 nm


Making 1D domain decomposition grid 4 x 1 x 1, home cell index 0 0 0

Center of mass motion removal mode is Linear
We have the following groups for center of mass motion removal:
  0:  rest

++++ PLEASE READ AND CITE THE FOLLOWING REFERENCE ++++
G. Bussi, D. Donadio and M. Parrinello
Canonical sampling through velocity rescaling
J. Chem. Phys. 126 (2007) pp. 014101
-------- -------- --- Thank You --- -------- --------

There are: 35888 Atoms
Charge group distribution at step 0: 9227 8766 8714 9181

Constraining the starting coordinates (step 0)

Constraining the coordinates at t0-dt (step 0)
RMS relative constraint deviation after constraining: 4.27e-05
Initial temperature: 301.091 K

Started mdrun on rank 0 Sun Jan 10 10:28:21 2016
           Step           Time         Lambda
              0        0.00000        0.00000

   Energies (kJ/mol)
       G96Angle    Proper Dih.  Improper Dih.          LJ-14     Coulomb-14
    2.54803e+03    2.20466e+03    8.55097e+02    1.13069e+03    4.07087e+04
        LJ (SR)  Disper. corr.   Coulomb (SR)   Coul. recip. Position Rest.
    6.17551e+04   -2.15870e+03   -6.69263e+05    2.59042e+03    7.62607e-01
      Potential    Kinetic En.   Total Energy  Conserved En.    Temperature
   -5.59628e+05    8.97744e+04   -4.69853e+05   -4.69853e+05    3.01164e+02
 Pres. DC (bar) Pressure (bar)   Constr. rmsd
   -9.55630e+01   -4.23712e+03    2.77688e-05

DD  step 24 load imb.: force  1.4%

DD  step 499 load imb.: force  2.7%

           Step           Time         Lambda
            500        1.00000        0.00000

   Energies (kJ/mol)
       G96Angle    Proper Dih.  Improper Dih.          LJ-14     Coulomb-14
    6.03843e+03    2.68595e+03    1.87283e+03    1.44063e+03    4.06575e+04
        LJ (SR)  Disper. corr.   Coulomb (SR)   Coul. recip. Position Rest.
    6.29209e+04   -2.15870e+03   -6.11864e+05    1.61386e+03    2.19077e+03
      Potential    Kinetic En.   Total Energy  Conserved En.    Temperature
   -4.94602e+05    8.89004e+04   -4.05701e+05   -4.69090e+05    2.98232e+02
 Pres. DC (bar) Pressure (bar)   Constr. rmsd
   -9.55630e+01    2.97243e+02    2.01784e-05

DD  step 999 load imb.: force  2.4%

           Step           Time         Lambda
           1000        2.00000        0.00000

   Energies (kJ/mol)
       G96Angle    Proper Dih.  Improper Dih.          LJ-14     Coulomb-14
    6.03457e+03    2.59355e+03    1.78788e+03    1.50248e+03    4.05876e+04
        LJ (SR)  Disper. corr.   Coulomb (SR)   Coul. recip. Position Rest.
    6.19083e+04   -2.15870e+03   -6.11583e+05    1.47375e+03    2.17274e+03
      Potential    Kinetic En.   Total Energy  Conserved En.    Temperature
   -4.95680e+05    8.87478e+04   -4.06933e+05   -4.69096e+05    2.97719e+02
 Pres. DC (bar) Pressure (bar)   Constr. rmsd
   -9.55630e+01   -2.91254e+01    1.82695e-05

DD  step 1499 load imb.: force  3.8%

           Step           Time         Lambda
           1500        3.00000        0.00000

   Energies (kJ/mol)
       G96Angle    Proper Dih.  Improper Dih.          LJ-14     Coulomb-14
    5.99185e+03    2.59569e+03    1.99745e+03    1.46740e+03    4.07511e+04
        LJ (SR)  Disper. corr.   Coulomb (SR)   Coul. recip. Position Rest.
    6.22935e+04   -2.15870e+03   -6.11380e+05    1.52711e+03    2.10838e+03
      Potential    Kinetic En.   Total Energy  Conserved En.    Temperature
   -4.94806e+05    8.95930e+04   -4.05213e+05   -4.69120e+05    3.00555e+02
 Pres. DC (bar) Pressure (bar)   Constr. rmsd
   -9.55630e+01    7.62809e+02    1.95977e-05

DD  step 1999 load imb.: force  3.5%

           Step           Time         Lambda
           2000        4.00000        0.00000

   Energies (kJ/mol)
       G96Angle    Proper Dih.  Improper Dih.          LJ-14     Coulomb-14
    6.13121e+03    2.58545e+03    1.99231e+03    1.41236e+03    4.06610e+04
        LJ (SR)  Disper. corr.   Coulomb (SR)   Coul. recip. Position Rest.
    6.00445e+04   -2.15870e+03   -6.08386e+05    1.52187e+03    2.04525e+03
      Potential    Kinetic En.   Total Energy  Conserved En.    Temperature
   -4.94151e+05    8.98766e+04   -4.04274e+05   -4.69118e+05    3.01507e+02
 Pres. DC (bar) Pressure (bar)   Constr. rmsd
   -9.55630e+01   -5.84597e+02    2.14247e-05

DD  step 2499 load imb.: force  2.8%

At step 2500 the performance loss due to force load imbalance is 2.3 %

NOTE: Turning on dynamic load balancing

           Step           Time         Lambda
           2500        5.00000        0.00000

   Energies (kJ/mol)
       G96Angle    Proper Dih.  Improper Dih.          LJ-14     Coulomb-14
    6.11368e+03    2.54791e+03    2.02051e+03    1.37890e+03    4.07500e+04
        LJ (SR)  Disper. corr.   Coulomb (SR)   Coul. recip. Position Rest.
    6.02577e+04   -2.15870e+03   -6.09312e+05    1.44530e+03    2.08868e+03
      Potential    Kinetic En.   Total Energy  Conserved En.    Temperature
   -4.94868e+05    8.95077e+04   -4.05360e+05   -4.69158e+05    3.00269e+02
 Pres. DC (bar) Pressure (bar)   Constr. rmsd
   -9.55630e+01   -1.03588e+01    2.05386e-05

DD  step 2999  vol min/aver 0.990  load imb.: force  3.5%

           Step           Time         Lambda
           3000        6.00000        0.00000

   Energies (kJ/mol)
       G96Angle    Proper Dih.  Improper Dih.          LJ-14     Coulomb-14
    6.17779e+03    2.59893e+03    1.97466e+03    1.50350e+03    4.07140e+04
        LJ (SR)  Disper. corr.   Coulomb (SR)   Coul. recip. Position Rest.
    6.00709e+04   -2.15870e+03   -6.09120e+05    1.48203e+03    2.02849e+03
      Potential    Kinetic En.   Total Energy  Conserved En.    Temperature
   -4.94728e+05    9.01119e+04   -4.04617e+05   -4.69194e+05    3.02296e+02
 Pres. DC (bar) Pressure (bar)   Constr. rmsd
   -9.55630e+01   -8.63071e+01    1.96490e-05

DD  step 3499  vol min/aver 0.978  load imb.: force  0.6%

           Step           Time         Lambda
           3500        7.00000        0.00000

   Energies (kJ/mol)
       G96Angle    Proper Dih.  Improper Dih.          LJ-14     Coulomb-14
    5.87571e+03    2.58448e+03    1.96175e+03    1.47593e+03    4.08247e+04
        LJ (SR)  Disper. corr.   Coulomb (SR)   Coul. recip. Position Rest.
    5.98647e+04   -2.15870e+03   -6.08876e+05    1.46994e+03    1.89098e+03
      Potential    Kinetic En.   Total Energy  Conserved En.    Temperature
   -4.95086e+05    8.97606e+04   -4.05325e+05   -4.69218e+05    3.01117e+02
 Pres. DC (bar) Pressure (bar)   Constr. rmsd
   -9.55630e+01    7.43080e+01    2.05386e-05

DD  step 3999  vol min/aver 0.981  load imb.: force  1.9%

           Step           Time         Lambda
           4000        8.00000        0.00000

   Energies (kJ/mol)
       G96Angle    Proper Dih.  Improper Dih.          LJ-14     Coulomb-14
    6.02065e+03    2.66984e+03    1.97162e+03    1.39061e+03    4.06989e+04
        LJ (SR)  Disper. corr.   Coulomb (SR)   Coul. recip. Position Rest.
    6.13318e+04   -2.15870e+03   -6.11037e+05    1.50249e+03    1.99674e+03
      Potential    Kinetic En.   Total Energy  Conserved En.    Temperature
   -4.95613e+05    8.93417e+04   -4.06271e+05   -4.69239e+05    2.99712e+02
 Pres. DC (bar) Pressure (bar)   Constr. rmsd
   -9.55630e+01    2.41127e+02    2.00153e-05

DD  step 4499  vol min/aver 0.978  load imb.: force  2.3%

           Step           Time         Lambda
           4500        9.00000        0.00000

   Energies (kJ/mol)
       G96Angle    Proper Dih.  Improper Dih.          LJ-14     Coulomb-14
    6.08489e+03    2.54469e+03    2.03754e+03    1.41993e+03    4.07026e+04
        LJ (SR)  Disper. corr.   Coulomb (SR)   Coul. recip. Position Rest.
    6.05774e+04   -2.15870e+03   -6.10501e+05    1.49511e+03    2.07810e+03
      Potential    Kinetic En.   Total Energy  Conserved En.    Temperature
   -4.95719e+05    8.90633e+04   -4.06656e+05   -4.69244e+05    2.98778e+02
 Pres. DC (bar) Pressure (bar)   Constr. rmsd
   -9.55630e+01    2.74002e+02    1.95733e-05

DD  step 4999  vol min/aver 0.976  load imb.: force  1.0%

           Step           Time         Lambda
           5000       10.00000        0.00000

   Energies (kJ/mol)
       G96Angle    Proper Dih.  Improper Dih.          LJ-14     Coulomb-14
    6.19475e+03    2.49448e+03    1.86108e+03    1.49195e+03    4.06225e+04
        LJ (SR)  Disper. corr.   Coulomb (SR)   Coul. recip. Position Rest.
    6.07124e+04   -2.15870e+03   -6.10908e+05    1.51273e+03    1.95171e+03
      Potential    Kinetic En.   Total Energy  Conserved En.    Temperature
   -4.96225e+05    8.89105e+04   -4.07315e+05   -4.69290e+05    2.98265e+02
 Pres. DC (bar) Pressure (bar)   Constr. rmsd
   -9.55630e+01   -2.34576e+02    2.04853e-05

DD  step 5499  vol min/aver 0.988  load imb.: force  3.4%

           Step           Time         Lambda
           5500       11.00000        0.00000

   Energies (kJ/mol)
       G96Angle    Proper Dih.  Improper Dih.          LJ-14     Coulomb-14
    6.12991e+03    2.54702e+03    2.02039e+03    1.40417e+03    4.07602e+04
        LJ (SR)  Disper. corr.   Coulomb (SR)   Coul. recip. Position Rest.
    6.03706e+04   -2.15870e+03   -6.09933e+05    1.45451e+03    1.99565e+03
      Potential    Kinetic En.   Total Energy  Conserved En.    Temperature
   -4.95409e+05    8.99421e+04   -4.05467e+05   -4.69322e+05    3.01726e+02
 Pres. DC (bar) Pressure (bar)   Constr. rmsd
   -9.55630e+01   -3.74233e+02    2.09425e-05

DD  step 5999  vol min/aver 0.989  load imb.: force  0.7%

           Step           Time         Lambda
           6000       12.00000        0.00000

   Energies (kJ/mol)
       G96Angle    Proper Dih.  Improper Dih.          LJ-14     Coulomb-14
    5.97750e+03    2.58236e+03    1.91983e+03    1.55124e+03    4.07979e+04
        LJ (SR)  Disper. corr.   Coulomb (SR)   Coul. recip. Position Rest.
    5.97719e+04   -2.15870e+03   -6.08457e+05    1.44600e+03    2.10409e+03
      Potential    Kinetic En.   Total Energy  Conserved En.    Temperature
   -4.94465e+05    8.90044e+04   -4.05461e+05   -4.69322e+05    2.98581e+02
 Pres. DC (bar) Pressure (bar)   Constr. rmsd
   -9.55630e+01   -2.58049e+01    1.89315e-05

DD  step 6499  vol min/aver 0.975  load imb.: force  1.6%

           Step           Time         Lambda
           6500       13.00000        0.00000

   Energies (kJ/mol)
       G96Angle    Proper Dih.  Improper Dih.          LJ-14     Coulomb-14
    6.16444e+03    2.50278e+03    1.93006e+03    1.42962e+03    4.07364e+04
        LJ (SR)  Disper. corr.   Coulomb (SR)   Coul. recip. Position Rest.
    5.86590e+04   -2.15870e+03   -6.06518e+05    1.45827e+03    1.96897e+03
      Potential    Kinetic En.   Total Energy  Conserved En.    Temperature
   -4.93828e+05    8.97230e+04   -4.04105e+05   -4.69358e+05    3.00991e+02
 Pres. DC (bar) Pressure (bar)   Constr. rmsd
   -9.55630e+01   -7.90004e+02    2.02057e-05

DD  step 6999  vol min/aver 0.987  load imb.: force  3.0%

           Step           Time         Lambda
           7000       14.00000        0.00000

   Energies (kJ/mol)
       G96Angle    Proper Dih.  Improper Dih.          LJ-14     Coulomb-14
    6.07486e+03    2.53109e+03    1.98182e+03    1.43694e+03    4.06346e+04
        LJ (SR)  Disper. corr.   Coulomb (SR)   Coul. recip. Position Rest.
    5.96268e+04   -2.15870e+03   -6.07894e+05    1.45431e+03    1.98098e+03
      Potential    Kinetic En.   Total Energy  Conserved En.    Temperature
   -4.94331e+05    8.93824e+04   -4.04949e+05   -4.69381e+05    2.99849e+02
 Pres. DC (bar) Pressure (bar)   Constr. rmsd
   -9.55630e+01    7.54997e+02    1.98802e-05

DD  step 7499  vol min/aver 0.973  load imb.: force  1.8%

           Step           Time         Lambda
           7500       15.00000        0.00000

   Energies (kJ/mol)
       G96Angle    Proper Dih.  Improper Dih.          LJ-14     Coulomb-14
    6.05915e+03    2.49406e+03    2.06806e+03    1.43282e+03    4.07084e+04
        LJ (SR)  Disper. corr.   Coulomb (SR)   Coul. recip. Position Rest.
    6.06343e+04   -2.15870e+03   -6.10001e+05    1.46853e+03    2.07018e+03
      Potential    Kinetic En.   Total Energy  Conserved En.    Temperature
   -4.95224e+05    8.93764e+04   -4.05848e+05   -4.69409e+05    2.99828e+02
 Pres. DC (bar) Pressure (bar)   Constr. rmsd
   -9.55630e+01    1.26561e+02    1.99766e-05

DD  step 7999  vol min/aver 0.978  load imb.: force  1.3%

           Step           Time         Lambda
           8000       16.00000        0.00000

   Energies (kJ/mol)
       G96Angle    Proper Dih.  Improper Dih.          LJ-14     Coulomb-14
    6.25472e+03    2.66355e+03    1.93539e+03    1.44110e+03    4.07425e+04
        LJ (SR)  Disper. corr.   Coulomb (SR)   Coul. recip. Position Rest.
    6.03133e+04   -2.15870e+03   -6.08737e+05    1.42368e+03    2.07540e+03
      Potential    Kinetic En.   Total Energy  Conserved En.    Temperature
   -4.94046e+05    9.00675e+04   -4.03979e+05   -4.69454e+05    3.02147e+02
 Pres. DC (bar) Pressure (bar)   Constr. rmsd
   -9.55630e+01   -3.52615e+01    2.08986e-05

DD  step 8499  vol min/aver 0.978  load imb.: force  1.4%

           Step           Time         Lambda
           8500       17.00000        0.00000

   Energies (kJ/mol)
       G96Angle    Proper Dih.  Improper Dih.          LJ-14     Coulomb-14
    5.97357e+03    2.58847e+03    1.87560e+03    1.37424e+03    4.07426e+04
        LJ (SR)  Disper. corr.   Coulomb (SR)   Coul. recip. Position Rest.
    5.98820e+04   -2.15870e+03   -6.09869e+05    1.47370e+03    2.02647e+03
      Potential    Kinetic En.   Total Energy  Conserved En.    Temperature
   -4.96091e+05    8.89387e+04   -4.07152e+05   -4.69462e+05    2.98360e+02
 Pres. DC (bar) Pressure (bar)   Constr. rmsd
   -9.55630e+01   -6.73862e+01    2.04119e-05

DD  step 8999  vol min/aver 0.991  load imb.: force  3.1%

           Step           Time         Lambda
           9000       18.00000        0.00000

   Energies (kJ/mol)
       G96Angle    Proper Dih.  Improper Dih.          LJ-14     Coulomb-14
    6.37642e+03    2.54460e+03    2.06722e+03    1.30774e+03    4.07275e+04
        LJ (SR)  Disper. corr.   Coulomb (SR)   Coul. recip. Position Rest.
    6.04027e+04   -2.15870e+03   -6.09262e+05    1.48682e+03    2.02226e+03
      Potential    Kinetic En.   Total Energy  Conserved En.    Temperature
   -4.94486e+05    8.96597e+04   -4.04826e+05   -4.69471e+05    3.00779e+02
 Pres. DC (bar) Pressure (bar)   Constr. rmsd
   -9.55630e+01    1.61315e+02    1.99471e-05

Writing checkpoint, step 9125 at Sun Jan 10 10:43:24 2016


DD  step 9499  vol min/aver 0.975  load imb.: force  1.6%

           Step           Time         Lambda
           9500       19.00000        0.00000

   Energies (kJ/mol)
       G96Angle    Proper Dih.  Improper Dih.          LJ-14     Coulomb-14
    6.26393e+03    2.47788e+03    1.95737e+03    1.44473e+03    4.07915e+04
        LJ (SR)  Disper. corr.   Coulomb (SR)   Coul. recip. Position Rest.
    5.90961e+04   -2.15870e+03   -6.08539e+05    1.43161e+03    1.91964e+03
      Potential    Kinetic En.   Total Energy  Conserved En.    Temperature
   -4.95315e+05    8.94539e+04   -4.05861e+05   -4.69524e+05    3.00088e+02
 Pres. DC (bar) Pressure (bar)   Constr. rmsd
   -9.55630e+01   -1.51976e+02    2.05550e-05

DD  step 9999  vol min/aver 0.988  load imb.: force  1.4%

           Step           Time         Lambda
          10000       20.00000        0.00000

   Energies (kJ/mol)
       G96Angle    Proper Dih.  Improper Dih.          LJ-14     Coulomb-14
    6.22858e+03    2.53147e+03    1.94619e+03    1.44037e+03    4.07312e+04
        LJ (SR)  Disper. corr.   Coulomb (SR)   Coul. recip. Position Rest.
    6.09724e+04   -2.15870e+03   -6.11158e+05    1.44321e+03    1.88651e+03
      Potential    Kinetic En.   Total Energy  Conserved En.    Temperature
   -4.96136e+05    8.93009e+04   -4.06835e+05   -4.69511e+05    2.99575e+02
 Pres. DC (bar) Pressure (bar)   Constr. rmsd
   -9.55630e+01    2.96079e+02    1.99697e-05

DD  step 10499  vol min/aver 0.982  load imb.: force  3.2%

           Step           Time         Lambda
          10500       21.00000        0.00000

   Energies (kJ/mol)
       G96Angle    Proper Dih.  Improper Dih.          LJ-14     Coulomb-14
    6.19079e+03    2.47451e+03    1.96073e+03    1.42768e+03    4.06093e+04
        LJ (SR)  Disper. corr.   Coulomb (SR)   Coul. recip. Position Rest.
    5.98087e+04   -2.15870e+03   -6.10507e+05    1.45825e+03    1.98866e+03
      Potential    Kinetic En.   Total Energy  Conserved En.    Temperature
   -4.96748e+05    8.98045e+04   -4.06943e+05   -4.69551e+05    3.01264e+02
 Pres. DC (bar) Pressure (bar)   Constr. rmsd
   -9.55630e+01    1.23774e+02    2.10929e-05

DD  step 10999  vol min/aver 0.965  load imb.: force  4.1%

           Step           Time         Lambda
          11000       22.00000        0.00000

   Energies (kJ/mol)
       G96Angle    Proper Dih.  Improper Dih.          LJ-14     Coulomb-14
    6.29054e+03    2.45573e+03    1.97496e+03    1.42602e+03    4.07255e+04
        LJ (SR)  Disper. corr.   Coulomb (SR)   Coul. recip. Position Rest.
    6.00211e+04   -2.15870e+03   -6.09202e+05    1.49972e+03    2.06476e+03
      Potential    Kinetic En.   Total Energy  Conserved En.    Temperature
   -4.94902e+05    8.88699e+04   -4.06032e+05   -4.69582e+05    2.98129e+02
 Pres. DC (bar) Pressure (bar)   Constr. rmsd
   -9.55630e+01    2.73691e+02    2.00434e-05

DD  step 11499  vol min/aver 0.966  load imb.: force  2.7%

           Step           Time         Lambda
          11500       23.00000        0.00000

   Energies (kJ/mol)
       G96Angle    Proper Dih.  Improper Dih.          LJ-14     Coulomb-14
    6.31094e+03    2.55559e+03    1.96981e+03    1.51174e+03    4.07340e+04
        LJ (SR)  Disper. corr.   Coulomb (SR)   Coul. recip. Position Rest.
    6.10992e+04   -2.15870e+03   -6.11680e+05    1.48291e+03    1.92358e+03
      Potential    Kinetic En.   Total Energy  Conserved En.    Temperature
   -4.96251e+05    9.00606e+04   -4.06190e+05   -4.69604e+05    3.02124e+02
 Pres. DC (bar) Pressure (bar)   Constr. rmsd
   -9.55630e+01   -1.62419e+02    1.92720e-05

DD  step 11999  vol min/aver 0.979  load imb.: force  4.1%

           Step           Time         Lambda
          12000       24.00000        0.00000

   Energies (kJ/mol)
       G96Angle    Proper Dih.  Improper Dih.          LJ-14     Coulomb-14
    6.22283e+03    2.54326e+03    1.93060e+03    1.35623e+03    4.07127e+04
        LJ (SR)  Disper. corr.   Coulomb (SR)   Coul. recip. Position Rest.
    6.02339e+04   -2.15870e+03   -6.09872e+05    1.52462e+03    1.96858e+03
      Potential    Kinetic En.   Total Energy  Conserved En.    Temperature
   -4.95538e+05    8.96272e+04   -4.05911e+05   -4.69642e+05    3.00670e+02
 Pres. DC (bar) Pressure (bar)   Constr. rmsd
   -9.55630e+01    6.23128e+01    2.11207e-05

DD  step 12499  vol min/aver 0.966  load imb.: force  2.4%

           Step           Time         Lambda
          12500       25.00000        0.00000

   Energies (kJ/mol)
       G96Angle    Proper Dih.  Improper Dih.          LJ-14     Coulomb-14
    6.05967e+03    2.56237e+03    2.06473e+03    1.42503e+03    4.07308e+04
        LJ (SR)  Disper. corr.   Coulomb (SR)   Coul. recip. Position Rest.
    6.02973e+04   -2.15870e+03   -6.09078e+05    1.48486e+03    2.08700e+03
      Potential    Kinetic En.   Total Energy  Conserved En.    Temperature
   -4.94525e+05    8.95792e+04   -4.04946e+05   -4.69680e+05    3.00509e+02
 Pres. DC (bar) Pressure (bar)   Constr. rmsd
   -9.55630e+01   -1.18811e+02    2.06086e-05

DD  step 12999  vol min/aver 0.978  load imb.: force  1.3%

           Step           Time         Lambda
          13000       26.00000        0.00000

   Energies (kJ/mol)
       G96Angle    Proper Dih.  Improper Dih.          LJ-14     Coulomb-14
    6.30702e+03    2.52731e+03    2.06854e+03    1.29863e+03    4.07463e+04
        LJ (SR)  Disper. corr.   Coulomb (SR)   Coul. recip. Position Rest.
    5.91155e+04   -2.15870e+03   -6.07668e+05    1.44877e+03    2.05303e+03
      Potential    Kinetic En.   Total Energy  Conserved En.    Temperature
   -4.94262e+05    8.94336e+04   -4.04828e+05   -4.69696e+05    3.00020e+02
 Pres. DC (bar) Pressure (bar)   Constr. rmsd
   -9.55630e+01   -6.89115e+02    2.06815e-05

DD  step 13499  vol min/aver 0.975  load imb.: force  3.5%

           Step           Time         Lambda
          13500       27.00000        0.00000

   Energies (kJ/mol)
       G96Angle    Proper Dih.  Improper Dih.          LJ-14     Coulomb-14
    6.23262e+03    2.62881e+03    2.05565e+03    1.39816e+03    4.06599e+04
        LJ (SR)  Disper. corr.   Coulomb (SR)   Coul. recip. Position Rest.
    6.01759e+04   -2.15870e+03   -6.09096e+05    1.47475e+03    1.88036e+03
      Potential    Kinetic En.   Total Energy  Conserved En.    Temperature
   -4.94748e+05    8.90658e+04   -4.05682e+05   -4.69715e+05    2.98786e+02
 Pres. DC (bar) Pressure (bar)   Constr. rmsd
   -9.55630e+01   -7.53499e+01    2.14597e-05

DD  step 13999  vol min/aver 0.974  load imb.: force  4.0%

           Step           Time         Lambda
          14000       28.00000        0.00000

   Energies (kJ/mol)
       G96Angle    Proper Dih.  Improper Dih.          LJ-14     Coulomb-14
    6.32713e+03    2.60101e+03    2.00734e+03    1.43824e+03    4.06214e+04
        LJ (SR)  Disper. corr.   Coulomb (SR)   Coul. recip. Position Rest.
    6.18817e+04   -2.15870e+03   -6.11271e+05    1.42209e+03    1.88255e+03
      Potential    Kinetic En.   Total Energy  Conserved En.    Temperature
   -4.95248e+05    8.94385e+04   -4.05810e+05   -4.69723e+05    3.00037e+02
 Pres. DC (bar) Pressure (bar)   Constr. rmsd
   -9.55630e+01    1.74687e+02    1.96498e-05

DD  step 14499  vol min/aver 0.983  load imb.: force  1.0%

           Step           Time         Lambda
          14500       29.00000        0.00000

   Energies (kJ/mol)
       G96Angle    Proper Dih.  Improper Dih.          LJ-14     Coulomb-14
    6.19981e+03    2.41142e+03    2.05639e+03    1.48064e+03    4.07473e+04
        LJ (SR)  Disper. corr.   Coulomb (SR)   Coul. recip. Position Rest.
    6.15067e+04   -2.15870e+03   -6.11716e+05    1.46038e+03    1.93282e+03
      Potential    Kinetic En.   Total Energy  Conserved En.    Temperature
   -4.96079e+05    8.97250e+04   -4.06354e+05   -4.69777e+05    3.00998e+02
 Pres. DC (bar) Pressure (bar)   Constr. rmsd
   -9.55630e+01    1.37212e+02    1.99705e-05

DD  step 14999  vol min/aver 0.987  load imb.: force  2.0%

           Step           Time         Lambda
          15000       30.00000        0.00000

   Energies (kJ/mol)
       G96Angle    Proper Dih.  Improper Dih.          LJ-14     Coulomb-14
    6.33677e+03    2.48450e+03    1.84933e+03    1.34096e+03    4.06684e+04
        LJ (SR)  Disper. corr.   Coulomb (SR)   Coul. recip. Position Rest.
    6.00638e+04   -2.15870e+03   -6.10854e+05    1.47275e+03    1.91480e+03
      Potential    Kinetic En.   Total Energy  Conserved En.    Temperature
   -4.96882e+05    8.96178e+04   -4.07264e+05   -4.69784e+05    3.00638e+02
 Pres. DC (bar) Pressure (bar)   Constr. rmsd
   -9.55630e+01   -6.02675e+02    1.99042e-05

DD  step 15499  vol min/aver 0.982  load imb.: force  0.3%

           Step           Time         Lambda
          15500       31.00000        0.00000

   Energies (kJ/mol)
       G96Angle    Proper Dih.  Improper Dih.          LJ-14     Coulomb-14
    6.16693e+03    2.45464e+03    1.96670e+03    1.48090e+03    4.07112e+04
        LJ (SR)  Disper. corr.   Coulomb (SR)   Coul. recip. Position Rest.
    6.07443e+04   -2.15870e+03   -6.10108e+05    1.46562e+03    1.95632e+03
      Potential    Kinetic En.   Total Energy  Conserved En.    Temperature
   -4.95320e+05    8.93995e+04   -4.05920e+05   -4.69808e+05    2.99906e+02
 Pres. DC (bar) Pressure (bar)   Constr. rmsd
   -9.55630e+01    8.18836e+01    2.04393e-05

DD  step 15999  vol min/aver 0.968  load imb.: force  2.7%

           Step           Time         Lambda
          16000       32.00000        0.00000

   Energies (kJ/mol)
       G96Angle    Proper Dih.  Improper Dih.          LJ-14     Coulomb-14
    6.23205e+03    2.59912e+03    1.85085e+03    1.45877e+03    4.05794e+04
        LJ (SR)  Disper. corr.   Coulomb (SR)   Coul. recip. Position Rest.
    6.04895e+04   -2.15870e+03   -6.09506e+05    1.50064e+03    1.83747e+03
      Potential    Kinetic En.   Total Energy  Conserved En.    Temperature
   -4.95117e+05    8.95392e+04   -4.05578e+05   -4.69846e+05    3.00374e+02
 Pres. DC (bar) Pressure (bar)   Constr. rmsd
   -9.55630e+01    2.00788e+02    1.99881e-05

Writing checkpoint, step 16375 at Sun Jan 10 10:58:23 2016


DD  step 16499  vol min/aver 0.985  load imb.: force  1.9%

           Step           Time         Lambda
          16500       33.00000        0.00000

   Energies (kJ/mol)
       G96Angle    Proper Dih.  Improper Dih.          LJ-14     Coulomb-14
    6.24316e+03    2.57894e+03    1.99709e+03    1.28703e+03    4.05553e+04
        LJ (SR)  Disper. corr.   Coulomb (SR)   Coul. recip. Position Rest.
    5.97360e+04   -2.15870e+03   -6.09532e+05    1.43216e+03    2.02015e+03
      Potential    Kinetic En.   Total Energy  Conserved En.    Temperature
   -4.95841e+05    8.95346e+04   -4.06306e+05   -4.69902e+05    3.00359e+02
 Pres. DC (bar) Pressure (bar)   Constr. rmsd
   -9.55630e+01   -6.75452e+01    2.04255e-05

DD  step 16999  vol min/aver 0.982  load imb.: force  3.2%

           Step           Time         Lambda
          17000       34.00000        0.00000

   Energies (kJ/mol)
       G96Angle    Proper Dih.  Improper Dih.          LJ-14     Coulomb-14
    6.23670e+03    2.52242e+03    1.97642e+03    1.39288e+03    4.06349e+04
        LJ (SR)  Disper. corr.   Coulomb (SR)   Coul. recip. Position Rest.
    6.13821e+04   -2.15870e+03   -6.10366e+05    1.44823e+03    2.01373e+03
      Potential    Kinetic En.   Total Energy  Conserved En.    Temperature
   -4.94918e+05    8.97603e+04   -4.05158e+05   -4.69872e+05    3.01116e+02
 Pres. DC (bar) Pressure (bar)   Constr. rmsd
   -9.55630e+01    3.86326e+02    2.01156e-05

DD  step 17499  vol min/aver 0.986  load imb.: force  3.4%

           Step           Time         Lambda
          17500       35.00000        0.00000

   Energies (kJ/mol)
       G96Angle    Proper Dih.  Improper Dih.          LJ-14     Coulomb-14
    6.34858e+03    2.53835e+03    2.01349e+03    1.44247e+03    4.07565e+04
        LJ (SR)  Disper. corr.   Coulomb (SR)   Coul. recip. Position Rest.
    6.04769e+04   -2.15870e+03   -6.10200e+05    1.46557e+03    1.87258e+03
      Potential    Kinetic En.   Total Energy  Conserved En.    Temperature
   -4.95444e+05    8.96985e+04   -4.05746e+05   -4.69888e+05    3.00909e+02
 Pres. DC (bar) Pressure (bar)   Constr. rmsd
   -9.55630e+01   -3.37267e+02    2.02688e-05

DD  step 17999  vol min/aver 0.959  load imb.: force  4.1%

           Step           Time         Lambda
          18000       36.00000        0.00000

   Energies (kJ/mol)
       G96Angle    Proper Dih.  Improper Dih.          LJ-14     Coulomb-14
    6.38387e+03    2.54868e+03    1.94057e+03    1.40495e+03    4.05761e+04
        LJ (SR)  Disper. corr.   Coulomb (SR)   Coul. recip. Position Rest.
    5.94135e+04   -2.15870e+03   -6.08753e+05    1.41898e+03    1.99663e+03
      Potential    Kinetic En.   Total Energy  Conserved En.    Temperature
   -4.95229e+05    8.96344e+04   -4.05594e+05   -4.69933e+05    3.00694e+02
 Pres. DC (bar) Pressure (bar)   Constr. rmsd
   -9.55630e+01   -8.45749e+01    1.92752e-05

DD  step 18499  vol min/aver 0.976  load imb.: force  2.2%

           Step           Time         Lambda
          18500       37.00000        0.00000

   Energies (kJ/mol)
       G96Angle    Proper Dih.  Improper Dih.          LJ-14     Coulomb-14
    6.40276e+03    2.55417e+03    1.93272e+03    1.31596e+03    4.06930e+04
        LJ (SR)  Disper. corr.   Coulomb (SR)   Coul. recip. Position Rest.
    5.98090e+04   -2.15870e+03   -6.09529e+05    1.41183e+03    1.92570e+03
      Potential    Kinetic En.   Total Energy  Conserved En.    Temperature
   -4.95643e+05    8.91105e+04   -4.06532e+05   -4.69950e+05    2.98936e+02
 Pres. DC (bar) Pressure (bar)   Constr. rmsd
   -9.55630e+01    3.26953e+02    2.05441e-05

DD  step 18999  vol min/aver 0.983  load imb.: force 12.2%

           Step           Time         Lambda
          19000       38.00000        0.00000

   Energies (kJ/mol)
       G96Angle    Proper Dih.  Improper Dih.          LJ-14     Coulomb-14
    6.34545e+03    2.56702e+03    1.86215e+03    1.43699e+03    4.05560e+04
        LJ (SR)  Disper. corr.   Coulomb (SR)   Coul. recip. Position Rest.
    5.94883e+04   -2.15870e+03   -6.08946e+05    1.49504e+03    2.03740e+03
      Potential    Kinetic En.   Total Energy  Conserved En.    Temperature
   -4.95317e+05    8.88928e+04   -4.06424e+05   -4.69983e+05    2.98206e+02
 Pres. DC (bar) Pressure (bar)   Constr. rmsd
   -9.55630e+01   -2.03300e+02    1.99286e-05

DD  step 19499  vol min/aver 0.979  load imb.: force  2.3%

           Step           Time         Lambda
          19500       39.00000        0.00000

   Energies (kJ/mol)
       G96Angle    Proper Dih.  Improper Dih.          LJ-14     Coulomb-14
    6.26595e+03    2.59027e+03    1.88243e+03    1.42643e+03    4.06711e+04
        LJ (SR)  Disper. corr.   Coulomb (SR)   Coul. recip. Position Rest.
    6.12499e+04   -2.15870e+03   -6.11512e+05    1.49021e+03    1.99804e+03
      Potential    Kinetic En.   Total Energy  Conserved En.    Temperature
   -4.96096e+05    8.93544e+04   -4.06742e+05   -4.69991e+05    2.99755e+02
 Pres. DC (bar) Pressure (bar)   Constr. rmsd
   -9.55630e+01    9.12753e+01    1.96294e-05

DD  step 19999  vol min/aver 0.965  load imb.: force  2.2%

           Step           Time         Lambda
          20000       40.00000        0.00000

   Energies (kJ/mol)
       G96Angle    Proper Dih.  Improper Dih.          LJ-14     Coulomb-14
    6.35704e+03    2.37997e+03    2.11172e+03    1.37501e+03    4.05884e+04
        LJ (SR)  Disper. corr.   Coulomb (SR)   Coul. recip. Position Rest.
    5.90062e+04   -2.15870e+03   -6.09226e+05    1.43469e+03    2.02491e+03
      Potential    Kinetic En.   Total Energy  Conserved En.    Temperature
   -4.96107e+05    8.91685e+04   -4.06938e+05   -4.70040e+05    2.99131e+02
 Pres. DC (bar) Pressure (bar)   Constr. rmsd
   -9.55630e+01   -3.03336e+02    2.16034e-05

DD  step 20499  vol min/aver 0.970  load imb.: force  2.3%

           Step           Time         Lambda
          20500       41.00000        0.00000

   Energies (kJ/mol)
       G96Angle    Proper Dih.  Improper Dih.          LJ-14     Coulomb-14
    6.21347e+03    2.54474e+03    1.97648e+03    1.48458e+03    4.04680e+04
        LJ (SR)  Disper. corr.   Coulomb (SR)   Coul. recip. Position Rest.
    6.01771e+04   -2.15870e+03   -6.09547e+05    1.46497e+03    1.96737e+03
      Potential    Kinetic En.   Total Energy  Conserved En.    Temperature
   -4.95409e+05    8.88534e+04   -4.06556e+05   -4.70044e+05    2.98074e+02
 Pres. DC (bar) Pressure (bar)   Constr. rmsd
   -9.55630e+01    3.46688e+02    1.98073e-05

DD  step 20999  vol min/aver 0.973  load imb.: force  6.2%

           Step           Time         Lambda
          21000       42.00000        0.00000

   Energies (kJ/mol)
       G96Angle    Proper Dih.  Improper Dih.          LJ-14     Coulomb-14
    6.18587e+03    2.62124e+03    1.93388e+03    1.38382e+03    4.05155e+04
        LJ (SR)  Disper. corr.   Coulomb (SR)   Coul. recip. Position Rest.
    6.05104e+04   -2.15870e+03   -6.10583e+05    1.46141e+03    2.03044e+03
      Potential    Kinetic En.   Total Energy  Conserved En.    Temperature
   -4.96099e+05    8.89063e+04   -4.07192e+05   -4.70089e+05    2.98251e+02
 Pres. DC (bar) Pressure (bar)   Constr. rmsd
   -9.55630e+01   -1.94278e+02    2.04227e-05

DD  step 21499  vol min/aver 0.979  load imb.: force  0.8%

           Step           Time         Lambda
          21500       43.00000        0.00000

   Energies (kJ/mol)
       G96Angle    Proper Dih.  Improper Dih.          LJ-14     Coulomb-14
    6.17406e+03    2.43901e+03    1.91760e+03    1.43800e+03    4.07280e+04
        LJ (SR)  Disper. corr.   Coulomb (SR)   Coul. recip. Position Rest.
    6.06635e+04   -2.15870e+03   -6.10023e+05    1.50644e+03    1.98847e+03
      Potential    Kinetic En.   Total Energy  Conserved En.    Temperature
   -4.95326e+05    8.96901e+04   -4.05636e+05   -4.70084e+05    3.00881e+02
 Pres. DC (bar) Pressure (bar)   Constr. rmsd
   -9.55630e+01    9.50974e+01    2.06709e-05

DD  step 21999  vol min/aver 0.993  load imb.: force  1.5%

           Step           Time         Lambda
          22000       44.00000        0.00000

   Energies (kJ/mol)
       G96Angle    Proper Dih.  Improper Dih.          LJ-14     Coulomb-14
    6.26609e+03    2.53744e+03    1.98459e+03    1.47709e+03    4.06596e+04
        LJ (SR)  Disper. corr.   Coulomb (SR)   Coul. recip. Position Rest.
    6.14121e+04   -2.15870e+03   -6.10438e+05    1.38436e+03    1.95510e+03
      Potential    Kinetic En.   Total Energy  Conserved En.    Temperature
   -4.94920e+05    8.98997e+04   -4.05020e+05   -4.70095e+05    3.01584e+02
 Pres. DC (bar) Pressure (bar)   Constr. rmsd
   -9.55630e+01    1.82077e+02    2.00743e-05

DD  step 22499  vol min/aver 0.986  load imb.: force  2.5%

           Step           Time         Lambda
          22500       45.00000        0.00000

   Energies (kJ/mol)
       G96Angle    Proper Dih.  Improper Dih.          LJ-14     Coulomb-14
    6.26572e+03    2.55256e+03    1.98907e+03    1.41886e+03    4.05586e+04
        LJ (SR)  Disper. corr.   Coulomb (SR)   Coul. recip. Position Rest.
    6.05253e+04   -2.15870e+03   -6.09572e+05    1.43279e+03    2.02002e+03
      Potential    Kinetic En.   Total Energy  Conserved En.    Temperature
   -4.94968e+05    8.91750e+04   -4.05793e+05   -4.70101e+05    2.99153e+02
 Pres. DC (bar) Pressure (bar)   Constr. rmsd
   -9.55630e+01   -2.54846e+02    2.04684e-05

DD  step 22999  vol min/aver 0.988  load imb.: force  2.0%

           Step           Time         Lambda
          23000       46.00000        0.00000

   Energies (kJ/mol)
       G96Angle    Proper Dih.  Improper Dih.          LJ-14     Coulomb-14
    6.26575e+03    2.41417e+03    1.88639e+03    1.42794e+03    4.06083e+04
        LJ (SR)  Disper. corr.   Coulomb (SR)   Coul. recip. Position Rest.
    6.00730e+04   -2.15870e+03   -6.09347e+05    1.43143e+03    1.95586e+03
      Potential    Kinetic En.   Total Energy  Conserved En.    Temperature
   -4.95443e+05    8.91573e+04   -4.06286e+05   -4.70163e+05    2.99093e+02
 Pres. DC (bar) Pressure (bar)   Constr. rmsd
   -9.55630e+01    2.76189e+02    2.01034e-05

Writing checkpoint, step 23350 at Sun Jan 10 11:13:24 2016


DD  step 23499  vol min/aver 0.982  load imb.: force  4.9%

           Step           Time         Lambda
          23500       47.00000        0.00000

   Energies (kJ/mol)
       G96Angle    Proper Dih.  Improper Dih.          LJ-14     Coulomb-14
    6.15223e+03    2.51161e+03    1.95883e+03    1.41709e+03    4.06709e+04
        LJ (SR)  Disper. corr.   Coulomb (SR)   Coul. recip. Position Rest.
    5.95381e+04   -2.15870e+03   -6.08662e+05    1.42210e+03    1.97262e+03
      Potential    Kinetic En.   Total Energy  Conserved En.    Temperature
   -4.95177e+05    8.95039e+04   -4.05674e+05   -4.70197e+05    3.00256e+02
 Pres. DC (bar) Pressure (bar)   Constr. rmsd
   -9.55630e+01    1.86857e+02    2.14277e-05

DD  step 23999  vol min/aver 0.988  load imb.: force  0.9%

           Step           Time         Lambda
          24000       48.00000        0.00000

   Energies (kJ/mol)
       G96Angle    Proper Dih.  Improper Dih.          LJ-14     Coulomb-14
    6.36928e+03    2.52111e+03    1.88462e+03    1.30155e+03    4.06293e+04
        LJ (SR)  Disper. corr.   Coulomb (SR)   Coul. recip. Position Rest.
    5.96295e+04   -2.15870e+03   -6.08134e+05    1.42762e+03    1.94679e+03
      Potential    Kinetic En.   Total Energy  Conserved En.    Temperature
   -4.94583e+05    8.98318e+04   -4.04751e+05   -4.70232e+05    3.01356e+02
 Pres. DC (bar) Pressure (bar)   Constr. rmsd
   -9.55630e+01    1.16007e+02    2.00385e-05

DD  step 24499  vol min/aver 0.984  load imb.: force  4.6%

           Step           Time         Lambda
          24500       49.00000        0.00000

   Energies (kJ/mol)
       G96Angle    Proper Dih.  Improper Dih.          LJ-14     Coulomb-14
    6.15162e+03    2.54715e+03    1.95605e+03    1.46911e+03    4.07823e+04
        LJ (SR)  Disper. corr.   Coulomb (SR)   Coul. recip. Position Rest.
    6.06665e+04   -2.15870e+03   -6.10996e+05    1.40896e+03    2.03763e+03
      Potential    Kinetic En.   Total Energy  Conserved En.    Temperature
   -4.96136e+05    8.95530e+04   -4.06582e+05   -4.70233e+05    3.00421e+02
 Pres. DC (bar) Pressure (bar)   Constr. rmsd
   -9.55630e+01    5.45612e+02    1.99627e-05

DD  step 24999  vol min/aver 0.989  load imb.: force  2.4%

           Step           Time         Lambda
          25000       50.00000        0.00000

   Energies (kJ/mol)
       G96Angle    Proper Dih.  Improper Dih.          LJ-14     Coulomb-14
    6.37408e+03    2.46355e+03    1.89363e+03    1.29604e+03    4.06728e+04
        LJ (SR)  Disper. corr.   Coulomb (SR)   Coul. recip. Position Rest.
    5.94177e+04   -2.15870e+03   -6.09756e+05    1.45080e+03    2.00466e+03
      Potential    Kinetic En.   Total Energy  Conserved En.    Temperature
   -4.96341e+05    8.92392e+04   -4.07102e+05   -4.70268e+05    2.99368e+02
 Pres. DC (bar) Pressure (bar)   Constr. rmsd
   -9.55630e+01   -5.80480e+01    2.10657e-05

DD  step 25499  vol min/aver 0.974  load imb.: force  1.1%

           Step           Time         Lambda
          25500       51.00000        0.00000

   Energies (kJ/mol)
       G96Angle    Proper Dih.  Improper Dih.          LJ-14     Coulomb-14
    5.97681e+03    2.58758e+03    1.89056e+03    1.45065e+03    4.07171e+04
        LJ (SR)  Disper. corr.   Coulomb (SR)   Coul. recip. Position Rest.
    6.03818e+04   -2.15870e+03   -6.09895e+05    1.49349e+03    2.02813e+03
      Potential    Kinetic En.   Total Energy  Conserved En.    Temperature
   -4.95528e+05    8.94046e+04   -4.06123e+05   -4.70289e+05    2.99923e+02
 Pres. DC (bar) Pressure (bar)   Constr. rmsd
   -9.55630e+01    1.97310e+01    1.92093e-05

DD  step 25999  vol min/aver 0.971  load imb.: force  3.8%

           Step           Time         Lambda
          26000       52.00000        0.00000

   Energies (kJ/mol)
       G96Angle    Proper Dih.  Improper Dih.          LJ-14     Coulomb-14
    6.14066e+03    2.47510e+03    1.94308e+03    1.45736e+03    4.06797e+04
        LJ (SR)  Disper. corr.   Coulomb (SR)   Coul. recip. Position Rest.
    5.85772e+04   -2.15870e+03   -6.08680e+05    1.44945e+03    1.92696e+03
      Potential    Kinetic En.   Total Energy  Conserved En.    Temperature
   -4.96189e+05    8.90042e+04   -4.07185e+05   -4.70305e+05    2.98580e+02
 Pres. DC (bar) Pressure (bar)   Constr. rmsd
   -9.55630e+01   -5.20068e+00    2.08460e-05

DD  step 26499  vol min/aver 0.976  load imb.: force  2.7%

           Step           Time         Lambda
          26500       53.00000        0.00000

   Energies (kJ/mol)
       G96Angle    Proper Dih.  Improper Dih.          LJ-14     Coulomb-14
    6.15888e+03    2.61184e+03    1.97477e+03    1.45860e+03    4.06913e+04
        LJ (SR)  Disper. corr.   Coulomb (SR)   Coul. recip. Position Rest.
    6.08462e+04   -2.15870e+03   -6.10646e+05    1.47958e+03    2.00740e+03
      Potential    Kinetic En.   Total Energy  Conserved En.    Temperature
   -4.95576e+05    8.99802e+04   -4.05596e+05   -4.70334e+05    3.01854e+02
 Pres. DC (bar) Pressure (bar)   Constr. rmsd
   -9.55630e+01    8.47245e+02    2.04025e-05

DD  step 26999  vol min/aver 0.987  load imb.: force  1.1%

           Step           Time         Lambda
          27000       54.00000        0.00000

   Energies (kJ/mol)
       G96Angle    Proper Dih.  Improper Dih.          LJ-14     Coulomb-14
    6.29110e+03    2.54382e+03    2.03103e+03    1.40223e+03    4.06497e+04
        LJ (SR)  Disper. corr.   Coulomb (SR)   Coul. recip. Position Rest.
    6.03099e+04   -2.15870e+03   -6.10097e+05    1.45016e+03    2.04084e+03
      Potential    Kinetic En.   Total Energy  Conserved En.    Temperature
   -4.95537e+05    8.89833e+04   -4.06553e+05   -4.70361e+05    2.98510e+02
 Pres. DC (bar) Pressure (bar)   Constr. rmsd
   -9.55630e+01    1.71275e+02    2.12835e-05

DD  step 27499  vol min/aver 0.980  load imb.: force  1.0%

           Step           Time         Lambda
          27500       55.00000        0.00000

   Energies (kJ/mol)
       G96Angle    Proper Dih.  Improper Dih.          LJ-14     Coulomb-14
    6.16254e+03    2.50884e+03    2.02721e+03    1.38599e+03    4.07497e+04
        LJ (SR)  Disper. corr.   Coulomb (SR)   Coul. recip. Position Rest.
    6.04007e+04   -2.15870e+03   -6.10604e+05    1.48008e+03    1.94279e+03
      Potential    Kinetic En.   Total Energy  Conserved En.    Temperature
   -4.96104e+05    8.97237e+04   -4.06381e+05   -4.70401e+05    3.00993e+02
 Pres. DC (bar) Pressure (bar)   Constr. rmsd
   -9.55630e+01    2.39223e+02    2.09162e-05

DD  step 27999  vol min/aver 0.980  load imb.: force  3.1%

           Step           Time         Lambda
          28000       56.00000        0.00000

   Energies (kJ/mol)
       G96Angle    Proper Dih.  Improper Dih.          LJ-14     Coulomb-14
    6.26836e+03    2.52160e+03    1.89932e+03    1.40526e+03    4.07775e+04
        LJ (SR)  Disper. corr.   Coulomb (SR)   Coul. recip. Position Rest.
    6.02778e+04   -2.15870e+03   -6.10224e+05    1.45849e+03    2.00706e+03
      Potential    Kinetic En.   Total Energy  Conserved En.    Temperature
   -4.95767e+05    9.01025e+04   -4.05664e+05   -4.70413e+05    3.02264e+02
 Pres. DC (bar) Pressure (bar)   Constr. rmsd
   -9.55630e+01   -6.01771e+01    1.96949e-05

DD  step 28499  vol min/aver 0.991  load imb.: force  0.9%

           Step           Time         Lambda
          28500       57.00000        0.00000

   Energies (kJ/mol)
       G96Angle    Proper Dih.  Improper Dih.          LJ-14     Coulomb-14
    6.17153e+03    2.62281e+03    1.97003e+03    1.34069e+03    4.07268e+04
        LJ (SR)  Disper. corr.   Coulomb (SR)   Coul. recip. Position Rest.
    5.97557e+04   -2.15870e+03   -6.10210e+05    1.37738e+03    1.91100e+03
      Potential    Kinetic En.   Total Energy  Conserved En.    Temperature
   -4.96492e+05    9.00115e+04   -4.06481e+05   -4.70435e+05    3.01959e+02
 Pres. DC (bar) Pressure (bar)   Constr. rmsd
   -9.55630e+01    1.35087e+02    2.09589e-05

DD  step 28999  vol min/aver 0.994  load imb.: force  1.4%

           Step           Time         Lambda
          29000       58.00000        0.00000

   Energies (kJ/mol)
       G96Angle    Proper Dih.  Improper Dih.          LJ-14     Coulomb-14
    6.21266e+03    2.61121e+03    1.86826e+03    1.45016e+03    4.05808e+04
        LJ (SR)  Disper. corr.   Coulomb (SR)   Coul. recip. Position Rest.
    6.01699e+04   -2.15870e+03   -6.10247e+05    1.49576e+03    1.94657e+03
      Potential    Kinetic En.   Total Energy  Conserved En.    Temperature
   -4.96070e+05    8.87075e+04   -4.07363e+05   -4.70466e+05    2.97584e+02
 Pres. DC (bar) Pressure (bar)   Constr. rmsd
   -9.55630e+01   -1.12549e+02    2.00701e-05

DD  step 29499  vol min/aver 0.994  load imb.: force  0.3%

           Step           Time         Lambda
          29500       59.00000        0.00000

   Energies (kJ/mol)
       G96Angle    Proper Dih.  Improper Dih.          LJ-14     Coulomb-14
    6.32471e+03    2.49138e+03    1.98863e+03    1.40362e+03    4.07777e+04
        LJ (SR)  Disper. corr.   Coulomb (SR)   Coul. recip. Position Rest.
    5.90301e+04   -2.15870e+03   -6.07361e+05    1.43873e+03    1.92581e+03
      Potential    Kinetic En.   Total Energy  Conserved En.    Temperature
   -4.94139e+05    8.96554e+04   -4.04483e+05   -4.70480e+05    3.00764e+02
 Pres. DC (bar) Pressure (bar)   Constr. rmsd
   -9.55630e+01   -1.98942e+02    2.04572e-05

DD  step 29999  vol min/aver 0.983  load imb.: force  3.7%

           Step           Time         Lambda
          30000       60.00000        0.00000

   Energies (kJ/mol)
       G96Angle    Proper Dih.  Improper Dih.          LJ-14     Coulomb-14
    6.29905e+03    2.64302e+03    1.95079e+03    1.43068e+03    4.07559e+04
        LJ (SR)  Disper. corr.   Coulomb (SR)   Coul. recip. Position Rest.
    6.06649e+04   -2.15870e+03   -6.10745e+05    1.46298e+03    2.00021e+03
      Potential    Kinetic En.   Total Energy  Conserved En.    Temperature
   -4.95696e+05    9.03693e+04   -4.05326e+05   -4.70532e+05    3.03159e+02
 Pres. DC (bar) Pressure (bar)   Constr. rmsd
   -9.55630e+01    5.04194e+02    1.95328e-05

DD  step 30499  vol min/aver 0.980  load imb.: force  4.5%

           Step           Time         Lambda
          30500       61.00000        0.00000

   Energies (kJ/mol)
       G96Angle    Proper Dih.  Improper Dih.          LJ-14     Coulomb-14
    6.22875e+03    2.51656e+03    1.95777e+03    1.39743e+03    4.07623e+04
        LJ (SR)  Disper. corr.   Coulomb (SR)   Coul. recip. Position Rest.
    6.07765e+04   -2.15870e+03   -6.09404e+05    1.43496e+03    1.95366e+03
      Potential    Kinetic En.   Total Energy  Conserved En.    Temperature
   -4.94535e+05    8.92266e+04   -4.05308e+05   -4.70529e+05    2.99326e+02
 Pres. DC (bar) Pressure (bar)   Constr. rmsd
   -9.55630e+01    6.59182e+02    2.08500e-05

Writing checkpoint, step 30650 at Sun Jan 10 11:28:24 2016


DD  step 30999  vol min/aver 0.985  load imb.: force  2.6%

           Step           Time         Lambda
          31000       62.00000        0.00000

   Energies (kJ/mol)
       G96Angle    Proper Dih.  Improper Dih.          LJ-14     Coulomb-14
    6.11411e+03    2.57692e+03    1.91184e+03    1.42685e+03    4.07228e+04
        LJ (SR)  Disper. corr.   Coulomb (SR)   Coul. recip. Position Rest.
    6.01774e+04   -2.15870e+03   -6.09543e+05    1.43339e+03    1.88864e+03
      Potential    Kinetic En.   Total Energy  Conserved En.    Temperature
   -4.95450e+05    8.91847e+04   -4.06265e+05   -4.70561e+05    2.99185e+02
 Pres. DC (bar) Pressure (bar)   Constr. rmsd
   -9.55630e+01    9.53707e+01    2.00008e-05

DD  step 31499  vol min/aver 0.967  load imb.: force  3.6%

           Step           Time         Lambda
          31500       63.00000        0.00000

   Energies (kJ/mol)
       G96Angle    Proper Dih.  Improper Dih.          LJ-14     Coulomb-14
    6.24179e+03    2.52410e+03    1.97474e+03    1.42515e+03    4.06145e+04
        LJ (SR)  Disper. corr.   Coulomb (SR)   Coul. recip. Position Rest.
    5.97716e+04   -2.15870e+03   -6.09272e+05    1.42814e+03    2.00349e+03
      Potential    Kinetic En.   Total Energy  Conserved En.    Temperature
   -4.95447e+05    8.88000e+04   -4.06647e+05   -4.70569e+05    2.97895e+02
 Pres. DC (bar) Pressure (bar)   Constr. rmsd
   -9.55630e+01   -4.23987e+02    2.11795e-05

DD  step 31999  vol min/aver 0.980  load imb.: force  4.7%

           Step           Time         Lambda
          32000       64.00000        0.00000

   Energies (kJ/mol)
       G96Angle    Proper Dih.  Improper Dih.          LJ-14     Coulomb-14
    6.00614e+03    2.65982e+03    2.04736e+03    1.45275e+03    4.08030e+04
        LJ (SR)  Disper. corr.   Coulomb (SR)   Coul. recip. Position Rest.
    5.99098e+04   -2.15870e+03   -6.09278e+05    1.48576e+03    1.98380e+03
      Potential    Kinetic En.   Total Energy  Conserved En.    Temperature
   -4.95088e+05    9.01457e+04   -4.04942e+05   -4.70622e+05    3.02409e+02
 Pres. DC (bar) Pressure (bar)   Constr. rmsd
   -9.55630e+01    1.43610e+02    1.98195e-05

DD  step 32499  vol min/aver 0.974  load imb.: force  1.5%

           Step           Time         Lambda
          32500       65.00000        0.00000

   Energies (kJ/mol)
       G96Angle    Proper Dih.  Improper Dih.          LJ-14     Coulomb-14
    6.30049e+03    2.52322e+03    1.96108e+03    1.43264e+03    4.07235e+04
        LJ (SR)  Disper. corr.   Coulomb (SR)   Coul. recip. Position Rest.
    6.11759e+04   -2.15870e+03   -6.10707e+05    1.47907e+03    2.14850e+03
      Potential    Kinetic En.   Total Energy  Conserved En.    Temperature
   -4.95121e+05    8.99004e+04   -4.05221e+05   -4.70615e+05    3.01586e+02
 Pres. DC (bar) Pressure (bar)   Constr. rmsd
   -9.55630e+01    5.06493e+02    2.02060e-05

DD  step 32999  vol min/aver 0.967  load imb.: force  7.1%

           Step           Time         Lambda
          33000       66.00000        0.00000

   Energies (kJ/mol)
       G96Angle    Proper Dih.  Improper Dih.          LJ-14     Coulomb-14
    6.16884e+03    2.58156e+03    1.88652e+03    1.47216e+03    4.06862e+04
        LJ (SR)  Disper. corr.   Coulomb (SR)   Coul. recip. Position Rest.
    5.96603e+04   -2.15870e+03   -6.08862e+05    1.44032e+03    2.00491e+03
      Potential    Kinetic En.   Total Energy  Conserved En.    Temperature
   -4.95120e+05    9.00543e+04   -4.05066e+05   -4.70671e+05    3.02102e+02
 Pres. DC (bar) Pressure (bar)   Constr. rmsd
   -9.55630e+01    1.78466e+02    1.98079e-05

DD  step 33499  vol min/aver 0.970  load imb.: force  7.4%

           Step           Time         Lambda
          33500       67.00000        0.00000

   Energies (kJ/mol)
       G96Angle    Proper Dih.  Improper Dih.          LJ-14     Coulomb-14
    6.05802e+03    2.50709e+03    1.86800e+03    1.39287e+03    4.07152e+04
        LJ (SR)  Disper. corr.   Coulomb (SR)   Coul. recip. Position Rest.
    6.07852e+04   -2.15870e+03   -6.09900e+05    1.45904e+03    2.01178e+03
      Potential    Kinetic En.   Total Energy  Conserved En.    Temperature
   -4.95261e+05    8.92055e+04   -4.06056e+05   -4.70683e+05    2.99255e+02
 Pres. DC (bar) Pressure (bar)   Constr. rmsd
   -9.55630e+01   -3.41104e+02    2.10682e-05

DD  step 33999  vol min/aver 0.992  load imb.: force  4.3%

           Step           Time         Lambda
          34000       68.00000        0.00000

   Energies (kJ/mol)
       G96Angle    Proper Dih.  Improper Dih.          LJ-14     Coulomb-14
    6.01753e+03    2.55753e+03    1.95075e+03    1.34568e+03    4.06694e+04
        LJ (SR)  Disper. corr.   Coulomb (SR)   Coul. recip. Position Rest.
    5.97732e+04   -2.15870e+03   -6.09763e+05    1.45715e+03    1.97363e+03
      Potential    Kinetic En.   Total Energy  Conserved En.    Temperature
   -4.96177e+05    8.97268e+04   -4.06450e+05   -4.70712e+05    3.01004e+02
 Pres. DC (bar) Pressure (bar)   Constr. rmsd
   -9.55630e+01    1.21706e+02    2.05209e-05

DD  step 34499  vol min/aver 0.975  load imb.: force  1.1%

           Step           Time         Lambda
          34500       69.00000        0.00000

   Energies (kJ/mol)
       G96Angle    Proper Dih.  Improper Dih.          LJ-14     Coulomb-14
    6.17259e+03    2.53004e+03    1.87600e+03    1.43743e+03    4.07009e+04
        LJ (SR)  Disper. corr.   Coulomb (SR)   Coul. recip. Position Rest.
    6.02848e+04   -2.15870e+03   -6.10912e+05    1.42314e+03    1.86184e+03
      Potential    Kinetic En.   Total Energy  Conserved En.    Temperature
   -4.96784e+05    8.99595e+04   -4.06824e+05   -4.70747e+05    3.01785e+02
 Pres. DC (bar) Pressure (bar)   Constr. rmsd
   -9.55630e+01   -3.63497e+02    1.98973e-05

DD  step 34999  vol min/aver 0.974  load imb.: force  3.4%

           Step           Time         Lambda
          35000       70.00000        0.00000

   Energies (kJ/mol)
       G96Angle    Proper Dih.  Improper Dih.          LJ-14     Coulomb-14
    6.10565e+03    2.54607e+03    1.93092e+03    1.44275e+03    4.07237e+04
        LJ (SR)  Disper. corr.   Coulomb (SR)   Coul. recip. Position Rest.
    5.98202e+04   -2.15870e+03   -6.08703e+05    1.45986e+03    2.01253e+03
      Potential    Kinetic En.   Total Energy  Conserved En.    Temperature
   -4.94820e+05    8.93580e+04   -4.05462e+05   -4.70748e+05    2.99767e+02
 Pres. DC (bar) Pressure (bar)   Constr. rmsd
   -9.55630e+01   -4.16020e+02    2.01447e-05

DD  step 35499  vol min/aver 0.983  load imb.: force  1.8%

           Step           Time         Lambda
          35500       71.00000        0.00000

   Energies (kJ/mol)
       G96Angle    Proper Dih.  Improper Dih.          LJ-14     Coulomb-14
    6.25271e+03    2.55301e+03    1.99172e+03    1.39620e+03    4.07444e+04
        LJ (SR)  Disper. corr.   Coulomb (SR)   Coul. recip. Position Rest.
    6.02243e+04   -2.15870e+03   -6.10050e+05    1.42434e+03    1.94050e+03
      Potential    Kinetic En.   Total Energy  Conserved En.    Temperature
   -4.95681e+05    8.94351e+04   -4.06246e+05   -4.70762e+05    3.00025e+02
 Pres. DC (bar) Pressure (bar)   Constr. rmsd
   -9.55630e+01    4.79363e+02    2.02843e-05

DD  step 35999  vol min/aver 0.985  load imb.: force  5.0%

           Step           Time         Lambda
          36000       72.00000        0.00000

   Energies (kJ/mol)
       G96Angle    Proper Dih.  Improper Dih.          LJ-14     Coulomb-14
    6.36936e+03    2.59047e+03    1.96072e+03    1.40003e+03    4.06302e+04
        LJ (SR)  Disper. corr.   Coulomb (SR)   Coul. recip. Position Rest.
    6.09033e+04   -2.15870e+03   -6.11099e+05    1.47540e+03    1.93286e+03
      Potential    Kinetic En.   Total Energy  Conserved En.    Temperature
   -4.95996e+05    8.90714e+04   -4.06924e+05   -4.70784e+05    2.98805e+02
 Pres. DC (bar) Pressure (bar)   Constr. rmsd
   -9.55630e+01    3.28467e+02    1.93406e-05

DD  step 36499  vol min/aver 0.974  load imb.: force  0.9%

           Step           Time         Lambda
          36500       73.00000        0.00000

   Energies (kJ/mol)
       G96Angle    Proper Dih.  Improper Dih.          LJ-14     Coulomb-14
    6.12512e+03    2.47365e+03    2.07667e+03    1.41496e+03    4.08077e+04
        LJ (SR)  Disper. corr.   Coulomb (SR)   Coul. recip. Position Rest.
    6.06469e+04   -2.15870e+03   -6.10065e+05    1.51437e+03    2.03746e+03
      Potential    Kinetic En.   Total Energy  Conserved En.    Temperature
   -4.95127e+05    8.98907e+04   -4.05236e+05   -4.70820e+05    3.01554e+02
 Pres. DC (bar) Pressure (bar)   Constr. rmsd
   -9.55630e+01    2.29823e+02    2.04388e-05

DD  step 36999  vol min/aver 0.968  load imb.: force  2.5%

           Step           Time         Lambda
          37000       74.00000        0.00000

   Energies (kJ/mol)
       G96Angle    Proper Dih.  Improper Dih.          LJ-14     Coulomb-14
    6.12130e+03    2.50649e+03    1.90298e+03    1.54806e+03    4.06635e+04
        LJ (SR)  Disper. corr.   Coulomb (SR)   Coul. recip. Position Rest.
    5.96210e+04   -2.15870e+03   -6.08837e+05    1.42027e+03    2.02171e+03
      Potential    Kinetic En.   Total Energy  Conserved En.    Temperature
   -4.95190e+05    8.98545e+04   -4.05336e+05   -4.70858e+05    3.01432e+02
 Pres. DC (bar) Pressure (bar)   Constr. rmsd
   -9.55630e+01    2.52055e+02    1.93294e-05

DD  step 37499  vol min/aver 0.969  load imb.: force  3.5%

           Step           Time         Lambda
          37500       75.00000        0.00000

Writing checkpoint, step 37500 at Sun Jan 10 11:43:23 2016


   Energies (kJ/mol)
       G96Angle    Proper Dih.  Improper Dih.          LJ-14     Coulomb-14
    6.35938e+03    2.50118e+03    2.01479e+03    1.35111e+03    4.05485e+04
        LJ (SR)  Disper. corr.   Coulomb (SR)   Coul. recip. Position Rest.
    5.98677e+04   -2.15870e+03   -6.09870e+05    1.49428e+03    2.02848e+03
      Potential    Kinetic En.   Total Energy  Conserved En.    Temperature
   -4.95863e+05    8.89098e+04   -4.06953e+05   -4.70867e+05    2.98263e+02
 Pres. DC (bar) Pressure (bar)   Constr. rmsd
   -9.55630e+01   -3.24220e+02    2.08854e-05

DD  step 37999  vol min/aver 0.980  load imb.: force  3.1%

           Step           Time         Lambda
          38000       76.00000        0.00000

   Energies (kJ/mol)
       G96Angle    Proper Dih.  Improper Dih.          LJ-14     Coulomb-14
    6.31216e+03    2.51706e+03    1.97722e+03    1.45556e+03    4.07496e+04
        LJ (SR)  Disper. corr.   Coulomb (SR)   Coul. recip. Position Rest.
    5.95810e+04   -2.15870e+03   -6.08392e+05    1.44580e+03    2.01139e+03
      Potential    Kinetic En.   Total Energy  Conserved En.    Temperature
   -4.94501e+05    8.96061e+04   -4.04895e+05   -4.70888e+05    3.00599e+02
 Pres. DC (bar) Pressure (bar)   Constr. rmsd
   -9.55630e+01    1.87006e+02    2.01125e-05

DD  step 38499  vol min/aver 0.967  load imb.: force  1.4%

           Step           Time         Lambda
          38500       77.00000        0.00000

   Energies (kJ/mol)
       G96Angle    Proper Dih.  Improper Dih.          LJ-14     Coulomb-14
    6.30746e+03    2.51787e+03    1.92721e+03    1.42563e+03    4.07048e+04
        LJ (SR)  Disper. corr.   Coulomb (SR)   Coul. recip. Position Rest.
    6.06686e+04   -2.15870e+03   -6.09786e+05    1.53805e+03    1.99388e+03
      Potential    Kinetic En.   Total Energy  Conserved En.    Temperature
   -4.94861e+05    8.91295e+04   -4.05731e+05   -4.70904e+05    2.99000e+02
 Pres. DC (bar) Pressure (bar)   Constr. rmsd
   -9.55630e+01    4.10155e+02    1.93193e-05

DD  step 38999  vol min/aver 0.964  load imb.: force  2.9%

           Step           Time         Lambda
          39000       78.00000        0.00000

   Energies (kJ/mol)
       G96Angle    Proper Dih.  Improper Dih.          LJ-14     Coulomb-14
    6.14471e+03    2.69848e+03    1.88538e+03    1.38102e+03    4.06652e+04
        LJ (SR)  Disper. corr.   Coulomb (SR)   Coul. recip. Position Rest.
    5.95911e+04   -2.15870e+03   -6.08636e+05    1.49408e+03    2.05622e+03
      Potential    Kinetic En.   Total Energy  Conserved En.    Temperature
   -4.94879e+05    8.98078e+04   -4.05071e+05   -4.70937e+05    3.01276e+02
 Pres. DC (bar) Pressure (bar)   Constr. rmsd
   -9.55630e+01    8.94779e+01    1.94270e-05

DD  step 39499  vol min/aver 0.983  load imb.: force  3.0%

           Step           Time         Lambda
          39500       79.00000        0.00000

   Energies (kJ/mol)
       G96Angle    Proper Dih.  Improper Dih.          LJ-14     Coulomb-14
    6.20118e+03    2.52303e+03    1.96001e+03    1.49877e+03    4.07502e+04
        LJ (SR)  Disper. corr.   Coulomb (SR)   Coul. recip. Position Rest.
    5.94170e+04   -2.15870e+03   -6.08657e+05    1.46892e+03    2.08336e+03
      Potential    Kinetic En.   Total Energy  Conserved En.    Temperature
   -4.94914e+05    8.97420e+04   -4.05172e+05   -4.70980e+05    3.01055e+02
 Pres. DC (bar) Pressure (bar)   Constr. rmsd
   -9.55630e+01   -4.09316e+02    2.04855e-05

DD  step 39999  vol min/aver 0.979  load imb.: force  2.0%

           Step           Time         Lambda
          40000       80.00000        0.00000

   Energies (kJ/mol)
       G96Angle    Proper Dih.  Improper Dih.          LJ-14     Coulomb-14
    6.32551e+03    2.61585e+03    1.91430e+03    1.38078e+03    4.05994e+04
        LJ (SR)  Disper. corr.   Coulomb (SR)   Coul. recip. Position Rest.
    6.00902e+04   -2.15870e+03   -6.09267e+05    1.50751e+03    2.10786e+03
      Potential    Kinetic En.   Total Energy  Conserved En.    Temperature
   -4.94884e+05    8.94117e+04   -4.05473e+05   -4.70982e+05    2.99947e+02
 Pres. DC (bar) Pressure (bar)   Constr. rmsd
   -9.55630e+01   -5.36745e+02    2.10016e-05

DD  step 40499  vol min/aver 0.980  load imb.: force  1.9%

           Step           Time         Lambda
          40500       81.00000        0.00000

   Energies (kJ/mol)
       G96Angle    Proper Dih.  Improper Dih.          LJ-14     Coulomb-14
    6.15136e+03    2.50308e+03    1.86116e+03    1.43245e+03    4.07014e+04
        LJ (SR)  Disper. corr.   Coulomb (SR)   Coul. recip. Position Rest.
    5.98887e+04   -2.15870e+03   -6.09586e+05    1.49436e+03    2.01190e+03
      Potential    Kinetic En.   Total Energy  Conserved En.    Temperature
   -4.95701e+05    8.86177e+04   -4.07083e+05   -4.71001e+05    2.97283e+02
 Pres. DC (bar) Pressure (bar)   Constr. rmsd
   -9.55630e+01   -3.70609e+02    2.12882e-05

DD  step 40999  vol min/aver 0.987  load imb.: force  0.9%

           Step           Time         Lambda
          41000       82.00000        0.00000

   Energies (kJ/mol)
       G96Angle    Proper Dih.  Improper Dih.          LJ-14     Coulomb-14
    6.33277e+03    2.52334e+03    1.88827e+03    1.40241e+03    4.07669e+04
        LJ (SR)  Disper. corr.   Coulomb (SR)   Coul. recip. Position Rest.
    6.01006e+04   -2.15870e+03   -6.08784e+05    1.45100e+03    2.06685e+03
      Potential    Kinetic En.   Total Energy  Conserved En.    Temperature
   -4.94411e+05    8.90874e+04   -4.05324e+05   -4.71032e+05    2.98859e+02
 Pres. DC (bar) Pressure (bar)   Constr. rmsd
   -9.55630e+01   -1.19112e+02    2.00409e-05

DD  step 41499  vol min/aver 0.975  load imb.: force  1.6%

           Step           Time         Lambda
          41500       83.00000        0.00000

   Energies (kJ/mol)
       G96Angle    Proper Dih.  Improper Dih.          LJ-14     Coulomb-14
    6.07712e+03    2.52986e+03    1.96775e+03    1.50978e+03    4.08696e+04
        LJ (SR)  Disper. corr.   Coulomb (SR)   Coul. recip. Position Rest.
    6.02945e+04   -2.15870e+03   -6.09338e+05    1.45189e+03    1.93986e+03
      Potential    Kinetic En.   Total Energy  Conserved En.    Temperature
   -4.94856e+05    8.90883e+04   -4.05768e+05   -4.71047e+05    2.98862e+02
 Pres. DC (bar) Pressure (bar)   Constr. rmsd
   -9.55630e+01   -2.71224e+02    2.01807e-05

DD  step 41999  vol min/aver 0.969  load imb.: force  2.3%

           Step           Time         Lambda
          42000       84.00000        0.00000

   Energies (kJ/mol)
       G96Angle    Proper Dih.  Improper Dih.          LJ-14     Coulomb-14
    6.23911e+03    2.55462e+03    1.92692e+03    1.39328e+03    4.07602e+04
        LJ (SR)  Disper. corr.   Coulomb (SR)   Coul. recip. Position Rest.
    5.95419e+04   -2.15870e+03   -6.09416e+05    1.46253e+03    2.01207e+03
      Potential    Kinetic En.   Total Energy  Conserved En.    Temperature
   -4.95684e+05    8.90445e+04   -4.06639e+05   -4.71084e+05    2.98715e+02
 Pres. DC (bar) Pressure (bar)   Constr. rmsd
   -9.55630e+01    1.47783e+02    2.00826e-05

DD  step 42499  vol min/aver 0.988  load imb.: force  3.1%

           Step           Time         Lambda
          42500       85.00000        0.00000

   Energies (kJ/mol)
       G96Angle    Proper Dih.  Improper Dih.          LJ-14     Coulomb-14
    6.34356e+03    2.63403e+03    2.00812e+03    1.40399e+03    4.05964e+04
        LJ (SR)  Disper. corr.   Coulomb (SR)   Coul. recip. Position Rest.
    6.04663e+04   -2.15870e+03   -6.09336e+05    1.41241e+03    2.05242e+03
      Potential    Kinetic En.   Total Energy  Conserved En.    Temperature
   -4.94577e+05    8.92411e+04   -4.05336e+05   -4.71097e+05    2.99375e+02
 Pres. DC (bar) Pressure (bar)   Constr. rmsd
   -9.55630e+01    2.54734e+01    2.16168e-05

DD  step 42999  vol min/aver 0.988  load imb.: force  0.9%

           Step           Time         Lambda
          43000       86.00000        0.00000

   Energies (kJ/mol)
       G96Angle    Proper Dih.  Improper Dih.          LJ-14     Coulomb-14
    6.04944e+03    2.59569e+03    1.90490e+03    1.42873e+03    4.06676e+04
        LJ (SR)  Disper. corr.   Coulomb (SR)   Coul. recip. Position Rest.
    5.95632e+04   -2.15870e+03   -6.08525e+05    1.42963e+03    1.96419e+03
      Potential    Kinetic En.   Total Energy  Conserved En.    Temperature
   -4.95080e+05    8.99274e+04   -4.05153e+05   -4.71134e+05    3.01677e+02
 Pres. DC (bar) Pressure (bar)   Constr. rmsd
   -9.55630e+01   -1.83448e+02    2.12035e-05

DD  step 43499  vol min/aver 0.977  load imb.: force  1.7%

           Step           Time         Lambda
          43500       87.00000        0.00000

   Energies (kJ/mol)
       G96Angle    Proper Dih.  Improper Dih.          LJ-14     Coulomb-14
    6.14338e+03    2.62883e+03    1.87289e+03    1.37712e+03    4.07009e+04
        LJ (SR)  Disper. corr.   Coulomb (SR)   Coul. recip. Position Rest.
    6.09450e+04   -2.15870e+03   -6.10409e+05    1.44022e+03    1.94802e+03
      Potential    Kinetic En.   Total Energy  Conserved En.    Temperature
   -4.95512e+05    8.96138e+04   -4.05898e+05   -4.71161e+05    3.00625e+02
 Pres. DC (bar) Pressure (bar)   Constr. rmsd
   -9.55630e+01    2.50518e+02    2.14713e-05

DD  step 43999  vol min/aver 0.988  load imb.: force  1.6%

           Step           Time         Lambda
          44000       88.00000        0.00000

   Energies (kJ/mol)
       G96Angle    Proper Dih.  Improper Dih.          LJ-14     Coulomb-14
    5.99532e+03    2.56284e+03    1.88363e+03    1.54502e+03    4.08359e+04
        LJ (SR)  Disper. corr.   Coulomb (SR)   Coul. recip. Position Rest.
    6.01781e+04   -2.15870e+03   -6.09388e+05    1.47875e+03    2.02540e+03
      Potential    Kinetic En.   Total Energy  Conserved En.    Temperature
   -4.95042e+05    8.91660e+04   -4.05876e+05   -4.71197e+05    2.99123e+02
 Pres. DC (bar) Pressure (bar)   Constr. rmsd
   -9.55630e+01    8.46354e+02    1.97026e-05

DD  step 44499  vol min/aver 0.973  load imb.: force  1.9%

           Step           Time         Lambda
          44500       89.00000        0.00000

   Energies (kJ/mol)
       G96Angle    Proper Dih.  Improper Dih.          LJ-14     Coulomb-14
    6.14940e+03    2.60364e+03    1.85403e+03    1.43775e+03    4.06522e+04
        LJ (SR)  Disper. corr.   Coulomb (SR)   Coul. recip. Position Rest.
    5.98510e+04   -2.15870e+03   -6.09902e+05    1.54746e+03    2.04672e+03
      Potential    Kinetic En.   Total Energy  Conserved En.    Temperature
   -4.95919e+05    8.94348e+04   -4.06484e+05   -4.71212e+05    3.00024e+02
 Pres. DC (bar) Pressure (bar)   Constr. rmsd
   -9.55630e+01    1.03341e+02    2.05226e-05

Writing checkpoint, step 44875 at Sun Jan 10 11:58:23 2016


DD  step 44999  vol min/aver 0.964  load imb.: force  1.5%

           Step           Time         Lambda
          45000       90.00000        0.00000

   Energies (kJ/mol)
       G96Angle    Proper Dih.  Improper Dih.          LJ-14     Coulomb-14
    5.95676e+03    2.59564e+03    1.88074e+03    1.42258e+03    4.07246e+04
        LJ (SR)  Disper. corr.   Coulomb (SR)   Coul. recip. Position Rest.
    5.85408e+04   -2.15870e+03   -6.08107e+05    1.44338e+03    2.03806e+03
      Potential    Kinetic En.   Total Energy  Conserved En.    Temperature
   -4.95663e+05    8.89776e+04   -4.06685e+05   -4.71244e+05    2.98491e+02
 Pres. DC (bar) Pressure (bar)   Constr. rmsd
   -9.55630e+01    4.76066e+02    2.01709e-05

DD  step 45499  vol min/aver 0.978  load imb.: force  3.0%

           Step           Time         Lambda
          45500       91.00000        0.00000

   Energies (kJ/mol)
       G96Angle    Proper Dih.  Improper Dih.          LJ-14     Coulomb-14
    6.05022e+03    2.50591e+03    1.87257e+03    1.45628e+03    4.07155e+04
        LJ (SR)  Disper. corr.   Coulomb (SR)   Coul. recip. Position Rest.
    5.99133e+04   -2.15870e+03   -6.09094e+05    1.49003e+03    2.01981e+03
      Potential    Kinetic En.   Total Energy  Conserved En.    Temperature
   -4.95229e+05    9.00390e+04   -4.05190e+05   -4.71272e+05    3.02051e+02
 Pres. DC (bar) Pressure (bar)   Constr. rmsd
   -9.55630e+01    4.26596e+01    2.01728e-05

DD  step 45999  vol min/aver 0.985  load imb.: force  2.4%

           Step           Time         Lambda
          46000       92.00000        0.00000

   Energies (kJ/mol)
       G96Angle    Proper Dih.  Improper Dih.          LJ-14     Coulomb-14
    6.16361e+03    2.51790e+03    1.96285e+03    1.46367e+03    4.08147e+04
        LJ (SR)  Disper. corr.   Coulomb (SR)   Coul. recip. Position Rest.
    6.10314e+04   -2.15870e+03   -6.11288e+05    1.42758e+03    2.01144e+03
      Potential    Kinetic En.   Total Energy  Conserved En.    Temperature
   -4.96053e+05    8.99793e+04   -4.06074e+05   -4.71299e+05    3.01851e+02
 Pres. DC (bar) Pressure (bar)   Constr. rmsd
   -9.55630e+01    4.64226e+02    2.07363e-05

DD  step 46499  vol min/aver 0.987  load imb.: force  4.0%

           Step           Time         Lambda
          46500       93.00000        0.00000

   Energies (kJ/mol)
       G96Angle    Proper Dih.  Improper Dih.          LJ-14     Coulomb-14
    6.13621e+03    2.46626e+03    1.88570e+03    1.46155e+03    4.08547e+04
        LJ (SR)  Disper. corr.   Coulomb (SR)   Coul. recip. Position Rest.
    6.04465e+04   -2.15870e+03   -6.09637e+05    1.50389e+03    2.02466e+03
      Potential    Kinetic En.   Total Energy  Conserved En.    Temperature
   -4.95017e+05    8.87947e+04   -4.06222e+05   -4.71292e+05    2.97877e+02
 Pres. DC (bar) Pressure (bar)   Constr. rmsd
   -9.55630e+01   -2.60461e+01    1.83310e-05

DD  step 46999  vol min/aver 0.975  load imb.: force  1.2%

           Step           Time         Lambda
          47000       94.00000        0.00000

   Energies (kJ/mol)
       G96Angle    Proper Dih.  Improper Dih.          LJ-14     Coulomb-14
    6.09118e+03    2.51010e+03    1.90417e+03    1.39853e+03    4.08781e+04
        LJ (SR)  Disper. corr.   Coulomb (SR)   Coul. recip. Position Rest.
    6.07881e+04   -2.15870e+03   -6.10042e+05    1.50798e+03    2.01827e+03
      Potential    Kinetic En.   Total Energy  Conserved En.    Temperature
   -4.95104e+05    8.83619e+04   -4.06742e+05   -4.71335e+05    2.96425e+02
 Pres. DC (bar) Pressure (bar)   Constr. rmsd
   -9.55630e+01    1.35907e+02    1.97375e-05

DD  step 47499  vol min/aver 0.975  load imb.: force  4.1%

           Step           Time         Lambda
          47500       95.00000        0.00000

   Energies (kJ/mol)
       G96Angle    Proper Dih.  Improper Dih.          LJ-14     Coulomb-14
    5.96172e+03    2.60168e+03    1.90049e+03    1.38693e+03    4.06765e+04
        LJ (SR)  Disper. corr.   Coulomb (SR)   Coul. recip. Position Rest.
    5.92929e+04   -2.15870e+03   -6.09161e+05    1.46795e+03    2.10716e+03
      Potential    Kinetic En.   Total Energy  Conserved En.    Temperature
   -4.95924e+05    8.86247e+04   -4.07300e+05   -4.71353e+05    2.97307e+02
 Pres. DC (bar) Pressure (bar)   Constr. rmsd
   -9.55630e+01   -8.87833e+02    2.13442e-05

DD  step 47999  vol min/aver 0.984  load imb.: force  2.5%

           Step           Time         Lambda
          48000       96.00000        0.00000

   Energies (kJ/mol)
       G96Angle    Proper Dih.  Improper Dih.          LJ-14     Coulomb-14
    6.13260e+03    2.53733e+03    1.85855e+03    1.51498e+03    4.08340e+04
        LJ (SR)  Disper. corr.   Coulomb (SR)   Coul. recip. Position Rest.
    5.95741e+04   -2.15870e+03   -6.08158e+05    1.37904e+03    2.02643e+03
      Potential    Kinetic En.   Total Energy  Conserved En.    Temperature
   -4.94460e+05    8.95832e+04   -4.04877e+05   -4.71399e+05    3.00522e+02
 Pres. DC (bar) Pressure (bar)   Constr. rmsd
   -9.55630e+01   -3.00445e+02    2.09374e-05

DD  step 48499  vol min/aver 0.983  load imb.: force  2.4%

           Step           Time         Lambda
          48500       97.00000        0.00000

   Energies (kJ/mol)
       G96Angle    Proper Dih.  Improper Dih.          LJ-14     Coulomb-14
    6.45996e+03    2.63230e+03    2.03173e+03    1.38985e+03    4.07784e+04
        LJ (SR)  Disper. corr.   Coulomb (SR)   Coul. recip. Position Rest.
    6.06344e+04   -2.15870e+03   -6.08952e+05    1.42007e+03    1.95755e+03
      Potential    Kinetic En.   Total Energy  Conserved En.    Temperature
   -4.93807e+05    8.91401e+04   -4.04667e+05   -4.71414e+05    2.99036e+02
 Pres. DC (bar) Pressure (bar)   Constr. rmsd
   -9.55630e+01   -2.97518e+02    2.15889e-05

DD  step 48999  vol min/aver 0.971  load imb.: force  2.5%

           Step           Time         Lambda
          49000       98.00000        0.00000

   Energies (kJ/mol)
       G96Angle    Proper Dih.  Improper Dih.          LJ-14     Coulomb-14
    6.38067e+03    2.49454e+03    1.86248e+03    1.45534e+03    4.05945e+04
        LJ (SR)  Disper. corr.   Coulomb (SR)   Coul. recip. Position Rest.
    5.95050e+04   -2.15870e+03   -6.09186e+05    1.44188e+03    2.00564e+03
      Potential    Kinetic En.   Total Energy  Conserved En.    Temperature
   -4.95605e+05    9.04944e+04   -4.05111e+05   -4.71462e+05    3.03579e+02
 Pres. DC (bar) Pressure (bar)   Constr. rmsd
   -9.55630e+01   -5.72385e+02    2.09367e-05

DD  step 49499  vol min/aver 0.980  load imb.: force  3.1%

           Step           Time         Lambda
          49500       99.00000        0.00000

   Energies (kJ/mol)
       G96Angle    Proper Dih.  Improper Dih.          LJ-14     Coulomb-14
    5.98564e+03    2.50602e+03    1.75526e+03    1.59002e+03    4.06658e+04
        LJ (SR)  Disper. corr.   Coulomb (SR)   Coul. recip. Position Rest.
    6.06750e+04   -2.15870e+03   -6.10802e+05    1.46017e+03    2.04177e+03
      Potential    Kinetic En.   Total Energy  Conserved En.    Temperature
   -4.96281e+05    8.89894e+04   -4.07292e+05   -4.71483e+05    2.98530e+02
 Pres. DC (bar) Pressure (bar)   Constr. rmsd
   -9.55630e+01    4.50141e+02    1.86211e-05

DD  step 49999  vol min/aver 0.989  load imb.: force  1.1%

           Step           Time         Lambda
          50000      100.00000        0.00000

Writing checkpoint, step 50000 at Sun Jan 10 12:08:40 2016


   Energies (kJ/mol)
       G96Angle    Proper Dih.  Improper Dih.          LJ-14     Coulomb-14
    6.19469e+03    2.63435e+03    1.98421e+03    1.39536e+03    4.06642e+04
        LJ (SR)  Disper. corr.   Coulomb (SR)   Coul. recip. Position Rest.
    6.09053e+04   -2.15870e+03   -6.10037e+05    1.40231e+03    1.92373e+03
      Potential    Kinetic En.   Total Energy  Conserved En.    Temperature
   -4.95092e+05    8.92379e+04   -4.05854e+05   -4.71511e+05    2.99364e+02
 Pres. DC (bar) Pressure (bar)   Constr. rmsd
   -9.55630e+01   -9.95450e+01    2.09941e-05

	<======  ###############  ==>
	<====  A V E R A G E S  ====>
	<==  ###############  ======>

	Statistics over 50001 steps using 501 frames

   Energies (kJ/mol)
       G96Angle    Proper Dih.  Improper Dih.          LJ-14     Coulomb-14
    6.17470e+03    2.55184e+03    1.95069e+03    1.42604e+03    4.07042e+04
        LJ (SR)  Disper. corr.   Coulomb (SR)   Coul. recip. Position Rest.
    6.02922e+04   -2.15870e+03   -6.09918e+05    1.46336e+03    1.98929e+03
      Potential    Kinetic En.   Total Energy  Conserved En.    Temperature
   -4.95525e+05    8.94045e+04   -4.06120e+05   -4.70267e+05    2.99923e+02
 Pres. DC (bar) Pressure (bar)   Constr. rmsd
   -9.55630e+01    2.16515e+01    0.00000e+00

   Total Virial (kJ/mol)
    2.97599e+04   -1.79792e+02    7.64709e+01
   -1.78788e+02    2.94638e+04    1.65218e+02
    7.70925e+01    1.65061e+02    2.94469e+04

   Pressure (bar)
    5.82773e-01    2.14285e+01   -5.75398e+00
    2.13397e+01    2.98185e+01   -1.42753e+01
   -5.80900e+00   -1.42614e+01    3.45533e+01

  Epot (kJ/mol)        Coul-SR          LJ-SR        Coul-14          LJ-14   
Protein-Protein   -7.07982e+04   -1.36541e+04    4.05777e+04    1.40209e+03
    Protein-DRG   -7.66258e+01   -8.96483e+01    0.00000e+00    0.00000e+00
   Protein-rest   -2.79429e+04   -1.84526e+03    0.00000e+00    0.00000e+00
        DRG-DRG   -4.05249e+02   -1.65035e+01    1.26533e+02    2.39519e+01
       DRG-rest   -5.28906e+02   -1.34306e+01    0.00000e+00    0.00000e+00
      rest-rest   -5.10166e+05    7.59111e+04    0.00000e+00    0.00000e+00

  T-Protein_DRGT-Water_and_ions
    3.00247e+02    2.99884e+02


	M E G A - F L O P S   A C C O U N T I N G

 NB=Group-cutoff nonbonded kernels    NxN=N-by-N cluster Verlet kernels
 RF=Reaction-Field  VdW=Van der Waals  QSTab=quadratic-spline table
 W3=SPC/TIP3p  W4=TIP4p (single or pairs)
 V&F=Potential and force  V=Potential only  F=Force only

 Computing:                               M-Number         M-Flops  % Flops
-----------------------------------------------------------------------------
 Pair Search distance check           41497.749662      373479.747     0.3
 NxN Ewald Elec. + LJ [F]            952849.421056    62888061.790    53.4
 NxN Ewald Elec. + LJ [V&F]            9643.588008     1031863.917     0.9
 NxN LJ [F]                            6723.404480      221872.348     0.2
 NxN LJ [V&F]                            68.412992        2941.759     0.0
 NxN Ewald Elec. [F]                 804749.875520    49089742.407    41.7
 NxN Ewald Elec. [V&F]                 8144.063096      684101.300     0.6
 1,4 nonbonded interactions             306.906138       27621.552     0.0
 Calc Weights                          5383.307664      193799.076     0.2
 Spread Q Bspline                    114843.896832      229687.794     0.2
 Gather F Bspline                    114843.896832      689063.381     0.6
 3D-FFT                              240463.009164     1923704.073     1.6
 Solve PME                              135.202704        8652.973     0.0
 Reset In Box                            71.811888         215.436     0.0
 CG-CoM                                  71.847776         215.543     0.0
 Angles                                 287.405748       48284.166     0.0
 Propers                                101.602032       23266.865     0.0
 Impropers                              100.002000       20800.416     0.0
 Pos. Restr.                            149.752995        7487.650     0.0
 Virial                                  18.070068         325.261     0.0
 Stop-CM                                 18.015776         180.158     0.0
 Calc-Ekin                              717.831776       19381.458     0.0
 Lincs                                  262.735946       15764.157     0.0
 Lincs-Mat                             4556.184564       18224.738     0.0
 Constraint-V                          2214.480476       17715.844     0.0
 Constraint-Vir                          19.557578         469.382     0.0
 Settle                                 563.017640      181854.698     0.2
-----------------------------------------------------------------------------
 Total                                               117718777.887   100.0
-----------------------------------------------------------------------------


    D O M A I N   D E C O M P O S I T I O N   S T A T I S T I C S

 av. #atoms communicated per step for force:  2 x 31049.6
 av. #atoms communicated per step for LINCS:  2 x 3107.4

 Average load imbalance: 2.8 %
 Part of the total run time spent waiting due to load imbalance: 1.8 %
 Steps where the load balancing was limited by -rdd, -rcon and/or -dds: X 0 %


     R E A L   C Y C L E   A N D   T I M E   A C C O U N T I N G

On 4 MPI ranks

 Computing:          Num   Num      Call    Wall time         Giga-Cycles
                     Ranks Threads  Count      (s)         total sum    %
-----------------------------------------------------------------------------
 Domain decomp.         4    1       2001      36.538        422.888   0.6
 DD comm. load          4    1       1926       2.679         31.002   0.0
 DD comm. bounds        4    1       1901       1.282         14.839   0.0
 Neighbor search        4    1       2001     118.300       1369.194   2.0
 Comm. coord.           4    1      48000     238.642       2762.014   4.0
 Force                  4    1      50001    4202.783      48642.502  69.8
 Wait + Comm. F         4    1      50001      36.477        422.180   0.6
 PME mesh               4    1      50001    1169.492      13535.559  19.4
 NB X/F buffer ops.     4    1     146001      13.036        150.877   0.2
 Write traj.            4    1        106       1.492         17.271   0.0
 Update                 4    1      50001      11.977        138.620   0.2
 Constraints            4    1      50001     161.460       1868.716   2.7
 Comm. energies         4    1      10001      19.012        220.046   0.3
 Rest                                           5.947         68.833   0.1
-----------------------------------------------------------------------------
 Total                                       6019.118      69664.541 100.0
-----------------------------------------------------------------------------
 Breakdown of PME mesh computation
-----------------------------------------------------------------------------
 PME redist. X/F        4    1     100002     635.332       7353.259  10.6
 PME spread/gather      4    1     100002     308.664       3572.439   5.1
 PME 3D-FFT             4    1     100002      49.897        577.506   0.8
 PME 3D-FFT Comm.       4    1     100002     163.929       1897.294   2.7
 PME solve Elec         4    1      50001      11.491        132.991   0.2
-----------------------------------------------------------------------------

               Core t (s)   Wall t (s)        (%)
       Time:    24076.473     6019.118      400.0
                         1h40:19
                 (ns/day)    (hour/ns)
Performance:        1.435       16.719
Finished mdrun on rank 0 Sun Jan 10 12:08:41 2016
