Log file opened on Tue Jan 12 23:21:13 2016
Host: hsiao-BM6875-BM6675-BP6375  pid: 10314  rank ID: 0  number of ranks:  1
                   :-) GROMACS - gmx mdrun, VERSION 5.1.1 (-:

                            GROMACS is written by:
     Emile Apol      Rossen Apostolov  Herman J.C. Berendsen    Par Bjelkmar   
 Aldert van Buuren   Rudi van Drunen     Anton Feenstra   Sebastian Fritsch 
  Gerrit Groenhof   Christoph Junghans   Anca Hamuraru    Vincent Hindriksen
 Dimitrios Karkoulis    Peter Kasson        Jiri Kraus      Carsten Kutzner  
    Per Larsson      Justin A. Lemkul   Magnus Lundborg   Pieter Meulenhoff 
   Erik Marklund      Teemu Murtola       Szilard Pall       Sander Pronk   
   Roland Schulz     Alexey Shvetsov     Michael Shirts     Alfons Sijbers  
   Peter Tieleman    Teemu Virolainen  Christian Wennberg    Maarten Wolf   
                           and the project leaders:
        Mark Abraham, Berk Hess, Erik Lindahl, and David van der Spoel

Copyright (c) 1991-2000, University of Groningen, The Netherlands.
Copyright (c) 2001-2015, The GROMACS development team at
Uppsala University, Stockholm University and
the Royal Institute of Technology, Sweden.
check out http://www.gromacs.org for more information.

GROMACS is free software; you can redistribute it and/or modify it
under the terms of the GNU Lesser General Public License
as published by the Free Software Foundation; either version 2.1
of the License, or (at your option) any later version.

GROMACS:      gmx mdrun, VERSION 5.1.1
Executable:   /home/hsiao/.linuxbrew/bin/../Cellar/gromacs/5.1.1/bin/gmx
Data prefix:  /home/hsiao/.linuxbrew/bin/../Cellar/gromacs/5.1.1
Command line:
  gmx mdrun -v -deffnm md_0_12

GROMACS version:    VERSION 5.1.1
Precision:          single
Memory model:       64 bit
MPI library:        thread_mpi
OpenMP support:     enabled (GMX_OPENMP_MAX_THREADS = 32)
GPU support:        disabled
OpenCL support:     disabled
invsqrt routine:    gmx_software_invsqrt(x)
SIMD instructions:  AVX_256
FFT library:        fftw-3.3.4-sse2
RDTSCP usage:       enabled
C++11 compilation:  enabled
TNG support:        enabled
Tracing support:    disabled
Built on:           日  1月 10 18:09:02 CST 2016
Built by:           hsiao@hsiao-BM6875-BM6675-BP6375 [CMAKE]
Build OS/arch:      Linux 3.19.0-43-generic x86_64
Build CPU vendor:   GenuineIntel
Build CPU brand:    Intel(R) Core(TM) i7-3770 CPU @ 3.40GHz
Build CPU family:   6   Model: 58   Stepping: 9
Build CPU features: aes apic avx clfsh cmov cx8 cx16 f16c htt lahf_lm mmx msr nonstop_tsc pcid pclmuldq pdcm popcnt pse rdrnd rdtscp sse2 sse3 sse4.1 sse4.2 ssse3 tdt x2apic
C compiler:         /usr/bin/gcc-4.8 GNU 4.8.4
C compiler flags:    -mavx   -Os -w -pipe -march=core2  -Wundef -Wextra -Wno-missing-field-initializers -Wno-sign-compare -Wpointer-arith -Wall -Wno-unused -Wunused-value -Wunused-parameter  -DNDEBUG -funroll-all-loops -fexcess-precision=fast  -Wno-array-bounds 
C++ compiler:       /usr/bin/g++-4.8 GNU 4.8.4
C++ compiler flags:  -mavx   -std=c++0x -Os -w -pipe -march=core2  -Wundef -Wextra -Wno-missing-field-initializers -Wpointer-arith -Wall -Wno-unused-function  -DNDEBUG -funroll-all-loops -fexcess-precision=fast  -Wno-array-bounds 
Boost version:      1.55.0 (internal)


Running on 1 node with total 4 cores, 8 logical cores
Hardware detected:
  CPU info:
    Vendor: GenuineIntel
    Brand:  Intel(R) Core(TM) i7-3770 CPU @ 3.40GHz
    Family:  6  model: 58  stepping:  9
    CPU features: aes apic avx clfsh cmov cx8 cx16 f16c htt lahf_lm mmx msr nonstop_tsc pcid pclmuldq pdcm popcnt pse rdrnd rdtscp sse2 sse3 sse4.1 sse4.2 ssse3 tdt x2apic
    SIMD instructions most likely to fit this hardware: AVX_256
    SIMD instructions selected at GROMACS compile time: AVX_256


++++ PLEASE READ AND CITE THE FOLLOWING REFERENCE ++++
M. J. Abraham, T. Murtola, R. Schulz, S. Páll, J. C. Smith, B. Hess, E.
Lindahl
GROMACS: High performance molecular simulations through multi-level
parallelism from laptops to supercomputers
SoftwareX 1 (2015) pp. 19-25
-------- -------- --- Thank You --- -------- --------


++++ PLEASE READ AND CITE THE FOLLOWING REFERENCE ++++
S. Páll, M. J. Abraham, C. Kutzner, B. Hess, E. Lindahl
Tackling Exascale Software Challenges in Molecular Dynamics Simulations with
GROMACS
In S. Markidis & E. Laure (Eds.), Solving Software Challenges for Exascale 8759 (2015) pp. 3-27
-------- -------- --- Thank You --- -------- --------


++++ PLEASE READ AND CITE THE FOLLOWING REFERENCE ++++
S. Pronk, S. Páll, R. Schulz, P. Larsson, P. Bjelkmar, R. Apostolov, M. R.
Shirts, J. C. Smith, P. M. Kasson, D. van der Spoel, B. Hess, and E. Lindahl
GROMACS 4.5: a high-throughput and highly parallel open source molecular
simulation toolkit
Bioinformatics 29 (2013) pp. 845-54
-------- -------- --- Thank You --- -------- --------


++++ PLEASE READ AND CITE THE FOLLOWING REFERENCE ++++
B. Hess and C. Kutzner and D. van der Spoel and E. Lindahl
GROMACS 4: Algorithms for highly efficient, load-balanced, and scalable
molecular simulation
J. Chem. Theory Comput. 4 (2008) pp. 435-447
-------- -------- --- Thank You --- -------- --------


++++ PLEASE READ AND CITE THE FOLLOWING REFERENCE ++++
D. van der Spoel, E. Lindahl, B. Hess, G. Groenhof, A. E. Mark and H. J. C.
Berendsen
GROMACS: Fast, Flexible and Free
J. Comp. Chem. 26 (2005) pp. 1701-1719
-------- -------- --- Thank You --- -------- --------


++++ PLEASE READ AND CITE THE FOLLOWING REFERENCE ++++
E. Lindahl and B. Hess and D. van der Spoel
GROMACS 3.0: A package for molecular simulation and trajectory analysis
J. Mol. Mod. 7 (2001) pp. 306-317
-------- -------- --- Thank You --- -------- --------


++++ PLEASE READ AND CITE THE FOLLOWING REFERENCE ++++
H. J. C. Berendsen, D. van der Spoel and R. van Drunen
GROMACS: A message-passing parallel molecular dynamics implementation
Comp. Phys. Comm. 91 (1995) pp. 43-56
-------- -------- --- Thank You --- -------- --------

Changing nstlist from 10 to 25, rlist from 1.4 to 1.429

Input Parameters:
   integrator                     = md
   tinit                          = 0
   dt                             = 0.002
   nsteps                         = 6000000
   init-step                      = 0
   simulation-part                = 1
   comm-mode                      = Linear
   nstcomm                        = 100
   bd-fric                        = 0
   ld-seed                        = 1131332843
   emtol                          = 10
   emstep                         = 0.01
   niter                          = 20
   fcstep                         = 0
   nstcgsteep                     = 1000
   nbfgscorr                      = 10
   rtpi                           = 0.05
   nstxout                        = 0
   nstvout                        = 0
   nstfout                        = 0
   nstlog                         = 5000
   nstcalcenergy                  = 100
   nstenergy                      = 5000
   nstxout-compressed             = 5000
   compressed-x-precision         = 1000
   cutoff-scheme                  = Verlet
   nstlist                        = 25
   ns-type                        = Grid
   pbc                            = xyz
   periodic-molecules             = FALSE
   verlet-buffer-tolerance        = 0.005
   rlist                          = 1.429
   rlistlong                      = 1.429
   nstcalclr                      = 10
   coulombtype                    = PME
   coulomb-modifier               = Potential-shift
   rcoulomb-switch                = 0
   rcoulomb                       = 1.4
   epsilon-r                      = 1
   epsilon-rf                     = inf
   vdw-type                       = Cut-off
   vdw-modifier                   = Potential-shift
   rvdw-switch                    = 0
   rvdw                           = 1.4
   DispCorr                       = EnerPres
   table-extension                = 1
   fourierspacing                 = 0.16
   fourier-nx                     = 52
   fourier-ny                     = 52
   fourier-nz                     = 52
   pme-order                      = 4
   ewald-rtol                     = 1e-05
   ewald-rtol-lj                  = 0.001
   lj-pme-comb-rule               = Geometric
   ewald-geometry                 = 0
   epsilon-surface                = 0
   implicit-solvent               = No
   gb-algorithm                   = Still
   nstgbradii                     = 1
   rgbradii                       = 1
   gb-epsilon-solvent             = 80
   gb-saltconc                    = 0
   gb-obc-alpha                   = 1
   gb-obc-beta                    = 0.8
   gb-obc-gamma                   = 4.85
   gb-dielectric-offset           = 0.009
   sa-algorithm                   = Ace-approximation
   sa-surface-tension             = 2.05016
   tcoupl                         = V-rescale
   nsttcouple                     = 10
   nh-chain-length                = 0
   print-nose-hoover-chain-variables = FALSE
   pcoupl                         = Parrinello-Rahman
   pcoupltype                     = Isotropic
   nstpcouple                     = 10
   tau-p                          = 2
   compressibility (3x3):
      compressibility[    0]={ 4.50000e-05,  0.00000e+00,  0.00000e+00}
      compressibility[    1]={ 0.00000e+00,  4.50000e-05,  0.00000e+00}
      compressibility[    2]={ 0.00000e+00,  0.00000e+00,  4.50000e-05}
   ref-p (3x3):
      ref-p[    0]={ 1.00000e+00,  0.00000e+00,  0.00000e+00}
      ref-p[    1]={ 0.00000e+00,  1.00000e+00,  0.00000e+00}
      ref-p[    2]={ 0.00000e+00,  0.00000e+00,  1.00000e+00}
   refcoord-scaling               = No
   posres-com (3):
      posres-com[0]= 0.00000e+00
      posres-com[1]= 0.00000e+00
      posres-com[2]= 0.00000e+00
   posres-comB (3):
      posres-comB[0]= 0.00000e+00
      posres-comB[1]= 0.00000e+00
      posres-comB[2]= 0.00000e+00
   QMMM                           = FALSE
   QMconstraints                  = 0
   QMMMscheme                     = 0
   MMChargeScaleFactor            = 1
qm-opts:
   ngQM                           = 0
   constraint-algorithm           = Lincs
   continuation                   = TRUE
   Shake-SOR                      = FALSE
   shake-tol                      = 0.0001
   lincs-order                    = 4
   lincs-iter                     = 1
   lincs-warnangle                = 30
   nwall                          = 0
   wall-type                      = 9-3
   wall-r-linpot                  = -1
   wall-atomtype[0]               = -1
   wall-atomtype[1]               = -1
   wall-density[0]                = 0
   wall-density[1]                = 0
   wall-ewald-zfac                = 3
   pull                           = FALSE
   rotation                       = FALSE
   interactiveMD                  = FALSE
   disre                          = No
   disre-weighting                = Conservative
   disre-mixed                    = FALSE
   dr-fc                          = 1000
   dr-tau                         = 0
   nstdisreout                    = 100
   orire-fc                       = 0
   orire-tau                      = 0
   nstorireout                    = 100
   free-energy                    = no
   cos-acceleration               = 0
   deform (3x3):
      deform[    0]={ 0.00000e+00,  0.00000e+00,  0.00000e+00}
      deform[    1]={ 0.00000e+00,  0.00000e+00,  0.00000e+00}
      deform[    2]={ 0.00000e+00,  0.00000e+00,  0.00000e+00}
   simulated-tempering            = FALSE
   E-x:
      n = 0
   E-xt:
      n = 0
   E-y:
      n = 0
   E-yt:
      n = 0
   E-z:
      n = 0
   E-zt:
      n = 0
   swapcoords                     = no
   adress                         = FALSE
   userint1                       = 0
   userint2                       = 0
   userint3                       = 0
   userint4                       = 0
   userreal1                      = 0
   userreal2                      = 0
   userreal3                      = 0
   userreal4                      = 0
grpopts:
   nrdf:     7152.71     67143.3
   ref-t:         300         300
   tau-t:         0.1         0.1
annealing:          No          No
annealing-npoints:           0           0
   acc:	           0           0           0
   nfreeze:           N           N           N
   energygrp-flags[  0]: 0

Using 1 MPI thread
Using 8 OpenMP threads 

Will do PME sum in reciprocal space for electrostatic interactions.

++++ PLEASE READ AND CITE THE FOLLOWING REFERENCE ++++
U. Essmann, L. Perera, M. L. Berkowitz, T. Darden, H. Lee and L. G. Pedersen 
A smooth particle mesh Ewald method
J. Chem. Phys. 103 (1995) pp. 8577-8592
-------- -------- --- Thank You --- -------- --------

Will do ordinary reciprocal space Ewald sum.
Using a Gaussian width (1/beta) of 0.448228 nm for Ewald
Cut-off's:   NS: 1.429   Coulomb: 1.4   LJ: 1.4
Long Range LJ corr.: <C6> 4.0289e-04
System total charge: 0.000
Generated table with 1214 data points for Ewald.
Tabscale = 500 points/nm
Generated table with 1214 data points for LJ6.
Tabscale = 500 points/nm
Generated table with 1214 data points for LJ12.
Tabscale = 500 points/nm
Generated table with 1214 data points for 1-4 COUL.
Tabscale = 500 points/nm
Generated table with 1214 data points for 1-4 LJ6.
Tabscale = 500 points/nm
Generated table with 1214 data points for 1-4 LJ12.
Tabscale = 500 points/nm
Potential shift: LJ r^-12: -1.764e-02 r^-6: -1.328e-01, Ewald -1.000e-05
Initialized non-bonded Ewald correction tables, spacing: 1.10e-03 size: 1270


Using AVX_256 4x4 non-bonded kernels

Using full Lennard-Jones parameter combination matrix

Pinning threads with an auto-selected logical core stride of 1

Initializing LINear Constraint Solver

++++ PLEASE READ AND CITE THE FOLLOWING REFERENCE ++++
B. Hess and H. Bekker and H. J. C. Berendsen and J. G. E. M. Fraaije
LINCS: A Linear Constraint Solver for molecular simulations
J. Comp. Chem. 18 (1997) pp. 1463-1472
-------- -------- --- Thank You --- -------- --------

The number of constraints is 3683

++++ PLEASE READ AND CITE THE FOLLOWING REFERENCE ++++
S. Miyamoto and P. A. Kollman
SETTLE: An Analytical Version of the SHAKE and RATTLE Algorithms for Rigid
Water Models
J. Comp. Chem. 13 (1992) pp. 952-962
-------- -------- --- Thank You --- -------- --------

Center of mass motion removal mode is Linear
We have the following groups for center of mass motion removal:
  0:  rest

++++ PLEASE READ AND CITE THE FOLLOWING REFERENCE ++++
G. Bussi, D. Donadio and M. Parrinello
Canonical sampling through velocity rescaling
J. Chem. Phys. 126 (2007) pp. 014101
-------- -------- --- Thank You --- -------- --------

There are: 37182 Atoms
Initial temperature: 301.37 K

Started mdrun on rank 0 Tue Jan 12 23:21:13 2016
           Step           Time         Lambda
              0        0.00000        0.00000

   Energies (kJ/mol)
       G96Angle    Proper Dih.  Improper Dih.          LJ-14     Coulomb-14
    5.80712e+03    2.36657e+03    1.77301e+03    1.60435e+03    4.27537e+04
        LJ (SR)  Disper. corr.   Coulomb (SR)   Coul. recip.      Potential
    6.33887e+04   -2.17370e+03   -6.29483e+05    1.35905e+03   -5.12605e+05
    Kinetic En.   Total Energy    Temperature Pres. DC (bar) Pressure (bar)
    9.30626e+04   -4.19542e+05    3.01305e+02   -9.23601e+01    3.74441e+01
   Constr. rmsd
    2.14678e-05

           Step           Time         Lambda
           5000       10.00000        0.00000

   Energies (kJ/mol)
       G96Angle    Proper Dih.  Improper Dih.          LJ-14     Coulomb-14
    5.90333e+03    2.69046e+03    1.87886e+03    1.37621e+03    4.27771e+04
        LJ (SR)  Disper. corr.   Coulomb (SR)   Coul. recip.      Potential
    6.49103e+04   -2.17704e+03   -6.32051e+05    1.23770e+03   -5.13454e+05
    Kinetic En.   Total Energy    Temperature Pres. DC (bar) Pressure (bar)
    9.21083e+04   -4.21346e+05    2.98215e+02   -9.26445e+01    2.07124e+02
   Constr. rmsd
    2.04578e-05

           Step           Time         Lambda
          10000       20.00000        0.00000

   Energies (kJ/mol)
       G96Angle    Proper Dih.  Improper Dih.          LJ-14     Coulomb-14
    6.02803e+03    2.58470e+03    1.88717e+03    1.33247e+03    4.27213e+04
        LJ (SR)  Disper. corr.   Coulomb (SR)   Coul. recip.      Potential
    6.43593e+04   -2.17624e+03   -6.30037e+05    1.26929e+03   -5.12031e+05
    Kinetic En.   Total Energy    Temperature Pres. DC (bar) Pressure (bar)
    9.25544e+04   -4.19477e+05    2.99659e+02   -9.25759e+01    8.17527e+01
   Constr. rmsd
    2.07378e-05

           Step           Time         Lambda
          15000       30.00000        0.00000

   Energies (kJ/mol)
       G96Angle    Proper Dih.  Improper Dih.          LJ-14     Coulomb-14
    5.96753e+03    2.56369e+03    1.88864e+03    1.32700e+03    4.27195e+04
        LJ (SR)  Disper. corr.   Coulomb (SR)   Coul. recip.      Potential
    6.23387e+04   -2.17662e+03   -6.29032e+05    1.30437e+03   -5.13100e+05
    Kinetic En.   Total Energy    Temperature Pres. DC (bar) Pressure (bar)
    9.31861e+04   -4.19913e+05    3.01704e+02   -9.26087e+01   -1.36998e+02
   Constr. rmsd
    1.99727e-05

           Step           Time         Lambda
          20000       40.00000        0.00000

   Energies (kJ/mol)
       G96Angle    Proper Dih.  Improper Dih.          LJ-14     Coulomb-14
    5.85291e+03    2.54543e+03    1.92521e+03    1.17781e+03    4.25694e+04
        LJ (SR)  Disper. corr.   Coulomb (SR)   Coul. recip.      Potential
    6.50316e+04   -2.18098e+03   -6.32579e+05    1.27165e+03   -5.14386e+05
    Kinetic En.   Total Energy    Temperature Pres. DC (bar) Pressure (bar)
    9.32682e+04   -4.21117e+05    3.01970e+02   -9.29795e+01    5.04183e+01
   Constr. rmsd
    2.08969e-05

           Step           Time         Lambda
          25000       50.00000        0.00000

   Energies (kJ/mol)
       G96Angle    Proper Dih.  Improper Dih.          LJ-14     Coulomb-14
    5.82497e+03    2.65774e+03    1.83507e+03    1.19729e+03    4.27693e+04
        LJ (SR)  Disper. corr.   Coulomb (SR)   Coul. recip.      Potential
    6.42805e+04   -2.16520e+03   -6.30754e+05    1.30915e+03   -5.13045e+05
    Kinetic En.   Total Energy    Temperature Pres. DC (bar) Pressure (bar)
    9.18477e+04   -4.21197e+05    2.97371e+02   -9.16395e+01   -1.93179e+02
   Constr. rmsd
    2.18846e-05

Writing checkpoint, step 27775 at Tue Jan 12 23:36:13 2016


           Step           Time         Lambda
          30000       60.00000        0.00000

   Energies (kJ/mol)
       G96Angle    Proper Dih.  Improper Dih.          LJ-14     Coulomb-14
    5.84993e+03    2.57847e+03    1.82785e+03    1.21154e+03    4.26502e+04
        LJ (SR)  Disper. corr.   Coulomb (SR)   Coul. recip.      Potential
    6.29582e+04   -2.17205e+03   -6.28965e+05    1.24576e+03   -5.12815e+05
    Kinetic En.   Total Energy    Temperature Pres. DC (bar) Pressure (bar)
    9.19019e+04   -4.20913e+05    2.97547e+02   -9.22202e+01   -2.11361e+02
   Constr. rmsd
    2.11762e-05

           Step           Time         Lambda
          35000       70.00000        0.00000

   Energies (kJ/mol)
       G96Angle    Proper Dih.  Improper Dih.          LJ-14     Coulomb-14
    5.78960e+03    2.62214e+03    1.79671e+03    1.26156e+03    4.28875e+04
        LJ (SR)  Disper. corr.   Coulomb (SR)   Coul. recip.      Potential
    6.39852e+04   -2.18114e+03   -6.31100e+05    1.30724e+03   -5.13631e+05
    Kinetic En.   Total Energy    Temperature Pres. DC (bar) Pressure (bar)
    9.26316e+04   -4.21000e+05    2.99909e+02   -9.29932e+01    7.07178e+01
   Constr. rmsd
    2.14319e-05

           Step           Time         Lambda
          40000       80.00000        0.00000

   Energies (kJ/mol)
       G96Angle    Proper Dih.  Improper Dih.          LJ-14     Coulomb-14
    5.97221e+03    2.56145e+03    1.87472e+03    1.19273e+03    4.26701e+04
        LJ (SR)  Disper. corr.   Coulomb (SR)   Coul. recip.      Potential
    6.39623e+04   -2.17248e+03   -6.31436e+05    1.27345e+03   -5.14102e+05
    Kinetic En.   Total Energy    Temperature Pres. DC (bar) Pressure (bar)
    9.29312e+04   -4.21171e+05    3.00879e+02   -9.22570e+01   -5.44924e+01
   Constr. rmsd
    2.02698e-05



Received the INT signal, stopping at the next NS step

           Step           Time         Lambda
          44925       89.85000        0.00000

Writing checkpoint, step 44925 at Tue Jan 12 23:46:04 2016


   Energies (kJ/mol)
       G96Angle    Proper Dih.  Improper Dih.          LJ-14     Coulomb-14
    5.86324e+03    2.55377e+03    1.73279e+03    1.22951e+03    4.25991e+04
        LJ (SR)  Disper. corr.   Coulomb (SR)   Coul. recip.      Potential
    6.34627e+04   -2.17275e+03   -6.30339e+05    1.33964e+03   -5.13731e+05
    Kinetic En.   Total Energy    Temperature Pres. DC (bar) Pressure (bar)
    9.20980e+04   -4.21633e+05    2.98181e+02   -9.22793e+01   -1.92760e+02
   Constr. rmsd
    0.00000e+00

	<======  ###############  ==>
	<====  A V E R A G E S  ====>
	<==  ###############  ======>

	Statistics over 44926 steps using 451 frames

   Energies (kJ/mol)
       G96Angle    Proper Dih.  Improper Dih.          LJ-14     Coulomb-14
    5.87770e+03    2.57504e+03    1.85358e+03    1.29448e+03    4.27315e+04
        LJ (SR)  Disper. corr.   Coulomb (SR)   Coul. recip.      Potential
    6.42525e+04   -2.17614e+03   -6.31225e+05    1.30051e+03   -5.13516e+05
    Kinetic En.   Total Energy    Temperature Pres. DC (bar) Pressure (bar)
    9.27079e+04   -4.20808e+05    3.00156e+02   -9.25684e+01    1.76140e+00
   Constr. rmsd
    0.00000e+00

          Box-X          Box-Y          Box-Z
    8.20472e+00    8.20472e+00    5.80161e+00

   Total Virial (kJ/mol)
    3.07755e+04   -1.41706e+01    8.07985e+01
   -1.43437e+01    3.09564e+04   -1.16411e+02
    8.12723e+01   -1.15573e+02    3.09181e+04

   Pressure (bar)
    1.53970e+01    2.70762e+00   -2.47530e+00
    2.72226e+00   -3.67809e+00    9.69141e+00
   -2.51559e+00    9.62023e+00   -6.43473e+00

      T-Protein  T-non-Protein
    3.00092e+02    3.00163e+02


	M E G A - F L O P S   A C C O U N T I N G

 NB=Group-cutoff nonbonded kernels    NxN=N-by-N cluster Verlet kernels
 RF=Reaction-Field  VdW=Van der Waals  QSTab=quadratic-spline table
 W3=SPC/TIP3p  W4=TIP4p (single or pairs)
 V&F=Potential and force  V=Potential only  F=Force only

 Computing:                               M-Number         M-Flops  % Flops
-----------------------------------------------------------------------------
 Pair Search distance check           34986.332238      314876.990     0.3
 NxN Ewald Elec. + LJ [F]            833396.550544    55004172.336    53.4
 NxN Ewald Elec. + LJ [V&F]            8451.293288      904288.382     0.9
 NxN LJ [F]                            3820.628656      126080.746     0.1
 NxN LJ [V&F]                            38.966704        1675.568     0.0
 NxN Ewald Elec. [F]                 705066.460272    43009054.077    41.7
 NxN Ewald Elec. [V&F]                 7148.967608      600513.279     0.6
 1,4 nonbonded interactions             263.580842       23722.276     0.0
 Calc Weights                          5011.315596      180407.361     0.2
 Spread Q Bspline                    106908.066048      213816.132     0.2
 Gather F Bspline                    106908.066048      641448.396     0.6
 3D-FFT                              216056.501864     1728452.015     1.7
 Solve PME                              121.479904        7774.714     0.0
 Shift-X                                 66.853236         401.119     0.0
 Angles                                 241.701880       40605.916     0.0
 Propers                                 85.898512       19670.759     0.0
 Impropers                               84.146398       17502.451     0.0
 Virial                                 167.298138        3011.366     0.0
 Stop-CM                                 16.731900         167.319     0.0
 Calc-Ekin                              668.234904       18042.342     0.0
 Lincs                                  165.462458        9927.747     0.0
 Lincs-Mat                             2900.422560       11601.690     0.0
 Constraint-V                          1838.821180       14710.569     0.0
 Constraint-Vir                         167.388018        4017.312     0.0
 Settle                                 502.632088      162350.164     0.2
-----------------------------------------------------------------------------
 Total                                               103058291.029   100.0
-----------------------------------------------------------------------------


     R E A L   C Y C L E   A N D   T I M E   A C C O U N T I N G

On 1 MPI rank, each using 8 OpenMP threads

 Computing:          Num   Num      Call    Wall time         Giga-Cycles
                     Ranks Threads  Count      (s)         total sum    %
-----------------------------------------------------------------------------
 Neighbor search        1    8       1798      29.271        794.356   2.0
 Force                  1    8      44926    1284.653      34863.345  86.1
 PME mesh               1    8      44926     105.110       2852.501   7.0
 NB X/F buffer ops.     1    8      88054      14.947        405.646   1.0
 Write traj.            1    8         11       0.247          6.710   0.0
 Update                 1    8      44926      20.898        567.131   1.4
 Constraints            1    8      44926      25.108        681.387   1.7
 Rest                                          11.146        302.488   0.7
-----------------------------------------------------------------------------
 Total                                       1491.379      40473.563 100.0
-----------------------------------------------------------------------------
 Breakdown of PME mesh computation
-----------------------------------------------------------------------------
 PME spread/gather      1    8      89852      73.403       1992.025   4.9
 PME 3D-FFT             1    8      89852      24.903        675.828   1.7
 PME solve Elec         1    8      44926       6.256        169.785   0.4
-----------------------------------------------------------------------------

               Core t (s)   Wall t (s)        (%)
       Time:    11523.020     1491.379      772.6
                 (ns/day)    (hour/ns)
Performance:        5.205        4.611
Finished mdrun on rank 0 Tue Jan 12 23:46:04 2016
