Log file opened on Mon Jan 11 00:53:39 2016
Host: linux6  pid: 18808  rank ID: 0  number of ranks:  1
                   :-) GROMACS - gmx mdrun, VERSION 5.1.1 (-:

                            GROMACS is written by:
     Emile Apol      Rossen Apostolov  Herman J.C. Berendsen    Par Bjelkmar   
 Aldert van Buuren   Rudi van Drunen     Anton Feenstra   Sebastian Fritsch 
  Gerrit Groenhof   Christoph Junghans   Anca Hamuraru    Vincent Hindriksen
 Dimitrios Karkoulis    Peter Kasson        Jiri Kraus      Carsten Kutzner  
    Per Larsson      Justin A. Lemkul   Magnus Lundborg   Pieter Meulenhoff 
   Erik Marklund      Teemu Murtola       Szilard Pall       Sander Pronk   
   Roland Schulz     Alexey Shvetsov     Michael Shirts     Alfons Sijbers  
   Peter Tieleman    Teemu Virolainen  Christian Wennberg    Maarten Wolf   
                           and the project leaders:
        Mark Abraham, Berk Hess, Erik Lindahl, and David van der Spoel

Copyright (c) 1991-2000, University of Groningen, The Netherlands.
Copyright (c) 2001-2015, The GROMACS development team at
Uppsala University, Stockholm University and
the Royal Institute of Technology, Sweden.
check out http://www.gromacs.org for more information.

GROMACS is free software; you can redistribute it and/or modify it
under the terms of the GNU Lesser General Public License
as published by the Free Software Foundation; either version 2.1
of the License, or (at your option) any later version.

GROMACS:      gmx mdrun, VERSION 5.1.1
Executable:   /home/bebi/master/04/r04945027/.linuxbrew/bin/../Cellar/gromacs/5.1.1/bin/gmx
Data prefix:  /home/bebi/master/04/r04945027/.linuxbrew/bin/../Cellar/gromacs/5.1.1
Command line:
  gmx mdrun -v -deffnm npt

GROMACS version:    VERSION 5.1.1
Precision:          single
Memory model:       64 bit
MPI library:        thread_mpi
OpenMP support:     enabled (GMX_OPENMP_MAX_THREADS = 32)
GPU support:        disabled
OpenCL support:     disabled
invsqrt routine:    gmx_software_invsqrt(x)
SIMD instructions:  AVX_256
FFT library:        fftw-3.3.4-sse2
RDTSCP usage:       enabled
C++11 compilation:  enabled
TNG support:        enabled
Tracing support:    disabled
Built on:           一  1月 11 00:13:48 CST 2016
Built by:           r04945027@linux6 [CMAKE]
Build OS/arch:      Linux 4.2.0-1-amd64 x86_64
Build CPU vendor:   GenuineIntel
Build CPU brand:    Intel(R) Xeon(R) CPU E5-2620 0 @ 2.00GHz
Build CPU family:   6   Model: 45   Stepping: 7
Build CPU features: aes apic avx clfsh cmov cx8 cx16 htt lahf_lm mmx msr nonstop_tsc pcid pclmuldq pdcm pdpe1gb popcnt pse rdtscp sse2 sse3 sse4.1 sse4.2 ssse3 tdt x2apic
C compiler:         /usr/bin/gcc-5 GNU 5.3.1
C compiler flags:    -mavx   -Os -w -pipe -march=core2  -Wundef -Wextra -Wno-missing-field-initializers -Wno-sign-compare -Wpointer-arith -Wall -Wno-unused -Wunused-value -Wunused-parameter  -DNDEBUG -funroll-all-loops -fexcess-precision=fast  -Wno-array-bounds 
C++ compiler:       /usr/bin/g++-5 GNU 5.3.1
C++ compiler flags:  -mavx   -std=c++0x -Os -w -pipe -march=core2  -Wundef -Wextra -Wno-missing-field-initializers -Wpointer-arith -Wall -Wno-unused-function  -DNDEBUG -funroll-all-loops -fexcess-precision=fast  -Wno-array-bounds 
Boost version:      1.58.0 (external)


Running on 1 node with total 12 cores, 24 logical cores
Hardware detected:
  CPU info:
    Vendor: GenuineIntel
    Brand:  Intel(R) Xeon(R) CPU E5-2620 0 @ 2.00GHz
    Family:  6  model: 45  stepping:  7
    CPU features: aes apic avx clfsh cmov cx8 cx16 htt lahf_lm mmx msr nonstop_tsc pcid pclmuldq pdcm pdpe1gb popcnt pse rdtscp sse2 sse3 sse4.1 sse4.2 ssse3 tdt x2apic
    SIMD instructions most likely to fit this hardware: AVX_256
    SIMD instructions selected at GROMACS compile time: AVX_256


++++ PLEASE READ AND CITE THE FOLLOWING REFERENCE ++++
M. J. Abraham, T. Murtola, R. Schulz, S. Páll, J. C. Smith, B. Hess, E.
Lindahl
GROMACS: High performance molecular simulations through multi-level
parallelism from laptops to supercomputers
SoftwareX 1 (2015) pp. 19-25
-------- -------- --- Thank You --- -------- --------


++++ PLEASE READ AND CITE THE FOLLOWING REFERENCE ++++
S. Páll, M. J. Abraham, C. Kutzner, B. Hess, E. Lindahl
Tackling Exascale Software Challenges in Molecular Dynamics Simulations with
GROMACS
In S. Markidis & E. Laure (Eds.), Solving Software Challenges for Exascale 8759 (2015) pp. 3-27
-------- -------- --- Thank You --- -------- --------


++++ PLEASE READ AND CITE THE FOLLOWING REFERENCE ++++
S. Pronk, S. Páll, R. Schulz, P. Larsson, P. Bjelkmar, R. Apostolov, M. R.
Shirts, J. C. Smith, P. M. Kasson, D. van der Spoel, B. Hess, and E. Lindahl
GROMACS 4.5: a high-throughput and highly parallel open source molecular
simulation toolkit
Bioinformatics 29 (2013) pp. 845-54
-------- -------- --- Thank You --- -------- --------


++++ PLEASE READ AND CITE THE FOLLOWING REFERENCE ++++
B. Hess and C. Kutzner and D. van der Spoel and E. Lindahl
GROMACS 4: Algorithms for highly efficient, load-balanced, and scalable
molecular simulation
J. Chem. Theory Comput. 4 (2008) pp. 435-447
-------- -------- --- Thank You --- -------- --------


++++ PLEASE READ AND CITE THE FOLLOWING REFERENCE ++++
D. van der Spoel, E. Lindahl, B. Hess, G. Groenhof, A. E. Mark and H. J. C.
Berendsen
GROMACS: Fast, Flexible and Free
J. Comp. Chem. 26 (2005) pp. 1701-1719
-------- -------- --- Thank You --- -------- --------


++++ PLEASE READ AND CITE THE FOLLOWING REFERENCE ++++
E. Lindahl and B. Hess and D. van der Spoel
GROMACS 3.0: A package for molecular simulation and trajectory analysis
J. Mol. Mod. 7 (2001) pp. 306-317
-------- -------- --- Thank You --- -------- --------


++++ PLEASE READ AND CITE THE FOLLOWING REFERENCE ++++
H. J. C. Berendsen, D. van der Spoel and R. van Drunen
GROMACS: A message-passing parallel molecular dynamics implementation
Comp. Phys. Comm. 91 (1995) pp. 43-56
-------- -------- --- Thank You --- -------- --------

Changing nstlist from 10 to 25, rlist from 1.4 to 1.429

Input Parameters:
   integrator                     = md
   tinit                          = 0
   dt                             = 0.002
   nsteps                         = 50000
   init-step                      = 0
   simulation-part                = 1
   comm-mode                      = Linear
   nstcomm                        = 100
   bd-fric                        = 0
   ld-seed                        = 1013863428
   emtol                          = 10
   emstep                         = 0.01
   niter                          = 20
   fcstep                         = 0
   nstcgsteep                     = 1000
   nbfgscorr                      = 10
   rtpi                           = 0.05
   nstxout                        = 500
   nstvout                        = 500
   nstfout                        = 0
   nstlog                         = 500
   nstcalcenergy                  = 100
   nstenergy                      = 500
   nstxout-compressed             = 0
   compressed-x-precision         = 1000
   cutoff-scheme                  = Verlet
   nstlist                        = 25
   ns-type                        = Grid
   pbc                            = xyz
   periodic-molecules             = FALSE
   verlet-buffer-tolerance        = 0.005
   rlist                          = 1.429
   rlistlong                      = 1.429
   nstcalclr                      = 10
   coulombtype                    = PME
   coulomb-modifier               = Potential-shift
   rcoulomb-switch                = 0
   rcoulomb                       = 1.4
   epsilon-r                      = 1
   epsilon-rf                     = inf
   vdw-type                       = Cut-off
   vdw-modifier                   = Potential-shift
   rvdw-switch                    = 0
   rvdw                           = 1.4
   DispCorr                       = EnerPres
   table-extension                = 1
   fourierspacing                 = 0.16
   fourier-nx                     = 52
   fourier-ny                     = 52
   fourier-nz                     = 52
   pme-order                      = 4
   ewald-rtol                     = 1e-05
   ewald-rtol-lj                  = 0.001
   lj-pme-comb-rule               = Geometric
   ewald-geometry                 = 0
   epsilon-surface                = 0
   implicit-solvent               = No
   gb-algorithm                   = Still
   nstgbradii                     = 1
   rgbradii                       = 1
   gb-epsilon-solvent             = 80
   gb-saltconc                    = 0
   gb-obc-alpha                   = 1
   gb-obc-beta                    = 0.8
   gb-obc-gamma                   = 4.85
   gb-dielectric-offset           = 0.009
   sa-algorithm                   = Ace-approximation
   sa-surface-tension             = 2.05016
   tcoupl                         = V-rescale
   nsttcouple                     = 10
   nh-chain-length                = 0
   print-nose-hoover-chain-variables = FALSE
   pcoupl                         = Parrinello-Rahman
   pcoupltype                     = Isotropic
   nstpcouple                     = 10
   tau-p                          = 2
   compressibility (3x3):
      compressibility[    0]={ 4.50000e-05,  0.00000e+00,  0.00000e+00}
      compressibility[    1]={ 0.00000e+00,  4.50000e-05,  0.00000e+00}
      compressibility[    2]={ 0.00000e+00,  0.00000e+00,  4.50000e-05}
   ref-p (3x3):
      ref-p[    0]={ 1.00000e+00,  0.00000e+00,  0.00000e+00}
      ref-p[    1]={ 0.00000e+00,  1.00000e+00,  0.00000e+00}
      ref-p[    2]={ 0.00000e+00,  0.00000e+00,  1.00000e+00}
   refcoord-scaling               = COM
   posres-com (3):
      posres-com[0]= 5.02219e-01
      posres-com[1]= 5.00314e-01
      posres-com[2]= 4.97062e-01
   posres-comB (3):
      posres-comB[0]= 5.02219e-01
      posres-comB[1]= 5.00314e-01
      posres-comB[2]= 4.97062e-01
   QMMM                           = FALSE
   QMconstraints                  = 0
   QMMMscheme                     = 0
   MMChargeScaleFactor            = 1
qm-opts:
   ngQM                           = 0
   constraint-algorithm           = Lincs
   continuation                   = TRUE
   Shake-SOR                      = FALSE
   shake-tol                      = 0.0001
   lincs-order                    = 4
   lincs-iter                     = 1
   lincs-warnangle                = 30
   nwall                          = 0
   wall-type                      = 9-3
   wall-r-linpot                  = -1
   wall-atomtype[0]               = -1
   wall-atomtype[1]               = -1
   wall-density[0]                = 0
   wall-density[1]                = 0
   wall-ewald-zfac                = 3
   pull                           = FALSE
   rotation                       = FALSE
   interactiveMD                  = FALSE
   disre                          = No
   disre-weighting                = Conservative
   disre-mixed                    = FALSE
   dr-fc                          = 1000
   dr-tau                         = 0
   nstdisreout                    = 100
   orire-fc                       = 0
   orire-tau                      = 0
   nstorireout                    = 100
   free-energy                    = no
   cos-acceleration               = 0
   deform (3x3):
      deform[    0]={ 0.00000e+00,  0.00000e+00,  0.00000e+00}
      deform[    1]={ 0.00000e+00,  0.00000e+00,  0.00000e+00}
      deform[    2]={ 0.00000e+00,  0.00000e+00,  0.00000e+00}
   simulated-tempering            = FALSE
   E-x:
      n = 0
   E-xt:
      n = 0
   E-y:
      n = 0
   E-yt:
      n = 0
   E-z:
      n = 0
   E-zt:
      n = 0
   swapcoords                     = no
   adress                         = FALSE
   userint1                       = 0
   userint2                       = 0
   userint3                       = 0
   userint4                       = 0
   userreal1                      = 0
   userreal2                      = 0
   userreal3                      = 0
   userreal4                      = 0
grpopts:
   nrdf:     7572.68     64101.3
   ref-t:         300         300
   tau-t:         0.1         0.1
annealing:          No          No
annealing-npoints:           0           0
   acc:	           0           0           0
   nfreeze:           N           N           N
   energygrp-flags[  0]: 0


Initializing Domain Decomposition on 24 ranks
Dynamic load balancing: auto
Will sort the charge groups at every domain (re)decomposition
Initial maximum inter charge-group distances:
    two-body bonded interactions: 0.430 nm, LJ-14, atoms 2335 2338
  multi-body bonded interactions: 0.430 nm, Proper Dih., atoms 2335 2338
Minimum cell size due to bonded interactions: 0.473 nm
Maximum distance for 5 constraints, at 120 deg. angles, all-trans: 0.820 nm
Estimated maximum distance required for P-LINCS: 0.820 nm
This distance will limit the DD cell size, you can override this with -rcon
Guess for relative PME load: 0.08
Will use 20 particle-particle and 4 PME only ranks
This is a guess, check the performance at the end of the log file
Using 4 separate PME ranks, as guessed by mdrun
Scaling the initial minimum size with 1/0.8 (option -dds) = 1.25
Optimizing the DD grid for 20 cells with a minimum initial size of 1.025 nm
The maximum allowed number of cells is: X 6 Y 6 Z 5
Domain decomposition grid 4 x 5 x 1, separate PME ranks 4
PME domain decomposition: 4 x 1 x 1
Interleaving PP and PME ranks
This rank does only particle-particle work.

Domain decomposition rank 0, coordinates 0 0 0

Using 24 MPI threads
Using 1 OpenMP thread per tMPI thread

Will do PME sum in reciprocal space for electrostatic interactions.

++++ PLEASE READ AND CITE THE FOLLOWING REFERENCE ++++
U. Essmann, L. Perera, M. L. Berkowitz, T. Darden, H. Lee and L. G. Pedersen 
A smooth particle mesh Ewald method
J. Chem. Phys. 103 (1995) pp. 8577-8592
-------- -------- --- Thank You --- -------- --------

Will do ordinary reciprocal space Ewald sum.
Using a Gaussian width (1/beta) of 0.448228 nm for Ewald
Cut-off's:   NS: 1.429   Coulomb: 1.4   LJ: 1.4
Long Range LJ corr.: <C6> 4.1091e-04
System total charge: 0.000
Generated table with 1214 data points for Ewald.
Tabscale = 500 points/nm
Generated table with 1214 data points for LJ6.
Tabscale = 500 points/nm
Generated table with 1214 data points for LJ12.
Tabscale = 500 points/nm
Generated table with 1214 data points for 1-4 COUL.
Tabscale = 500 points/nm
Generated table with 1214 data points for 1-4 LJ6.
Tabscale = 500 points/nm
Generated table with 1214 data points for 1-4 LJ12.
Tabscale = 500 points/nm
Potential shift: LJ r^-12: -1.764e-02 r^-6: -1.328e-01, Ewald -1.000e-05
Initialized non-bonded Ewald correction tables, spacing: 1.10e-03 size: 1270


Using AVX_256 4x4 non-bonded kernels

Using full Lennard-Jones parameter combination matrix

Pinning threads with an auto-selected logical core stride of 1

Initializing Parallel LINear Constraint Solver

++++ PLEASE READ AND CITE THE FOLLOWING REFERENCE ++++
B. Hess
P-LINCS: A Parallel Linear Constraint Solver for molecular simulation
J. Chem. Theory Comput. 4 (2008) pp. 116-122
-------- -------- --- Thank You --- -------- --------

The number of constraints is 3902
There are inter charge-group constraints,
will communicate selected coordinates each lincs iteration

++++ PLEASE READ AND CITE THE FOLLOWING REFERENCE ++++
S. Miyamoto and P. A. Kollman
SETTLE: An Analytical Version of the SHAKE and RATTLE Algorithms for Rigid
Water Models
J. Comp. Chem. 13 (1992) pp. 952-962
-------- -------- --- Thank You --- -------- --------


Linking all bonded interactions to atoms

The initial number of communication pulses is: X 1 Y 2
The initial domain decomposition cell size is: X 1.65 nm Y 1.32 nm

The maximum allowed distance for charge groups involved in interactions is:
                 non-bonded interactions           1.429 nm
(the following are initial values, they could change due to box deformation)
            two-body bonded interactions  (-rdd)   1.429 nm
          multi-body bonded interactions  (-rdd)   1.322 nm
  atoms separated by up to 5 constraints  (-rcon)  1.322 nm

When dynamic load balancing gets turned on, these settings will change to:
The maximum number of communication pulses is: X 2 Y 2
The minimum size for domain decomposition cells is 0.876 nm
The requested allowed shrink of DD cells (option -dds) is: 0.80
The allowed shrink of domain decomposition cells is: X 0.53 Y 0.66
The maximum allowed distance for charge groups involved in interactions is:
                 non-bonded interactions           1.429 nm
            two-body bonded interactions  (-rdd)   1.429 nm
          multi-body bonded interactions  (-rdd)   0.876 nm
  atoms separated by up to 5 constraints  (-rcon)  0.876 nm


Making 2D domain decomposition grid 4 x 5 x 1, home cell index 0 0 0

Center of mass motion removal mode is Linear
We have the following groups for center of mass motion removal:
  0:  rest

++++ PLEASE READ AND CITE THE FOLLOWING REFERENCE ++++
G. Bussi, D. Donadio and M. Parrinello
Canonical sampling through velocity rescaling
J. Chem. Phys. 126 (2007) pp. 014101
-------- -------- --- Thank You --- -------- --------

There are: 35873 Atoms
Atom distribution over 20 domains: av 1793 stddev 87 min 1639 max 1872
Initial temperature: 300.868 K

Started mdrun on rank 0 Mon Jan 11 00:53:40 2016
           Step           Time         Lambda
              0        0.00000        0.00000

   Energies (kJ/mol)
       G96Angle    Proper Dih.  Improper Dih.          LJ-14     Coulomb-14
    6.21476e+03    2.46621e+03    1.94028e+03    1.56701e+03    4.06957e+04
        LJ (SR)  Disper. corr.   Coulomb (SR)   Coul. recip. Position Rest.
    6.12612e+04   -2.14998e+03   -6.09401e+05    1.45003e+03    3.80790e-01
      Potential    Kinetic En.   Total Energy    Temperature Pres. DC (bar)
   -4.95955e+05    8.96719e+04   -4.06283e+05    3.00947e+02   -9.51769e+01
 Pressure (bar)   Constr. rmsd
    5.36532e+02    2.01341e-05

DD  step 24 load imb.: force 19.6%  pme mesh/force 0.236

At step 25 the performance loss due to force load imbalance is 6.0 %

NOTE: Turning on dynamic load balancing

DD  step 499  vol min/aver 0.895  load imb.: force 31.5%  pme mesh/force 0.293

           Step           Time         Lambda
            500        1.00000        0.00000

   Energies (kJ/mol)
       G96Angle    Proper Dih.  Improper Dih.          LJ-14     Coulomb-14
    6.07467e+03    2.46751e+03    1.97821e+03    1.48021e+03    4.06445e+04
        LJ (SR)  Disper. corr.   Coulomb (SR)   Coul. recip. Position Rest.
    6.01870e+04   -2.15150e+03   -6.09249e+05    1.40795e+03    1.50870e+03
      Potential    Kinetic En.   Total Energy    Temperature Pres. DC (bar)
   -4.95651e+05    8.92539e+04   -4.06397e+05    2.99545e+02   -9.53118e+01
 Pressure (bar)   Constr. rmsd
    2.91058e+02    2.02061e-05

DD  load balancing is limited by minimum cell size in dimension Y
DD  step 999  vol min/aver 0.808! load imb.: force 25.9%  pme mesh/force 0.244

           Step           Time         Lambda
           1000        2.00000        0.00000

   Energies (kJ/mol)
       G96Angle    Proper Dih.  Improper Dih.          LJ-14     Coulomb-14
    6.27826e+03    2.39187e+03    1.96435e+03    1.38307e+03    4.06605e+04
        LJ (SR)  Disper. corr.   Coulomb (SR)   Coul. recip. Position Rest.
    6.04184e+04   -2.15086e+03   -6.07976e+05    1.41801e+03    1.67423e+03
      Potential    Kinetic En.   Total Energy    Temperature Pres. DC (bar)
   -4.93938e+05    9.00270e+04   -4.03911e+05    3.02139e+02   -9.52545e+01
 Pressure (bar)   Constr. rmsd
    2.83562e+02    1.98172e-05

DD  step 1499  vol min/aver 0.807  load imb.: force 28.5%  pme mesh/force 0.310

           Step           Time         Lambda
           1500        3.00000        0.00000

   Energies (kJ/mol)
       G96Angle    Proper Dih.  Improper Dih.          LJ-14     Coulomb-14
    6.13864e+03    2.46510e+03    1.96521e+03    1.36490e+03    4.06557e+04
        LJ (SR)  Disper. corr.   Coulomb (SR)   Coul. recip. Position Rest.
    5.99091e+04   -2.15785e+03   -6.08789e+05    1.33605e+03    1.65577e+03
      Potential    Kinetic En.   Total Energy    Temperature Pres. DC (bar)
   -4.95457e+05    8.98545e+04   -4.05602e+05    3.01560e+02   -9.58750e+01
 Pressure (bar)   Constr. rmsd
   -1.04070e+02    2.07796e-05

DD  step 1999  vol min/aver 0.726  load imb.: force 25.4%  pme mesh/force 0.354

           Step           Time         Lambda
           2000        4.00000        0.00000

   Energies (kJ/mol)
       G96Angle    Proper Dih.  Improper Dih.          LJ-14     Coulomb-14
    5.98431e+03    2.39675e+03    1.83094e+03    1.35798e+03    4.06411e+04
        LJ (SR)  Disper. corr.   Coulomb (SR)   Coul. recip. Position Rest.
    6.05558e+04   -2.14469e+03   -6.09333e+05    1.47150e+03    1.58256e+03
      Potential    Kinetic En.   Total Energy    Temperature Pres. DC (bar)
   -4.95657e+05    9.00017e+04   -4.05655e+05    3.02054e+02   -9.47096e+01
 Pressure (bar)   Constr. rmsd
    6.56917e+00    2.04545e-05

DD  step 2499  vol min/aver 0.824  load imb.: force 30.5%  pme mesh/force 0.507

           Step           Time         Lambda
           2500        5.00000        0.00000

   Energies (kJ/mol)
       G96Angle    Proper Dih.  Improper Dih.          LJ-14     Coulomb-14
    6.00249e+03    2.50075e+03    1.83517e+03    1.37259e+03    4.07721e+04
        LJ (SR)  Disper. corr.   Coulomb (SR)   Coul. recip. Position Rest.
    6.14556e+04   -2.14891e+03   -6.09543e+05    1.43716e+03    1.57861e+03
      Potential    Kinetic En.   Total Energy    Temperature Pres. DC (bar)
   -4.94737e+05    8.81845e+04   -4.06552e+05    2.95956e+02   -9.50826e+01
 Pressure (bar)   Constr. rmsd
    1.97741e+02    2.01194e-05

DD  step 2999  vol min/aver 0.876  load imb.: force 17.8%  pme mesh/force 0.228

           Step           Time         Lambda
           3000        6.00000        0.00000

   Energies (kJ/mol)
       G96Angle    Proper Dih.  Improper Dih.          LJ-14     Coulomb-14
    6.13817e+03    2.37901e+03    1.96556e+03    1.44587e+03    4.06591e+04
        LJ (SR)  Disper. corr.   Coulomb (SR)   Coul. recip. Position Rest.
    6.09338e+04   -2.15216e+03   -6.10040e+05    1.45929e+03    1.56025e+03
      Potential    Kinetic En.   Total Energy    Temperature Pres. DC (bar)
   -4.95651e+05    8.95862e+04   -4.06065e+05    3.00660e+02   -9.53702e+01
 Pressure (bar)   Constr. rmsd
    2.60451e+02    1.91939e-05

DD  step 3499  vol min/aver 0.873  load imb.: force 19.2%  pme mesh/force 0.368

           Step           Time         Lambda
           3500        7.00000        0.00000

   Energies (kJ/mol)
       G96Angle    Proper Dih.  Improper Dih.          LJ-14     Coulomb-14
    6.10392e+03    2.38455e+03    1.87356e+03    1.33564e+03    4.06832e+04
        LJ (SR)  Disper. corr.   Coulomb (SR)   Coul. recip. Position Rest.
    5.86558e+04   -2.14077e+03   -6.06481e+05    1.39818e+03    1.48456e+03
      Potential    Kinetic En.   Total Energy    Temperature Pres. DC (bar)
   -4.94702e+05    8.94170e+04   -4.05285e+05    3.00092e+02   -9.43636e+01
 Pressure (bar)   Constr. rmsd
   -2.82714e+02    1.92402e-05

DD  step 3999  vol min/aver 0.810  load imb.: force 14.9%  pme mesh/force 0.255

           Step           Time         Lambda
           4000        8.00000        0.00000

   Energies (kJ/mol)
       G96Angle    Proper Dih.  Improper Dih.          LJ-14     Coulomb-14
    6.30142e+03    2.41088e+03    2.05648e+03    1.38951e+03    4.06832e+04
        LJ (SR)  Disper. corr.   Coulomb (SR)   Coul. recip. Position Rest.
    5.90668e+04   -2.15641e+03   -6.06233e+05    1.38326e+03    1.63854e+03
      Potential    Kinetic En.   Total Energy    Temperature Pres. DC (bar)
   -4.93459e+05    9.00879e+04   -4.03371e+05    3.02343e+02   -9.57469e+01
 Pressure (bar)   Constr. rmsd
    1.89401e+02    1.99168e-05

DD  step 4499  vol min/aver 0.855  load imb.: force 27.5%  pme mesh/force 0.216

           Step           Time         Lambda
           4500        9.00000        0.00000

   Energies (kJ/mol)
       G96Angle    Proper Dih.  Improper Dih.          LJ-14     Coulomb-14
    5.84898e+03    2.36606e+03    1.84960e+03    1.38096e+03    4.06916e+04
        LJ (SR)  Disper. corr.   Coulomb (SR)   Coul. recip. Position Rest.
    6.04662e+04   -2.14730e+03   -6.09241e+05    1.36449e+03    1.67839e+03
      Potential    Kinetic En.   Total Energy    Temperature Pres. DC (bar)
   -4.95742e+05    8.99593e+04   -4.05783e+05    3.01912e+02   -9.49402e+01
 Pressure (bar)   Constr. rmsd
   -1.98710e+01    2.03081e-05

DD  step 4999  vol min/aver 0.838  load imb.: force  8.6%  pme mesh/force 0.310

           Step           Time         Lambda
           5000       10.00000        0.00000

   Energies (kJ/mol)
       G96Angle    Proper Dih.  Improper Dih.          LJ-14     Coulomb-14
    5.89520e+03    2.47772e+03    2.02956e+03    1.39133e+03    4.07750e+04
        LJ (SR)  Disper. corr.   Coulomb (SR)   Coul. recip. Position Rest.
    5.96599e+04   -2.14533e+03   -6.08554e+05    1.41725e+03    1.76712e+03
      Potential    Kinetic En.   Total Energy    Temperature Pres. DC (bar)
   -4.95286e+05    8.99000e+04   -4.05386e+05    3.01713e+02   -9.47657e+01
 Pressure (bar)   Constr. rmsd
    9.47966e+01    1.95306e-05

DD  step 5499  vol min/aver 0.814  load imb.: force 12.2%  pme mesh/force 0.389

           Step           Time         Lambda
           5500       11.00000        0.00000

   Energies (kJ/mol)
       G96Angle    Proper Dih.  Improper Dih.          LJ-14     Coulomb-14
    5.98156e+03    2.48133e+03    1.92760e+03    1.45046e+03    4.05796e+04
        LJ (SR)  Disper. corr.   Coulomb (SR)   Coul. recip. Position Rest.
    6.05790e+04   -2.14671e+03   -6.09315e+05    1.40228e+03    1.61878e+03
      Potential    Kinetic En.   Total Energy    Temperature Pres. DC (bar)
   -4.95441e+05    8.90524e+04   -4.06389e+05    2.98868e+02   -9.48880e+01
 Pressure (bar)   Constr. rmsd
    1.29279e+02    1.96857e-05

DD  step 5999  vol min/aver 0.826  load imb.: force 14.2%  pme mesh/force 0.422

           Step           Time         Lambda
           6000       12.00000        0.00000

   Energies (kJ/mol)
       G96Angle    Proper Dih.  Improper Dih.          LJ-14     Coulomb-14
    6.05020e+03    2.47683e+03    1.90851e+03    1.45727e+03    4.05494e+04
        LJ (SR)  Disper. corr.   Coulomb (SR)   Coul. recip. Position Rest.
    5.99432e+04   -2.14474e+03   -6.07780e+05    1.45300e+03    1.72988e+03
      Potential    Kinetic En.   Total Energy    Temperature Pres. DC (bar)
   -4.94356e+05    8.92355e+04   -4.05121e+05    2.99483e+02   -9.47141e+01
 Pressure (bar)   Constr. rmsd
   -1.63266e+02    2.03241e-05

DD  step 6499  vol min/aver 0.861  load imb.: force 12.2%  pme mesh/force 0.294

           Step           Time         Lambda
           6500       13.00000        0.00000

   Energies (kJ/mol)
       G96Angle    Proper Dih.  Improper Dih.          LJ-14     Coulomb-14
    5.87146e+03    2.47696e+03    1.93773e+03    1.44652e+03    4.06446e+04
        LJ (SR)  Disper. corr.   Coulomb (SR)   Coul. recip. Position Rest.
    6.17085e+04   -2.15787e+03   -6.10995e+05    1.42845e+03    1.63864e+03
      Potential    Kinetic En.   Total Energy    Temperature Pres. DC (bar)
   -4.96000e+05    8.93294e+04   -4.06670e+05    2.99798e+02   -9.58763e+01
 Pressure (bar)   Constr. rmsd
    2.38522e+02    2.00394e-05

DD  step 6999  vol min/aver 0.856  load imb.: force 27.3%  pme mesh/force 0.359

           Step           Time         Lambda
           7000       14.00000        0.00000

   Energies (kJ/mol)
       G96Angle    Proper Dih.  Improper Dih.          LJ-14     Coulomb-14
    6.17088e+03    2.58113e+03    1.94889e+03    1.35107e+03    4.06307e+04
        LJ (SR)  Disper. corr.   Coulomb (SR)   Coul. recip. Position Rest.
    6.01225e+04   -2.13636e+03   -6.06745e+05    1.37658e+03    1.66224e+03
      Potential    Kinetic En.   Total Energy    Temperature Pres. DC (bar)
   -4.93037e+05    8.96336e+04   -4.03404e+05    3.00819e+02   -9.39754e+01
 Pressure (bar)   Constr. rmsd
    1.69933e+02    2.09675e-05

DD  step 7499  vol min/aver 0.841  load imb.: force 33.1%  pme mesh/force 0.278

           Step           Time         Lambda
           7500       15.00000        0.00000

   Energies (kJ/mol)
       G96Angle    Proper Dih.  Improper Dih.          LJ-14     Coulomb-14
    6.16517e+03    2.43678e+03    1.97864e+03    1.36741e+03    4.06586e+04
        LJ (SR)  Disper. corr.   Coulomb (SR)   Coul. recip. Position Rest.
    5.88359e+04   -2.13750e+03   -6.06303e+05    1.43843e+03    1.65024e+03
      Potential    Kinetic En.   Total Energy    Temperature Pres. DC (bar)
   -4.93910e+05    9.00496e+04   -4.03860e+05    3.02215e+02   -9.40755e+01
 Pressure (bar)   Constr. rmsd
   -2.98550e+02    2.10563e-05

DD  load balancing is limited by minimum cell size in dimension Y
DD  step 7999  vol min/aver 0.767! load imb.: force 20.2%  pme mesh/force 0.294

           Step           Time         Lambda
           8000       16.00000        0.00000

   Energies (kJ/mol)
       G96Angle    Proper Dih.  Improper Dih.          LJ-14     Coulomb-14
    6.24949e+03    2.49199e+03    1.87660e+03    1.36939e+03    4.06386e+04
        LJ (SR)  Disper. corr.   Coulomb (SR)   Coul. recip. Position Rest.
    5.94692e+04   -2.14154e+03   -6.07157e+05    1.44799e+03    1.60254e+03
      Potential    Kinetic En.   Total Energy    Temperature Pres. DC (bar)
   -4.94152e+05    8.96163e+04   -4.04536e+05    3.00761e+02   -9.44316e+01
 Pressure (bar)   Constr. rmsd
   -2.60263e+02    2.06367e-05

DD  step 8499  vol min/aver 0.829  load imb.: force 16.6%  pme mesh/force 0.307

           Step           Time         Lambda
           8500       17.00000        0.00000

   Energies (kJ/mol)
       G96Angle    Proper Dih.  Improper Dih.          LJ-14     Coulomb-14
    6.12703e+03    2.54362e+03    1.87872e+03    1.39204e+03    4.06087e+04
        LJ (SR)  Disper. corr.   Coulomb (SR)   Coul. recip. Position Rest.
    5.97175e+04   -2.14000e+03   -6.08616e+05    1.36832e+03    1.64414e+03
      Potential    Kinetic En.   Total Energy    Temperature Pres. DC (bar)
   -4.95476e+05    8.92412e+04   -4.06235e+05    2.99502e+02   -9.42955e+01
 Pressure (bar)   Constr. rmsd
   -5.71990e+01    2.00616e-05

DD  step 8999  vol min/aver 0.786  load imb.: force 16.3%  pme mesh/force 0.324

           Step           Time         Lambda
           9000       18.00000        0.00000

   Energies (kJ/mol)
       G96Angle    Proper Dih.  Improper Dih.          LJ-14     Coulomb-14
    6.04562e+03    2.46839e+03    1.91058e+03    1.29774e+03    4.06641e+04
        LJ (SR)  Disper. corr.   Coulomb (SR)   Coul. recip. Position Rest.
    6.08784e+04   -2.14461e+03   -6.08965e+05    1.40010e+03    1.62637e+03
      Potential    Kinetic En.   Total Energy    Temperature Pres. DC (bar)
   -4.94818e+05    8.99726e+04   -4.04846e+05    3.01957e+02   -9.47020e+01
 Pressure (bar)   Constr. rmsd
    8.56306e+01    2.02576e-05

DD  step 9499  vol min/aver 0.812  load imb.: force 17.2%  pme mesh/force 0.310

           Step           Time         Lambda
           9500       19.00000        0.00000

   Energies (kJ/mol)
       G96Angle    Proper Dih.  Improper Dih.          LJ-14     Coulomb-14
    6.24546e+03    2.41830e+03    1.88452e+03    1.38813e+03    4.06267e+04
        LJ (SR)  Disper. corr.   Coulomb (SR)   Coul. recip. Position Rest.
    5.80785e+04   -2.13427e+03   -6.04552e+05    1.45939e+03    1.66872e+03
      Potential    Kinetic En.   Total Energy    Temperature Pres. DC (bar)
   -4.92916e+05    8.92272e+04   -4.03689e+05    2.99455e+02   -9.37917e+01
 Pressure (bar)   Constr. rmsd
   -4.52643e+01    1.97647e-05

DD  step 9999  vol min/aver 0.818  load imb.: force 20.4%  pme mesh/force 0.385

           Step           Time         Lambda
          10000       20.00000        0.00000

   Energies (kJ/mol)
       G96Angle    Proper Dih.  Improper Dih.          LJ-14     Coulomb-14
    6.22358e+03    2.50880e+03    2.03032e+03    1.24022e+03    4.05359e+04
        LJ (SR)  Disper. corr.   Coulomb (SR)   Coul. recip. Position Rest.
    5.99970e+04   -2.13211e+03   -6.07881e+05    1.42021e+03    1.69248e+03
      Potential    Kinetic En.   Total Energy    Temperature Pres. DC (bar)
   -4.94365e+05    8.95241e+04   -4.04840e+05    3.00451e+02   -9.36016e+01
 Pressure (bar)   Constr. rmsd
   -1.95945e+02    2.06033e-05

DD  step 10499  vol min/aver 0.850  load imb.: force 25.2%  pme mesh/force 0.325

           Step           Time         Lambda
          10500       21.00000        0.00000

   Energies (kJ/mol)
       G96Angle    Proper Dih.  Improper Dih.          LJ-14     Coulomb-14
    6.03599e+03    2.44347e+03    1.96651e+03    1.31028e+03    4.07059e+04
        LJ (SR)  Disper. corr.   Coulomb (SR)   Coul. recip. Position Rest.
    5.99148e+04   -2.14300e+03   -6.08268e+05    1.42019e+03    1.63013e+03
      Potential    Kinetic En.   Total Energy    Temperature Pres. DC (bar)
   -4.94984e+05    8.84135e+04   -4.06571e+05    2.96724e+02   -9.45599e+01
 Pressure (bar)   Constr. rmsd
    1.94954e+02    1.94621e-05

DD  step 10999  vol min/aver 0.792  load imb.: force 16.7%  pme mesh/force 0.325

           Step           Time         Lambda
          11000       22.00000        0.00000

   Energies (kJ/mol)
       G96Angle    Proper Dih.  Improper Dih.          LJ-14     Coulomb-14
    6.13123e+03    2.47186e+03    1.93214e+03    1.41421e+03    4.07784e+04
        LJ (SR)  Disper. corr.   Coulomb (SR)   Coul. recip. Position Rest.
    5.99323e+04   -2.14608e+03   -6.09040e+05    1.40210e+03    1.67254e+03
      Potential    Kinetic En.   Total Energy    Temperature Pres. DC (bar)
   -4.95452e+05    8.93745e+04   -4.06077e+05    2.99949e+02   -9.48319e+01
 Pressure (bar)   Constr. rmsd
   -3.68927e+01    1.97378e-05

DD  step 11499  vol min/aver 0.857  load imb.: force 20.9%  pme mesh/force 0.337

           Step           Time         Lambda
          11500       23.00000        0.00000

   Energies (kJ/mol)
       G96Angle    Proper Dih.  Improper Dih.          LJ-14     Coulomb-14
    6.23364e+03    2.34980e+03    1.93070e+03    1.44523e+03    4.05616e+04
        LJ (SR)  Disper. corr.   Coulomb (SR)   Coul. recip. Position Rest.
    5.97632e+04   -2.13720e+03   -6.08015e+05    1.37860e+03    1.58834e+03
      Potential    Kinetic En.   Total Energy    Temperature Pres. DC (bar)
   -4.94901e+05    8.91234e+04   -4.05778e+05    2.99107e+02   -9.40490e+01
 Pressure (bar)   Constr. rmsd
    3.10395e+00    1.99065e-05

DD  step 11999  vol min/aver 0.817  load imb.: force 10.0%  pme mesh/force 0.387

           Step           Time         Lambda
          12000       24.00000        0.00000

   Energies (kJ/mol)
       G96Angle    Proper Dih.  Improper Dih.          LJ-14     Coulomb-14
    6.15302e+03    2.44662e+03    1.94165e+03    1.32113e+03    4.06340e+04
        LJ (SR)  Disper. corr.   Coulomb (SR)   Coul. recip. Position Rest.
    5.95158e+04   -2.14300e+03   -6.07628e+05    1.41908e+03    1.59014e+03
      Potential    Kinetic En.   Total Energy    Temperature Pres. DC (bar)
   -4.94750e+05    8.96175e+04   -4.05132e+05    3.00765e+02   -9.45606e+01
 Pressure (bar)   Constr. rmsd
    2.57967e+01    1.99592e-05

DD  step 12499  vol min/aver 0.804  load imb.: force 15.4%  pme mesh/force 0.293

           Step           Time         Lambda
          12500       25.00000        0.00000

   Energies (kJ/mol)
       G96Angle    Proper Dih.  Improper Dih.          LJ-14     Coulomb-14
    6.17738e+03    2.44095e+03    1.92667e+03    1.40597e+03    4.06810e+04
        LJ (SR)  Disper. corr.   Coulomb (SR)   Coul. recip. Position Rest.
    6.07125e+04   -2.14314e+03   -6.08681e+05    1.38240e+03    1.71542e+03
      Potential    Kinetic En.   Total Energy    Temperature Pres. DC (bar)
   -4.94382e+05    9.01639e+04   -4.04218e+05    3.02599e+02   -9.45722e+01
 Pressure (bar)   Constr. rmsd
    2.00296e+02    2.01008e-05

DD  step 12999  vol min/aver 0.847  load imb.: force 25.7%  pme mesh/force 0.316

           Step           Time         Lambda
          13000       26.00000        0.00000

   Energies (kJ/mol)
       G96Angle    Proper Dih.  Improper Dih.          LJ-14     Coulomb-14
    5.84843e+03    2.48493e+03    1.94557e+03    1.53239e+03    4.07358e+04
        LJ (SR)  Disper. corr.   Coulomb (SR)   Coul. recip. Position Rest.
    5.99271e+04   -2.13806e+03   -6.08208e+05    1.42409e+03    1.64883e+03
      Potential    Kinetic En.   Total Energy    Temperature Pres. DC (bar)
   -4.94799e+05    8.98627e+04   -4.04936e+05    3.01588e+02   -9.41246e+01
 Pressure (bar)   Constr. rmsd
    1.24496e+02    1.87218e-05

DD  step 13499  vol min/aver 0.785  load imb.: force 12.5%  pme mesh/force 0.323

           Step           Time         Lambda
          13500       27.00000        0.00000

   Energies (kJ/mol)
       G96Angle    Proper Dih.  Improper Dih.          LJ-14     Coulomb-14
    6.39241e+03    2.53224e+03    1.95604e+03    1.25322e+03    4.06205e+04
        LJ (SR)  Disper. corr.   Coulomb (SR)   Coul. recip. Position Rest.
    6.04840e+04   -2.15375e+03   -6.09219e+05    1.38732e+03    1.62008e+03
      Potential    Kinetic En.   Total Energy    Temperature Pres. DC (bar)
   -4.95127e+05    8.94848e+04   -4.05642e+05    3.00319e+02   -9.55111e+01
 Pressure (bar)   Constr. rmsd
    9.27231e+01    2.01650e-05

DD  step 13999  vol min/aver 0.827  load imb.: force 11.5%  pme mesh/force 0.349

           Step           Time         Lambda
          14000       28.00000        0.00000

   Energies (kJ/mol)
       G96Angle    Proper Dih.  Improper Dih.          LJ-14     Coulomb-14
    6.07761e+03    2.44158e+03    1.99739e+03    1.38216e+03    4.06568e+04
        LJ (SR)  Disper. corr.   Coulomb (SR)   Coul. recip. Position Rest.
    5.99957e+04   -2.14504e+03   -6.08150e+05    1.42398e+03    1.70753e+03
      Potential    Kinetic En.   Total Energy    Temperature Pres. DC (bar)
   -4.94612e+05    8.88550e+04   -4.05758e+05    2.98206e+02   -9.47405e+01
 Pressure (bar)   Constr. rmsd
    5.46591e+01    2.00471e-05

DD  step 14499  vol min/aver 0.822  load imb.: force 26.2%  pme mesh/force 0.356

           Step           Time         Lambda
          14500       29.00000        0.00000

   Energies (kJ/mol)
       G96Angle    Proper Dih.  Improper Dih.          LJ-14     Coulomb-14
    6.12880e+03    2.45039e+03    1.86179e+03    1.36796e+03    4.07468e+04
        LJ (SR)  Disper. corr.   Coulomb (SR)   Coul. recip. Position Rest.
    5.97552e+04   -2.13891e+03   -6.08093e+05    1.41051e+03    1.67568e+03
      Potential    Kinetic En.   Total Energy    Temperature Pres. DC (bar)
   -4.94835e+05    8.90905e+04   -4.05745e+05    2.98996e+02   -9.42001e+01
 Pressure (bar)   Constr. rmsd
    2.73401e+01    1.97204e-05

Writing checkpoint, step 14775 at Mon Jan 11 01:08:40 2016


DD  step 14999  vol min/aver 0.801  load imb.: force 26.7%  pme mesh/force 0.361

           Step           Time         Lambda
          15000       30.00000        0.00000

   Energies (kJ/mol)
       G96Angle    Proper Dih.  Improper Dih.          LJ-14     Coulomb-14
    6.19053e+03    2.41290e+03    1.91223e+03    1.27630e+03    4.07555e+04
        LJ (SR)  Disper. corr.   Coulomb (SR)   Coul. recip. Position Rest.
    5.99557e+04   -2.13959e+03   -6.08887e+05    1.41783e+03    1.67276e+03
      Potential    Kinetic En.   Total Energy    Temperature Pres. DC (bar)
   -4.95432e+05    8.96860e+04   -4.05746e+05    3.00995e+02   -9.42597e+01
 Pressure (bar)   Constr. rmsd
   -1.00656e+02    2.04845e-05

DD  step 15499  vol min/aver 0.831  load imb.: force 20.0%  pme mesh/force 0.322

           Step           Time         Lambda
          15500       31.00000        0.00000

   Energies (kJ/mol)
       G96Angle    Proper Dih.  Improper Dih.          LJ-14     Coulomb-14
    6.24177e+03    2.40365e+03    1.92538e+03    1.30019e+03    4.06011e+04
        LJ (SR)  Disper. corr.   Coulomb (SR)   Coul. recip. Position Rest.
    6.01363e+04   -2.13710e+03   -6.08168e+05    1.41344e+03    1.68692e+03
      Potential    Kinetic En.   Total Energy    Temperature Pres. DC (bar)
   -4.94596e+05    8.90481e+04   -4.05548e+05    2.98854e+02   -9.40404e+01
 Pressure (bar)   Constr. rmsd
    3.71280e+01    2.04388e-05

DD  step 15999  vol min/aver 0.866  load imb.: force 27.0%  pme mesh/force 0.341

           Step           Time         Lambda
          16000       32.00000        0.00000

   Energies (kJ/mol)
       G96Angle    Proper Dih.  Improper Dih.          LJ-14     Coulomb-14
    5.89404e+03    2.48855e+03    1.92150e+03    1.40834e+03    4.07244e+04
        LJ (SR)  Disper. corr.   Coulomb (SR)   Coul. recip. Position Rest.
    5.99031e+04   -2.14274e+03   -6.08699e+05    1.37771e+03    1.62916e+03
      Potential    Kinetic En.   Total Energy    Temperature Pres. DC (bar)
   -4.95495e+05    8.91470e+04   -4.06348e+05    2.99186e+02   -9.45374e+01
 Pressure (bar)   Constr. rmsd
   -1.41074e+02    1.97714e-05

DD  step 16499  vol min/aver 0.821  load imb.: force 20.9%  pme mesh/force 0.350

           Step           Time         Lambda
          16500       33.00000        0.00000

   Energies (kJ/mol)
       G96Angle    Proper Dih.  Improper Dih.          LJ-14     Coulomb-14
    5.93916e+03    2.42901e+03    1.95240e+03    1.36665e+03    4.06874e+04
        LJ (SR)  Disper. corr.   Coulomb (SR)   Coul. recip. Position Rest.
    5.95281e+04   -2.13969e+03   -6.08263e+05    1.41057e+03    1.59957e+03
      Potential    Kinetic En.   Total Energy    Temperature Pres. DC (bar)
   -4.95490e+05    8.89823e+04   -4.06508e+05    2.98633e+02   -9.42688e+01
 Pressure (bar)   Constr. rmsd
   -1.15796e+02    1.99634e-05

DD  load balancing is limited by minimum cell size in dimension Y
DD  step 16999  vol min/aver 0.842! load imb.: force 20.1%  pme mesh/force 0.431

           Step           Time         Lambda
          17000       34.00000        0.00000

   Energies (kJ/mol)
       G96Angle    Proper Dih.  Improper Dih.          LJ-14     Coulomb-14
    5.98069e+03    2.52301e+03    1.93740e+03    1.35234e+03    4.06667e+04
        LJ (SR)  Disper. corr.   Coulomb (SR)   Coul. recip. Position Rest.
    6.03937e+04   -2.14455e+03   -6.07821e+05    1.30005e+03    1.69728e+03
      Potential    Kinetic En.   Total Energy    Temperature Pres. DC (bar)
   -4.94114e+05    8.96949e+04   -4.04419e+05    3.01024e+02   -9.46966e+01
 Pressure (bar)   Constr. rmsd
    2.53344e+02    2.01960e-05

DD  step 17499  vol min/aver 0.778  load imb.: force 17.1%  pme mesh/force 0.409

           Step           Time         Lambda
          17500       35.00000        0.00000

   Energies (kJ/mol)
       G96Angle    Proper Dih.  Improper Dih.          LJ-14     Coulomb-14
    5.89081e+03    2.38916e+03    1.90954e+03    1.40343e+03    4.06713e+04
        LJ (SR)  Disper. corr.   Coulomb (SR)   Coul. recip. Position Rest.
    6.01123e+04   -2.14245e+03   -6.07757e+05    1.37268e+03    1.60539e+03
      Potential    Kinetic En.   Total Energy    Temperature Pres. DC (bar)
   -4.94545e+05    8.96596e+04   -4.04885e+05    3.00906e+02   -9.45120e+01
 Pressure (bar)   Constr. rmsd
    9.57921e+01    1.97666e-05

DD  step 17999  vol min/aver 0.834  load imb.: force 25.7%  pme mesh/force 0.315

           Step           Time         Lambda
          18000       36.00000        0.00000

   Energies (kJ/mol)
       G96Angle    Proper Dih.  Improper Dih.          LJ-14     Coulomb-14
    5.98957e+03    2.40874e+03    1.85722e+03    1.40340e+03    4.07354e+04
        LJ (SR)  Disper. corr.   Coulomb (SR)   Coul. recip. Position Rest.
    5.93474e+04   -2.13850e+03   -6.07043e+05    1.44366e+03    1.63489e+03
      Potential    Kinetic En.   Total Energy    Temperature Pres. DC (bar)
   -4.94361e+05    8.89352e+04   -4.05426e+05    2.98475e+02   -9.41637e+01
 Pressure (bar)   Constr. rmsd
    1.71645e+00    1.97050e-05

DD  step 18499  vol min/aver 0.779  load imb.: force 19.2%  pme mesh/force 0.459

           Step           Time         Lambda
          18500       37.00000        0.00000

   Energies (kJ/mol)
       G96Angle    Proper Dih.  Improper Dih.          LJ-14     Coulomb-14
    5.90114e+03    2.44528e+03    1.94895e+03    1.40855e+03    4.07532e+04
        LJ (SR)  Disper. corr.   Coulomb (SR)   Coul. recip. Position Rest.
    6.18936e+04   -2.14967e+03   -6.11518e+05    1.39593e+03    1.64260e+03
      Potential    Kinetic En.   Total Energy    Temperature Pres. DC (bar)
   -4.96278e+05    8.94214e+04   -4.06857e+05    3.00107e+02   -9.51498e+01
 Pressure (bar)   Constr. rmsd
    3.53899e+02    1.92923e-05

DD  step 18999  vol min/aver 0.857  load imb.: force 15.1%  pme mesh/force 0.294

           Step           Time         Lambda
          19000       38.00000        0.00000

   Energies (kJ/mol)
       G96Angle    Proper Dih.  Improper Dih.          LJ-14     Coulomb-14
    6.12850e+03    2.40746e+03    1.88039e+03    1.28154e+03    4.06805e+04
        LJ (SR)  Disper. corr.   Coulomb (SR)   Coul. recip. Position Rest.
    6.00329e+04   -2.13931e+03   -6.07567e+05    1.44334e+03    1.67380e+03
      Potential    Kinetic En.   Total Energy    Temperature Pres. DC (bar)
   -4.94178e+05    8.92638e+04   -4.04914e+05    2.99578e+02   -9.42353e+01
 Pressure (bar)   Constr. rmsd
   -2.36158e+01    2.08480e-05

DD  step 19499  vol min/aver 0.909  load imb.: force 13.1%  pme mesh/force 0.415

           Step           Time         Lambda
          19500       39.00000        0.00000

   Energies (kJ/mol)
       G96Angle    Proper Dih.  Improper Dih.          LJ-14     Coulomb-14
    5.93229e+03    2.45483e+03    1.90110e+03    1.41083e+03    4.06511e+04
        LJ (SR)  Disper. corr.   Coulomb (SR)   Coul. recip. Position Rest.
    6.11508e+04   -2.15028e+03   -6.10574e+05    1.47268e+03    1.67721e+03
      Potential    Kinetic En.   Total Energy    Temperature Pres. DC (bar)
   -4.96073e+05    8.93927e+04   -4.06681e+05    3.00010e+02   -9.52036e+01
 Pressure (bar)   Constr. rmsd
    2.16974e+02    2.01521e-05

DD  step 19999  vol min/aver 0.779  load imb.: force 27.4%  pme mesh/force 0.235

           Step           Time         Lambda
          20000       40.00000        0.00000

   Energies (kJ/mol)
       G96Angle    Proper Dih.  Improper Dih.          LJ-14     Coulomb-14
    6.03869e+03    2.35392e+03    1.88807e+03    1.33529e+03    4.06548e+04
        LJ (SR)  Disper. corr.   Coulomb (SR)   Coul. recip. Position Rest.
    6.02890e+04   -2.15497e+03   -6.09169e+05    1.45743e+03    1.60053e+03
      Potential    Kinetic En.   Total Energy    Temperature Pres. DC (bar)
   -4.95706e+05    8.94949e+04   -4.06211e+05    3.00353e+02   -9.56193e+01
 Pressure (bar)   Constr. rmsd
    1.63236e+02    1.98682e-05

DD  step 20499  vol min/aver 0.817  load imb.: force 20.1%  pme mesh/force 0.231

           Step           Time         Lambda
          20500       41.00000        0.00000

   Energies (kJ/mol)
       G96Angle    Proper Dih.  Improper Dih.          LJ-14     Coulomb-14
    6.03821e+03    2.40873e+03    1.89303e+03    1.36734e+03    4.08260e+04
        LJ (SR)  Disper. corr.   Coulomb (SR)   Coul. recip. Position Rest.
    5.92363e+04   -2.15354e+03   -6.07710e+05    1.42620e+03    1.71543e+03
      Potential    Kinetic En.   Total Energy    Temperature Pres. DC (bar)
   -4.94953e+05    8.96668e+04   -4.05286e+05    3.00930e+02   -9.54922e+01
 Pressure (bar)   Constr. rmsd
    8.98363e+01    1.99833e-05

DD  step 20999  vol min/aver 0.851  load imb.: force 13.4%  pme mesh/force 0.323

           Step           Time         Lambda
          21000       42.00000        0.00000

   Energies (kJ/mol)
       G96Angle    Proper Dih.  Improper Dih.          LJ-14     Coulomb-14
    5.97287e+03    2.38275e+03    1.90129e+03    1.44589e+03    4.07502e+04
        LJ (SR)  Disper. corr.   Coulomb (SR)   Coul. recip. Position Rest.
    5.97929e+04   -2.14231e+03   -6.08324e+05    1.43474e+03    1.66776e+03
      Potential    Kinetic En.   Total Energy    Temperature Pres. DC (bar)
   -4.95118e+05    8.99019e+04   -4.05216e+05    3.01719e+02   -9.44993e+01
 Pressure (bar)   Constr. rmsd
   -8.88532e+01    1.98104e-05

DD  step 21499  vol min/aver 0.861  load imb.: force 25.2%  pme mesh/force 0.453

           Step           Time         Lambda
          21500       43.00000        0.00000

   Energies (kJ/mol)
       G96Angle    Proper Dih.  Improper Dih.          LJ-14     Coulomb-14
    5.86355e+03    2.35107e+03    1.90403e+03    1.46607e+03    4.07766e+04
        LJ (SR)  Disper. corr.   Coulomb (SR)   Coul. recip. Position Rest.
    5.98549e+04   -2.14360e+03   -6.09074e+05    1.42356e+03    1.61537e+03
      Potential    Kinetic En.   Total Energy    Temperature Pres. DC (bar)
   -4.95962e+05    8.92931e+04   -4.06669e+05    2.99676e+02   -9.46131e+01
 Pressure (bar)   Constr. rmsd
   -1.93646e+01    1.96573e-05

DD  step 21999  vol min/aver 0.818  load imb.: force 32.8%  pme mesh/force 0.341

           Step           Time         Lambda
          22000       44.00000        0.00000

   Energies (kJ/mol)
       G96Angle    Proper Dih.  Improper Dih.          LJ-14     Coulomb-14
    6.23832e+03    2.42565e+03    1.96518e+03    1.32660e+03    4.06426e+04
        LJ (SR)  Disper. corr.   Coulomb (SR)   Coul. recip. Position Rest.
    6.00187e+04   -2.13993e+03   -6.08671e+05    1.39197e+03    1.62913e+03
      Potential    Kinetic En.   Total Energy    Temperature Pres. DC (bar)
   -4.95173e+05    8.92065e+04   -4.05966e+05    2.99385e+02   -9.42897e+01
 Pressure (bar)   Constr. rmsd
    2.07749e+01    1.91406e-05

DD  step 22499  vol min/aver 0.891  load imb.: force 13.0%  pme mesh/force 0.416

           Step           Time         Lambda
          22500       45.00000        0.00000

   Energies (kJ/mol)
       G96Angle    Proper Dih.  Improper Dih.          LJ-14     Coulomb-14
    6.14436e+03    2.49474e+03    1.93109e+03    1.33660e+03    4.06085e+04
        LJ (SR)  Disper. corr.   Coulomb (SR)   Coul. recip. Position Rest.
    6.08277e+04   -2.14869e+03   -6.09198e+05    1.40036e+03    1.63662e+03
      Potential    Kinetic En.   Total Energy    Temperature Pres. DC (bar)
   -4.94966e+05    8.90263e+04   -4.05940e+05    2.98781e+02   -9.50630e+01
 Pressure (bar)   Constr. rmsd
   -6.83282e+01    1.95611e-05

DD  step 22999  vol min/aver 0.724  load imb.: force 24.3%  pme mesh/force 0.317

           Step           Time         Lambda
          23000       46.00000        0.00000

   Energies (kJ/mol)
       G96Angle    Proper Dih.  Improper Dih.          LJ-14     Coulomb-14
    5.89083e+03    2.42880e+03    1.85495e+03    1.50544e+03    4.05296e+04
        LJ (SR)  Disper. corr.   Coulomb (SR)   Coul. recip. Position Rest.
    5.95291e+04   -2.14176e+03   -6.08345e+05    1.44056e+03    1.57844e+03
      Potential    Kinetic En.   Total Energy    Temperature Pres. DC (bar)
   -4.95729e+05    8.87951e+04   -4.06934e+05    2.98005e+02   -9.44508e+01
 Pressure (bar)   Constr. rmsd
   -4.36726e+01    2.03562e-05

DD  step 23499  vol min/aver 0.845  load imb.: force 14.1%  pme mesh/force 0.297

           Step           Time         Lambda
          23500       47.00000        0.00000

   Energies (kJ/mol)
       G96Angle    Proper Dih.  Improper Dih.          LJ-14     Coulomb-14
    6.01037e+03    2.41877e+03    1.90473e+03    1.37785e+03    4.06543e+04
        LJ (SR)  Disper. corr.   Coulomb (SR)   Coul. recip. Position Rest.
    6.06912e+04   -2.14859e+03   -6.10181e+05    1.38576e+03    1.68696e+03
      Potential    Kinetic En.   Total Energy    Temperature Pres. DC (bar)
   -4.96199e+05    8.94342e+04   -4.06765e+05    3.00150e+02   -9.50536e+01
 Pressure (bar)   Constr. rmsd
    6.76512e+01    2.13113e-05

DD  step 23999  vol min/aver 0.819  load imb.: force 19.7%  pme mesh/force 0.237

           Step           Time         Lambda
          24000       48.00000        0.00000

   Energies (kJ/mol)
       G96Angle    Proper Dih.  Improper Dih.          LJ-14     Coulomb-14
    6.07738e+03    2.44420e+03    1.82611e+03    1.43950e+03    4.06355e+04
        LJ (SR)  Disper. corr.   Coulomb (SR)   Coul. recip. Position Rest.
    6.07668e+04   -2.15157e+03   -6.11296e+05    1.46233e+03    1.54158e+03
      Potential    Kinetic En.   Total Energy    Temperature Pres. DC (bar)
   -4.97254e+05    9.06089e+04   -4.06645e+05    3.04092e+02   -9.53181e+01
 Pressure (bar)   Constr. rmsd
    1.01975e+02    2.01870e-05

DD  step 24499  vol min/aver 0.858  load imb.: force 25.3%  pme mesh/force 0.319

           Step           Time         Lambda
          24500       49.00000        0.00000

   Energies (kJ/mol)
       G96Angle    Proper Dih.  Improper Dih.          LJ-14     Coulomb-14
    6.04840e+03    2.39286e+03    1.84915e+03    1.43503e+03    4.07045e+04
        LJ (SR)  Disper. corr.   Coulomb (SR)   Coul. recip. Position Rest.
    5.95990e+04   -2.14987e+03   -6.08285e+05    1.44712e+03    1.60540e+03
      Potential    Kinetic En.   Total Energy    Temperature Pres. DC (bar)
   -4.95353e+05    8.86806e+04   -4.06672e+05    2.97620e+02   -9.51673e+01
 Pressure (bar)   Constr. rmsd
    1.07632e+02    1.91358e-05

DD  step 24999  vol min/aver 0.768  load imb.: force 15.3%  pme mesh/force 0.355

           Step           Time         Lambda
          25000       50.00000        0.00000

   Energies (kJ/mol)
       G96Angle    Proper Dih.  Improper Dih.          LJ-14     Coulomb-14
    6.29649e+03    2.39004e+03    1.92440e+03    1.44299e+03    4.06653e+04
        LJ (SR)  Disper. corr.   Coulomb (SR)   Coul. recip. Position Rest.
    5.92829e+04   -2.15354e+03   -6.08226e+05    1.41125e+03    1.69523e+03
      Potential    Kinetic En.   Total Energy    Temperature Pres. DC (bar)
   -4.95270e+05    8.93783e+04   -4.05892e+05    2.99962e+02   -9.54921e+01
 Pressure (bar)   Constr. rmsd
    1.08587e+02    1.86755e-05

DD  step 25499  vol min/aver 0.832  load imb.: force 12.0%  pme mesh/force 0.374

           Step           Time         Lambda
          25500       51.00000        0.00000

   Energies (kJ/mol)
       G96Angle    Proper Dih.  Improper Dih.          LJ-14     Coulomb-14
    6.02593e+03    2.47935e+03    1.92627e+03    1.37299e+03    4.07829e+04
        LJ (SR)  Disper. corr.   Coulomb (SR)   Coul. recip. Position Rest.
    5.94248e+04   -2.15415e+03   -6.08492e+05    1.38619e+03    1.64083e+03
      Potential    Kinetic En.   Total Energy    Temperature Pres. DC (bar)
   -4.95607e+05    8.91832e+04   -4.06424e+05    2.99307e+02   -9.55464e+01
 Pressure (bar)   Constr. rmsd
   -6.53164e+01    2.02661e-05

DD  step 25999  vol min/aver 0.795  load imb.: force 18.3%  pme mesh/force 0.393

           Step           Time         Lambda
          26000       52.00000        0.00000

   Energies (kJ/mol)
       G96Angle    Proper Dih.  Improper Dih.          LJ-14     Coulomb-14
    5.97899e+03    2.46709e+03    2.03453e+03    1.37321e+03    4.06508e+04
        LJ (SR)  Disper. corr.   Coulomb (SR)   Coul. recip. Position Rest.
    6.03062e+04   -2.14424e+03   -6.10092e+05    1.46001e+03    1.60887e+03
      Potential    Kinetic En.   Total Energy    Temperature Pres. DC (bar)
   -4.96356e+05    8.89306e+04   -4.07425e+05    2.98459e+02   -9.46696e+01
 Pressure (bar)   Constr. rmsd
    5.29917e+01    1.96545e-05

DD  step 26499  vol min/aver 0.713  load imb.: force 29.0%  pme mesh/force 0.484

           Step           Time         Lambda
          26500       53.00000        0.00000

   Energies (kJ/mol)
       G96Angle    Proper Dih.  Improper Dih.          LJ-14     Coulomb-14
    6.09069e+03    2.48940e+03    2.00734e+03    1.38241e+03    4.06845e+04
        LJ (SR)  Disper. corr.   Coulomb (SR)   Coul. recip. Position Rest.
    5.97787e+04   -2.14212e+03   -6.08659e+05    1.37139e+03    1.67096e+03
      Potential    Kinetic En.   Total Energy    Temperature Pres. DC (bar)
   -4.95326e+05    8.91209e+04   -4.06205e+05    2.99098e+02   -9.44826e+01
 Pressure (bar)   Constr. rmsd
   -5.49306e+01    2.00883e-05

DD  step 26999  vol min/aver 0.801  load imb.: force 15.6%  pme mesh/force 0.279

           Step           Time         Lambda
          27000       54.00000        0.00000

   Energies (kJ/mol)
       G96Angle    Proper Dih.  Improper Dih.          LJ-14     Coulomb-14
    6.01489e+03    2.46059e+03    1.97124e+03    1.36331e+03    4.06178e+04
        LJ (SR)  Disper. corr.   Coulomb (SR)   Coul. recip. Position Rest.
    6.02518e+04   -2.14352e+03   -6.07925e+05    1.40525e+03    1.67782e+03
      Potential    Kinetic En.   Total Energy    Temperature Pres. DC (bar)
   -4.94306e+05    8.94932e+04   -4.04812e+05    3.00348e+02   -9.46060e+01
 Pressure (bar)   Constr. rmsd
   -3.47361e+01    2.15259e-05

DD  step 27499  vol min/aver 0.908  load imb.: force 20.4%  pme mesh/force 0.340

           Step           Time         Lambda
          27500       55.00000        0.00000

   Energies (kJ/mol)
       G96Angle    Proper Dih.  Improper Dih.          LJ-14     Coulomb-14
    6.14662e+03    2.45439e+03    1.87448e+03    1.32537e+03    4.07899e+04
        LJ (SR)  Disper. corr.   Coulomb (SR)   Coul. recip. Position Rest.
    5.98278e+04   -2.14924e+03   -6.08619e+05    1.45984e+03    1.62511e+03
      Potential    Kinetic En.   Total Energy    Temperature Pres. DC (bar)
   -4.95265e+05    8.93655e+04   -4.05899e+05    2.99919e+02   -9.51111e+01
 Pressure (bar)   Constr. rmsd
   -8.52423e+01    2.07145e-05

DD  step 27999  vol min/aver 0.889  load imb.: force 23.4%  pme mesh/force 0.341

           Step           Time         Lambda
          28000       56.00000        0.00000

   Energies (kJ/mol)
       G96Angle    Proper Dih.  Improper Dih.          LJ-14     Coulomb-14
    5.96563e+03    2.37571e+03    1.95471e+03    1.34215e+03    4.06725e+04
        LJ (SR)  Disper. corr.   Coulomb (SR)   Coul. recip. Position Rest.
    5.92342e+04   -2.13755e+03   -6.07790e+05    1.39594e+03    1.58732e+03
      Potential    Kinetic En.   Total Energy    Temperature Pres. DC (bar)
   -4.95400e+05    8.93360e+04   -4.06064e+05    2.99820e+02   -9.40803e+01
 Pressure (bar)   Constr. rmsd
   -6.23597e+00    1.99795e-05

DD  step 28499  vol min/aver 0.883  load imb.: force 12.6%  pme mesh/force 0.257

           Step           Time         Lambda
          28500       57.00000        0.00000

   Energies (kJ/mol)
       G96Angle    Proper Dih.  Improper Dih.          LJ-14     Coulomb-14
    5.98411e+03    2.46566e+03    1.88406e+03    1.37451e+03    4.06672e+04
        LJ (SR)  Disper. corr.   Coulomb (SR)   Coul. recip. Position Rest.
    6.08354e+04   -2.14619e+03   -6.10287e+05    1.42177e+03    1.62653e+03
      Potential    Kinetic En.   Total Energy    Temperature Pres. DC (bar)
   -4.96174e+05    8.97561e+04   -4.06418e+05    3.01230e+02   -9.48422e+01
 Pressure (bar)   Constr. rmsd
    3.01368e+02    1.94735e-05

DD  step 28999  vol min/aver 0.848  load imb.: force 15.2%  pme mesh/force 0.237

           Step           Time         Lambda
          29000       58.00000        0.00000

   Energies (kJ/mol)
       G96Angle    Proper Dih.  Improper Dih.          LJ-14     Coulomb-14
    5.83465e+03    2.39083e+03    1.99196e+03    1.41858e+03    4.06077e+04
        LJ (SR)  Disper. corr.   Coulomb (SR)   Coul. recip. Position Rest.
    5.96279e+04   -2.14115e+03   -6.07690e+05    1.37080e+03    1.59393e+03
      Potential    Kinetic En.   Total Energy    Temperature Pres. DC (bar)
   -4.94994e+05    8.92910e+04   -4.05703e+05    2.99669e+02   -9.43970e+01
 Pressure (bar)   Constr. rmsd
   -9.21326e+01    2.02201e-05

DD  step 29499  vol min/aver 0.855  load imb.: force  8.7%  pme mesh/force 0.297

           Step           Time         Lambda
          29500       59.00000        0.00000

   Energies (kJ/mol)
       G96Angle    Proper Dih.  Improper Dih.          LJ-14     Coulomb-14
    6.07489e+03    2.39346e+03    1.92631e+03    1.40514e+03    4.07496e+04
        LJ (SR)  Disper. corr.   Coulomb (SR)   Coul. recip. Position Rest.
    6.01728e+04   -2.14551e+03   -6.08209e+05    1.36814e+03    1.74952e+03
      Potential    Kinetic En.   Total Energy    Temperature Pres. DC (bar)
   -4.94515e+05    8.92841e+04   -4.05231e+05    2.99646e+02   -9.47817e+01
 Pressure (bar)   Constr. rmsd
   -1.99898e+02    2.01417e-05

Writing checkpoint, step 29800 at Mon Jan 11 01:23:41 2016


DD  step 29999  vol min/aver 0.842  load imb.: force 16.7%  pme mesh/force 0.329

           Step           Time         Lambda
          30000       60.00000        0.00000

   Energies (kJ/mol)
       G96Angle    Proper Dih.  Improper Dih.          LJ-14     Coulomb-14
    6.01828e+03    2.40583e+03    1.81106e+03    1.43492e+03    4.06649e+04
        LJ (SR)  Disper. corr.   Coulomb (SR)   Coul. recip. Position Rest.
    5.99019e+04   -2.14403e+03   -6.07973e+05    1.40003e+03    1.68833e+03
      Potential    Kinetic En.   Total Energy    Temperature Pres. DC (bar)
   -4.94792e+05    8.93569e+04   -4.05435e+05    2.99890e+02   -9.46507e+01
 Pressure (bar)   Constr. rmsd
    1.72264e+02    2.10155e-05

DD  load balancing is limited by minimum cell size in dimension Y
DD  step 30499  vol min/aver 0.826! load imb.: force 13.2%  pme mesh/force 0.246

           Step           Time         Lambda
          30500       61.00000        0.00000

   Energies (kJ/mol)
       G96Angle    Proper Dih.  Improper Dih.          LJ-14     Coulomb-14
    5.96425e+03    2.53356e+03    1.97187e+03    1.32847e+03    4.06134e+04
        LJ (SR)  Disper. corr.   Coulomb (SR)   Coul. recip. Position Rest.
    5.94662e+04   -2.15022e+03   -6.08962e+05    1.43610e+03    1.61572e+03
      Potential    Kinetic En.   Total Energy    Temperature Pres. DC (bar)
   -4.96182e+05    8.91562e+04   -4.07026e+05    2.99217e+02   -9.51978e+01
 Pressure (bar)   Constr. rmsd
   -1.37265e+02    1.98291e-05

DD  load balancing is limited by minimum cell size in dimension Y
DD  step 30999  vol min/aver 0.861! load imb.: force 11.7%  pme mesh/force 0.276

           Step           Time         Lambda
          31000       62.00000        0.00000

   Energies (kJ/mol)
       G96Angle    Proper Dih.  Improper Dih.          LJ-14     Coulomb-14
    6.23410e+03    2.38675e+03    1.87549e+03    1.40597e+03    4.05172e+04
        LJ (SR)  Disper. corr.   Coulomb (SR)   Coul. recip. Position Rest.
    5.92214e+04   -2.14768e+03   -6.07942e+05    1.39108e+03    1.59823e+03
      Potential    Kinetic En.   Total Energy    Temperature Pres. DC (bar)
   -4.95460e+05    9.02832e+04   -4.05177e+05    3.02999e+02   -9.49737e+01
 Pressure (bar)   Constr. rmsd
    6.65054e+01    1.98114e-05

DD  step 31499  vol min/aver 0.924  load imb.: force 27.2%  pme mesh/force 0.303

           Step           Time         Lambda
          31500       63.00000        0.00000

   Energies (kJ/mol)
       G96Angle    Proper Dih.  Improper Dih.          LJ-14     Coulomb-14
    5.76797e+03    2.39757e+03    1.88746e+03    1.43016e+03    4.06113e+04
        LJ (SR)  Disper. corr.   Coulomb (SR)   Coul. recip. Position Rest.
    5.98160e+04   -2.13713e+03   -6.08658e+05    1.47674e+03    1.61727e+03
      Potential    Kinetic En.   Total Energy    Temperature Pres. DC (bar)
   -4.95791e+05    8.93649e+04   -4.06426e+05    2.99917e+02   -9.40429e+01
 Pressure (bar)   Constr. rmsd
   -1.97452e+02    1.96905e-05

DD  step 31999  vol min/aver 0.795  load imb.: force 18.6%  pme mesh/force 0.255

           Step           Time         Lambda
          32000       64.00000        0.00000

   Energies (kJ/mol)
       G96Angle    Proper Dih.  Improper Dih.          LJ-14     Coulomb-14
    6.22771e+03    2.45101e+03    1.87266e+03    1.30205e+03    4.06226e+04
        LJ (SR)  Disper. corr.   Coulomb (SR)   Coul. recip. Position Rest.
    6.06672e+04   -2.15176e+03   -6.09831e+05    1.34252e+03    1.66273e+03
      Potential    Kinetic En.   Total Energy    Temperature Pres. DC (bar)
   -4.95835e+05    8.90031e+04   -4.06831e+05    2.98703e+02   -9.53345e+01
 Pressure (bar)   Constr. rmsd
   -4.29555e+01    2.12331e-05

DD  step 32499  vol min/aver 0.884  load imb.: force 21.8%  pme mesh/force 0.382

           Step           Time         Lambda
          32500       65.00000        0.00000

   Energies (kJ/mol)
       G96Angle    Proper Dih.  Improper Dih.          LJ-14     Coulomb-14
    6.12451e+03    2.42750e+03    1.97024e+03    1.29621e+03    4.06464e+04
        LJ (SR)  Disper. corr.   Coulomb (SR)   Coul. recip. Position Rest.
    6.01765e+04   -2.13930e+03   -6.09788e+05    1.41443e+03    1.58287e+03
      Potential    Kinetic En.   Total Energy    Temperature Pres. DC (bar)
   -4.96289e+05    8.91888e+04   -4.07100e+05    2.99326e+02   -9.42340e+01
 Pressure (bar)   Constr. rmsd
   -1.24199e+02    2.07754e-05

DD  step 32999  vol min/aver 0.808  load imb.: force 13.0%  pme mesh/force 0.319

           Step           Time         Lambda
          33000       66.00000        0.00000

   Energies (kJ/mol)
       G96Angle    Proper Dih.  Improper Dih.          LJ-14     Coulomb-14
    5.97032e+03    2.46719e+03    1.86571e+03    1.42788e+03    4.07709e+04
        LJ (SR)  Disper. corr.   Coulomb (SR)   Coul. recip. Position Rest.
    6.13501e+04   -2.15242e+03   -6.12305e+05    1.41645e+03    1.64003e+03
      Potential    Kinetic En.   Total Energy    Temperature Pres. DC (bar)
   -4.97549e+05    8.95237e+04   -4.08025e+05    3.00450e+02   -9.53934e+01
 Pressure (bar)   Constr. rmsd
    1.40102e+02    1.95718e-05

DD  step 33499  vol min/aver 0.753  load imb.: force 31.5%  pme mesh/force 0.362

           Step           Time         Lambda
          33500       67.00000        0.00000

   Energies (kJ/mol)
       G96Angle    Proper Dih.  Improper Dih.          LJ-14     Coulomb-14
    6.11375e+03    2.40807e+03    2.00367e+03    1.25939e+03    4.05985e+04
        LJ (SR)  Disper. corr.   Coulomb (SR)   Coul. recip. Position Rest.
    6.07300e+04   -2.13516e+03   -6.09593e+05    1.43495e+03    1.64693e+03
      Potential    Kinetic En.   Total Energy    Temperature Pres. DC (bar)
   -4.95533e+05    8.92004e+04   -4.06333e+05    2.99365e+02   -9.38698e+01
 Pressure (bar)   Constr. rmsd
   -3.09784e+02    2.18563e-05

DD  step 33999  vol min/aver 0.811  load imb.: force 16.7%  pme mesh/force 0.318

           Step           Time         Lambda
          34000       68.00000        0.00000

   Energies (kJ/mol)
       G96Angle    Proper Dih.  Improper Dih.          LJ-14     Coulomb-14
    6.29435e+03    2.48165e+03    1.93645e+03    1.25402e+03    4.06930e+04
        LJ (SR)  Disper. corr.   Coulomb (SR)   Coul. recip. Position Rest.
    6.01278e+04   -2.15275e+03   -6.10191e+05    1.35732e+03    1.56799e+03
      Potential    Kinetic En.   Total Energy    Temperature Pres. DC (bar)
   -4.96631e+05    8.93491e+04   -4.07282e+05    2.99864e+02   -9.54219e+01
 Pressure (bar)   Constr. rmsd
    9.58984e+01    2.04703e-05

DD  step 34499  vol min/aver 0.888  load imb.: force 31.4%  pme mesh/force 0.316

           Step           Time         Lambda
          34500       69.00000        0.00000

   Energies (kJ/mol)
       G96Angle    Proper Dih.  Improper Dih.          LJ-14     Coulomb-14
    5.97277e+03    2.46441e+03    1.78870e+03    1.39918e+03    4.06467e+04
        LJ (SR)  Disper. corr.   Coulomb (SR)   Coul. recip. Position Rest.
    6.07337e+04   -2.15269e+03   -6.11083e+05    1.40341e+03    1.54983e+03
      Potential    Kinetic En.   Total Energy    Temperature Pres. DC (bar)
   -4.97277e+05    8.88186e+04   -4.08458e+05    2.98084e+02   -9.54173e+01
 Pressure (bar)   Constr. rmsd
   -4.14899e+01    2.04371e-05

DD  step 34999  vol min/aver 0.719  load imb.: force 19.5%  pme mesh/force 0.343

           Step           Time         Lambda
          35000       70.00000        0.00000

   Energies (kJ/mol)
       G96Angle    Proper Dih.  Improper Dih.          LJ-14     Coulomb-14
    6.10040e+03    2.37699e+03    1.93148e+03    1.35105e+03    4.06517e+04
        LJ (SR)  Disper. corr.   Coulomb (SR)   Coul. recip. Position Rest.
    5.98411e+04   -2.14110e+03   -6.08118e+05    1.36179e+03    1.61348e+03
      Potential    Kinetic En.   Total Energy    Temperature Pres. DC (bar)
   -4.95032e+05    8.96104e+04   -4.05421e+05    3.00741e+02   -9.43927e+01
 Pressure (bar)   Constr. rmsd
    3.74753e+01    1.98587e-05

DD  step 35499  vol min/aver 0.884  load imb.: force 35.4%  pme mesh/force 0.278

           Step           Time         Lambda
          35500       71.00000        0.00000

   Energies (kJ/mol)
       G96Angle    Proper Dih.  Improper Dih.          LJ-14     Coulomb-14
    6.13697e+03    2.42053e+03    1.93897e+03    1.33360e+03    4.06453e+04
        LJ (SR)  Disper. corr.   Coulomb (SR)   Coul. recip. Position Rest.
    6.03254e+04   -2.13926e+03   -6.08093e+05    1.38346e+03    1.53449e+03
      Potential    Kinetic En.   Total Energy    Temperature Pres. DC (bar)
   -4.94514e+05    8.91670e+04   -4.05347e+05    2.99253e+02   -9.42304e+01
 Pressure (bar)   Constr. rmsd
    1.08997e+02    1.98346e-05

DD  step 35999  vol min/aver 0.921  load imb.: force 14.3%  pme mesh/force 0.329

           Step           Time         Lambda
          36000       72.00000        0.00000

   Energies (kJ/mol)
       G96Angle    Proper Dih.  Improper Dih.          LJ-14     Coulomb-14
    5.91224e+03    2.41344e+03    1.84830e+03    1.42849e+03    4.06232e+04
        LJ (SR)  Disper. corr.   Coulomb (SR)   Coul. recip. Position Rest.
    6.00564e+04   -2.14710e+03   -6.09007e+05    1.38698e+03    1.66964e+03
      Potential    Kinetic En.   Total Energy    Temperature Pres. DC (bar)
   -4.95815e+05    9.01522e+04   -4.05663e+05    3.02559e+02   -9.49221e+01
 Pressure (bar)   Constr. rmsd
   -4.06932e+01    2.11078e-05

DD  step 36499  vol min/aver 0.817  load imb.: force 15.5%  pme mesh/force 0.334

           Step           Time         Lambda
          36500       73.00000        0.00000

   Energies (kJ/mol)
       G96Angle    Proper Dih.  Improper Dih.          LJ-14     Coulomb-14
    6.09783e+03    2.38212e+03    1.97128e+03    1.39761e+03    4.07048e+04
        LJ (SR)  Disper. corr.   Coulomb (SR)   Coul. recip. Position Rest.
    6.04105e+04   -2.14331e+03   -6.08926e+05    1.37653e+03    1.64310e+03
      Potential    Kinetic En.   Total Energy    Temperature Pres. DC (bar)
   -4.95086e+05    8.91324e+04   -4.05953e+05    2.99137e+02   -9.45874e+01
 Pressure (bar)   Constr. rmsd
    8.83784e+01    1.96299e-05

DD  step 36999  vol min/aver 0.826  load imb.: force 22.5%  pme mesh/force 0.322

           Step           Time         Lambda
          37000       74.00000        0.00000

   Energies (kJ/mol)
       G96Angle    Proper Dih.  Improper Dih.          LJ-14     Coulomb-14
    6.15819e+03    2.48946e+03    1.95281e+03    1.32893e+03    4.06922e+04
        LJ (SR)  Disper. corr.   Coulomb (SR)   Coul. recip. Position Rest.
    5.95691e+04   -2.14129e+03   -6.07377e+05    1.37463e+03    1.59229e+03
      Potential    Kinetic En.   Total Energy    Temperature Pres. DC (bar)
   -4.94360e+05    9.00148e+04   -4.04346e+05    3.02098e+02   -9.44095e+01
 Pressure (bar)   Constr. rmsd
    5.24195e+01    2.06896e-05

DD  step 37499  vol min/aver 0.876  load imb.: force 20.1%  pme mesh/force 0.281

           Step           Time         Lambda
          37500       75.00000        0.00000

   Energies (kJ/mol)
       G96Angle    Proper Dih.  Improper Dih.          LJ-14     Coulomb-14
    6.02606e+03    2.50941e+03    1.90708e+03    1.29030e+03    4.07063e+04
        LJ (SR)  Disper. corr.   Coulomb (SR)   Coul. recip. Position Rest.
    5.91155e+04   -2.13649e+03   -6.06790e+05    1.40213e+03    1.69549e+03
      Potential    Kinetic En.   Total Energy    Temperature Pres. DC (bar)
   -4.94275e+05    8.96266e+04   -4.04648e+05    3.00795e+02   -9.39868e+01
 Pressure (bar)   Constr. rmsd
   -2.78313e+02    2.06697e-05

DD  step 37999  vol min/aver 0.761  load imb.: force 11.2%  pme mesh/force 0.383

           Step           Time         Lambda
          38000       76.00000        0.00000

   Energies (kJ/mol)
       G96Angle    Proper Dih.  Improper Dih.          LJ-14     Coulomb-14
    5.92036e+03    2.46901e+03    1.86239e+03    1.39702e+03    4.06705e+04
        LJ (SR)  Disper. corr.   Coulomb (SR)   Coul. recip. Position Rest.
    6.06907e+04   -2.14690e+03   -6.08798e+05    1.32302e+03    1.64635e+03
      Potential    Kinetic En.   Total Energy    Temperature Pres. DC (bar)
   -4.94965e+05    8.94540e+04   -4.05511e+05    3.00216e+02   -9.49045e+01
 Pressure (bar)   Constr. rmsd
    2.71003e+01    2.06319e-05

DD  step 38499  vol min/aver 0.873  load imb.: force 11.3%  pme mesh/force 0.261

           Step           Time         Lambda
          38500       77.00000        0.00000

   Energies (kJ/mol)
       G96Angle    Proper Dih.  Improper Dih.          LJ-14     Coulomb-14
    6.10737e+03    2.37694e+03    1.87804e+03    1.37436e+03    4.06871e+04
        LJ (SR)  Disper. corr.   Coulomb (SR)   Coul. recip. Position Rest.
    6.09254e+04   -2.14507e+03   -6.09038e+05    1.41060e+03    1.57678e+03
      Potential    Kinetic En.   Total Energy    Temperature Pres. DC (bar)
   -4.94847e+05    8.82449e+04   -4.06602e+05    2.96158e+02   -9.47425e+01
 Pressure (bar)   Constr. rmsd
    1.25391e+02    2.09882e-05

DD  step 38999  vol min/aver 0.894  load imb.: force 21.6%  pme mesh/force 0.270

           Step           Time         Lambda
          39000       78.00000        0.00000

   Energies (kJ/mol)
       G96Angle    Proper Dih.  Improper Dih.          LJ-14     Coulomb-14
    6.05563e+03    2.40677e+03    2.07222e+03    1.37575e+03    4.07127e+04
        LJ (SR)  Disper. corr.   Coulomb (SR)   Coul. recip. Position Rest.
    5.92563e+04   -2.14330e+03   -6.07490e+05    1.44630e+03    1.69377e+03
      Potential    Kinetic En.   Total Energy    Temperature Pres. DC (bar)
   -4.94614e+05    8.96294e+04   -4.04985e+05    3.00805e+02   -9.45867e+01
 Pressure (bar)   Constr. rmsd
   -2.44362e+02    2.10791e-05

DD  step 39499  vol min/aver 0.906  load imb.: force 17.5%  pme mesh/force 0.297

           Step           Time         Lambda
          39500       79.00000        0.00000

   Energies (kJ/mol)
       G96Angle    Proper Dih.  Improper Dih.          LJ-14     Coulomb-14
    5.96264e+03    2.41799e+03    1.94122e+03    1.40464e+03    4.07082e+04
        LJ (SR)  Disper. corr.   Coulomb (SR)   Coul. recip. Position Rest.
    5.99372e+04   -2.13542e+03   -6.08457e+05    1.42617e+03    1.66421e+03
      Potential    Kinetic En.   Total Energy    Temperature Pres. DC (bar)
   -4.95130e+05    8.94309e+04   -4.05699e+05    3.00139e+02   -9.38930e+01
 Pressure (bar)   Constr. rmsd
    7.05623e+01    1.98738e-05

DD  step 39999  vol min/aver 0.872  load imb.: force 23.2%  pme mesh/force 0.186

           Step           Time         Lambda
          40000       80.00000        0.00000

   Energies (kJ/mol)
       G96Angle    Proper Dih.  Improper Dih.          LJ-14     Coulomb-14
    6.01027e+03    2.39154e+03    1.92392e+03    1.31636e+03    4.06506e+04
        LJ (SR)  Disper. corr.   Coulomb (SR)   Coul. recip. Position Rest.
    5.90263e+04   -2.13698e+03   -6.07216e+05    1.40240e+03    1.67167e+03
      Potential    Kinetic En.   Total Energy    Temperature Pres. DC (bar)
   -4.94960e+05    8.96329e+04   -4.05328e+05    3.00817e+02   -9.40295e+01
 Pressure (bar)   Constr. rmsd
   -2.33202e+02    1.99974e-05

DD  step 40499  vol min/aver 0.816  load imb.: force 13.2%  pme mesh/force 0.320

           Step           Time         Lambda
          40500       81.00000        0.00000

   Energies (kJ/mol)
       G96Angle    Proper Dih.  Improper Dih.          LJ-14     Coulomb-14
    6.15751e+03    2.36387e+03    2.02958e+03    1.29544e+03    4.06498e+04
        LJ (SR)  Disper. corr.   Coulomb (SR)   Coul. recip. Position Rest.
    6.03814e+04   -2.14270e+03   -6.08797e+05    1.43904e+03    1.65951e+03
      Potential    Kinetic En.   Total Energy    Temperature Pres. DC (bar)
   -4.94964e+05    8.98297e+04   -4.05134e+05    3.01477e+02   -9.45339e+01
 Pressure (bar)   Constr. rmsd
   -2.74429e+00    1.98442e-05

DD  step 40999  vol min/aver 0.758  load imb.: force 17.7%  pme mesh/force 0.271

           Step           Time         Lambda
          41000       82.00000        0.00000

   Energies (kJ/mol)
       G96Angle    Proper Dih.  Improper Dih.          LJ-14     Coulomb-14
    6.04826e+03    2.38618e+03    1.99144e+03    1.34944e+03    4.06280e+04
        LJ (SR)  Disper. corr.   Coulomb (SR)   Coul. recip. Position Rest.
    6.05600e+04   -2.14316e+03   -6.09190e+05    1.46135e+03    1.69223e+03
      Potential    Kinetic En.   Total Energy    Temperature Pres. DC (bar)
   -4.95216e+05    8.93495e+04   -4.05866e+05    2.99865e+02   -9.45742e+01
 Pressure (bar)   Constr. rmsd
    9.11610e+01    1.96773e-05

DD  step 41499  vol min/aver 0.854  load imb.: force 14.5%  pme mesh/force 0.349

           Step           Time         Lambda
          41500       83.00000        0.00000

   Energies (kJ/mol)
       G96Angle    Proper Dih.  Improper Dih.          LJ-14     Coulomb-14
    5.92474e+03    2.35933e+03    1.95921e+03    1.40485e+03    4.07270e+04
        LJ (SR)  Disper. corr.   Coulomb (SR)   Coul. recip. Position Rest.
    6.05704e+04   -2.15060e+03   -6.10754e+05    1.37776e+03    1.66172e+03
      Potential    Kinetic En.   Total Energy    Temperature Pres. DC (bar)
   -4.96920e+05    8.89915e+04   -4.07928e+05    2.98664e+02   -9.52317e+01
 Pressure (bar)   Constr. rmsd
    8.51815e+01    2.00637e-05

DD  step 41999  vol min/aver 0.836  load imb.: force 23.6%  pme mesh/force 0.296

           Step           Time         Lambda
          42000       84.00000        0.00000

   Energies (kJ/mol)
       G96Angle    Proper Dih.  Improper Dih.          LJ-14     Coulomb-14
    6.06679e+03    2.48709e+03    1.87497e+03    1.42121e+03    4.06658e+04
        LJ (SR)  Disper. corr.   Coulomb (SR)   Coul. recip. Position Rest.
    6.13372e+04   -2.14640e+03   -6.10637e+05    1.40944e+03    1.64820e+03
      Potential    Kinetic En.   Total Energy    Temperature Pres. DC (bar)
   -4.95872e+05    8.91505e+04   -4.06722e+05    2.99198e+02   -9.48607e+01
 Pressure (bar)   Constr. rmsd
    3.02720e+02    2.02855e-05

DD  step 42499  vol min/aver 0.839  load imb.: force 26.5%  pme mesh/force 0.281

           Step           Time         Lambda
          42500       85.00000        0.00000

   Energies (kJ/mol)
       G96Angle    Proper Dih.  Improper Dih.          LJ-14     Coulomb-14
    6.12782e+03    2.49799e+03    1.90056e+03    1.35596e+03    4.06446e+04
        LJ (SR)  Disper. corr.   Coulomb (SR)   Coul. recip. Position Rest.
    6.04925e+04   -2.14433e+03   -6.07854e+05    1.46037e+03    1.62390e+03
      Potential    Kinetic En.   Total Energy    Temperature Pres. DC (bar)
   -4.93895e+05    8.98943e+04   -4.04001e+05    3.01694e+02   -9.46777e+01
 Pressure (bar)   Constr. rmsd
   -2.53887e+01    2.16719e-05

DD  step 42999  vol min/aver 0.833  load imb.: force 12.3%  pme mesh/force 0.357

           Step           Time         Lambda
          43000       86.00000        0.00000

   Energies (kJ/mol)
       G96Angle    Proper Dih.  Improper Dih.          LJ-14     Coulomb-14
    6.33502e+03    2.41159e+03    1.99253e+03    1.41424e+03    4.05671e+04
        LJ (SR)  Disper. corr.   Coulomb (SR)   Coul. recip. Position Rest.
    5.89970e+04   -2.14160e+03   -6.06497e+05    1.44495e+03    1.59417e+03
      Potential    Kinetic En.   Total Energy    Temperature Pres. DC (bar)
   -4.93882e+05    8.97153e+04   -4.04167e+05    3.01093e+02   -9.44365e+01
 Pressure (bar)   Constr. rmsd
   -2.65265e+02    2.10760e-05

DD  step 43499  vol min/aver 0.830  load imb.: force 38.1%  pme mesh/force 0.263

           Step           Time         Lambda
          43500       87.00000        0.00000

   Energies (kJ/mol)
       G96Angle    Proper Dih.  Improper Dih.          LJ-14     Coulomb-14
    6.08434e+03    2.41822e+03    1.93209e+03    1.37227e+03    4.07370e+04
        LJ (SR)  Disper. corr.   Coulomb (SR)   Coul. recip. Position Rest.
    5.94782e+04   -2.13973e+03   -6.07539e+05    1.44011e+03    1.59435e+03
      Potential    Kinetic En.   Total Energy    Temperature Pres. DC (bar)
   -4.94622e+05    8.97844e+04   -4.04838e+05    3.01325e+02   -9.42724e+01
 Pressure (bar)   Constr. rmsd
   -9.68956e+01    1.95090e-05

DD  step 43999  vol min/aver 0.861  load imb.: force 29.4%  pme mesh/force 0.334

           Step           Time         Lambda
          44000       88.00000        0.00000

   Energies (kJ/mol)
       G96Angle    Proper Dih.  Improper Dih.          LJ-14     Coulomb-14
    6.33230e+03    2.48278e+03    1.88115e+03    1.39282e+03    4.05750e+04
        LJ (SR)  Disper. corr.   Coulomb (SR)   Coul. recip. Position Rest.
    5.89069e+04   -2.14824e+03   -6.06058e+05    1.38272e+03    1.71997e+03
      Potential    Kinetic En.   Total Energy    Temperature Pres. DC (bar)
   -4.93533e+05    8.86093e+04   -4.04923e+05    2.97381e+02   -9.50230e+01
 Pressure (bar)   Constr. rmsd
   -3.03023e+01    2.00728e-05

DD  step 44499  vol min/aver 0.803  load imb.: force  9.5%  pme mesh/force 0.264

           Step           Time         Lambda
          44500       89.00000        0.00000

   Energies (kJ/mol)
       G96Angle    Proper Dih.  Improper Dih.          LJ-14     Coulomb-14
    6.13953e+03    2.43783e+03    1.99739e+03    1.39383e+03    4.06228e+04
        LJ (SR)  Disper. corr.   Coulomb (SR)   Coul. recip. Position Rest.
    5.93838e+04   -2.14139e+03   -6.07714e+05    1.42226e+03    1.69164e+03
      Potential    Kinetic En.   Total Energy    Temperature Pres. DC (bar)
   -4.94767e+05    9.06559e+04   -4.04111e+05    3.04250e+02   -9.44178e+01
 Pressure (bar)   Constr. rmsd
   -2.06864e+02    2.02068e-05

DD  step 44999  vol min/aver 0.874  load imb.: force 22.4%  pme mesh/force 0.223

           Step           Time         Lambda
          45000       90.00000        0.00000

   Energies (kJ/mol)
       G96Angle    Proper Dih.  Improper Dih.          LJ-14     Coulomb-14
    6.19710e+03    2.51813e+03    1.98237e+03    1.37098e+03    4.05878e+04
        LJ (SR)  Disper. corr.   Coulomb (SR)   Coul. recip. Position Rest.
    5.90598e+04   -2.15528e+03   -6.08543e+05    1.40090e+03    1.70057e+03
      Potential    Kinetic En.   Total Energy    Temperature Pres. DC (bar)
   -4.95881e+05    8.99795e+04   -4.05901e+05    3.01980e+02   -9.56465e+01
 Pressure (bar)   Constr. rmsd
   -1.36236e+02    2.07642e-05

DD  step 45499  vol min/aver 0.911  load imb.: force 23.2%  pme mesh/force 0.237

           Step           Time         Lambda
          45500       91.00000        0.00000

   Energies (kJ/mol)
       G96Angle    Proper Dih.  Improper Dih.          LJ-14     Coulomb-14
    6.19904e+03    2.44004e+03    1.82543e+03    1.39614e+03    4.06845e+04
        LJ (SR)  Disper. corr.   Coulomb (SR)   Coul. recip. Position Rest.
    5.89040e+04   -2.14147e+03   -6.07887e+05    1.44525e+03    1.63501e+03
      Potential    Kinetic En.   Total Energy    Temperature Pres. DC (bar)
   -4.95499e+05    8.93118e+04   -4.06187e+05    2.99739e+02   -9.44256e+01
 Pressure (bar)   Constr. rmsd
   -2.57557e+02    2.04723e-05

DD  step 45999  vol min/aver 0.838  load imb.: force 13.5%  pme mesh/force 0.227

           Step           Time         Lambda
          46000       92.00000        0.00000

   Energies (kJ/mol)
       G96Angle    Proper Dih.  Improper Dih.          LJ-14     Coulomb-14
    5.95952e+03    2.41332e+03    1.92004e+03    1.38716e+03    4.07107e+04
        LJ (SR)  Disper. corr.   Coulomb (SR)   Coul. recip. Position Rest.
    6.07326e+04   -2.14953e+03   -6.10328e+05    1.38199e+03    1.68295e+03
      Potential    Kinetic En.   Total Energy    Temperature Pres. DC (bar)
   -4.96289e+05    8.84232e+04   -4.07866e+05    2.96757e+02   -9.51373e+01
 Pressure (bar)   Constr. rmsd
    1.78649e+01    1.95756e-05

DD  step 46499  vol min/aver 0.870  load imb.: force 25.0%  pme mesh/force 0.350

           Step           Time         Lambda
          46500       93.00000        0.00000

   Energies (kJ/mol)
       G96Angle    Proper Dih.  Improper Dih.          LJ-14     Coulomb-14
    6.16812e+03    2.40741e+03    1.94212e+03    1.41433e+03    4.05982e+04
        LJ (SR)  Disper. corr.   Coulomb (SR)   Coul. recip. Position Rest.
    6.10574e+04   -2.15390e+03   -6.09979e+05    1.40155e+03    1.66465e+03
      Potential    Kinetic En.   Total Energy    Temperature Pres. DC (bar)
   -4.95479e+05    8.95990e+04   -4.05880e+05    3.00703e+02   -9.55242e+01
 Pressure (bar)   Constr. rmsd
    3.80408e+02    1.95613e-05

Writing checkpoint, step 46625 at Mon Jan 11 01:38:41 2016


DD  step 46999  vol min/aver 0.864  load imb.: force 26.7%  pme mesh/force 0.271

           Step           Time         Lambda
          47000       94.00000        0.00000

   Energies (kJ/mol)
       G96Angle    Proper Dih.  Improper Dih.          LJ-14     Coulomb-14
    5.79422e+03    2.40568e+03    1.86721e+03    1.37055e+03    4.07096e+04
        LJ (SR)  Disper. corr.   Coulomb (SR)   Coul. recip. Position Rest.
    6.07150e+04   -2.14564e+03   -6.10071e+05    1.33628e+03    1.66472e+03
      Potential    Kinetic En.   Total Energy    Temperature Pres. DC (bar)
   -4.96353e+05    8.87589e+04   -4.07594e+05    2.97883e+02   -9.47932e+01
 Pressure (bar)   Constr. rmsd
   -6.03886e+00    2.00620e-05

DD  step 47499  vol min/aver 0.797  load imb.: force 18.1%  pme mesh/force 0.348

           Step           Time         Lambda
          47500       95.00000        0.00000

   Energies (kJ/mol)
       G96Angle    Proper Dih.  Improper Dih.          LJ-14     Coulomb-14
    5.93927e+03    2.40232e+03    1.89362e+03    1.36268e+03    4.07283e+04
        LJ (SR)  Disper. corr.   Coulomb (SR)   Coul. recip. Position Rest.
    6.04868e+04   -2.14605e+03   -6.08621e+05    1.43791e+03    1.68712e+03
      Potential    Kinetic En.   Total Energy    Temperature Pres. DC (bar)
   -4.94829e+05    8.94269e+04   -4.05402e+05    3.00125e+02   -9.48296e+01
 Pressure (bar)   Constr. rmsd
    1.02895e+02    2.01805e-05

DD  step 47999  vol min/aver 0.853  load imb.: force 27.6%  pme mesh/force 0.349

           Step           Time         Lambda
          48000       96.00000        0.00000

   Energies (kJ/mol)
       G96Angle    Proper Dih.  Improper Dih.          LJ-14     Coulomb-14
    6.08449e+03    2.40912e+03    1.81770e+03    1.28753e+03    4.07162e+04
        LJ (SR)  Disper. corr.   Coulomb (SR)   Coul. recip. Position Rest.
    5.86354e+04   -2.13618e+03   -6.06132e+05    1.45243e+03    1.68635e+03
      Potential    Kinetic En.   Total Energy    Temperature Pres. DC (bar)
   -4.94178e+05    8.93667e+04   -4.04812e+05    2.99923e+02   -9.39596e+01
 Pressure (bar)   Constr. rmsd
   -2.81999e+02    1.98207e-05

DD  step 48499  vol min/aver 0.796  load imb.: force 11.5%  pme mesh/force 0.278

           Step           Time         Lambda
          48500       97.00000        0.00000

   Energies (kJ/mol)
       G96Angle    Proper Dih.  Improper Dih.          LJ-14     Coulomb-14
    5.84290e+03    2.43884e+03    1.86891e+03    1.39141e+03    4.05697e+04
        LJ (SR)  Disper. corr.   Coulomb (SR)   Coul. recip. Position Rest.
    6.03443e+04   -2.13611e+03   -6.08233e+05    1.43873e+03    1.66038e+03
      Potential    Kinetic En.   Total Energy    Temperature Pres. DC (bar)
   -4.94814e+05    8.98441e+04   -4.04970e+05    3.01525e+02   -9.39537e+01
 Pressure (bar)   Constr. rmsd
    7.06326e+00    2.03652e-05

DD  step 48999  vol min/aver 0.852  load imb.: force 13.8%  pme mesh/force 0.290

           Step           Time         Lambda
          49000       98.00000        0.00000

   Energies (kJ/mol)
       G96Angle    Proper Dih.  Improper Dih.          LJ-14     Coulomb-14
    6.13986e+03    2.50187e+03    1.86166e+03    1.35450e+03    4.06964e+04
        LJ (SR)  Disper. corr.   Coulomb (SR)   Coul. recip. Position Rest.
    6.06436e+04   -2.15124e+03   -6.10423e+05    1.44122e+03    1.70862e+03
      Potential    Kinetic En.   Total Energy    Temperature Pres. DC (bar)
   -4.96227e+05    8.94739e+04   -4.06753e+05    3.00283e+02   -9.52885e+01
 Pressure (bar)   Constr. rmsd
   -1.37868e+02    2.11415e-05

DD  step 49499  vol min/aver 0.857  load imb.: force 17.8%  pme mesh/force 0.301

           Step           Time         Lambda
          49500       99.00000        0.00000

   Energies (kJ/mol)
       G96Angle    Proper Dih.  Improper Dih.          LJ-14     Coulomb-14
    6.04763e+03    2.48756e+03    1.93210e+03    1.46457e+03    4.06009e+04
        LJ (SR)  Disper. corr.   Coulomb (SR)   Coul. recip. Position Rest.
    6.01192e+04   -2.14922e+03   -6.10095e+05    1.40829e+03    1.65701e+03
      Potential    Kinetic En.   Total Energy    Temperature Pres. DC (bar)
   -4.96526e+05    8.91174e+04   -4.07409e+05    2.99087e+02   -9.51101e+01
 Pressure (bar)   Constr. rmsd
    7.44556e+01    1.97558e-05

DD  step 49999  vol min/aver 0.847  load imb.: force 19.1%  pme mesh/force 0.391

           Step           Time         Lambda
          50000      100.00000        0.00000

Writing checkpoint, step 50000 at Mon Jan 11 01:41:52 2016


   Energies (kJ/mol)
       G96Angle    Proper Dih.  Improper Dih.          LJ-14     Coulomb-14
    5.85990e+03    2.46047e+03    1.99952e+03    1.51571e+03    4.06528e+04
        LJ (SR)  Disper. corr.   Coulomb (SR)   Coul. recip. Position Rest.
    6.08126e+04   -2.15240e+03   -6.09565e+05    1.37385e+03    1.69960e+03
      Potential    Kinetic En.   Total Energy    Temperature Pres. DC (bar)
   -4.95343e+05    8.94307e+04   -4.05913e+05    3.00138e+02   -9.53913e+01
 Pressure (bar)   Constr. rmsd
    3.07142e+02    1.97731e-05

	<======  ###############  ==>
	<====  A V E R A G E S  ====>
	<==  ###############  ======>

	Statistics over 50001 steps using 501 frames

   Energies (kJ/mol)
       G96Angle    Proper Dih.  Improper Dih.          LJ-14     Coulomb-14
    6.04443e+03    2.44279e+03    1.91171e+03    1.38154e+03    4.06633e+04
        LJ (SR)  Disper. corr.   Coulomb (SR)   Coul. recip. Position Rest.
    5.99734e+04   -2.14486e+03   -6.08601e+05    1.40692e+03    1.63255e+03
      Potential    Kinetic En.   Total Energy    Temperature Pres. DC (bar)
   -4.95290e+05    8.93799e+04   -4.05910e+05    2.99967e+02   -9.47249e+01
 Pressure (bar)   Constr. rmsd
    1.30679e+00    0.00000e+00

          Box-X          Box-Y          Box-Z
    8.10278e+00    8.10278e+00    5.72953e+00

   Total Virial (kJ/mol)
    2.98894e+04   -4.94274e+02    3.60894e+01
   -4.94030e+02    2.98497e+04    1.22259e+02
    3.54216e+01    1.21342e+02    2.96008e+04

   Pressure (bar)
   -1.07024e+01    4.85850e+01   -1.45625e+00
    4.85632e+01   -4.54993e+00   -9.47886e+00
   -1.39764e+00   -9.39812e+00    1.91727e+01

      T-Protein  T-non-Protein
    2.99871e+02    2.99979e+02


	M E G A - F L O P S   A C C O U N T I N G

 NB=Group-cutoff nonbonded kernels    NxN=N-by-N cluster Verlet kernels
 RF=Reaction-Field  VdW=Van der Waals  QSTab=quadratic-spline table
 W3=SPC/TIP3p  W4=TIP4p (single or pairs)
 V&F=Potential and force  V=Potential only  F=Force only

 Computing:                               M-Number         M-Flops  % Flops
-----------------------------------------------------------------------------
 Pair Search distance check           46743.453078      420691.078     0.3
 NxN Ewald Elec. + LJ [F]           1032554.844480    68148619.736    53.2
 NxN Ewald Elec. + LJ [V&F]           10450.361984     1118188.732     0.9
 NxN LJ [F]                            9783.827296      322866.301     0.3
 NxN LJ [V&F]                            99.032224        4258.386     0.0
 NxN Ewald Elec. [F]                 882289.689616    53819671.067    42.0
 NxN Ewald Elec. [V&F]                 8929.124480      750046.456     0.6
 1,4 nonbonded interactions             304.156083       27374.047     0.0
 Calc Weights                          5381.057619      193718.074     0.2
 Spread Q Bspline                    114795.895872      229591.792     0.2
 Gather F Bspline                    114795.895872      688775.375     0.5
 3D-FFT                              240463.009164     1923704.073     1.5
 Solve PME                              135.202704        8652.973     0.0
 Reset In Box                            71.746000         215.238     0.0
 CG-CoM                                  71.781873         215.346     0.0
 Angles                                 284.855697       47855.757     0.0
 Propers                                100.402008       22992.060     0.0
 Impropers                              100.002000       20800.416     0.0
 Pos. Restr.                            148.202964        7410.148     0.0
 Virial                                 183.901773        3310.232     0.0
 Stop-CM                                 17.972373         179.724     0.0
 Calc-Ekin                              717.531746       19373.357     0.0
 Lincs                                  344.999118       20699.947     0.0
 Lincs-Mat                             5937.291792       23749.167     0.0
 Constraint-V                          2488.609077       19908.873     0.0
 Constraint-Vir                         214.403825        5145.692     0.0
 Settle                                 599.536947      193650.434     0.2
-----------------------------------------------------------------------------
 Total                                               128041664.480   100.0
-----------------------------------------------------------------------------


    D O M A I N   D E C O M P O S I T I O N   S T A T I S T I C S

 av. #atoms communicated per step for force:  2 x 104801.4
 av. #atoms communicated per step for LINCS:  2 x 7224.8

 Average load imbalance: 20.1 %
 Part of the total run time spent waiting due to load imbalance: 6.6 %
 Steps where the load balancing was limited by -rdd, -rcon and/or -dds: X 0 % Y 0 %
 Average PME mesh/force load: 0.319
 Part of the total run time spent waiting due to PP/PME imbalance: 8.0 %

NOTE: 6.6 % of the available CPU time was lost due to load imbalance
      in the domain decomposition.

NOTE: 8.0 % performance was lost because the PME ranks
      had less work to do than the PP ranks.
      You might want to decrease the number of PME ranks
      or decrease the cut-off and the grid spacing.


     R E A L   C Y C L E   A N D   T I M E   A C C O U N T I N G

On 20 MPI ranks doing PP, and
on 4 MPI ranks doing PME

 Computing:          Num   Num      Call    Wall time         Giga-Cycles
                     Ranks Threads  Count      (s)         total sum    %
-----------------------------------------------------------------------------
 Domain decomp.        20    1       2000      59.214       2368.642   1.7
 DD comm. load         20    1       2000       2.502        100.083   0.1
 DD comm. bounds       20    1       2000       6.444        257.753   0.2
 Send X to PME         20    1      50001      41.941       1677.667   1.2
 Neighbor search       20    1       2001      37.509       1500.393   1.1
 Comm. coord.          20    1      48000     204.918       8196.937   5.9
 Force                 20    1      50001    1007.986      40320.525  29.0
 Wait + Comm. F        20    1      50001     879.354      35175.096  25.3
 PME mesh *             4    1      50001     597.638       4781.235   3.4
 PME wait for PP *                           2295.616      18365.419  13.2
 Wait + Recv. PME F    20    1      50001       6.940        277.602   0.2
 NB X/F buffer ops.    20    1     146001       7.552        302.082   0.2
 Write traj.           20    1        104       1.794         71.777   0.1
 Update                20    1      50001      11.819        472.760   0.3
 Constraints           20    1      50001     546.136      21846.033  15.7
 Comm. energies        20    1      10001      75.544       3021.851   2.2
 Rest                                           3.619        144.746   0.1
-----------------------------------------------------------------------------
 Total                                       2893.272     138880.737 100.0
-----------------------------------------------------------------------------
(*) Note that with separate PME ranks, the walltime column actually sums to
    twice the total reported, but the cycle count total and % are correct.
-----------------------------------------------------------------------------
 Breakdown of PME mesh computation
-----------------------------------------------------------------------------
 PME redist. X/F        4    1     100002     231.071       1848.614   1.3
 PME spread/gather      4    1     100002     202.335       1618.723   1.2
 PME 3D-FFT             4    1     100002      77.154        617.249   0.4
 PME 3D-FFT Comm.       4    1     100002      63.823        510.601   0.4
 PME solve Elec         4    1      50001      23.029        184.234   0.1
-----------------------------------------------------------------------------

               Core t (s)   Wall t (s)        (%)
       Time:    61750.496     2893.272     2134.3
                         48:13
                 (ns/day)    (hour/ns)
Performance:        2.986        8.037
Finished mdrun on rank 0 Mon Jan 11 01:41:53 2016
