Log file opened on Sun Jan 10 15:56:06 2016
Host: AppledeMacintosh.local  pid: 2598  rank ID: 0  number of ranks:  1
GROMACS:    gmx mdrun, VERSION 5.0.6

GROMACS is written by:
Emile Apol         Rossen Apostolov   Herman J.C. Berendsen Par Bjelkmar       
Aldert van Buuren  Rudi van Drunen    Anton Feenstra     Sebastian Fritsch  
Gerrit Groenhof    Christoph Junghans Peter Kasson       Carsten Kutzner    
Per Larsson        Justin A. Lemkul   Magnus Lundborg    Pieter Meulenhoff  
Erik Marklund      Teemu Murtola      Szilard Pall       Sander Pronk       
Roland Schulz      Alexey Shvetsov    Michael Shirts     Alfons Sijbers     
Peter Tieleman     Christian Wennberg Maarten Wolf       
and the project leaders:
Mark Abraham, Berk Hess, Erik Lindahl, and David van der Spoel

Copyright (c) 1991-2000, University of Groningen, The Netherlands.
Copyright (c) 2001-2014, The GROMACS development team at
Uppsala University, Stockholm University and
the Royal Institute of Technology, Sweden.
check out http://www.gromacs.org for more information.

GROMACS is free software; you can redistribute it and/or modify it
under the terms of the GNU Lesser General Public License
as published by the Free Software Foundation; either version 2.1
of the License, or (at your option) any later version.

GROMACS:      gmx mdrun, VERSION 5.0.6
Executable:   /usr/local/bin/../Cellar/gromacs/5.0.6/bin/gmx
Library dir:  /usr/local/bin/../Cellar/gromacs/5.0.6/share/gromacs/top
Command line:
  gmx mdrun -v -deffnm md_0_12

Gromacs version:    VERSION 5.0.6
Precision:          single
Memory model:       64 bit
MPI library:        thread_mpi
OpenMP support:     disabled
GPU support:        disabled
invsqrt routine:    gmx_software_invsqrt(x)
SIMD instructions:  AVX_256
FFT library:        fftw-3.3.4-sse2
RDTSCP usage:       enabled
C++11 compilation:  enabled
TNG support:        enabled
Tracing support:    disabled
Built on:           Fri Aug  7 06:21:30 PDT 2015
Built by:           brew@yosemitevm.local [CMAKE]
Build OS/arch:      Darwin 14.4.0 x86_64
Build CPU vendor:   GenuineIntel
Build CPU brand:    Intel(R) Core(TM) i7-3720QM CPU @ 2.60GHz
Build CPU family:   6   Model: 58   Stepping: 9
Build CPU features: aes apic avx clfsh cmov cx8 cx16 f16c lahf_lm mmx msr nonstop_tsc pcid pclmuldq popcnt pse rdrnd rdtscp sse2 sse3 sse4.1 sse4.2 ssse3 tdt x2apic
C compiler:         /usr/local/Library/ENV/4.3/clang Clang 6.1.0.6020053
C compiler flags:    -mavx    -Wall -Wno-unused -Wunused-value -Wunused-parameter -Wno-unknown-pragmas    
C++ compiler:       /usr/local/Library/ENV/4.3/clang++ Clang 6.1.0.6020053
C++ compiler flags:  -mavx   -std=c++0x  -Wextra -Wno-missing-field-initializers -Wpointer-arith -Wall -Wno-unused-function -Wno-unknown-pragmas    
Boost version:      1.55.0 (internal)



++++ PLEASE READ AND CITE THE FOLLOWING REFERENCE ++++
S. Páll, M. J. Abraham, C. Kutzner, B. Hess, E. Lindahl
Tackling Exascale Software Challenges in Molecular Dynamics Simulations with
GROMACS
In S. Markidis & E. Laure (Eds.), Solving Software Challenges for Exascale 8759 (2015) pp. 3–27
-------- -------- --- Thank You --- -------- --------


++++ PLEASE READ AND CITE THE FOLLOWING REFERENCE ++++
S. Pronk, S. Páll, R. Schulz, P. Larsson, P. Bjelkmar, R. Apostolov, M. R.
Shirts, J. C. Smith, P. M. Kasson, D. van der Spoel, B. Hess, and E. Lindahl
GROMACS 4.5: a high-throughput and highly parallel open source molecular
simulation toolkit
Bioinformatics 29 (2013) pp. 845-54
-------- -------- --- Thank You --- -------- --------


++++ PLEASE READ AND CITE THE FOLLOWING REFERENCE ++++
B. Hess and C. Kutzner and D. van der Spoel and E. Lindahl
GROMACS 4: Algorithms for highly efficient, load-balanced, and scalable
molecular simulation
J. Chem. Theory Comput. 4 (2008) pp. 435-447
-------- -------- --- Thank You --- -------- --------


++++ PLEASE READ AND CITE THE FOLLOWING REFERENCE ++++
D. van der Spoel, E. Lindahl, B. Hess, G. Groenhof, A. E. Mark and H. J. C.
Berendsen
GROMACS: Fast, Flexible and Free
J. Comp. Chem. 26 (2005) pp. 1701-1719
-------- -------- --- Thank You --- -------- --------


++++ PLEASE READ AND CITE THE FOLLOWING REFERENCE ++++
E. Lindahl and B. Hess and D. van der Spoel
GROMACS 3.0: A package for molecular simulation and trajectory analysis
J. Mol. Mod. 7 (2001) pp. 306-317
-------- -------- --- Thank You --- -------- --------


++++ PLEASE READ AND CITE THE FOLLOWING REFERENCE ++++
H. J. C. Berendsen, D. van der Spoel and R. van Drunen
GROMACS: A message-passing parallel molecular dynamics implementation
Comp. Phys. Comm. 91 (1995) pp. 43-56
-------- -------- --- Thank You --- -------- --------

Changing nstlist from 10 to 25, rlist from 1.4 to 1.43

Input Parameters:
   integrator                     = md
   tinit                          = 0
   dt                             = 0.002
   nsteps                         = 2000000
   init-step                      = 0
   simulation-part                = 1
   comm-mode                      = Linear
   nstcomm                        = 100
   bd-fric                        = 0
   ld-seed                        = 206913470
   emtol                          = 10
   emstep                         = 0.01
   niter                          = 20
   fcstep                         = 0
   nstcgsteep                     = 1000
   nbfgscorr                      = 10
   rtpi                           = 0.05
   nstxout                        = 0
   nstvout                        = 0
   nstfout                        = 0
   nstlog                         = 5000
   nstcalcenergy                  = 100
   nstenergy                      = 5000
   nstxout-compressed             = 5000
   compressed-x-precision         = 1000
   cutoff-scheme                  = Verlet
   nstlist                        = 25
   ns-type                        = Grid
   pbc                            = xyz
   periodic-molecules             = FALSE
   verlet-buffer-tolerance        = 0.005
   rlist                          = 1.43
   rlistlong                      = 1.43
   nstcalclr                      = 10
   coulombtype                    = PME
   coulomb-modifier               = Potential-shift
   rcoulomb-switch                = 0
   rcoulomb                       = 1.4
   epsilon-r                      = 1
   epsilon-rf                     = inf
   vdw-type                       = Cut-off
   vdw-modifier                   = Potential-shift
   rvdw-switch                    = 0
   rvdw                           = 1.4
   DispCorr                       = EnerPres
   table-extension                = 1
   fourierspacing                 = 0.16
   fourier-nx                     = 52
   fourier-ny                     = 52
   fourier-nz                     = 52
   pme-order                      = 4
   ewald-rtol                     = 1e-05
   ewald-rtol-lj                  = 0.001
   lj-pme-comb-rule               = Geometric
   ewald-geometry                 = 0
   epsilon-surface                = 0
   implicit-solvent               = No
   gb-algorithm                   = Still
   nstgbradii                     = 1
   rgbradii                       = 1
   gb-epsilon-solvent             = 80
   gb-saltconc                    = 0
   gb-obc-alpha                   = 1
   gb-obc-beta                    = 0.8
   gb-obc-gamma                   = 4.85
   gb-dielectric-offset           = 0.009
   sa-algorithm                   = Ace-approximation
   sa-surface-tension             = 2.05016
   tcoupl                         = V-rescale
   nsttcouple                     = 10
   nh-chain-length                = 0
   print-nose-hoover-chain-variables = FALSE
   pcoupl                         = Parrinello-Rahman
   pcoupltype                     = Isotropic
   nstpcouple                     = 10
   tau-p                          = 2
   compressibility (3x3):
      compressibility[    0]={ 4.50000e-05,  0.00000e+00,  0.00000e+00}
      compressibility[    1]={ 0.00000e+00,  4.50000e-05,  0.00000e+00}
      compressibility[    2]={ 0.00000e+00,  0.00000e+00,  4.50000e-05}
   ref-p (3x3):
      ref-p[    0]={ 1.00000e+00,  0.00000e+00,  0.00000e+00}
      ref-p[    1]={ 0.00000e+00,  1.00000e+00,  0.00000e+00}
      ref-p[    2]={ 0.00000e+00,  0.00000e+00,  1.00000e+00}
   refcoord-scaling               = No
   posres-com (3):
      posres-com[0]= 0.00000e+00
      posres-com[1]= 0.00000e+00
      posres-com[2]= 0.00000e+00
   posres-comB (3):
      posres-comB[0]= 0.00000e+00
      posres-comB[1]= 0.00000e+00
      posres-comB[2]= 0.00000e+00
   QMMM                           = FALSE
   QMconstraints                  = 0
   QMMMscheme                     = 0
   MMChargeScaleFactor            = 1
qm-opts:
   ngQM                           = 0
   constraint-algorithm           = Lincs
   continuation                   = TRUE
   Shake-SOR                      = FALSE
   shake-tol                      = 0.0001
   lincs-order                    = 4
   lincs-iter                     = 1
   lincs-warnangle                = 30
   nwall                          = 0
   wall-type                      = 9-3
   wall-r-linpot                  = -1
   wall-atomtype[0]               = -1
   wall-atomtype[1]               = -1
   wall-density[0]                = 0
   wall-density[1]                = 0
   wall-ewald-zfac                = 3
   pull                           = no
   rotation                       = FALSE
   interactiveMD                  = FALSE
   disre                          = No
   disre-weighting                = Conservative
   disre-mixed                    = FALSE
   dr-fc                          = 1000
   dr-tau                         = 0
   nstdisreout                    = 100
   orire-fc                       = 0
   orire-tau                      = 0
   nstorireout                    = 100
   free-energy                    = no
   cos-acceleration               = 0
   deform (3x3):
      deform[    0]={ 0.00000e+00,  0.00000e+00,  0.00000e+00}
      deform[    1]={ 0.00000e+00,  0.00000e+00,  0.00000e+00}
      deform[    2]={ 0.00000e+00,  0.00000e+00,  0.00000e+00}
   simulated-tempering            = FALSE
   E-x:
      n = 0
   E-xt:
      n = 0
   E-y:
      n = 0
   E-yt:
      n = 0
   E-z:
      n = 0
   E-zt:
      n = 0
   swapcoords                     = no
   adress                         = FALSE
   userint1                       = 0
   userint2                       = 0
   userint3                       = 0
   userint4                       = 0
   userreal1                      = 0
   userreal2                      = 0
   userreal3                      = 0
   userreal4                      = 0
grpopts:
   nrdf:     7212.71     67047.3
   ref-t:         300         300
   tau-t:         0.1         0.1
annealing:          No          No
annealing-npoints:           0           0
   acc:	           0           0           0
   nfreeze:           N           N           N
   energygrp-flags[  0]: 0 0 0
   energygrp-flags[  1]: 0 0 0
   energygrp-flags[  2]: 0 0 0

Initializing Domain Decomposition on 4 ranks
Dynamic load balancing: auto
Will sort the charge groups at every domain (re)decomposition
Initial maximum inter charge-group distances:
    two-body bonded interactions: 0.429 nm, LJ-14, atoms 3621 3629
  multi-body bonded interactions: 0.423 nm, Proper Dih., atoms 531 534
Minimum cell size due to bonded interactions: 0.466 nm
Maximum distance for 5 constraints, at 120 deg. angles, all-trans: 0.820 nm
Estimated maximum distance required for P-LINCS: 0.820 nm
This distance will limit the DD cell size, you can override this with -rcon
Using 0 separate PME ranks, as there are too few total
 ranks for efficient splitting
Scaling the initial minimum size with 1/0.8 (option -dds) = 1.25
Optimizing the DD grid for 4 cells with a minimum initial size of 1.025 nm
The maximum allowed number of cells is: X 6 Y 6 Z 5
Domain decomposition grid 4 x 1 x 1, separate PME ranks 0
PME domain decomposition: 4 x 1 x 1
Domain decomposition rank 0, coordinates 0 0 0

Using 4 MPI threads

Detecting CPU SIMD instructions.
Present hardware specification:
Vendor: GenuineIntel
Brand:  Intel(R) Core(TM) i7-3520M CPU @ 2.90GHz
Family:  6  Model: 58  Stepping:  9
Features: aes apic avx clfsh cmov cx8 cx16 f16c htt lahf_lm mmx msr nonstop_tsc pcid pclmuldq pdcm popcnt pse rdrnd rdtscp sse2 sse3 sse4.1 sse4.2 ssse3 tdt x2apic
SIMD instructions most likely to fit this hardware: AVX_256
SIMD instructions selected at GROMACS compile time: AVX_256

Will do PME sum in reciprocal space for electrostatic interactions.

++++ PLEASE READ AND CITE THE FOLLOWING REFERENCE ++++
U. Essmann, L. Perera, M. L. Berkowitz, T. Darden, H. Lee and L. G. Pedersen 
A smooth particle mesh Ewald method
J. Chem. Phys. 103 (1995) pp. 8577-8592
-------- -------- --- Thank You --- -------- --------

Will do ordinary reciprocal space Ewald sum.
Using a Gaussian width (1/beta) of 0.448228 nm for Ewald
Cut-off's:   NS: 1.43   Coulomb: 1.4   LJ: 1.4
Long Range LJ corr.: <C6> 4.0427e-04
System total charge: 0.000
Generated table with 1214 data points for Ewald.
Tabscale = 500 points/nm
Generated table with 1214 data points for LJ6.
Tabscale = 500 points/nm
Generated table with 1214 data points for LJ12.
Tabscale = 500 points/nm
Generated table with 1214 data points for 1-4 COUL.
Tabscale = 500 points/nm
Generated table with 1214 data points for 1-4 LJ6.
Tabscale = 500 points/nm
Generated table with 1214 data points for 1-4 LJ12.
Tabscale = 500 points/nm

Using AVX_256 4x4 non-bonded kernels

Using full Lennard-Jones parameter combination matrix

Potential shift: LJ r^-12: -1.764e-02 r^-6: -1.328e-01, Ewald -1.000e-05
Initialized non-bonded Ewald correction tables, spacing: 1.10e-03 size: 2203


Initializing Parallel LINear Constraint Solver

++++ PLEASE READ AND CITE THE FOLLOWING REFERENCE ++++
B. Hess
P-LINCS: A Parallel Linear Constraint Solver for molecular simulation
J. Chem. Theory Comput. 4 (2008) pp. 116-122
-------- -------- --- Thank You --- -------- --------

The number of constraints is 3716
There are inter charge-group constraints,
will communicate selected coordinates each lincs iteration

++++ PLEASE READ AND CITE THE FOLLOWING REFERENCE ++++
S. Miyamoto and P. A. Kollman
SETTLE: An Analytical Version of the SHAKE and RATTLE Algorithms for Rigid
Water Models
J. Comp. Chem. 13 (1992) pp. 952-962
-------- -------- --- Thank You --- -------- --------


Linking all bonded interactions to atoms
There are 49486 inter charge-group exclusions,
will use an extra communication step for exclusion forces for PME

The initial number of communication pulses is: X 1
The initial domain decomposition cell size is: X 1.67 nm

The maximum allowed distance for charge groups involved in interactions is:
                 non-bonded interactions           1.430 nm
(the following are initial values, they could change due to box deformation)
            two-body bonded interactions  (-rdd)   1.430 nm
          multi-body bonded interactions  (-rdd)   1.430 nm
  atoms separated by up to 5 constraints  (-rcon)  1.671 nm

When dynamic load balancing gets turned on, these settings will change to:
The maximum number of communication pulses is: X 2
The minimum size for domain decomposition cells is 1.047 nm
The requested allowed shrink of DD cells (option -dds) is: 0.80
The allowed shrink of domain decomposition cells is: X 0.63
The maximum allowed distance for charge groups involved in interactions is:
                 non-bonded interactions           1.430 nm
            two-body bonded interactions  (-rdd)   1.430 nm
          multi-body bonded interactions  (-rdd)   1.047 nm
  atoms separated by up to 5 constraints  (-rcon)  1.047 nm


Making 1D domain decomposition grid 4 x 1 x 1, home cell index 0 0 0

Center of mass motion removal mode is Linear
We have the following groups for center of mass motion removal:
  0:  rest

++++ PLEASE READ AND CITE THE FOLLOWING REFERENCE ++++
G. Bussi, D. Donadio and M. Parrinello
Canonical sampling through velocity rescaling
J. Chem. Phys. 126 (2007) pp. 014101
-------- -------- --- Thank You --- -------- --------

There are: 37164 Atoms
Charge group distribution at step 0: 9489 9117 9078 9480
Initial temperature: 296.289 K

Started mdrun on rank 0 Sun Jan 10 15:56:06 2016
           Step           Time         Lambda
              0        0.00000        0.00000

   Energies (kJ/mol)
       G96Angle    Proper Dih.  Improper Dih.          LJ-14     Coulomb-14
    5.81746e+03    2.57868e+03    1.92154e+03    1.54679e+03    4.29906e+04
        LJ (SR)  Disper. corr.   Coulomb (SR)   Coul. recip.      Potential
    6.44733e+04   -2.19517e+03   -6.32216e+05    1.47996e+03   -5.13603e+05
    Kinetic En.   Total Energy    Temperature Pres. DC (bar) Pressure (bar)
    9.14728e+04   -4.22130e+05    2.96299e+02   -9.39638e+01    3.70953e+02
   Constr. rmsd
    1.97799e-05

DD  step 24 load imb.: force  4.1%

At step 25 the performance loss due to force load imbalance is 2.6 %

NOTE: Turning on dynamic load balancing

DD  step 4999  vol min/aver 0.960  load imb.: force  3.1%

           Step           Time         Lambda
           5000       10.00000        0.00000

   Energies (kJ/mol)
       G96Angle    Proper Dih.  Improper Dih.          LJ-14     Coulomb-14
    5.92765e+03    2.44395e+03    1.85276e+03    1.35344e+03    4.28290e+04
        LJ (SR)  Disper. corr.   Coulomb (SR)   Coul. recip.      Potential
    6.35755e+04   -2.18212e+03   -6.30215e+05    1.26858e+03   -5.13146e+05
    Kinetic En.   Total Energy    Temperature Pres. DC (bar) Pressure (bar)
    9.29572e+04   -4.20189e+05    3.01108e+02   -9.28509e+01   -3.55951e+01
   Constr. rmsd
    2.18663e-05

Writing checkpoint, step 7150 at Sun Jan 10 16:11:10 2016


DD  step 9999  vol min/aver 0.984  load imb.: force  2.4%

           Step           Time         Lambda
          10000       20.00000        0.00000

   Energies (kJ/mol)
       G96Angle    Proper Dih.  Improper Dih.          LJ-14     Coulomb-14
    6.11401e+03    2.70035e+03    1.91876e+03    1.36303e+03    4.27939e+04
        LJ (SR)  Disper. corr.   Coulomb (SR)   Coul. recip.      Potential
    6.50489e+04   -2.18810e+03   -6.34672e+05    1.29603e+03   -5.15625e+05
    Kinetic En.   Total Energy    Temperature Pres. DC (bar) Pressure (bar)
    9.23855e+04   -4.23239e+05    2.99256e+02   -9.33603e+01    2.13268e+00
   Constr. rmsd
    2.14613e-05

DD  step 14999  vol min/aver 0.968  load imb.: force  0.8%

           Step           Time         Lambda
          15000       30.00000        0.00000

   Energies (kJ/mol)
       G96Angle    Proper Dih.  Improper Dih.          LJ-14     Coulomb-14
    5.96690e+03    2.68172e+03    1.94673e+03    1.33506e+03    4.27726e+04
        LJ (SR)  Disper. corr.   Coulomb (SR)   Coul. recip.      Potential
    6.45650e+04   -2.18486e+03   -6.32286e+05    1.31641e+03   -5.13886e+05
    Kinetic En.   Total Energy    Temperature Pres. DC (bar) Pressure (bar)
    9.30545e+04   -4.20832e+05    3.01422e+02   -9.30838e+01    2.06329e+01
   Constr. rmsd
    2.15582e-05

Writing checkpoint, step 19600 at Sun Jan 10 16:26:07 2016


DD  step 19999  vol min/aver 0.967  load imb.: force  1.1%

           Step           Time         Lambda
          20000       40.00000        0.00000

   Energies (kJ/mol)
       G96Angle    Proper Dih.  Improper Dih.          LJ-14     Coulomb-14
    5.77408e+03    2.58002e+03    1.87658e+03    1.34058e+03    4.29013e+04
        LJ (SR)  Disper. corr.   Coulomb (SR)   Coul. recip.      Potential
    6.30762e+04   -2.18263e+03   -6.31078e+05    1.34127e+03   -5.14371e+05
    Kinetic En.   Total Energy    Temperature Pres. DC (bar) Pressure (bar)
    9.19751e+04   -4.22396e+05    2.97926e+02   -9.28939e+01   -1.02767e+02
   Constr. rmsd
    1.96663e-05

DD  step 24999  vol min/aver 0.965  load imb.: force  0.5%

           Step           Time         Lambda
          25000       50.00000        0.00000

   Energies (kJ/mol)
       G96Angle    Proper Dih.  Improper Dih.          LJ-14     Coulomb-14
    5.94935e+03    2.68040e+03    1.88814e+03    1.26029e+03    4.28265e+04
        LJ (SR)  Disper. corr.   Coulomb (SR)   Coul. recip.      Potential
    6.44173e+04   -2.18327e+03   -6.32516e+05    1.38520e+03   -5.14292e+05
    Kinetic En.   Total Energy    Temperature Pres. DC (bar) Pressure (bar)
    9.33844e+04   -4.20908e+05    3.02491e+02   -9.29483e+01    2.42867e+00
   Constr. rmsd
    2.10294e-05

DD  step 29999  vol min/aver 0.948  load imb.: force  1.9%

           Step           Time         Lambda
          30000       60.00000        0.00000

   Energies (kJ/mol)
       G96Angle    Proper Dih.  Improper Dih.          LJ-14     Coulomb-14
    6.13065e+03    2.65353e+03    1.76274e+03    1.30715e+03    4.30142e+04
        LJ (SR)  Disper. corr.   Coulomb (SR)   Coul. recip.      Potential
    6.41623e+04   -2.17592e+03   -6.31792e+05    1.32928e+03   -5.13609e+05
    Kinetic En.   Total Energy    Temperature Pres. DC (bar) Pressure (bar)
    9.27954e+04   -4.20813e+05    3.00583e+02   -9.23243e+01   -9.12232e+00
   Constr. rmsd
    2.10484e-05

Writing checkpoint, step 33225 at Sun Jan 10 16:41:08 2016


DD  step 34999  vol min/aver 0.981  load imb.: force  1.4%

           Step           Time         Lambda
          35000       70.00000        0.00000

   Energies (kJ/mol)
       G96Angle    Proper Dih.  Improper Dih.          LJ-14     Coulomb-14
    6.07825e+03    2.66334e+03    1.77803e+03    1.33645e+03    4.28577e+04
        LJ (SR)  Disper. corr.   Coulomb (SR)   Coul. recip.      Potential
    6.44410e+04   -2.17547e+03   -6.31800e+05    1.37191e+03   -5.13448e+05
    Kinetic En.   Total Energy    Temperature Pres. DC (bar) Pressure (bar)
    9.27526e+04   -4.20696e+05    3.00445e+02   -9.22855e+01    1.13500e+02
   Constr. rmsd
    2.09188e-05

DD  step 39999  vol min/aver 0.973  load imb.: force  1.5%

           Step           Time         Lambda
          40000       80.00000        0.00000

   Energies (kJ/mol)
       G96Angle    Proper Dih.  Improper Dih.          LJ-14     Coulomb-14
    5.95081e+03    2.63284e+03    1.87510e+03    1.31174e+03    4.28783e+04
        LJ (SR)  Disper. corr.   Coulomb (SR)   Coul. recip.      Potential
    6.36073e+04   -2.18436e+03   -6.31838e+05    1.27580e+03   -5.14491e+05
    Kinetic En.   Total Energy    Temperature Pres. DC (bar) Pressure (bar)
    9.26254e+04   -4.21866e+05    3.00033e+02   -9.30410e+01   -1.02710e+02
   Constr. rmsd
    2.20986e-05

DD  step 44999  vol min/aver 0.973  load imb.: force  0.4%

           Step           Time         Lambda
          45000       90.00000        0.00000

   Energies (kJ/mol)
       G96Angle    Proper Dih.  Improper Dih.          LJ-14     Coulomb-14
    5.95110e+03    2.72511e+03    1.84814e+03    1.33472e+03    4.28964e+04
        LJ (SR)  Disper. corr.   Coulomb (SR)   Coul. recip.      Potential
    6.36556e+04   -2.18096e+03   -6.32449e+05    1.32964e+03   -5.14889e+05
    Kinetic En.   Total Energy    Temperature Pres. DC (bar) Pressure (bar)
    9.23256e+04   -4.22563e+05    2.99061e+02   -9.27522e+01    5.24080e+01
   Constr. rmsd
    1.96579e-05

Writing checkpoint, step 46875 at Sun Jan 10 16:56:08 2016


DD  step 49999  vol min/aver 0.967  load imb.: force  0.6%

           Step           Time         Lambda
          50000      100.00000        0.00000

   Energies (kJ/mol)
       G96Angle    Proper Dih.  Improper Dih.          LJ-14     Coulomb-14
    6.00243e+03    2.65966e+03    1.79758e+03    1.27961e+03    4.26458e+04
        LJ (SR)  Disper. corr.   Coulomb (SR)   Coul. recip.      Potential
    6.34059e+04   -2.18272e+03   -6.31097e+05    1.32811e+03   -5.14161e+05
    Kinetic En.   Total Energy    Temperature Pres. DC (bar) Pressure (bar)
    9.18678e+04   -4.22293e+05    2.97578e+02   -9.29014e+01   -1.11853e+02
   Constr. rmsd
    2.08798e-05

DD  step 54999  vol min/aver 0.975  load imb.: force  1.2%

           Step           Time         Lambda
          55000      110.00000        0.00000

   Energies (kJ/mol)
       G96Angle    Proper Dih.  Improper Dih.          LJ-14     Coulomb-14
    5.97177e+03    2.62987e+03    1.81704e+03    1.17503e+03    4.27537e+04
        LJ (SR)  Disper. corr.   Coulomb (SR)   Coul. recip.      Potential
    6.43825e+04   -2.18529e+03   -6.33688e+05    1.40909e+03   -5.15734e+05
    Kinetic En.   Total Energy    Temperature Pres. DC (bar) Pressure (bar)
    9.24049e+04   -4.23330e+05    2.99318e+02   -9.31204e+01   -3.59830e+01
   Constr. rmsd
    2.08918e-05

