Log file opened on Sun Jan 10 10:32:15 2016
Host: AppledeMacintosh.local  pid: 2179  rank ID: 0  number of ranks:  1
GROMACS:    gmx mdrun, VERSION 5.0.6

GROMACS is written by:
Emile Apol         Rossen Apostolov   Herman J.C. Berendsen Par Bjelkmar       
Aldert van Buuren  Rudi van Drunen    Anton Feenstra     Sebastian Fritsch  
Gerrit Groenhof    Christoph Junghans Peter Kasson       Carsten Kutzner    
Per Larsson        Justin A. Lemkul   Magnus Lundborg    Pieter Meulenhoff  
Erik Marklund      Teemu Murtola      Szilard Pall       Sander Pronk       
Roland Schulz      Alexey Shvetsov    Michael Shirts     Alfons Sijbers     
Peter Tieleman     Christian Wennberg Maarten Wolf       
and the project leaders:
Mark Abraham, Berk Hess, Erik Lindahl, and David van der Spoel

Copyright (c) 1991-2000, University of Groningen, The Netherlands.
Copyright (c) 2001-2014, The GROMACS development team at
Uppsala University, Stockholm University and
the Royal Institute of Technology, Sweden.
check out http://www.gromacs.org for more information.

GROMACS is free software; you can redistribute it and/or modify it
under the terms of the GNU Lesser General Public License
as published by the Free Software Foundation; either version 2.1
of the License, or (at your option) any later version.

GROMACS:      gmx mdrun, VERSION 5.0.6
Executable:   /usr/local/bin/../Cellar/gromacs/5.0.6/bin/gmx
Library dir:  /usr/local/bin/../Cellar/gromacs/5.0.6/share/gromacs/top
Command line:
  gmx mdrun -v -deffnm nvt

Gromacs version:    VERSION 5.0.6
Precision:          single
Memory model:       64 bit
MPI library:        thread_mpi
OpenMP support:     disabled
GPU support:        disabled
invsqrt routine:    gmx_software_invsqrt(x)
SIMD instructions:  AVX_256
FFT library:        fftw-3.3.4-sse2
RDTSCP usage:       enabled
C++11 compilation:  enabled
TNG support:        enabled
Tracing support:    disabled
Built on:           Fri Aug  7 06:21:30 PDT 2015
Built by:           brew@yosemitevm.local [CMAKE]
Build OS/arch:      Darwin 14.4.0 x86_64
Build CPU vendor:   GenuineIntel
Build CPU brand:    Intel(R) Core(TM) i7-3720QM CPU @ 2.60GHz
Build CPU family:   6   Model: 58   Stepping: 9
Build CPU features: aes apic avx clfsh cmov cx8 cx16 f16c lahf_lm mmx msr nonstop_tsc pcid pclmuldq popcnt pse rdrnd rdtscp sse2 sse3 sse4.1 sse4.2 ssse3 tdt x2apic
C compiler:         /usr/local/Library/ENV/4.3/clang Clang 6.1.0.6020053
C compiler flags:    -mavx    -Wall -Wno-unused -Wunused-value -Wunused-parameter -Wno-unknown-pragmas    
C++ compiler:       /usr/local/Library/ENV/4.3/clang++ Clang 6.1.0.6020053
C++ compiler flags:  -mavx   -std=c++0x  -Wextra -Wno-missing-field-initializers -Wpointer-arith -Wall -Wno-unused-function -Wno-unknown-pragmas    
Boost version:      1.55.0 (internal)



++++ PLEASE READ AND CITE THE FOLLOWING REFERENCE ++++
S. Páll, M. J. Abraham, C. Kutzner, B. Hess, E. Lindahl
Tackling Exascale Software Challenges in Molecular Dynamics Simulations with
GROMACS
In S. Markidis & E. Laure (Eds.), Solving Software Challenges for Exascale 8759 (2015) pp. 3–27
-------- -------- --- Thank You --- -------- --------


++++ PLEASE READ AND CITE THE FOLLOWING REFERENCE ++++
S. Pronk, S. Páll, R. Schulz, P. Larsson, P. Bjelkmar, R. Apostolov, M. R.
Shirts, J. C. Smith, P. M. Kasson, D. van der Spoel, B. Hess, and E. Lindahl
GROMACS 4.5: a high-throughput and highly parallel open source molecular
simulation toolkit
Bioinformatics 29 (2013) pp. 845-54
-------- -------- --- Thank You --- -------- --------


++++ PLEASE READ AND CITE THE FOLLOWING REFERENCE ++++
B. Hess and C. Kutzner and D. van der Spoel and E. Lindahl
GROMACS 4: Algorithms for highly efficient, load-balanced, and scalable
molecular simulation
J. Chem. Theory Comput. 4 (2008) pp. 435-447
-------- -------- --- Thank You --- -------- --------


++++ PLEASE READ AND CITE THE FOLLOWING REFERENCE ++++
D. van der Spoel, E. Lindahl, B. Hess, G. Groenhof, A. E. Mark and H. J. C.
Berendsen
GROMACS: Fast, Flexible and Free
J. Comp. Chem. 26 (2005) pp. 1701-1719
-------- -------- --- Thank You --- -------- --------


++++ PLEASE READ AND CITE THE FOLLOWING REFERENCE ++++
E. Lindahl and B. Hess and D. van der Spoel
GROMACS 3.0: A package for molecular simulation and trajectory analysis
J. Mol. Mod. 7 (2001) pp. 306-317
-------- -------- --- Thank You --- -------- --------


++++ PLEASE READ AND CITE THE FOLLOWING REFERENCE ++++
H. J. C. Berendsen, D. van der Spoel and R. van Drunen
GROMACS: A message-passing parallel molecular dynamics implementation
Comp. Phys. Comm. 91 (1995) pp. 43-56
-------- -------- --- Thank You --- -------- --------

Changing nstlist from 10 to 25, rlist from 1.4 to 1.43

Input Parameters:
   integrator                     = md
   tinit                          = 0
   dt                             = 0.002
   nsteps                         = 50000
   init-step                      = 0
   simulation-part                = 1
   comm-mode                      = Linear
   nstcomm                        = 100
   bd-fric                        = 0
   ld-seed                        = 3140718086
   emtol                          = 10
   emstep                         = 0.01
   niter                          = 20
   fcstep                         = 0
   nstcgsteep                     = 1000
   nbfgscorr                      = 10
   rtpi                           = 0.05
   nstxout                        = 500
   nstvout                        = 500
   nstfout                        = 0
   nstlog                         = 500
   nstcalcenergy                  = 100
   nstenergy                      = 500
   nstxout-compressed             = 0
   compressed-x-precision         = 1000
   cutoff-scheme                  = Verlet
   nstlist                        = 25
   ns-type                        = Grid
   pbc                            = xyz
   periodic-molecules             = FALSE
   verlet-buffer-tolerance        = 0.005
   rlist                          = 1.43
   rlistlong                      = 1.43
   nstcalclr                      = 10
   coulombtype                    = PME
   coulomb-modifier               = Potential-shift
   rcoulomb-switch                = 0
   rcoulomb                       = 1.4
   epsilon-r                      = 1
   epsilon-rf                     = inf
   vdw-type                       = Cut-off
   vdw-modifier                   = Potential-shift
   rvdw-switch                    = 0
   rvdw                           = 1.4
   DispCorr                       = EnerPres
   table-extension                = 1
   fourierspacing                 = 0.16
   fourier-nx                     = 52
   fourier-ny                     = 52
   fourier-nz                     = 52
   pme-order                      = 4
   ewald-rtol                     = 1e-05
   ewald-rtol-lj                  = 0.001
   lj-pme-comb-rule               = Geometric
   ewald-geometry                 = 0
   epsilon-surface                = 0
   implicit-solvent               = No
   gb-algorithm                   = Still
   nstgbradii                     = 1
   rgbradii                       = 1
   gb-epsilon-solvent             = 80
   gb-saltconc                    = 0
   gb-obc-alpha                   = 1
   gb-obc-beta                    = 0.8
   gb-obc-gamma                   = 4.85
   gb-dielectric-offset           = 0.009
   sa-algorithm                   = Ace-approximation
   sa-surface-tension             = 2.05016
   tcoupl                         = V-rescale
   nsttcouple                     = 10
   nh-chain-length                = 0
   print-nose-hoover-chain-variables = FALSE
   pcoupl                         = No
   pcoupltype                     = Isotropic
   nstpcouple                     = -1
   tau-p                          = 1
   compressibility (3x3):
      compressibility[    0]={ 0.00000e+00,  0.00000e+00,  0.00000e+00}
      compressibility[    1]={ 0.00000e+00,  0.00000e+00,  0.00000e+00}
      compressibility[    2]={ 0.00000e+00,  0.00000e+00,  0.00000e+00}
   ref-p (3x3):
      ref-p[    0]={ 0.00000e+00,  0.00000e+00,  0.00000e+00}
      ref-p[    1]={ 0.00000e+00,  0.00000e+00,  0.00000e+00}
      ref-p[    2]={ 0.00000e+00,  0.00000e+00,  0.00000e+00}
   refcoord-scaling               = No
   posres-com (3):
      posres-com[0]= 0.00000e+00
      posres-com[1]= 0.00000e+00
      posres-com[2]= 0.00000e+00
   posres-comB (3):
      posres-comB[0]= 0.00000e+00
      posres-comB[1]= 0.00000e+00
      posres-comB[2]= 0.00000e+00
   QMMM                           = FALSE
   QMconstraints                  = 0
   QMMMscheme                     = 0
   MMChargeScaleFactor            = 1
qm-opts:
   ngQM                           = 0
   constraint-algorithm           = Lincs
   continuation                   = FALSE
   Shake-SOR                      = FALSE
   shake-tol                      = 0.0001
   lincs-order                    = 4
   lincs-iter                     = 1
   lincs-warnangle                = 30
   nwall                          = 0
   wall-type                      = 9-3
   wall-r-linpot                  = -1
   wall-atomtype[0]               = -1
   wall-atomtype[1]               = -1
   wall-density[0]                = 0
   wall-density[1]                = 0
   wall-ewald-zfac                = 3
   pull                           = no
   rotation                       = FALSE
   interactiveMD                  = FALSE
   disre                          = No
   disre-weighting                = Conservative
   disre-mixed                    = FALSE
   dr-fc                          = 1000
   dr-tau                         = 0
   nstdisreout                    = 100
   orire-fc                       = 0
   orire-tau                      = 0
   nstorireout                    = 100
   free-energy                    = no
   cos-acceleration               = 0
   deform (3x3):
      deform[    0]={ 0.00000e+00,  0.00000e+00,  0.00000e+00}
      deform[    1]={ 0.00000e+00,  0.00000e+00,  0.00000e+00}
      deform[    2]={ 0.00000e+00,  0.00000e+00,  0.00000e+00}
   simulated-tempering            = FALSE
   E-x:
      n = 0
   E-xt:
      n = 0
   E-y:
      n = 0
   E-yt:
      n = 0
   E-z:
      n = 0
   E-zt:
      n = 0
   swapcoords                     = no
   adress                         = FALSE
   userint1                       = 0
   userint2                       = 0
   userint3                       = 0
   userint4                       = 0
   userreal1                      = 0
   userreal2                      = 0
   userreal3                      = 0
   userreal4                      = 0
grpopts:
   nrdf:     7212.71     67047.3
   ref-t:         300         300
   tau-t:         0.1         0.1
annealing:          No          No
annealing-npoints:           0           0
   acc:	           0           0           0
   nfreeze:           N           N           N
   energygrp-flags[  0]: 0 0 0
   energygrp-flags[  1]: 0 0 0
   energygrp-flags[  2]: 0 0 0

Initializing Domain Decomposition on 4 ranks
Dynamic load balancing: auto
Will sort the charge groups at every domain (re)decomposition
Initial maximum inter charge-group distances:
    two-body bonded interactions: 0.430 nm, LJ-14, atoms 3618 3621
  multi-body bonded interactions: 0.423 nm, Proper Dih., atoms 531 534
Minimum cell size due to bonded interactions: 0.465 nm
Maximum distance for 5 constraints, at 120 deg. angles, all-trans: 0.820 nm
Estimated maximum distance required for P-LINCS: 0.820 nm
This distance will limit the DD cell size, you can override this with -rcon
Using 0 separate PME ranks, as there are too few total
 ranks for efficient splitting
Scaling the initial minimum size with 1/0.8 (option -dds) = 1.25
Optimizing the DD grid for 4 cells with a minimum initial size of 1.025 nm
The maximum allowed number of cells is: X 6 Y 6 Z 5
Domain decomposition grid 4 x 1 x 1, separate PME ranks 0
PME domain decomposition: 4 x 1 x 1
Domain decomposition rank 0, coordinates 0 0 0

Using 4 MPI threads

Detecting CPU SIMD instructions.
Present hardware specification:
Vendor: GenuineIntel
Brand:  Intel(R) Core(TM) i7-3520M CPU @ 2.90GHz
Family:  6  Model: 58  Stepping:  9
Features: aes apic avx clfsh cmov cx8 cx16 f16c htt lahf_lm mmx msr nonstop_tsc pcid pclmuldq pdcm popcnt pse rdrnd rdtscp sse2 sse3 sse4.1 sse4.2 ssse3 tdt x2apic
SIMD instructions most likely to fit this hardware: AVX_256
SIMD instructions selected at GROMACS compile time: AVX_256

Will do PME sum in reciprocal space for electrostatic interactions.

++++ PLEASE READ AND CITE THE FOLLOWING REFERENCE ++++
U. Essmann, L. Perera, M. L. Berkowitz, T. Darden, H. Lee and L. G. Pedersen 
A smooth particle mesh Ewald method
J. Chem. Phys. 103 (1995) pp. 8577-8592
-------- -------- --- Thank You --- -------- --------

Will do ordinary reciprocal space Ewald sum.
Using a Gaussian width (1/beta) of 0.448228 nm for Ewald
Cut-off's:   NS: 1.43   Coulomb: 1.4   LJ: 1.4
Long Range LJ corr.: <C6> 4.0427e-04
System total charge: 0.000
Generated table with 1214 data points for Ewald.
Tabscale = 500 points/nm
Generated table with 1214 data points for LJ6.
Tabscale = 500 points/nm
Generated table with 1214 data points for LJ12.
Tabscale = 500 points/nm
Generated table with 1214 data points for 1-4 COUL.
Tabscale = 500 points/nm
Generated table with 1214 data points for 1-4 LJ6.
Tabscale = 500 points/nm
Generated table with 1214 data points for 1-4 LJ12.
Tabscale = 500 points/nm

Using AVX_256 4x4 non-bonded kernels

Using full Lennard-Jones parameter combination matrix

Potential shift: LJ r^-12: -1.764e-02 r^-6: -1.328e-01, Ewald -1.000e-05
Initialized non-bonded Ewald correction tables, spacing: 1.10e-03 size: 2203

Removing pbc first time

Initializing Parallel LINear Constraint Solver

++++ PLEASE READ AND CITE THE FOLLOWING REFERENCE ++++
B. Hess
P-LINCS: A Parallel Linear Constraint Solver for molecular simulation
J. Chem. Theory Comput. 4 (2008) pp. 116-122
-------- -------- --- Thank You --- -------- --------

The number of constraints is 3716
There are inter charge-group constraints,
will communicate selected coordinates each lincs iteration

++++ PLEASE READ AND CITE THE FOLLOWING REFERENCE ++++
S. Miyamoto and P. A. Kollman
SETTLE: An Analytical Version of the SHAKE and RATTLE Algorithms for Rigid
Water Models
J. Comp. Chem. 13 (1992) pp. 952-962
-------- -------- --- Thank You --- -------- --------


Linking all bonded interactions to atoms
There are 49486 inter charge-group exclusions,
will use an extra communication step for exclusion forces for PME

The initial number of communication pulses is: X 1
The initial domain decomposition cell size is: X 1.67 nm

The maximum allowed distance for charge groups involved in interactions is:
                 non-bonded interactions           1.430 nm
            two-body bonded interactions  (-rdd)   1.430 nm
          multi-body bonded interactions  (-rdd)   1.430 nm
  atoms separated by up to 5 constraints  (-rcon)  1.672 nm

When dynamic load balancing gets turned on, these settings will change to:
The maximum number of communication pulses is: X 2
The minimum size for domain decomposition cells is 1.048 nm
The requested allowed shrink of DD cells (option -dds) is: 0.80
The allowed shrink of domain decomposition cells is: X 0.63
The maximum allowed distance for charge groups involved in interactions is:
                 non-bonded interactions           1.430 nm
            two-body bonded interactions  (-rdd)   1.430 nm
          multi-body bonded interactions  (-rdd)   1.048 nm
  atoms separated by up to 5 constraints  (-rcon)  1.048 nm


Making 1D domain decomposition grid 4 x 1 x 1, home cell index 0 0 0

Center of mass motion removal mode is Linear
We have the following groups for center of mass motion removal:
  0:  rest

++++ PLEASE READ AND CITE THE FOLLOWING REFERENCE ++++
G. Bussi, D. Donadio and M. Parrinello
Canonical sampling through velocity rescaling
J. Chem. Phys. 126 (2007) pp. 014101
-------- -------- --- Thank You --- -------- --------

There are: 37164 Atoms
Charge group distribution at step 0: 9550 9140 9040 9434

Constraining the starting coordinates (step 0)

Constraining the coordinates at t0-dt (step 0)
RMS relative constraint deviation after constraining: 2.55e-05
Initial temperature: 300.798 K

Started mdrun on rank 0 Sun Jan 10 10:32:16 2016
           Step           Time         Lambda
              0        0.00000        0.00000

   Energies (kJ/mol)
       G96Angle    Proper Dih.  Improper Dih.          LJ-14     Coulomb-14
    2.51560e+03    2.33132e+03    7.89243e+02    1.45569e+03    4.29694e+04
        LJ (SR)  Disper. corr.   Coulomb (SR)   Coul. recip. Position Rest.
    6.29504e+04   -2.19178e+03   -6.84647e+05    2.82508e+03    7.18107e-01
      Potential    Kinetic En.   Total Energy  Conserved En.    Temperature
   -5.71002e+05    9.28767e+04   -4.78125e+05   -4.78125e+05    3.00846e+02
 Pres. DC (bar) Pressure (bar)   Constr. rmsd
   -9.36742e+01   -3.83761e+03    2.63168e-05

DD  step 24 load imb.: force  7.4%

At step 25 the performance loss due to force load imbalance is 5.0 %

NOTE: Turning on dynamic load balancing

DD  step 499  vol min/aver 0.960  load imb.: force  0.7%

           Step           Time         Lambda
            500        1.00000        0.00000

   Energies (kJ/mol)
       G96Angle    Proper Dih.  Improper Dih.          LJ-14     Coulomb-14
    5.85068e+03    2.62860e+03    1.93347e+03    1.68946e+03    4.28586e+04
        LJ (SR)  Disper. corr.   Coulomb (SR)   Coul. recip. Position Rest.
    6.70739e+04   -2.19178e+03   -6.32552e+05    1.51026e+03    2.39403e+03
      Potential    Kinetic En.   Total Energy  Conserved En.    Temperature
   -5.08804e+05    9.23819e+04   -4.16423e+05   -4.77380e+05    2.99244e+02
 Pres. DC (bar) Pressure (bar)   Constr. rmsd
   -9.36742e+01    3.72938e+02    1.90345e-05

DD  step 999  vol min/aver 0.974  load imb.: force  1.0%

           Step           Time         Lambda
           1000        2.00000        0.00000

   Energies (kJ/mol)
       G96Angle    Proper Dih.  Improper Dih.          LJ-14     Coulomb-14
    5.80815e+03    2.58871e+03    1.92631e+03    1.66701e+03    4.29490e+04
        LJ (SR)  Disper. corr.   Coulomb (SR)   Coul. recip. Position Rest.
    6.48031e+04   -2.19178e+03   -6.30573e+05    1.51026e+03    2.13822e+03
      Potential    Kinetic En.   Total Energy  Conserved En.    Temperature
   -5.09374e+05    9.22929e+04   -4.17081e+05   -4.77386e+05    2.98956e+02
 Pres. DC (bar) Pressure (bar)   Constr. rmsd
   -9.36742e+01   -6.30071e+02    1.93971e-05

DD  step 1499  vol min/aver 0.965  load imb.: force  2.4%

           Step           Time         Lambda
           1500        3.00000        0.00000

   Energies (kJ/mol)
       G96Angle    Proper Dih.  Improper Dih.          LJ-14     Coulomb-14
    5.91908e+03    2.58365e+03    1.84029e+03    1.62844e+03    4.30273e+04
        LJ (SR)  Disper. corr.   Coulomb (SR)   Coul. recip. Position Rest.
    6.52141e+04   -2.19178e+03   -6.31541e+05    1.57761e+03    2.28332e+03
      Potential    Kinetic En.   Total Energy  Conserved En.    Temperature
   -5.09659e+05    9.29353e+04   -4.16724e+05   -4.77415e+05    3.01036e+02
 Pres. DC (bar) Pressure (bar)   Constr. rmsd
   -9.36742e+01    1.63988e+02    2.09434e-05

DD  step 1999  vol min/aver 0.981  load imb.: force  1.0%

           Step           Time         Lambda
           2000        4.00000        0.00000

   Energies (kJ/mol)
       G96Angle    Proper Dih.  Improper Dih.          LJ-14     Coulomb-14
    5.75096e+03    2.62703e+03    1.93819e+03    1.67319e+03    4.29384e+04
        LJ (SR)  Disper. corr.   Coulomb (SR)   Coul. recip. Position Rest.
    6.50458e+04   -2.19178e+03   -6.31590e+05    1.46790e+03    1.97209e+03
      Potential    Kinetic En.   Total Energy  Conserved En.    Temperature
   -5.10368e+05    9.29041e+04   -4.17464e+05   -4.77415e+05    3.00935e+02
 Pres. DC (bar) Pressure (bar)   Constr. rmsd
   -9.36742e+01   -6.00301e+02    2.12388e-05

DD  step 2499  vol min/aver 0.986  load imb.: force  1.5%

           Step           Time         Lambda
           2500        5.00000        0.00000

   Energies (kJ/mol)
       G96Angle    Proper Dih.  Improper Dih.          LJ-14     Coulomb-14
    5.78847e+03    2.56719e+03    1.84686e+03    1.66306e+03    4.28802e+04
        LJ (SR)  Disper. corr.   Coulomb (SR)   Coul. recip. Position Rest.
    6.33597e+04   -2.19178e+03   -6.29808e+05    1.49233e+03    2.03352e+03
      Potential    Kinetic En.   Total Energy  Conserved En.    Temperature
   -5.10368e+05    9.18447e+04   -4.18524e+05   -4.77435e+05    2.97504e+02
 Pres. DC (bar) Pressure (bar)   Constr. rmsd
   -9.36742e+01   -6.75227e+02    2.01918e-05

DD  step 2999  vol min/aver 0.988  load imb.: force  1.0%

           Step           Time         Lambda
           3000        6.00000        0.00000

   Energies (kJ/mol)
       G96Angle    Proper Dih.  Improper Dih.          LJ-14     Coulomb-14
    5.79321e+03    2.63990e+03    1.79096e+03    1.64602e+03    4.29420e+04
        LJ (SR)  Disper. corr.   Coulomb (SR)   Coul. recip. Position Rest.
    6.56662e+04   -2.19178e+03   -6.32434e+05    1.47500e+03    2.07841e+03
      Potential    Kinetic En.   Total Energy  Conserved En.    Temperature
   -5.10594e+05    9.26348e+04   -4.17960e+05   -4.77447e+05    3.00063e+02
 Pres. DC (bar) Pressure (bar)   Constr. rmsd
   -9.36742e+01   -3.09934e+01    2.13274e-05

DD  step 3499  vol min/aver 0.982  load imb.: force  2.6%

           Step           Time         Lambda
           3500        7.00000        0.00000

   Energies (kJ/mol)
       G96Angle    Proper Dih.  Improper Dih.          LJ-14     Coulomb-14
    5.75300e+03    2.53122e+03    1.92953e+03    1.68222e+03    4.29790e+04
        LJ (SR)  Disper. corr.   Coulomb (SR)   Coul. recip. Position Rest.
    6.42420e+04   -2.19178e+03   -6.30870e+05    1.44964e+03    2.13039e+03
      Potential    Kinetic En.   Total Energy  Conserved En.    Temperature
   -5.10365e+05    9.32911e+04   -4.17074e+05   -4.77467e+05    3.02189e+02
 Pres. DC (bar) Pressure (bar)   Constr. rmsd
   -9.36742e+01    4.25233e+02    2.06151e-05

DD  step 3999  vol min/aver 0.984  load imb.: force  3.7%

           Step           Time         Lambda
           4000        8.00000        0.00000

   Energies (kJ/mol)
       G96Angle    Proper Dih.  Improper Dih.          LJ-14     Coulomb-14
    6.00788e+03    2.69756e+03    1.86858e+03    1.64565e+03    4.29815e+04
        LJ (SR)  Disper. corr.   Coulomb (SR)   Coul. recip. Position Rest.
    6.32796e+04   -2.19178e+03   -6.29708e+05    1.45223e+03    2.04302e+03
      Potential    Kinetic En.   Total Energy  Conserved En.    Temperature
   -5.09923e+05    9.28902e+04   -4.17033e+05   -4.77482e+05    3.00890e+02
 Pres. DC (bar) Pressure (bar)   Constr. rmsd
   -9.36742e+01   -1.41369e+02    1.94024e-05

DD  step 4499  vol min/aver 0.986  load imb.: force  1.3%

           Step           Time         Lambda
           4500        9.00000        0.00000

   Energies (kJ/mol)
       G96Angle    Proper Dih.  Improper Dih.          LJ-14     Coulomb-14
    5.78603e+03    2.56027e+03    1.85520e+03    1.53673e+03    4.30371e+04
        LJ (SR)  Disper. corr.   Coulomb (SR)   Coul. recip. Position Rest.
    6.50940e+04   -2.19178e+03   -6.31662e+05    1.49781e+03    1.98988e+03
      Potential    Kinetic En.   Total Energy  Conserved En.    Temperature
   -5.10497e+05    9.21942e+04   -4.18303e+05   -4.77502e+05    2.98636e+02
 Pres. DC (bar) Pressure (bar)   Constr. rmsd
   -9.36742e+01   -4.10980e+02    2.06242e-05

DD  step 4999  vol min/aver 0.970  load imb.: force  2.5%

           Step           Time         Lambda
           5000       10.00000        0.00000

   Energies (kJ/mol)
       G96Angle    Proper Dih.  Improper Dih.          LJ-14     Coulomb-14
    5.94918e+03    2.64137e+03    1.88809e+03    1.74019e+03    4.29737e+04
        LJ (SR)  Disper. corr.   Coulomb (SR)   Coul. recip. Position Rest.
    6.32684e+04   -2.19178e+03   -6.28704e+05    1.44039e+03    1.99734e+03
      Potential    Kinetic En.   Total Energy  Conserved En.    Temperature
   -5.08997e+05    9.23365e+04   -4.16661e+05   -4.77528e+05    2.99097e+02
 Pres. DC (bar) Pressure (bar)   Constr. rmsd
   -9.36742e+01    1.97820e+02    1.96967e-05

DD  step 5499  vol min/aver 0.967  load imb.: force  1.4%

           Step           Time         Lambda
           5500       11.00000        0.00000

   Energies (kJ/mol)
       G96Angle    Proper Dih.  Improper Dih.          LJ-14     Coulomb-14
    5.86442e+03    2.59279e+03    1.96884e+03    1.69342e+03    4.29540e+04
        LJ (SR)  Disper. corr.   Coulomb (SR)   Coul. recip. Position Rest.
    6.42957e+04   -2.19178e+03   -6.30961e+05    1.44684e+03    1.96328e+03
      Potential    Kinetic En.   Total Energy  Conserved En.    Temperature
   -5.10373e+05    9.23010e+04   -4.18072e+05   -4.77553e+05    2.98982e+02
 Pres. DC (bar) Pressure (bar)   Constr. rmsd
   -9.36742e+01   -2.19667e+02    1.95777e-05

DD  step 5999  vol min/aver 0.949  load imb.: force  7.8%

           Step           Time         Lambda
           6000       12.00000        0.00000

   Energies (kJ/mol)
       G96Angle    Proper Dih.  Improper Dih.          LJ-14     Coulomb-14
    5.83614e+03    2.46968e+03    1.83092e+03    1.67592e+03    4.29096e+04
        LJ (SR)  Disper. corr.   Coulomb (SR)   Coul. recip. Position Rest.
    6.43108e+04   -2.19178e+03   -6.31307e+05    1.48452e+03    1.95982e+03
      Potential    Kinetic En.   Total Energy  Conserved En.    Temperature
   -5.11021e+05    9.34250e+04   -4.17596e+05   -4.77570e+05    3.02623e+02
 Pres. DC (bar) Pressure (bar)   Constr. rmsd
   -9.36742e+01   -2.64432e+01    1.88616e-05

DD  step 6499  vol min/aver 0.978  load imb.: force  4.7%

           Step           Time         Lambda
           6500       13.00000        0.00000

   Energies (kJ/mol)
       G96Angle    Proper Dih.  Improper Dih.          LJ-14     Coulomb-14
    5.91082e+03    2.59353e+03    1.88634e+03    1.63467e+03    4.29547e+04
        LJ (SR)  Disper. corr.   Coulomb (SR)   Coul. recip. Position Rest.
    6.43790e+04   -2.19178e+03   -6.31367e+05    1.44169e+03    1.98583e+03
      Potential    Kinetic En.   Total Energy  Conserved En.    Temperature
   -5.10772e+05    9.23874e+04   -4.18385e+05   -4.77585e+05    2.99262e+02
 Pres. DC (bar) Pressure (bar)   Constr. rmsd
   -9.36742e+01   -4.17133e+02    2.05321e-05

DD  step 6999  vol min/aver 0.981  load imb.: force  1.3%

           Step           Time         Lambda
           7000       14.00000        0.00000

   Energies (kJ/mol)
       G96Angle    Proper Dih.  Improper Dih.          LJ-14     Coulomb-14
    5.75814e+03    2.62611e+03    1.78199e+03    1.75976e+03    4.28628e+04
        LJ (SR)  Disper. corr.   Coulomb (SR)   Coul. recip. Position Rest.
    6.46655e+04   -2.19178e+03   -6.32987e+05    1.42675e+03    1.99262e+03
      Potential    Kinetic En.   Total Energy  Conserved En.    Temperature
   -5.12305e+05    9.22613e+04   -4.20044e+05   -4.77612e+05    2.98853e+02
 Pres. DC (bar) Pressure (bar)   Constr. rmsd
   -9.36742e+01    3.24769e+02    1.93610e-05

Writing checkpoint, step 7125 at Sun Jan 10 10:47:18 2016


DD  step 7499  vol min/aver 0.990  load imb.: force  2.2%

           Step           Time         Lambda
           7500       15.00000        0.00000

   Energies (kJ/mol)
       G96Angle    Proper Dih.  Improper Dih.          LJ-14     Coulomb-14
    5.59151e+03    2.73558e+03    1.90210e+03    1.70834e+03    4.29222e+04
        LJ (SR)  Disper. corr.   Coulomb (SR)   Coul. recip. Position Rest.
    6.40168e+04   -2.19178e+03   -6.31385e+05    1.41796e+03    2.03918e+03
      Potential    Kinetic En.   Total Energy  Conserved En.    Temperature
   -5.11243e+05    9.23377e+04   -4.18906e+05   -4.77620e+05    2.99101e+02
 Pres. DC (bar) Pressure (bar)   Constr. rmsd
   -9.36742e+01    3.18873e+01    1.96969e-05

DD  step 7999  vol min/aver 0.994  load imb.: force  3.0%

           Step           Time         Lambda
           8000       16.00000        0.00000

   Energies (kJ/mol)
       G96Angle    Proper Dih.  Improper Dih.          LJ-14     Coulomb-14
    5.68432e+03    2.56934e+03    1.94553e+03    1.72472e+03    4.29286e+04
        LJ (SR)  Disper. corr.   Coulomb (SR)   Coul. recip. Position Rest.
    6.32929e+04   -2.19178e+03   -6.29918e+05    1.36700e+03    1.98908e+03
      Potential    Kinetic En.   Total Energy  Conserved En.    Temperature
   -5.10609e+05    9.32447e+04   -4.17364e+05   -4.77657e+05    3.02039e+02
 Pres. DC (bar) Pressure (bar)   Constr. rmsd
   -9.36742e+01   -2.23974e+02    2.11659e-05

DD  step 8499  vol min/aver 0.982  load imb.: force  2.6%

           Step           Time         Lambda
           8500       17.00000        0.00000

   Energies (kJ/mol)
       G96Angle    Proper Dih.  Improper Dih.          LJ-14     Coulomb-14
    5.72040e+03    2.64449e+03    1.89539e+03    1.66441e+03    4.30380e+04
        LJ (SR)  Disper. corr.   Coulomb (SR)   Coul. recip. Position Rest.
    6.33737e+04   -2.19178e+03   -6.30158e+05    1.45372e+03    1.98736e+03
      Potential    Kinetic En.   Total Energy  Conserved En.    Temperature
   -5.10573e+05    9.27338e+04   -4.17839e+05   -4.77696e+05    3.00384e+02
 Pres. DC (bar) Pressure (bar)   Constr. rmsd
   -9.36742e+01   -5.41989e+02    1.96965e-05

DD  step 8999  vol min/aver 0.968  load imb.: force  2.2%

           Step           Time         Lambda
           9000       18.00000        0.00000

   Energies (kJ/mol)
       G96Angle    Proper Dih.  Improper Dih.          LJ-14     Coulomb-14
    5.71785e+03    2.53226e+03    1.83528e+03    1.71827e+03    4.29897e+04
        LJ (SR)  Disper. corr.   Coulomb (SR)   Coul. recip. Position Rest.
    6.45564e+04   -2.19178e+03   -6.32237e+05    1.49158e+03    1.93938e+03
      Potential    Kinetic En.   Total Energy  Conserved En.    Temperature
   -5.11648e+05    9.29264e+04   -4.18721e+05   -4.77707e+05    3.01008e+02
 Pres. DC (bar) Pressure (bar)   Constr. rmsd
   -9.36742e+01    2.55473e+02    1.88221e-05

DD  step 9499  vol min/aver 0.985  load imb.: force  3.3%

           Step           Time         Lambda
           9500       19.00000        0.00000

   Energies (kJ/mol)
       G96Angle    Proper Dih.  Improper Dih.          LJ-14     Coulomb-14
    5.89279e+03    2.64268e+03    1.82006e+03    1.56257e+03    4.29226e+04
        LJ (SR)  Disper. corr.   Coulomb (SR)   Coul. recip. Position Rest.
    6.49689e+04   -2.19178e+03   -6.32293e+05    1.46060e+03    2.05609e+03
      Potential    Kinetic En.   Total Energy  Conserved En.    Temperature
   -5.11159e+05    9.27115e+04   -4.18447e+05   -4.77718e+05    3.00312e+02
 Pres. DC (bar) Pressure (bar)   Constr. rmsd
   -9.36742e+01   -5.35145e+02    2.01834e-05

DD  step 9999  vol min/aver 0.972  load imb.: force  3.2%

           Step           Time         Lambda
          10000       20.00000        0.00000

   Energies (kJ/mol)
       G96Angle    Proper Dih.  Improper Dih.          LJ-14     Coulomb-14
    5.84221e+03    2.57840e+03    1.89996e+03    1.68693e+03    4.30214e+04
        LJ (SR)  Disper. corr.   Coulomb (SR)   Coul. recip. Position Rest.
    6.40935e+04   -2.19178e+03   -6.31291e+05    1.41053e+03    2.04393e+03
      Potential    Kinetic En.   Total Energy  Conserved En.    Temperature
   -5.10906e+05    9.24674e+04   -4.18439e+05   -4.77737e+05    2.99521e+02
 Pres. DC (bar) Pressure (bar)   Constr. rmsd
   -9.36742e+01   -1.86288e+02    2.02279e-05

DD  step 10499  vol min/aver 0.964  load imb.: force  3.8%

           Step           Time         Lambda
          10500       21.00000        0.00000

   Energies (kJ/mol)
       G96Angle    Proper Dih.  Improper Dih.          LJ-14     Coulomb-14
    5.86799e+03    2.52172e+03    1.88857e+03    1.57089e+03    4.27607e+04
        LJ (SR)  Disper. corr.   Coulomb (SR)   Coul. recip. Position Rest.
    6.43245e+04   -2.19178e+03   -6.31686e+05    1.51860e+03    1.99636e+03
      Potential    Kinetic En.   Total Energy  Conserved En.    Temperature
   -5.11428e+05    9.30770e+04   -4.18351e+05   -4.77764e+05    3.01496e+02
 Pres. DC (bar) Pressure (bar)   Constr. rmsd
   -9.36742e+01    1.80116e+02    1.98642e-05

DD  step 10999  vol min/aver 0.985  load imb.: force  4.2%

           Step           Time         Lambda
          11000       22.00000        0.00000

   Energies (kJ/mol)
       G96Angle    Proper Dih.  Improper Dih.          LJ-14     Coulomb-14
    6.14140e+03    2.64766e+03    1.87449e+03    1.54610e+03    4.30244e+04
        LJ (SR)  Disper. corr.   Coulomb (SR)   Coul. recip. Position Rest.
    6.40873e+04   -2.19178e+03   -6.29363e+05    1.43897e+03    2.03151e+03
      Potential    Kinetic En.   Total Energy  Conserved En.    Temperature
   -5.08763e+05    9.30291e+04   -4.15734e+05   -4.77782e+05    3.01340e+02
 Pres. DC (bar) Pressure (bar)   Constr. rmsd
   -9.36742e+01    1.24807e+02    2.01734e-05

DD  step 11499  vol min/aver 0.975  load imb.: force  1.8%

           Step           Time         Lambda
          11500       23.00000        0.00000

   Energies (kJ/mol)
       G96Angle    Proper Dih.  Improper Dih.          LJ-14     Coulomb-14
    5.54315e+03    2.51826e+03    1.77978e+03    1.69693e+03    4.29470e+04
        LJ (SR)  Disper. corr.   Coulomb (SR)   Coul. recip. Position Rest.
    6.55748e+04   -2.19178e+03   -6.33135e+05    1.40165e+03    2.01095e+03
      Potential    Kinetic En.   Total Energy  Conserved En.    Temperature
   -5.11854e+05    9.24454e+04   -4.19409e+05   -4.77813e+05    2.99449e+02
 Pres. DC (bar) Pressure (bar)   Constr. rmsd
   -9.36742e+01    2.41088e+02    1.96568e-05

DD  step 11999  vol min/aver 0.971  load imb.: force  1.6%

           Step           Time         Lambda
          12000       24.00000        0.00000

   Energies (kJ/mol)
       G96Angle    Proper Dih.  Improper Dih.          LJ-14     Coulomb-14
    5.80687e+03    2.61151e+03    1.81754e+03    1.62129e+03    4.29584e+04
        LJ (SR)  Disper. corr.   Coulomb (SR)   Coul. recip. Position Rest.
    6.41011e+04   -2.19178e+03   -6.31424e+05    1.52513e+03    1.92116e+03
      Potential    Kinetic En.   Total Energy  Conserved En.    Temperature
   -5.11252e+05    9.24420e+04   -4.18810e+05   -4.77834e+05    2.99439e+02
 Pres. DC (bar) Pressure (bar)   Constr. rmsd
   -9.36742e+01   -1.84664e+02    2.09385e-05

DD  step 12499  vol min/aver 0.973  load imb.: force  3.0%

           Step           Time         Lambda
          12500       25.00000        0.00000

   Energies (kJ/mol)
       G96Angle    Proper Dih.  Improper Dih.          LJ-14     Coulomb-14
    5.90330e+03    2.48472e+03    1.86587e+03    1.65139e+03    4.29608e+04
        LJ (SR)  Disper. corr.   Coulomb (SR)   Coul. recip. Position Rest.
    6.36149e+04   -2.19178e+03   -6.30132e+05    1.47223e+03    1.97263e+03
      Potential    Kinetic En.   Total Energy  Conserved En.    Temperature
   -5.10398e+05    9.30043e+04   -4.17393e+05   -4.77848e+05    3.01260e+02
 Pres. DC (bar) Pressure (bar)   Constr. rmsd
   -9.36742e+01    5.53899e+01    1.97154e-05

DD  step 12999  vol min/aver 0.976  load imb.: force  2.3%

           Step           Time         Lambda
          13000       26.00000        0.00000

   Energies (kJ/mol)
       G96Angle    Proper Dih.  Improper Dih.          LJ-14     Coulomb-14
    5.87421e+03    2.60819e+03    1.63698e+03    1.57992e+03    4.28897e+04
        LJ (SR)  Disper. corr.   Coulomb (SR)   Coul. recip. Position Rest.
    6.34585e+04   -2.19178e+03   -6.30173e+05    1.46590e+03    1.95788e+03
      Potential    Kinetic En.   Total Energy  Conserved En.    Temperature
   -5.10894e+05    9.15202e+04   -4.19374e+05   -4.77895e+05    2.96453e+02
 Pres. DC (bar) Pressure (bar)   Constr. rmsd
   -9.36742e+01    3.66406e+02    1.99757e-05

DD  step 13499  vol min/aver 0.980  load imb.: force  2.5%

           Step           Time         Lambda
          13500       27.00000        0.00000

   Energies (kJ/mol)
       G96Angle    Proper Dih.  Improper Dih.          LJ-14     Coulomb-14
    5.78692e+03    2.52687e+03    1.76576e+03    1.63969e+03    4.29532e+04
        LJ (SR)  Disper. corr.   Coulomb (SR)   Coul. recip. Position Rest.
    6.39682e+04   -2.19178e+03   -6.31083e+05    1.34921e+03    1.95531e+03
      Potential    Kinetic En.   Total Energy  Conserved En.    Temperature
   -5.11330e+05    9.20416e+04   -4.19288e+05   -4.77903e+05    2.98141e+02
 Pres. DC (bar) Pressure (bar)   Constr. rmsd
   -9.36742e+01    1.69011e+02    1.96137e-05

DD  step 13999  vol min/aver 0.985  load imb.: force  2.1%

           Step           Time         Lambda
          14000       28.00000        0.00000

   Energies (kJ/mol)
       G96Angle    Proper Dih.  Improper Dih.          LJ-14     Coulomb-14
    5.78893e+03    2.48826e+03    1.84431e+03    1.61765e+03    4.29520e+04
        LJ (SR)  Disper. corr.   Coulomb (SR)   Coul. recip. Position Rest.
    6.39853e+04   -2.19178e+03   -6.31380e+05    1.38605e+03    2.15749e+03
      Potential    Kinetic En.   Total Energy  Conserved En.    Temperature
   -5.11352e+05    9.33026e+04   -4.18049e+05   -4.77928e+05    3.02226e+02
 Pres. DC (bar) Pressure (bar)   Constr. rmsd
   -9.36742e+01   -1.30522e+02    2.06067e-05

Writing checkpoint, step 14100 at Sun Jan 10 11:02:17 2016


DD  step 14499  vol min/aver 0.985  load imb.: force  3.8%

           Step           Time         Lambda
          14500       29.00000        0.00000

   Energies (kJ/mol)
       G96Angle    Proper Dih.  Improper Dih.          LJ-14     Coulomb-14
    5.66343e+03    2.50874e+03    1.85656e+03    1.73004e+03    4.28608e+04
        LJ (SR)  Disper. corr.   Coulomb (SR)   Coul. recip. Position Rest.
    6.41918e+04   -2.19178e+03   -6.30961e+05    1.38744e+03    1.96243e+03
      Potential    Kinetic En.   Total Energy  Conserved En.    Temperature
   -5.10991e+05    9.19444e+04   -4.19047e+05   -4.77938e+05    2.97827e+02
 Pres. DC (bar) Pressure (bar)   Constr. rmsd
   -9.36742e+01    4.80557e+02    2.01187e-05

DD  step 14999  vol min/aver 0.984  load imb.: force  0.9%

           Step           Time         Lambda
          15000       30.00000        0.00000

   Energies (kJ/mol)
       G96Angle    Proper Dih.  Improper Dih.          LJ-14     Coulomb-14
    6.01784e+03    2.55064e+03    1.75834e+03    1.58292e+03    4.28497e+04
        LJ (SR)  Disper. corr.   Coulomb (SR)   Coul. recip. Position Rest.
    6.54999e+04   -2.19178e+03   -6.32496e+05    1.40805e+03    2.00037e+03
      Potential    Kinetic En.   Total Energy  Conserved En.    Temperature
   -5.11020e+05    9.31841e+04   -4.17836e+05   -4.77963e+05    3.01842e+02
 Pres. DC (bar) Pressure (bar)   Constr. rmsd
   -9.36742e+01    6.14157e+02    1.94018e-05

DD  step 15499  vol min/aver 0.988  load imb.: force  3.0%

           Step           Time         Lambda
          15500       31.00000        0.00000

   Energies (kJ/mol)
       G96Angle    Proper Dih.  Improper Dih.          LJ-14     Coulomb-14
    6.00567e+03    2.52093e+03    1.88388e+03    1.59445e+03    4.27914e+04
        LJ (SR)  Disper. corr.   Coulomb (SR)   Coul. recip. Position Rest.
    6.45648e+04   -2.19178e+03   -6.32138e+05    1.53811e+03    1.98271e+03
      Potential    Kinetic En.   Total Energy  Conserved En.    Temperature
   -5.11448e+05    9.31271e+04   -4.18321e+05   -4.78005e+05    3.01658e+02
 Pres. DC (bar) Pressure (bar)   Constr. rmsd
   -9.36742e+01    4.01599e+01    1.99865e-05

DD  step 15999  vol min/aver 0.989  load imb.: force  3.6%

           Step           Time         Lambda
          16000       32.00000        0.00000

   Energies (kJ/mol)
       G96Angle    Proper Dih.  Improper Dih.          LJ-14     Coulomb-14
    5.93405e+03    2.53882e+03    1.80703e+03    1.62554e+03    4.28705e+04
        LJ (SR)  Disper. corr.   Coulomb (SR)   Coul. recip. Position Rest.
    6.30182e+04   -2.19178e+03   -6.30307e+05    1.40340e+03    2.05291e+03
      Potential    Kinetic En.   Total Energy  Conserved En.    Temperature
   -5.11249e+05    9.33402e+04   -4.17908e+05   -4.78026e+05    3.02348e+02
 Pres. DC (bar) Pressure (bar)   Constr. rmsd
   -9.36742e+01    4.95127e+02    2.02346e-05

DD  step 16499  vol min/aver 0.985  load imb.: force  1.3%

           Step           Time         Lambda
          16500       33.00000        0.00000

   Energies (kJ/mol)
       G96Angle    Proper Dih.  Improper Dih.          LJ-14     Coulomb-14
    6.00512e+03    2.51446e+03    1.70940e+03    1.66176e+03    4.29712e+04
        LJ (SR)  Disper. corr.   Coulomb (SR)   Coul. recip. Position Rest.
    6.40008e+04   -2.19178e+03   -6.30772e+05    1.39169e+03    2.07685e+03
      Potential    Kinetic En.   Total Energy  Conserved En.    Temperature
   -5.10633e+05    9.32394e+04   -4.17393e+05   -4.78049e+05    3.02021e+02
 Pres. DC (bar) Pressure (bar)   Constr. rmsd
   -9.36742e+01    5.96424e+02    2.02517e-05

DD  step 16999  vol min/aver 0.978  load imb.: force  0.7%

           Step           Time         Lambda
          17000       34.00000        0.00000

   Energies (kJ/mol)
       G96Angle    Proper Dih.  Improper Dih.          LJ-14     Coulomb-14
    5.89374e+03    2.53094e+03    1.90287e+03    1.67084e+03    4.29174e+04
        LJ (SR)  Disper. corr.   Coulomb (SR)   Coul. recip. Position Rest.
    6.40672e+04   -2.19178e+03   -6.30983e+05    1.41017e+03    2.08309e+03
      Potential    Kinetic En.   Total Energy  Conserved En.    Temperature
   -5.10698e+05    9.34062e+04   -4.17292e+05   -4.78083e+05    3.02562e+02
 Pres. DC (bar) Pressure (bar)   Constr. rmsd
   -9.36742e+01    1.20342e+02    1.87517e-05

DD  step 17499  vol min/aver 0.961  load imb.: force  2.6%

           Step           Time         Lambda
          17500       35.00000        0.00000

   Energies (kJ/mol)
       G96Angle    Proper Dih.  Improper Dih.          LJ-14     Coulomb-14
    5.82629e+03    2.50604e+03    1.80620e+03    1.61446e+03    4.29814e+04
        LJ (SR)  Disper. corr.   Coulomb (SR)   Coul. recip. Position Rest.
    6.31268e+04   -2.19178e+03   -6.29835e+05    1.36753e+03    1.97501e+03
      Potential    Kinetic En.   Total Energy  Conserved En.    Temperature
   -5.10823e+05    9.39143e+04   -4.16909e+05   -4.78096e+05    3.04207e+02
 Pres. DC (bar) Pressure (bar)   Constr. rmsd
   -9.36742e+01    1.71308e+01    2.03951e-05

DD  step 17999  vol min/aver 0.965  load imb.: force  2.2%

           Step           Time         Lambda
          18000       36.00000        0.00000

   Energies (kJ/mol)
       G96Angle    Proper Dih.  Improper Dih.          LJ-14     Coulomb-14
    5.71508e+03    2.55904e+03    1.90206e+03    1.67830e+03    4.30468e+04
        LJ (SR)  Disper. corr.   Coulomb (SR)   Coul. recip. Position Rest.
    6.51740e+04   -2.19178e+03   -6.33120e+05    1.45355e+03    1.97768e+03
      Potential    Kinetic En.   Total Energy  Conserved En.    Temperature
   -5.11805e+05    9.34679e+04   -4.18337e+05   -4.78132e+05    3.02762e+02
 Pres. DC (bar) Pressure (bar)   Constr. rmsd
   -9.36742e+01    5.26401e+02    2.04492e-05

DD  step 18499  vol min/aver 0.987  load imb.: force  6.0%

           Step           Time         Lambda
          18500       37.00000        0.00000

   Energies (kJ/mol)
       G96Angle    Proper Dih.  Improper Dih.          LJ-14     Coulomb-14
    5.59049e+03    2.66824e+03    1.90153e+03    1.67208e+03    4.29685e+04
        LJ (SR)  Disper. corr.   Coulomb (SR)   Coul. recip. Position Rest.
    6.36443e+04   -2.19178e+03   -6.30419e+05    1.43488e+03    2.10971e+03
      Potential    Kinetic En.   Total Energy  Conserved En.    Temperature
   -5.10621e+05    9.24092e+04   -4.18212e+05   -4.78148e+05    2.99332e+02
 Pres. DC (bar) Pressure (bar)   Constr. rmsd
   -9.36742e+01   -2.63471e+02    1.88266e-05

DD  step 18999  vol min/aver 0.995  load imb.: force  5.8%

           Step           Time         Lambda
          19000       38.00000        0.00000

   Energies (kJ/mol)
       G96Angle    Proper Dih.  Improper Dih.          LJ-14     Coulomb-14
    5.86030e+03    2.53013e+03    1.95328e+03    1.63989e+03    4.29636e+04
        LJ (SR)  Disper. corr.   Coulomb (SR)   Coul. recip. Position Rest.
    6.33244e+04   -2.19178e+03   -6.29366e+05    1.48071e+03    2.08939e+03
      Potential    Kinetic En.   Total Energy  Conserved En.    Temperature
   -5.09716e+05    9.26937e+04   -4.17022e+05   -4.78178e+05    3.00254e+02
 Pres. DC (bar) Pressure (bar)   Constr. rmsd
   -9.36742e+01    1.46285e+01    1.96002e-05

DD  step 19499  vol min/aver 0.986  load imb.: force  2.8%

           Step           Time         Lambda
          19500       39.00000        0.00000

   Energies (kJ/mol)
       G96Angle    Proper Dih.  Improper Dih.          LJ-14     Coulomb-14
    5.76941e+03    2.58165e+03    1.84681e+03    1.63979e+03    4.29247e+04
        LJ (SR)  Disper. corr.   Coulomb (SR)   Coul. recip. Position Rest.
    6.46636e+04   -2.19178e+03   -6.32265e+05    1.40606e+03    2.04667e+03
      Potential    Kinetic En.   Total Energy  Conserved En.    Temperature
   -5.11578e+05    9.22536e+04   -4.19325e+05   -4.78207e+05    2.98828e+02
 Pres. DC (bar) Pressure (bar)   Constr. rmsd
   -9.36742e+01    1.48870e+02    1.82909e-05

DD  step 19999  vol min/aver 0.981  load imb.: force  2.3%

           Step           Time         Lambda
          20000       40.00000        0.00000

   Energies (kJ/mol)
       G96Angle    Proper Dih.  Improper Dih.          LJ-14     Coulomb-14
    5.73362e+03    2.53676e+03    1.85306e+03    1.69224e+03    4.28653e+04
        LJ (SR)  Disper. corr.   Coulomb (SR)   Coul. recip. Position Rest.
    6.44872e+04   -2.19178e+03   -6.32661e+05    1.38460e+03    2.05417e+03
      Potential    Kinetic En.   Total Energy  Conserved En.    Temperature
   -5.12246e+05    9.30421e+04   -4.19204e+05   -4.78221e+05    3.01382e+02
 Pres. DC (bar) Pressure (bar)   Constr. rmsd
   -9.36742e+01   -4.01962e+01    2.01800e-05

DD  step 20499  vol min/aver 0.984  load imb.: force  2.3%

           Step           Time         Lambda
          20500       41.00000        0.00000

   Energies (kJ/mol)
       G96Angle    Proper Dih.  Improper Dih.          LJ-14     Coulomb-14
    5.88423e+03    2.56738e+03    1.80113e+03    1.60411e+03    4.30145e+04
        LJ (SR)  Disper. corr.   Coulomb (SR)   Coul. recip. Position Rest.
    6.38783e+04   -2.19178e+03   -6.30871e+05    1.47517e+03    1.92299e+03
      Potential    Kinetic En.   Total Energy  Conserved En.    Temperature
   -5.10915e+05    9.35485e+04   -4.17367e+05   -4.78264e+05    3.03023e+02
 Pres. DC (bar) Pressure (bar)   Constr. rmsd
   -9.36742e+01    1.50625e+02    1.94188e-05

Writing checkpoint, step 20875 at Sun Jan 10 11:17:18 2016


DD  step 20999  vol min/aver 0.992  load imb.: force  1.4%

           Step           Time         Lambda
          21000       42.00000        0.00000

   Energies (kJ/mol)
       G96Angle    Proper Dih.  Improper Dih.          LJ-14     Coulomb-14
    5.85060e+03    2.61084e+03    1.78785e+03    1.63292e+03    4.30161e+04
        LJ (SR)  Disper. corr.   Coulomb (SR)   Coul. recip. Position Rest.
    6.50557e+04   -2.19178e+03   -6.32752e+05    1.47884e+03    1.89827e+03
      Potential    Kinetic En.   Total Energy  Conserved En.    Temperature
   -5.11613e+05    9.30207e+04   -4.18592e+05   -4.78263e+05    3.01313e+02
 Pres. DC (bar) Pressure (bar)   Constr. rmsd
   -9.36742e+01   -2.45217e+02    1.98479e-05

DD  step 21499  vol min/aver 0.975  load imb.: force  1.4%

           Step           Time         Lambda
          21500       43.00000        0.00000

   Energies (kJ/mol)
       G96Angle    Proper Dih.  Improper Dih.          LJ-14     Coulomb-14
    5.76079e+03    2.51908e+03    1.72409e+03    1.61348e+03    4.30215e+04
        LJ (SR)  Disper. corr.   Coulomb (SR)   Coul. recip. Position Rest.
    6.36694e+04   -2.19178e+03   -6.31368e+05    1.50142e+03    1.99186e+03
      Potential    Kinetic En.   Total Energy  Conserved En.    Temperature
   -5.11758e+05    9.21198e+04   -4.19638e+05   -4.78299e+05    2.98395e+02
 Pres. DC (bar) Pressure (bar)   Constr. rmsd
   -9.36742e+01   -2.75024e+02    1.88484e-05

DD  step 21999  vol min/aver 0.987  load imb.: force  1.1%

           Step           Time         Lambda
          22000       44.00000        0.00000

   Energies (kJ/mol)
       G96Angle    Proper Dih.  Improper Dih.          LJ-14     Coulomb-14
    5.82340e+03    2.57370e+03    1.85798e+03    1.69172e+03    4.29883e+04
        LJ (SR)  Disper. corr.   Coulomb (SR)   Coul. recip. Position Rest.
    6.33606e+04   -2.19178e+03   -6.30682e+05    1.42555e+03    2.02923e+03
      Potential    Kinetic En.   Total Energy  Conserved En.    Temperature
   -5.11123e+05    9.24732e+04   -4.18650e+05   -4.78305e+05    2.99540e+02
 Pres. DC (bar) Pressure (bar)   Constr. rmsd
   -9.36742e+01   -4.65627e+02    1.94527e-05

DD  step 22499  vol min/aver 0.988  load imb.: force  2.1%

           Step           Time         Lambda
          22500       45.00000        0.00000

   Energies (kJ/mol)
       G96Angle    Proper Dih.  Improper Dih.          LJ-14     Coulomb-14
    6.10870e+03    2.57753e+03    1.94228e+03    1.53991e+03    4.29245e+04
        LJ (SR)  Disper. corr.   Coulomb (SR)   Coul. recip. Position Rest.
    6.31626e+04   -2.19178e+03   -6.30433e+05    1.35030e+03    2.10835e+03
      Potential    Kinetic En.   Total Energy  Conserved En.    Temperature
   -5.10911e+05    9.35794e+04   -4.17331e+05   -4.78325e+05    3.03123e+02
 Pres. DC (bar) Pressure (bar)   Constr. rmsd
   -9.36742e+01    6.70512e+01    2.18291e-05

DD  step 22999  vol min/aver 0.993  load imb.: force  2.4%

           Step           Time         Lambda
          23000       46.00000        0.00000

   Energies (kJ/mol)
       G96Angle    Proper Dih.  Improper Dih.          LJ-14     Coulomb-14
    5.79960e+03    2.47246e+03    1.81576e+03    1.63438e+03    4.28439e+04
        LJ (SR)  Disper. corr.   Coulomb (SR)   Coul. recip. Position Rest.
    6.46561e+04   -2.19178e+03   -6.32320e+05    1.40952e+03    1.95995e+03
      Potential    Kinetic En.   Total Energy  Conserved En.    Temperature
   -5.11920e+05    9.19934e+04   -4.19926e+05   -4.78351e+05    2.97985e+02
 Pres. DC (bar) Pressure (bar)   Constr. rmsd
   -9.36742e+01    4.39588e+02    1.87566e-05

DD  step 23499  vol min/aver 0.974  load imb.: force  2.6%

           Step           Time         Lambda
          23500       47.00000        0.00000

   Energies (kJ/mol)
       G96Angle    Proper Dih.  Improper Dih.          LJ-14     Coulomb-14
    5.83564e+03    2.51956e+03    1.82300e+03    1.55738e+03    4.30401e+04
        LJ (SR)  Disper. corr.   Coulomb (SR)   Coul. recip. Position Rest.
    6.47995e+04   -2.19178e+03   -6.32958e+05    1.38391e+03    1.96049e+03
      Potential    Kinetic En.   Total Energy  Conserved En.    Temperature
   -5.12230e+05    9.28377e+04   -4.19392e+05   -4.78380e+05    3.00720e+02
 Pres. DC (bar) Pressure (bar)   Constr. rmsd
   -9.36742e+01   -2.59161e+02    1.99949e-05

DD  step 23999  vol min/aver 0.991  load imb.: force  1.5%

           Step           Time         Lambda
          24000       48.00000        0.00000

   Energies (kJ/mol)
       G96Angle    Proper Dih.  Improper Dih.          LJ-14     Coulomb-14
    5.98622e+03    2.59105e+03    1.77935e+03    1.62869e+03    4.29162e+04
        LJ (SR)  Disper. corr.   Coulomb (SR)   Coul. recip. Position Rest.
    6.41829e+04   -2.19178e+03   -6.31407e+05    1.42285e+03    1.99193e+03
      Potential    Kinetic En.   Total Energy  Conserved En.    Temperature
   -5.11099e+05    9.27792e+04   -4.18320e+05   -4.78405e+05    3.00531e+02
 Pres. DC (bar) Pressure (bar)   Constr. rmsd
   -9.36742e+01    2.04956e+02    2.04060e-05

DD  step 24499  vol min/aver 0.987  load imb.: force  0.4%

           Step           Time         Lambda
          24500       49.00000        0.00000

   Energies (kJ/mol)
       G96Angle    Proper Dih.  Improper Dih.          LJ-14     Coulomb-14
    6.04072e+03    2.49977e+03    1.84153e+03    1.59387e+03    4.28446e+04
        LJ (SR)  Disper. corr.   Coulomb (SR)   Coul. recip. Position Rest.
    6.38095e+04   -2.19178e+03   -6.30593e+05    1.39361e+03    2.05722e+03
      Potential    Kinetic En.   Total Energy  Conserved En.    Temperature
   -5.10704e+05    9.27583e+04   -4.17946e+05   -4.78433e+05    3.00463e+02
 Pres. DC (bar) Pressure (bar)   Constr. rmsd
   -9.36742e+01   -1.63768e+02    1.98147e-05

DD  step 24999  vol min/aver 0.956  load imb.: force  2.2%

           Step           Time         Lambda
          25000       50.00000        0.00000

   Energies (kJ/mol)
       G96Angle    Proper Dih.  Improper Dih.          LJ-14     Coulomb-14
    5.92064e+03    2.56783e+03    1.82709e+03    1.58782e+03    4.30813e+04
        LJ (SR)  Disper. corr.   Coulomb (SR)   Coul. recip. Position Rest.
    6.36348e+04   -2.19178e+03   -6.30078e+05    1.39869e+03    1.91392e+03
      Potential    Kinetic En.   Total Energy  Conserved En.    Temperature
   -5.10338e+05    9.21921e+04   -4.18145e+05   -4.78468e+05    2.98629e+02
 Pres. DC (bar) Pressure (bar)   Constr. rmsd
   -9.36742e+01    2.07544e+02    1.86682e-05

DD  step 25499  vol min/aver 0.990  load imb.: force  1.0%

           Step           Time         Lambda
          25500       51.00000        0.00000

   Energies (kJ/mol)
       G96Angle    Proper Dih.  Improper Dih.          LJ-14     Coulomb-14
    5.86394e+03    2.51775e+03    1.80791e+03    1.66052e+03    4.28904e+04
        LJ (SR)  Disper. corr.   Coulomb (SR)   Coul. recip. Position Rest.
    6.40971e+04   -2.19178e+03   -6.30845e+05    1.40809e+03    1.93017e+03
      Potential    Kinetic En.   Total Energy  Conserved En.    Temperature
   -5.10861e+05    9.23218e+04   -4.18539e+05   -4.78459e+05    2.99049e+02
 Pres. DC (bar) Pressure (bar)   Constr. rmsd
   -9.36742e+01   -4.19628e+02    1.97958e-05

DD  step 25999  vol min/aver 0.978  load imb.: force  1.7%

           Step           Time         Lambda
          26000       52.00000        0.00000

   Energies (kJ/mol)
       G96Angle    Proper Dih.  Improper Dih.          LJ-14     Coulomb-14
    6.00623e+03    2.52091e+03    1.79683e+03    1.52448e+03    4.29459e+04
        LJ (SR)  Disper. corr.   Coulomb (SR)   Coul. recip. Position Rest.
    6.41513e+04   -2.19178e+03   -6.31671e+05    1.42139e+03    1.98281e+03
      Potential    Kinetic En.   Total Energy  Conserved En.    Temperature
   -5.11512e+05    9.22345e+04   -4.19278e+05   -4.78519e+05    2.98766e+02
 Pres. DC (bar) Pressure (bar)   Constr. rmsd
   -9.36742e+01    3.17399e+02    1.96273e-05

DD  step 26499  vol min/aver 0.987  load imb.: force  1.8%

           Step           Time         Lambda
          26500       53.00000        0.00000

   Energies (kJ/mol)
       G96Angle    Proper Dih.  Improper Dih.          LJ-14     Coulomb-14
    5.95954e+03    2.53123e+03    1.94913e+03    1.60000e+03    4.29544e+04
        LJ (SR)  Disper. corr.   Coulomb (SR)   Coul. recip. Position Rest.
    6.27332e+04   -2.19178e+03   -6.29402e+05    1.43218e+03    1.97978e+03
      Potential    Kinetic En.   Total Energy  Conserved En.    Temperature
   -5.10454e+05    9.28046e+04   -4.17650e+05   -4.78540e+05    3.00613e+02
 Pres. DC (bar) Pressure (bar)   Constr. rmsd
   -9.36742e+01    2.21605e+02    2.04291e-05

DD  step 26999  vol min/aver 0.968  load imb.: force  2.6%

           Step           Time         Lambda
          27000       54.00000        0.00000

   Energies (kJ/mol)
       G96Angle    Proper Dih.  Improper Dih.          LJ-14     Coulomb-14
    6.04076e+03    2.51104e+03    1.87777e+03    1.66654e+03    4.28553e+04
        LJ (SR)  Disper. corr.   Coulomb (SR)   Coul. recip. Position Rest.
    6.40393e+04   -2.19178e+03   -6.30012e+05    1.39231e+03    2.17686e+03
      Potential    Kinetic En.   Total Energy  Conserved En.    Temperature
   -5.09643e+05    9.38866e+04   -4.15757e+05   -4.78546e+05    3.04118e+02
 Pres. DC (bar) Pressure (bar)   Constr. rmsd
   -9.36742e+01   -5.75311e+02    2.07207e-05

DD  step 27499  vol min/aver 0.964  load imb.: force  2.8%

           Step           Time         Lambda
          27500       55.00000        0.00000

   Energies (kJ/mol)
       G96Angle    Proper Dih.  Improper Dih.          LJ-14     Coulomb-14
    6.07727e+03    2.57390e+03    1.82852e+03    1.57644e+03    4.29415e+04
        LJ (SR)  Disper. corr.   Coulomb (SR)   Coul. recip. Position Rest.
    6.46621e+04   -2.19178e+03   -6.31986e+05    1.40447e+03    1.98798e+03
      Potential    Kinetic En.   Total Energy  Conserved En.    Temperature
   -5.11125e+05    9.36362e+04   -4.17489e+05   -4.78573e+05    3.03307e+02
 Pres. DC (bar) Pressure (bar)   Constr. rmsd
   -9.36742e+01   -2.48743e+02    2.16805e-05

DD  step 27999  vol min/aver 0.965  load imb.: force  1.3%

           Step           Time         Lambda
          28000       56.00000        0.00000

Writing checkpoint, step 28000 at Sun Jan 10 11:32:18 2016


   Energies (kJ/mol)
       G96Angle    Proper Dih.  Improper Dih.          LJ-14     Coulomb-14
    5.90121e+03    2.57942e+03    1.89358e+03    1.67577e+03    4.28914e+04
        LJ (SR)  Disper. corr.   Coulomb (SR)   Coul. recip. Position Rest.
    6.40485e+04   -2.19178e+03   -6.30574e+05    1.46070e+03    2.07551e+03
      Potential    Kinetic En.   Total Energy  Conserved En.    Temperature
   -5.10239e+05    9.25622e+04   -4.17677e+05   -4.78580e+05    2.99828e+02
 Pres. DC (bar) Pressure (bar)   Constr. rmsd
   -9.36742e+01    5.69463e+01    1.92470e-05

DD  step 28499  vol min/aver 0.979  load imb.: force  3.3%

           Step           Time         Lambda
          28500       57.00000        0.00000

   Energies (kJ/mol)
       G96Angle    Proper Dih.  Improper Dih.          LJ-14     Coulomb-14
    5.81858e+03    2.57152e+03    1.86181e+03    1.50006e+03    4.28548e+04
        LJ (SR)  Disper. corr.   Coulomb (SR)   Coul. recip. Position Rest.
    6.48395e+04   -2.19178e+03   -6.33008e+05    1.42057e+03    2.04535e+03
      Potential    Kinetic En.   Total Energy  Conserved En.    Temperature
   -5.12288e+05    9.28716e+04   -4.19416e+05   -4.78611e+05    3.00830e+02
 Pres. DC (bar) Pressure (bar)   Constr. rmsd
   -9.36742e+01    2.19244e+02    1.99634e-05

DD  step 28999  vol min/aver 0.981  load imb.: force  2.8%

           Step           Time         Lambda
          29000       58.00000        0.00000

   Energies (kJ/mol)
       G96Angle    Proper Dih.  Improper Dih.          LJ-14     Coulomb-14
    5.78981e+03    2.51372e+03    1.92974e+03    1.64335e+03    4.30633e+04
        LJ (SR)  Disper. corr.   Coulomb (SR)   Coul. recip. Position Rest.
    6.39216e+04   -2.19178e+03   -6.31719e+05    1.47736e+03    2.02834e+03
      Potential    Kinetic En.   Total Energy  Conserved En.    Temperature
   -5.11544e+05    9.26642e+04   -4.18879e+05   -4.78626e+05    3.00158e+02
 Pres. DC (bar) Pressure (bar)   Constr. rmsd
   -9.36742e+01    2.70357e+02    2.01450e-05

DD  step 29499  vol min/aver 0.992  load imb.: force  9.2%

           Step           Time         Lambda
          29500       59.00000        0.00000

   Energies (kJ/mol)
       G96Angle    Proper Dih.  Improper Dih.          LJ-14     Coulomb-14
    5.82421e+03    2.69478e+03    1.91949e+03    1.65089e+03    4.29365e+04
        LJ (SR)  Disper. corr.   Coulomb (SR)   Coul. recip. Position Rest.
    6.36418e+04   -2.19178e+03   -6.29093e+05    1.47720e+03    2.18130e+03
      Potential    Kinetic En.   Total Energy  Conserved En.    Temperature
   -5.08959e+05    9.31986e+04   -4.15760e+05   -4.78671e+05    3.01889e+02
 Pres. DC (bar) Pressure (bar)   Constr. rmsd
   -9.36742e+01    6.89513e+01    2.04862e-05

DD  step 29999  vol min/aver 0.978  load imb.: force  7.6%

           Step           Time         Lambda
          30000       60.00000        0.00000

   Energies (kJ/mol)
       G96Angle    Proper Dih.  Improper Dih.          LJ-14     Coulomb-14
    5.76718e+03    2.51428e+03    1.70719e+03    1.72460e+03    4.29173e+04
        LJ (SR)  Disper. corr.   Coulomb (SR)   Coul. recip. Position Rest.
    6.54102e+04   -2.19178e+03   -6.32152e+05    1.42321e+03    2.07008e+03
      Potential    Kinetic En.   Total Energy  Conserved En.    Temperature
   -5.10810e+05    9.37895e+04   -4.17020e+05   -4.78690e+05    3.03803e+02
 Pres. DC (bar) Pressure (bar)   Constr. rmsd
   -9.36742e+01   -2.32837e+02    1.98732e-05

DD  step 30499  vol min/aver 0.992  load imb.: force  3.2%

           Step           Time         Lambda
          30500       61.00000        0.00000

   Energies (kJ/mol)
       G96Angle    Proper Dih.  Improper Dih.          LJ-14     Coulomb-14
    5.94025e+03    2.52108e+03    1.92525e+03    1.49692e+03    4.29234e+04
        LJ (SR)  Disper. corr.   Coulomb (SR)   Coul. recip. Position Rest.
    6.33604e+04   -2.19178e+03   -6.29457e+05    1.39355e+03    2.14864e+03
      Potential    Kinetic En.   Total Energy  Conserved En.    Temperature
   -5.09939e+05    9.42734e+04   -4.15666e+05   -4.78729e+05    3.05371e+02
 Pres. DC (bar) Pressure (bar)   Constr. rmsd
   -9.36742e+01   -2.12718e+02    2.11484e-05

DD  step 30999  vol min/aver 0.978  load imb.: force  2.8%

           Step           Time         Lambda
          31000       62.00000        0.00000

   Energies (kJ/mol)
       G96Angle    Proper Dih.  Improper Dih.          LJ-14     Coulomb-14
    5.79252e+03    2.52656e+03    1.86072e+03    1.62757e+03    4.29496e+04
        LJ (SR)  Disper. corr.   Coulomb (SR)   Coul. recip. Position Rest.
    6.43875e+04   -2.19178e+03   -6.31649e+05    1.46733e+03    1.93107e+03
      Potential    Kinetic En.   Total Energy  Conserved En.    Temperature
   -5.11298e+05    9.26676e+04   -4.18630e+05   -4.78744e+05    3.00169e+02
 Pres. DC (bar) Pressure (bar)   Constr. rmsd
   -9.36742e+01   -1.03744e+02    2.01752e-05

DD  step 31499  vol min/aver 0.976  load imb.: force  2.7%

           Step           Time         Lambda
          31500       63.00000        0.00000

   Energies (kJ/mol)
       G96Angle    Proper Dih.  Improper Dih.          LJ-14     Coulomb-14
    5.69510e+03    2.58864e+03    1.87442e+03    1.61936e+03    4.31116e+04
        LJ (SR)  Disper. corr.   Coulomb (SR)   Coul. recip. Position Rest.
    6.38316e+04   -2.19178e+03   -6.30624e+05    1.43784e+03    2.08645e+03
      Potential    Kinetic En.   Total Energy  Conserved En.    Temperature
   -5.10571e+05    9.33529e+04   -4.17218e+05   -4.78761e+05    3.02389e+02
 Pres. DC (bar) Pressure (bar)   Constr. rmsd
   -9.36742e+01   -1.91091e+02    1.92249e-05

DD  step 31999  vol min/aver 0.977  load imb.: force  1.3%

           Step           Time         Lambda
          32000       64.00000        0.00000

   Energies (kJ/mol)
       G96Angle    Proper Dih.  Improper Dih.          LJ-14     Coulomb-14
    5.82342e+03    2.50495e+03    1.75167e+03    1.65514e+03    4.29116e+04
        LJ (SR)  Disper. corr.   Coulomb (SR)   Coul. recip. Position Rest.
    6.47307e+04   -2.19178e+03   -6.32285e+05    1.42970e+03    2.02045e+03
      Potential    Kinetic En.   Total Energy  Conserved En.    Temperature
   -5.11649e+05    9.23277e+04   -4.19322e+05   -4.78788e+05    2.99068e+02
 Pres. DC (bar) Pressure (bar)   Constr. rmsd
   -9.36742e+01    1.41102e+02    1.98807e-05

DD  step 32499  vol min/aver 0.974  load imb.: force  8.7%

           Step           Time         Lambda
          32500       65.00000        0.00000

   Energies (kJ/mol)
       G96Angle    Proper Dih.  Improper Dih.          LJ-14     Coulomb-14
    5.71301e+03    2.50979e+03    1.74331e+03    1.74435e+03    4.29696e+04
        LJ (SR)  Disper. corr.   Coulomb (SR)   Coul. recip. Position Rest.
    6.41935e+04   -2.19178e+03   -6.32182e+05    1.41866e+03    2.02198e+03
      Potential    Kinetic En.   Total Energy  Conserved En.    Temperature
   -5.12060e+05    9.29986e+04   -4.19062e+05   -4.78811e+05    3.01242e+02
 Pres. DC (bar) Pressure (bar)   Constr. rmsd
   -9.36742e+01    4.33382e+02    2.00806e-05

DD  step 32999  vol min/aver 0.964  load imb.: force  4.7%

           Step           Time         Lambda
          33000       66.00000        0.00000

   Energies (kJ/mol)
       G96Angle    Proper Dih.  Improper Dih.          LJ-14     Coulomb-14
    5.99360e+03    2.53309e+03    1.84807e+03    1.53347e+03    4.29713e+04
        LJ (SR)  Disper. corr.   Coulomb (SR)   Coul. recip. Position Rest.
    6.42363e+04   -2.19178e+03   -6.31763e+05    1.42201e+03    2.10694e+03
      Potential    Kinetic En.   Total Energy  Conserved En.    Temperature
   -5.11310e+05    9.23670e+04   -4.18943e+05   -4.78830e+05    2.99196e+02
 Pres. DC (bar) Pressure (bar)   Constr. rmsd
   -9.36742e+01    3.42104e+02    2.01425e-05

DD  step 33499  vol min/aver 0.976  load imb.: force  2.5%

           Step           Time         Lambda
          33500       67.00000        0.00000

   Energies (kJ/mol)
       G96Angle    Proper Dih.  Improper Dih.          LJ-14     Coulomb-14
    5.85040e+03    2.56090e+03    1.86083e+03    1.50986e+03    4.29545e+04
        LJ (SR)  Disper. corr.   Coulomb (SR)   Coul. recip. Position Rest.
    6.39469e+04   -2.19178e+03   -6.32804e+05    1.42916e+03    2.09168e+03
      Potential    Kinetic En.   Total Energy  Conserved En.    Temperature
   -5.12792e+05    9.25108e+04   -4.20281e+05   -4.78859e+05    2.99661e+02
 Pres. DC (bar) Pressure (bar)   Constr. rmsd
   -9.36742e+01   -6.26668e+02    2.12758e-05

DD  step 33999  vol min/aver 0.995  load imb.: force  2.1%

           Step           Time         Lambda
          34000       68.00000        0.00000

   Energies (kJ/mol)
       G96Angle    Proper Dih.  Improper Dih.          LJ-14     Coulomb-14
    5.98457e+03    2.55201e+03    1.73815e+03    1.62150e+03    4.30227e+04
        LJ (SR)  Disper. corr.   Coulomb (SR)   Coul. recip. Position Rest.
    6.35685e+04   -2.19178e+03   -6.30317e+05    1.47364e+03    2.08910e+03
      Potential    Kinetic En.   Total Energy  Conserved En.    Temperature
   -5.10458e+05    9.22020e+04   -4.18256e+05   -4.78886e+05    2.98661e+02
 Pres. DC (bar) Pressure (bar)   Constr. rmsd
   -9.36742e+01   -4.78581e+02    2.01058e-05

DD  step 34499  vol min/aver 0.981  load imb.: force  4.8%

           Step           Time         Lambda
          34500       69.00000        0.00000

   Energies (kJ/mol)
       G96Angle    Proper Dih.  Improper Dih.          LJ-14     Coulomb-14
    5.75560e+03    2.59337e+03    1.82730e+03    1.62026e+03    4.30101e+04
        LJ (SR)  Disper. corr.   Coulomb (SR)   Coul. recip. Position Rest.
    6.35862e+04   -2.19178e+03   -6.30770e+05    1.39973e+03    2.02442e+03
      Potential    Kinetic En.   Total Energy  Conserved En.    Temperature
   -5.11145e+05    9.27372e+04   -4.18407e+05   -4.78895e+05    3.00395e+02
 Pres. DC (bar) Pressure (bar)   Constr. rmsd
   -9.36742e+01    2.81242e+01    2.02733e-05

Writing checkpoint, step 34600 at Sun Jan 10 11:47:18 2016


DD  step 34999  vol min/aver 0.972  load imb.: force  3.7%

           Step           Time         Lambda
          35000       70.00000        0.00000

   Energies (kJ/mol)
       G96Angle    Proper Dih.  Improper Dih.          LJ-14     Coulomb-14
    5.91282e+03    2.61491e+03    1.78112e+03    1.53724e+03    4.28662e+04
        LJ (SR)  Disper. corr.   Coulomb (SR)   Coul. recip. Position Rest.
    6.45359e+04   -2.19178e+03   -6.31376e+05    1.51169e+03    1.97770e+03
      Potential    Kinetic En.   Total Energy  Conserved En.    Temperature
   -5.10830e+05    9.32407e+04   -4.17590e+05   -4.78931e+05    3.02026e+02
 Pres. DC (bar) Pressure (bar)   Constr. rmsd
   -9.36742e+01    1.86257e+02    2.07841e-05

DD  step 35499  vol min/aver 0.979  load imb.: force  0.7%

           Step           Time         Lambda
          35500       71.00000        0.00000

   Energies (kJ/mol)
       G96Angle    Proper Dih.  Improper Dih.          LJ-14     Coulomb-14
    5.80762e+03    2.59167e+03    1.86044e+03    1.59692e+03    4.29508e+04
        LJ (SR)  Disper. corr.   Coulomb (SR)   Coul. recip. Position Rest.
    6.39153e+04   -2.19178e+03   -6.30861e+05    1.47809e+03    1.92844e+03
      Potential    Kinetic En.   Total Energy  Conserved En.    Temperature
   -5.10924e+05    9.32209e+04   -4.17703e+05   -4.78965e+05    3.01962e+02
 Pres. DC (bar) Pressure (bar)   Constr. rmsd
   -9.36742e+01    4.13800e+02    1.89447e-05

DD  step 35999  vol min/aver 0.997  load imb.: force  4.1%

           Step           Time         Lambda
          36000       72.00000        0.00000

   Energies (kJ/mol)
       G96Angle    Proper Dih.  Improper Dih.          LJ-14     Coulomb-14
    5.67410e+03    2.57232e+03    1.79145e+03    1.62754e+03    4.29988e+04
        LJ (SR)  Disper. corr.   Coulomb (SR)   Coul. recip. Position Rest.
    6.36106e+04   -2.19178e+03   -6.30703e+05    1.39844e+03    2.02964e+03
      Potential    Kinetic En.   Total Energy  Conserved En.    Temperature
   -5.11192e+05    9.29281e+04   -4.18264e+05   -4.78979e+05    3.01013e+02
 Pres. DC (bar) Pressure (bar)   Constr. rmsd
   -9.36742e+01    1.53606e+02    1.95729e-05

DD  step 36499  vol min/aver 0.969  load imb.: force  1.4%

           Step           Time         Lambda
          36500       73.00000        0.00000

   Energies (kJ/mol)
       G96Angle    Proper Dih.  Improper Dih.          LJ-14     Coulomb-14
    5.93861e+03    2.51653e+03    1.78784e+03    1.72047e+03    4.28960e+04
        LJ (SR)  Disper. corr.   Coulomb (SR)   Coul. recip. Position Rest.
    6.39617e+04   -2.19178e+03   -6.31765e+05    1.46241e+03    2.07545e+03
      Potential    Kinetic En.   Total Energy  Conserved En.    Temperature
   -5.11597e+05    9.29747e+04   -4.18623e+05   -4.79004e+05    3.01164e+02
 Pres. DC (bar) Pressure (bar)   Constr. rmsd
   -9.36742e+01   -2.80923e+02    1.97443e-05

DD  step 36999  vol min/aver 0.991  load imb.: force  2.3%

           Step           Time         Lambda
          37000       74.00000        0.00000

   Energies (kJ/mol)
       G96Angle    Proper Dih.  Improper Dih.          LJ-14     Coulomb-14
    5.86114e+03    2.54677e+03    1.87630e+03    1.71441e+03    4.29599e+04
        LJ (SR)  Disper. corr.   Coulomb (SR)   Coul. recip. Position Rest.
    6.43011e+04   -2.19178e+03   -6.30968e+05    1.41060e+03    2.02886e+03
      Potential    Kinetic En.   Total Energy  Conserved En.    Temperature
   -5.10461e+05    9.26128e+04   -4.17848e+05   -4.79011e+05    2.99992e+02
 Pres. DC (bar) Pressure (bar)   Constr. rmsd
   -9.36742e+01   -2.75106e+01    1.92574e-05

DD  step 37499  vol min/aver 0.979  load imb.: force  0.7%

           Step           Time         Lambda
          37500       75.00000        0.00000

   Energies (kJ/mol)
       G96Angle    Proper Dih.  Improper Dih.          LJ-14     Coulomb-14
    5.89676e+03    2.47504e+03    1.72959e+03    1.70239e+03    4.29397e+04
        LJ (SR)  Disper. corr.   Coulomb (SR)   Coul. recip. Position Rest.
    6.48979e+04   -2.19178e+03   -6.31772e+05    1.38337e+03    2.04616e+03
      Potential    Kinetic En.   Total Energy  Conserved En.    Temperature
   -5.10893e+05    9.33648e+04   -4.17529e+05   -4.79046e+05    3.02428e+02
 Pres. DC (bar) Pressure (bar)   Constr. rmsd
   -9.36742e+01   -4.51727e+01    2.00947e-05

DD  step 37999  vol min/aver 0.963  load imb.: force  1.5%

           Step           Time         Lambda
          38000       76.00000        0.00000

   Energies (kJ/mol)
       G96Angle    Proper Dih.  Improper Dih.          LJ-14     Coulomb-14
    5.89720e+03    2.51790e+03    1.77606e+03    1.55067e+03    4.29220e+04
        LJ (SR)  Disper. corr.   Coulomb (SR)   Coul. recip. Position Rest.
    6.39847e+04   -2.19178e+03   -6.31381e+05    1.48785e+03    2.01488e+03
      Potential    Kinetic En.   Total Energy  Conserved En.    Temperature
   -5.11421e+05    9.33113e+04   -4.18110e+05   -4.79063e+05    3.02254e+02
 Pres. DC (bar) Pressure (bar)   Constr. rmsd
   -9.36742e+01   -3.01625e+02    2.10970e-05

DD  step 38499  vol min/aver 0.970  load imb.: force  1.9%

           Step           Time         Lambda
          38500       77.00000        0.00000

   Energies (kJ/mol)
       G96Angle    Proper Dih.  Improper Dih.          LJ-14     Coulomb-14
    5.69544e+03    2.56370e+03    1.82174e+03    1.53148e+03    4.30247e+04
        LJ (SR)  Disper. corr.   Coulomb (SR)   Coul. recip. Position Rest.
    6.47230e+04   -2.19178e+03   -6.32488e+05    1.45214e+03    2.02382e+03
      Potential    Kinetic En.   Total Energy  Conserved En.    Temperature
   -5.11844e+05    9.21768e+04   -4.19667e+05   -4.79080e+05    2.98579e+02
 Pres. DC (bar) Pressure (bar)   Constr. rmsd
   -9.36742e+01    2.01915e+02    2.00978e-05

DD  step 38999  vol min/aver 0.983  load imb.: force  0.8%

           Step           Time         Lambda
          39000       78.00000        0.00000

   Energies (kJ/mol)
       G96Angle    Proper Dih.  Improper Dih.          LJ-14     Coulomb-14
    6.06549e+03    2.52068e+03    1.75670e+03    1.59127e+03    4.28685e+04
        LJ (SR)  Disper. corr.   Coulomb (SR)   Coul. recip. Position Rest.
    6.44514e+04   -2.19178e+03   -6.31379e+05    1.38649e+03    1.88305e+03
      Potential    Kinetic En.   Total Energy  Conserved En.    Temperature
   -5.11047e+05    9.24331e+04   -4.18614e+05   -4.79092e+05    2.99410e+02
 Pres. DC (bar) Pressure (bar)   Constr. rmsd
   -9.36742e+01    7.62736e+01    2.03974e-05

DD  step 39499  vol min/aver 0.988  load imb.: force  3.4%

           Step           Time         Lambda
          39500       79.00000        0.00000

   Energies (kJ/mol)
       G96Angle    Proper Dih.  Improper Dih.          LJ-14     Coulomb-14
    6.00176e+03    2.48135e+03    1.88117e+03    1.63211e+03    4.29323e+04
        LJ (SR)  Disper. corr.   Coulomb (SR)   Coul. recip. Position Rest.
    6.44205e+04   -2.19178e+03   -6.30228e+05    1.41240e+03    2.00997e+03
      Potential    Kinetic En.   Total Energy  Conserved En.    Temperature
   -5.09648e+05    9.24963e+04   -4.17152e+05   -4.79126e+05    2.99614e+02
 Pres. DC (bar) Pressure (bar)   Constr. rmsd
   -9.36742e+01    1.27977e+02    1.99306e-05

DD  step 39999  vol min/aver 0.980  load imb.: force  3.5%

           Step           Time         Lambda
          40000       80.00000        0.00000

   Energies (kJ/mol)
       G96Angle    Proper Dih.  Improper Dih.          LJ-14     Coulomb-14
    5.77559e+03    2.50220e+03    1.86891e+03    1.52847e+03    4.29919e+04
        LJ (SR)  Disper. corr.   Coulomb (SR)   Coul. recip. Position Rest.
    6.57857e+04   -2.19178e+03   -6.33576e+05    1.41825e+03    2.07377e+03
      Potential    Kinetic En.   Total Energy  Conserved En.    Temperature
   -5.11823e+05    9.29529e+04   -4.18870e+05   -4.79143e+05    3.01093e+02
 Pres. DC (bar) Pressure (bar)   Constr. rmsd
   -9.36742e+01   -1.85812e+02    2.00797e-05

DD  step 40499  vol min/aver 0.979  load imb.: force  0.8%

           Step           Time         Lambda
          40500       81.00000        0.00000

   Energies (kJ/mol)
       G96Angle    Proper Dih.  Improper Dih.          LJ-14     Coulomb-14
    5.82740e+03    2.46835e+03    1.93102e+03    1.61611e+03    4.29713e+04
        LJ (SR)  Disper. corr.   Coulomb (SR)   Coul. recip. Position Rest.
    6.40947e+04   -2.19178e+03   -6.30543e+05    1.46030e+03    2.04428e+03
      Potential    Kinetic En.   Total Energy  Conserved En.    Temperature
   -5.10321e+05    9.16658e+04   -4.18655e+05   -4.79182e+05    2.96924e+02
 Pres. DC (bar) Pressure (bar)   Constr. rmsd
   -9.36742e+01    2.38058e+02    1.85968e-05

DD  step 40999  vol min/aver 0.983  load imb.: force  1.0%

           Step           Time         Lambda
          41000       82.00000        0.00000

   Energies (kJ/mol)
       G96Angle    Proper Dih.  Improper Dih.          LJ-14     Coulomb-14
    5.88946e+03    2.53966e+03    1.78813e+03    1.57553e+03    4.29331e+04
        LJ (SR)  Disper. corr.   Coulomb (SR)   Coul. recip. Position Rest.
    6.38869e+04   -2.19178e+03   -6.32124e+05    1.40713e+03    1.99596e+03
      Potential    Kinetic En.   Total Energy  Conserved En.    Temperature
   -5.12300e+05    9.29582e+04   -4.19342e+05   -4.79198e+05    3.01111e+02
 Pres. DC (bar) Pressure (bar)   Constr. rmsd
   -9.36742e+01   -6.70118e+02    2.17510e-05

DD  step 41499  vol min/aver 0.976  load imb.: force  0.5%

           Step           Time         Lambda
          41500       83.00000        0.00000

   Energies (kJ/mol)
       G96Angle    Proper Dih.  Improper Dih.          LJ-14     Coulomb-14
    5.85808e+03    2.44254e+03    1.89375e+03    1.59081e+03    4.29801e+04
        LJ (SR)  Disper. corr.   Coulomb (SR)   Coul. recip. Position Rest.
    6.40784e+04   -2.19178e+03   -6.31090e+05    1.39542e+03    2.08846e+03
      Potential    Kinetic En.   Total Energy  Conserved En.    Temperature
   -5.10955e+05    9.24211e+04   -4.18534e+05   -4.79221e+05    2.99371e+02
 Pres. DC (bar) Pressure (bar)   Constr. rmsd
   -9.36742e+01   -2.51908e+02    2.03874e-05

Writing checkpoint, step 41825 at Sun Jan 10 12:02:17 2016


DD  step 41999  vol min/aver 0.988  load imb.: force  2.9%

           Step           Time         Lambda
          42000       84.00000        0.00000

   Energies (kJ/mol)
       G96Angle    Proper Dih.  Improper Dih.          LJ-14     Coulomb-14
    5.66762e+03    2.45459e+03    1.89661e+03    1.61766e+03    4.29716e+04
        LJ (SR)  Disper. corr.   Coulomb (SR)   Coul. recip. Position Rest.
    6.33714e+04   -2.19178e+03   -6.31298e+05    1.39940e+03    2.07500e+03
      Potential    Kinetic En.   Total Energy  Conserved En.    Temperature
   -5.12036e+05    9.33204e+04   -4.18716e+05   -4.79271e+05    3.02284e+02
 Pres. DC (bar) Pressure (bar)   Constr. rmsd
   -9.36742e+01    2.72557e+02    2.03859e-05

DD  step 42499  vol min/aver 0.993  load imb.: force  1.9%

           Step           Time         Lambda
          42500       85.00000        0.00000

   Energies (kJ/mol)
       G96Angle    Proper Dih.  Improper Dih.          LJ-14     Coulomb-14
    5.68750e+03    2.51009e+03    1.81052e+03    1.60875e+03    4.29259e+04
        LJ (SR)  Disper. corr.   Coulomb (SR)   Coul. recip. Position Rest.
    6.40352e+04   -2.19178e+03   -6.31434e+05    1.42201e+03    2.06012e+03
      Potential    Kinetic En.   Total Energy  Conserved En.    Temperature
   -5.11566e+05    9.28384e+04   -4.18727e+05   -4.79303e+05    3.00723e+02
 Pres. DC (bar) Pressure (bar)   Constr. rmsd
   -9.36742e+01    6.62254e+00    1.93353e-05

DD  step 42999  vol min/aver 0.985  load imb.: force  5.2%

           Step           Time         Lambda
          43000       86.00000        0.00000

   Energies (kJ/mol)
       G96Angle    Proper Dih.  Improper Dih.          LJ-14     Coulomb-14
    5.90542e+03    2.56923e+03    1.88640e+03    1.58790e+03    4.29313e+04
        LJ (SR)  Disper. corr.   Coulomb (SR)   Coul. recip. Position Rest.
    6.42616e+04   -2.19178e+03   -6.30372e+05    1.39785e+03    1.98997e+03
      Potential    Kinetic En.   Total Energy  Conserved En.    Temperature
   -5.10034e+05    9.26046e+04   -4.17429e+05   -4.79300e+05    2.99965e+02
 Pres. DC (bar) Pressure (bar)   Constr. rmsd
   -9.36742e+01    5.55224e+01    2.00042e-05

DD  step 43499  vol min/aver 0.976  load imb.: force  1.5%

           Step           Time         Lambda
          43500       87.00000        0.00000

   Energies (kJ/mol)
       G96Angle    Proper Dih.  Improper Dih.          LJ-14     Coulomb-14
    5.84756e+03    2.46653e+03    1.85816e+03    1.66006e+03    4.29492e+04
        LJ (SR)  Disper. corr.   Coulomb (SR)   Coul. recip. Position Rest.
    6.38430e+04   -2.19178e+03   -6.30218e+05    1.41742e+03    2.12584e+03
      Potential    Kinetic En.   Total Energy  Conserved En.    Temperature
   -5.10243e+05    9.29055e+04   -4.17337e+05   -4.79342e+05    3.00940e+02
 Pres. DC (bar) Pressure (bar)   Constr. rmsd
   -9.36742e+01   -3.20530e+02    2.13786e-05

DD  step 43999  vol min/aver 0.980  load imb.: force  1.2%

           Step           Time         Lambda
          44000       88.00000        0.00000

   Energies (kJ/mol)
       G96Angle    Proper Dih.  Improper Dih.          LJ-14     Coulomb-14
    5.95613e+03    2.51380e+03    1.81657e+03    1.66278e+03    4.30217e+04
        LJ (SR)  Disper. corr.   Coulomb (SR)   Coul. recip. Position Rest.
    6.49506e+04   -2.19178e+03   -6.32050e+05    1.47439e+03    2.09761e+03
      Potential    Kinetic En.   Total Energy  Conserved En.    Temperature
   -5.10748e+05    9.40381e+04   -4.16710e+05   -4.79355e+05    3.04609e+02
 Pres. DC (bar) Pressure (bar)   Constr. rmsd
   -9.36742e+01    3.47462e+02    2.06540e-05

DD  step 44499  vol min/aver 0.978  load imb.: force  3.1%

           Step           Time         Lambda
          44500       89.00000        0.00000

   Energies (kJ/mol)
       G96Angle    Proper Dih.  Improper Dih.          LJ-14     Coulomb-14
    5.84865e+03    2.56642e+03    1.86606e+03    1.69937e+03    4.30376e+04
        LJ (SR)  Disper. corr.   Coulomb (SR)   Coul. recip. Position Rest.
    6.47322e+04   -2.19178e+03   -6.32170e+05    1.41398e+03    2.05080e+03
      Potential    Kinetic En.   Total Energy  Conserved En.    Temperature
   -5.11147e+05    9.24245e+04   -4.18722e+05   -4.79372e+05    2.99382e+02
 Pres. DC (bar) Pressure (bar)   Constr. rmsd
   -9.36742e+01   -2.45810e+02    1.87565e-05

DD  step 44999  vol min/aver 0.972  load imb.: force  1.2%

           Step           Time         Lambda
          45000       90.00000        0.00000

   Energies (kJ/mol)
       G96Angle    Proper Dih.  Improper Dih.          LJ-14     Coulomb-14
    5.97705e+03    2.58734e+03    1.73401e+03    1.59988e+03    4.29144e+04
        LJ (SR)  Disper. corr.   Coulomb (SR)   Coul. recip. Position Rest.
    6.45210e+04   -2.19178e+03   -6.31648e+05    1.45061e+03    2.16333e+03
      Potential    Kinetic En.   Total Energy  Conserved En.    Temperature
   -5.10892e+05    9.37263e+04   -4.17166e+05   -4.79412e+05    3.03599e+02
 Pres. DC (bar) Pressure (bar)   Constr. rmsd
   -9.36742e+01   -3.09072e+02    2.07329e-05

DD  step 45499  vol min/aver 0.966  load imb.: force  1.1%

           Step           Time         Lambda
          45500       91.00000        0.00000

   Energies (kJ/mol)
       G96Angle    Proper Dih.  Improper Dih.          LJ-14     Coulomb-14
    5.95053e+03    2.49435e+03    1.80435e+03    1.59404e+03    4.29480e+04
        LJ (SR)  Disper. corr.   Coulomb (SR)   Coul. recip. Position Rest.
    6.34662e+04   -2.19178e+03   -6.29918e+05    1.39688e+03    2.04952e+03
      Potential    Kinetic En.   Total Energy  Conserved En.    Temperature
   -5.10406e+05    9.20681e+04   -4.18337e+05   -4.79411e+05    2.98228e+02
 Pres. DC (bar) Pressure (bar)   Constr. rmsd
   -9.36742e+01   -3.82772e+02    2.05609e-05

DD  step 45999  vol min/aver 0.985  load imb.: force  2.7%

           Step           Time         Lambda
          46000       92.00000        0.00000

   Energies (kJ/mol)
       G96Angle    Proper Dih.  Improper Dih.          LJ-14     Coulomb-14
    5.86210e+03    2.68469e+03    1.87340e+03    1.65720e+03    4.29645e+04
        LJ (SR)  Disper. corr.   Coulomb (SR)   Coul. recip. Position Rest.
    6.40150e+04   -2.19178e+03   -6.31661e+05    1.37942e+03    2.03603e+03
      Potential    Kinetic En.   Total Energy  Conserved En.    Temperature
   -5.11381e+05    9.31614e+04   -4.18219e+05   -4.79449e+05    3.01769e+02
 Pres. DC (bar) Pressure (bar)   Constr. rmsd
   -9.36742e+01    2.35381e+01    2.01093e-05

DD  step 46499  vol min/aver 0.978  load imb.: force  0.8%

           Step           Time         Lambda
          46500       93.00000        0.00000

   Energies (kJ/mol)
       G96Angle    Proper Dih.  Improper Dih.          LJ-14     Coulomb-14
    6.09331e+03    2.48240e+03    1.87852e+03    1.65379e+03    4.29527e+04
        LJ (SR)  Disper. corr.   Coulomb (SR)   Coul. recip. Position Rest.
    6.44574e+04   -2.19178e+03   -6.31430e+05    1.40057e+03    2.06038e+03
      Potential    Kinetic En.   Total Energy  Conserved En.    Temperature
   -5.10642e+05    9.31032e+04   -4.17539e+05   -4.79469e+05    3.01580e+02
 Pres. DC (bar) Pressure (bar)   Constr. rmsd
   -9.36742e+01    5.58761e+02    1.92771e-05

DD  step 46999  vol min/aver 0.964  load imb.: force  2.9%

           Step           Time         Lambda
          47000       94.00000        0.00000

   Energies (kJ/mol)
       G96Angle    Proper Dih.  Improper Dih.          LJ-14     Coulomb-14
    5.92715e+03    2.51908e+03    1.80468e+03    1.61921e+03    4.28990e+04
        LJ (SR)  Disper. corr.   Coulomb (SR)   Coul. recip. Position Rest.
    6.36970e+04   -2.19178e+03   -6.30647e+05    1.42960e+03    2.00835e+03
      Potential    Kinetic En.   Total Energy  Conserved En.    Temperature
   -5.10934e+05    9.23060e+04   -4.18628e+05   -4.79499e+05    2.98998e+02
 Pres. DC (bar) Pressure (bar)   Constr. rmsd
   -9.36742e+01   -2.54035e+02    2.05402e-05

DD  step 47499  vol min/aver 0.985  load imb.: force  1.2%

           Step           Time         Lambda
          47500       95.00000        0.00000

   Energies (kJ/mol)
       G96Angle    Proper Dih.  Improper Dih.          LJ-14     Coulomb-14
    6.02555e+03    2.50865e+03    1.85885e+03    1.56913e+03    4.28318e+04
        LJ (SR)  Disper. corr.   Coulomb (SR)   Coul. recip. Position Rest.
    6.39762e+04   -2.19178e+03   -6.31906e+05    1.34113e+03    2.06570e+03
      Potential    Kinetic En.   Total Energy  Conserved En.    Temperature
   -5.11920e+05    9.14623e+04   -4.20458e+05   -4.79498e+05    2.96265e+02
 Pres. DC (bar) Pressure (bar)   Constr. rmsd
   -9.36742e+01   -1.84856e+02    1.88396e-05

DD  step 47999  vol min/aver 0.987  load imb.: force  2.2%

           Step           Time         Lambda
          48000       96.00000        0.00000

   Energies (kJ/mol)
       G96Angle    Proper Dih.  Improper Dih.          LJ-14     Coulomb-14
    5.89053e+03    2.52643e+03    1.95348e+03    1.57275e+03    4.28778e+04
        LJ (SR)  Disper. corr.   Coulomb (SR)   Coul. recip. Position Rest.
    6.32068e+04   -2.19178e+03   -6.29764e+05    1.41590e+03    2.01326e+03
      Potential    Kinetic En.   Total Energy  Conserved En.    Temperature
   -5.10499e+05    9.19913e+04   -4.18507e+05   -4.79544e+05    2.97979e+02
 Pres. DC (bar) Pressure (bar)   Constr. rmsd
   -9.36742e+01   -5.56005e+02    2.11602e-05

DD  step 48499  vol min/aver 0.989  load imb.: force  0.7%

           Step           Time         Lambda
          48500       97.00000        0.00000

   Energies (kJ/mol)
       G96Angle    Proper Dih.  Improper Dih.          LJ-14     Coulomb-14
    5.97130e+03    2.60448e+03    1.91134e+03    1.63257e+03    4.28137e+04
        LJ (SR)  Disper. corr.   Coulomb (SR)   Coul. recip. Position Rest.
    6.40026e+04   -2.19178e+03   -6.30861e+05    1.43545e+03    2.02129e+03
      Potential    Kinetic En.   Total Energy  Conserved En.    Temperature
   -5.10660e+05    9.29129e+04   -4.17747e+05   -4.79569e+05    3.00964e+02
 Pres. DC (bar) Pressure (bar)   Constr. rmsd
   -9.36742e+01   -4.89445e+02    2.10770e-05

DD  step 48999  vol min/aver 0.990  load imb.: force  1.4%

           Step           Time         Lambda
          49000       98.00000        0.00000

   Energies (kJ/mol)
       G96Angle    Proper Dih.  Improper Dih.          LJ-14     Coulomb-14
    5.75886e+03    2.51282e+03    1.85270e+03    1.60843e+03    4.29962e+04
        LJ (SR)  Disper. corr.   Coulomb (SR)   Coul. recip. Position Rest.
    6.31186e+04   -2.19178e+03   -6.29565e+05    1.46839e+03    2.01978e+03
      Potential    Kinetic En.   Total Energy  Conserved En.    Temperature
   -5.10421e+05    9.23287e+04   -4.18092e+05   -4.79609e+05    2.99071e+02
 Pres. DC (bar) Pressure (bar)   Constr. rmsd
   -9.36742e+01   -2.20575e+02    1.96034e-05

DD  step 49499  vol min/aver 0.994  load imb.: force  0.9%

           Step           Time         Lambda
          49500       99.00000        0.00000

   Energies (kJ/mol)
       G96Angle    Proper Dih.  Improper Dih.          LJ-14     Coulomb-14
    5.74106e+03    2.65301e+03    1.80003e+03    1.51039e+03    4.30854e+04
        LJ (SR)  Disper. corr.   Coulomb (SR)   Coul. recip. Position Rest.
    6.53657e+04   -2.19178e+03   -6.33383e+05    1.45481e+03    2.05744e+03
      Potential    Kinetic En.   Total Energy  Conserved En.    Temperature
   -5.11907e+05    9.27982e+04   -4.19109e+05   -4.79614e+05    3.00592e+02
 Pres. DC (bar) Pressure (bar)   Constr. rmsd
   -9.36742e+01   -1.47676e+02    2.01303e-05

DD  step 49999  vol min/aver 0.981  load imb.: force  0.8%

           Step           Time         Lambda
          50000      100.00000        0.00000

Writing checkpoint, step 50000 at Sun Jan 10 12:14:14 2016


   Energies (kJ/mol)
       G96Angle    Proper Dih.  Improper Dih.          LJ-14     Coulomb-14
    6.04075e+03    2.60810e+03    1.96002e+03    1.60239e+03    4.29561e+04
        LJ (SR)  Disper. corr.   Coulomb (SR)   Coul. recip. Position Rest.
    6.47532e+04   -2.19178e+03   -6.31364e+05    1.42612e+03    1.95965e+03
      Potential    Kinetic En.   Total Energy  Conserved En.    Temperature
   -5.10250e+05    9.24675e+04   -4.17782e+05   -4.79631e+05    2.99521e+02
 Pres. DC (bar) Pressure (bar)   Constr. rmsd
   -9.36742e+01    2.35410e+02    2.02186e-05

	<======  ###############  ==>
	<====  A V E R A G E S  ====>
	<==  ###############  ======>

	Statistics over 50001 steps using 501 frames

   Energies (kJ/mol)
       G96Angle    Proper Dih.  Improper Dih.          LJ-14     Coulomb-14
    5.83543e+03    2.55493e+03    1.83763e+03    1.62713e+03    4.29398e+04
        LJ (SR)  Disper. corr.   Coulomb (SR)   Coul. recip. Position Rest.
    6.41530e+04   -2.19178e+03   -6.31303e+05    1.43523e+03    2.03606e+03
      Potential    Kinetic En.   Total Energy  Conserved En.    Temperature
   -5.11076e+05    9.26605e+04   -4.18415e+05   -4.78461e+05    3.00146e+02
 Pres. DC (bar) Pressure (bar)   Constr. rmsd
   -9.36742e+01   -1.75591e+01    0.00000e+00

   Total Virial (kJ/mol)
    3.10483e+04    2.79123e+01   -4.57098e+02
    2.70361e+01    3.13367e+04    3.22435e+02
   -4.57227e+02    3.21879e+02    3.08921e+04

   Pressure (bar)
   -1.08794e+01   -2.16822e+00    4.48682e+01
   -2.09336e+00   -3.81690e+01   -2.95671e+01
    4.48792e+01   -2.95196e+01   -3.62879e+00

  Epot (kJ/mol)        Coul-SR          LJ-SR        Coul-14          LJ-14   
Protein-Protein   -6.82633e+04   -1.30300e+04    4.27926e+04    1.59712e+03
    Protein-DRG   -8.08000e+01   -1.17239e+02    0.00000e+00    0.00000e+00
   Protein-rest   -2.69899e+04   -2.07741e+03    0.00000e+00    0.00000e+00
        DRG-DRG   -4.04823e+02   -1.49655e+01    1.47271e+02    3.00178e+01
       DRG-rest   -4.24739e+02   -1.59360e+01    0.00000e+00    0.00000e+00
      rest-rest   -5.35140e+05    7.94086e+04    0.00000e+00    0.00000e+00

  T-Protein_DRGT-Water_and_ions
    3.00821e+02    3.00074e+02


	M E G A - F L O P S   A C C O U N T I N G

 NB=Group-cutoff nonbonded kernels    NxN=N-by-N cluster Verlet kernels
 RF=Reaction-Field  VdW=Van der Waals  QSTab=quadratic-spline table
 W3=SPC/TIP3p  W4=TIP4p (single or pairs)
 V&F=Potential and force  V=Potential only  F=Force only

 Computing:                               M-Number         M-Flops  % Flops
-----------------------------------------------------------------------------
 Pair Search distance check           43323.195638      389908.761     0.3
 NxN Ewald Elec. + LJ [F]            984902.463656    65003562.601    53.3
 NxN Ewald Elec. + LJ [V&F]            9968.838248     1066665.693     0.9
 NxN LJ [F]                            5722.696976      188849.000     0.2
 NxN LJ [V&F]                            58.195776        2502.418     0.0
 NxN Ewald Elec. [F]                 837162.876712    51066935.479    41.9
 NxN Ewald Elec. [V&F]                 8473.315480      711758.500     0.6
 1,4 nonbonded interactions             296.105922       26649.533     0.0
 Calc Weights                          5574.711492      200689.614     0.2
 Spread Q Bspline                    118927.178496      237854.357     0.2
 Gather F Bspline                    118927.178496      713563.071     0.6
 3D-FFT                              240463.009164     1923704.073     1.6
 Solve PME                              135.202704        8652.973     0.0
 Reset In Box                            74.365164         223.095     0.0
 CG-CoM                                  74.402328         223.207     0.0
 Angles                                 271.555431       45621.312     0.0
 Propers                                 96.801936       22167.643     0.0
 Impropers                               93.651873       19479.590     0.0
 Pos. Restr.                            143.802876        7190.144     0.0
 Virial                                  18.709344         336.768     0.0
 Stop-CM                                 18.656328         186.563     0.0
 Calc-Ekin                              743.354328       20070.567     0.0
 Lincs                                  254.058402       15243.504     0.0
 Lincs-Mat                             4405.045824       17620.183     0.0
 Constraint-V                          2274.714035       18197.712     0.0
 Constraint-Vir                          20.247761         485.946     0.0
 Settle                                 588.880923      190208.538     0.2
-----------------------------------------------------------------------------
 Total                                               121898550.848   100.0
-----------------------------------------------------------------------------


    D O M A I N   D E C O M P O S I T I O N   S T A T I S T I C S

 av. #atoms communicated per step for force:  2 x 31792.0
 av. #atoms communicated per step for LINCS:  2 x 3214.0

 Average load imbalance: 2.5 %
 Part of the total run time spent waiting due to load imbalance: 1.7 %
 Steps where the load balancing was limited by -rdd, -rcon and/or -dds: X 0 %


     R E A L   C Y C L E   A N D   T I M E   A C C O U N T I N G

On 4 MPI ranks

 Computing:          Num   Num      Call    Wall time         Giga-Cycles
                     Ranks Threads  Count      (s)         total sum    %
-----------------------------------------------------------------------------
 Domain decomp.         4    1       2001      35.281        408.333   0.6
 DD comm. load          4    1       2000       2.568         29.724   0.0
 DD comm. bounds        4    1       2000       1.240         14.354   0.0
 Neighbor search        4    1       2001     126.301       1461.789   2.1
 Comm. coord.           4    1      48000     212.655       2461.247   3.5
 Force                  4    1      50001    4387.993      50786.102  71.7
 Wait + Comm. F         4    1      50001      33.288        385.272   0.5
 PME mesh               4    1      50001    1119.265      12954.234  18.3
 NB X/F buffer ops.     4    1     146001      11.063        128.040   0.2
 Write traj.            4    1        106       1.530         17.708   0.0
 Update                 4    1      50001      12.352        142.959   0.2
 Constraints            4    1      50001     151.974       1758.924   2.5
 Comm. energies         4    1      10001      17.068        197.537   0.3
 Rest                                           6.165         71.353   0.1
-----------------------------------------------------------------------------
 Total                                       6118.742      70817.577 100.0
-----------------------------------------------------------------------------
 Breakdown of PME mesh computation
-----------------------------------------------------------------------------
 PME redist. X/F        4    1     100002     612.721       7091.561  10.0
 PME spread/gather      4    1     100002     302.168       3497.252   4.9
 PME 3D-FFT             4    1     100002      46.873        542.498   0.8
 PME 3D-FFT Comm.       4    1     100002     145.971       1689.455   2.4
 PME solve Elec         4    1      50001      11.385        131.770   0.2
-----------------------------------------------------------------------------

               Core t (s)   Wall t (s)        (%)
       Time:    24474.967     6118.742      400.0
                         1h41:58
                 (ns/day)    (hour/ns)
Performance:        1.412       16.996
Finished mdrun on rank 0 Sun Jan 10 12:14:15 2016
